wyliekasai, 44347, Mon Mar  9 03:07:53 2020
*******
AvatarID: 2
AvatarID: 2
Current position of Avatar 2: 4, 7

AvatarID: 2
Current position of Avatar 2: 4, 7

AvatarID: 2
Current position of Avatar 2: 4, 7

AvatarID: 2
Current position of Avatar 2: 4, 6

AvatarID: 2
Current position of Avatar 2: 5, 6

AvatarID: 2
Current position of Avatar 2: 5, 6

AvatarID: 2
Current position of Avatar 2: 5, 6

AvatarID: 2
Current position of Avatar 2: 5, 6

AvatarID: 2
Current position of Avatar 2: 5, 5

AvatarID: 2
Current position of Avatar 2: 5, 5

AvatarID: 2
Current position of Avatar 2: 5, 5

AvatarID: 2
Current position of Avatar 2: 4, 5

AvatarID: 2
Current position of Avatar 2: 4, 4

AvatarID: 2
Current position of Avatar 2: 5, 4

AvatarID: 2
Current position of Avatar 2: 5, 3

AvatarID: 2
Current position of Avatar 2: 5, 2

AvatarID: 2
Current position of Avatar 2: 5, 1

AvatarID: 2
AvatarID: 2
AvatarID: 2
AvatarID: 2
AvatarID: 2
AvatarID: 2
AvatarID: 2
AvatarID: 2
AvatarID: 2
AvatarID: 2
AvatarID: 2
AvatarID: 2
AvatarID: 2
AvatarID: 2
AvatarID: 2
AvatarID: 2
AvatarID: 2
AvatarID: 2
AvatarID: 2
AvatarID: 2
AvatarID: 2
AvatarID: 2
AvatarID: 2
AvatarID: 2
AvatarID: 2
AvatarID: 2
AvatarID: 2
AvatarID: 2
AvatarID: 2
AvatarID: 2
AvatarID: 2
AvatarID: 2
AvatarID: 2
AvatarID: 2
AvatarID: 2
Maze is solved!
*******
AvatarID: 0
AvatarID: 0
Current position of Avatar 0: 2, 3

AvatarID: 0
Current position of Avatar 0: 3, 3

AvatarID: 0
Current position of Avatar 0: 3, 3

AvatarID: 0
Current position of Avatar 0: 4, 3

AvatarID: 0
Current position of Avatar 0: 4, 3

AvatarID: 0
Current position of Avatar 0: 4, 3

AvatarID: 0
Current position of Avatar 0: 4, 3

AvatarID: 0
Current position of Avatar 0: 4, 2

AvatarID: 0
Current position of Avatar 0: 4, 2

AvatarID: 0
Current position of Avatar 0: 4, 2

AvatarID: 0
Current position of Avatar 0: 4, 2

AvatarID: 0
Current position of Avatar 0: 3, 2

AvatarID: 0
Current position of Avatar 0: 3, 2

AvatarID: 0
Current position of Avatar 0: 3, 2

AvatarID: 0
Current position of Avatar 0: 3, 2

AvatarID: 0
Current position of Avatar 0: 3, 2

AvatarID: 0
Current position of Avatar 0: 3, 2

AvatarID: 0
Current position of Avatar 0: 4, 2

AvatarID: 0
Current position of Avatar 0: 4, 3

AvatarID: 0
Current position of Avatar 0: 3, 3

AvatarID: 0
Current position of Avatar 0: 2, 3

AvatarID: 0
Current position of Avatar 0: 2, 2

AvatarID: 0
Current position of Avatar 0: 2, 2

AvatarID: 0
Current position of Avatar 0: 2, 2

AvatarID: 0
Current position of Avatar 0: 1, 2

AvatarID: 0
Current position of Avatar 0: 1, 1

AvatarID: 0
Current position of Avatar 0: 1, 1

AvatarID: 0
Current position of Avatar 0: 1, 0

AvatarID: 0
Current position of Avatar 0: 2, 0

AvatarID: 0
Current position of Avatar 0: 2, 1

AvatarID: 0
Current position of Avatar 0: 3, 1

AvatarID: 0
Current position of Avatar 0: 4, 1

AvatarID: 0
Current position of Avatar 0: 4, 1

AvatarID: 0
Current position of Avatar 0: 4, 1

AvatarID: 0
Current position of Avatar 0: 4, 0

AvatarID: 0
AvatarID: 0
AvatarID: 0
AvatarID: 0
AvatarID: 0
AvatarID: 0
AvatarID: 0
AvatarID: 0
AvatarID: 0
AvatarID: 0
AvatarID: 0
AvatarID: 0
AvatarID: 0
AvatarID: 0
AvatarID: 0
AvatarID: 0
AvatarID: 0
Maze is solved!
*******
AvatarID: 1
AvatarID: 1
AvatarID: 1
AvatarID: 1
AvatarID: 1
AvatarID: 1
AvatarID: 1
AvatarID: 1
AvatarID: 1
AvatarID: 1
AvatarID: 1
AvatarID: 1
AvatarID: 1
AvatarID: 1
AvatarID: 1
AvatarID: 1
AvatarID: 1
AvatarID: 1
AvatarID: 1
AvatarID: 1
AvatarID: 1
AvatarID: 1
AvatarID: 1
AvatarID: 1
AvatarID: 1
AvatarID: 1
AvatarID: 1
AvatarID: 1
AvatarID: 1
AvatarID: 1
AvatarID: 1
AvatarID: 1
AvatarID: 1
AvatarID: 1
AvatarID: 1
AvatarID: 1
AvatarID: 1
AvatarID: 1
AvatarID: 1
AvatarID: 1
AvatarID: 1
AvatarID: 1
AvatarID: 1
AvatarID: 1
AvatarID: 1
AvatarID: 1
AvatarID: 1
AvatarID: 1
AvatarID: 1
AvatarID: 1
AvatarID: 1
AvatarID: 1
AvatarID: 1
Maze is solved!
*******
AvatarID: 4
AvatarID: 4
Current position of Avatar 4: 1, 6

AvatarID: 4
Current position of Avatar 4: 0, 6

AvatarID: 4
Current position of Avatar 4: 0, 5

AvatarID: 4
Current position of Avatar 4: 0, 5

AvatarID: 4
Current position of Avatar 4: 0, 4

AvatarID: 4
Current position of Avatar 4: 0, 4

AvatarID: 4
Current position of Avatar 4: 0, 3

AvatarID: 4
Current position of Avatar 4: 0, 3

AvatarID: 4
Current position of Avatar 4: 0, 2

AvatarID: 4
Current position of Avatar 4: 1, 2

AvatarID: 4
Current position of Avatar 4: 1, 2

AvatarID: 4
Current position of Avatar 4: 2, 2

AvatarID: 4
Current position of Avatar 4: 2, 3

AvatarID: 4
Current position of Avatar 4: 2, 3

AvatarID: 4
Current position of Avatar 4: 2, 3

AvatarID: 4
Current position of Avatar 4: 2, 3

AvatarID: 4
Current position of Avatar 4: 3, 3

AvatarID: 4
Current position of Avatar 4: 4, 3

AvatarID: 4
Current position of Avatar 4: 4, 2

AvatarID: 4
Current position of Avatar 4: 3, 2

AvatarID: 4
Current position of Avatar 4: 4, 2

AvatarID: 4
Current position of Avatar 4: 4, 3

AvatarID: 4
Current position of Avatar 4: 3, 3

AvatarID: 4
Current position of Avatar 4: 2, 3

AvatarID: 4
Current position of Avatar 4: 2, 2

AvatarID: 4
Current position of Avatar 4: 1, 2

AvatarID: 4
Current position of Avatar 4: 1, 1

AvatarID: 4
Current position of Avatar 4: 1, 0

AvatarID: 4
Current position of Avatar 4: 2, 0

AvatarID: 4
Current position of Avatar 4: 2, 1

AvatarID: 4
Current position of Avatar 4: 3, 1

AvatarID: 4
Current position of Avatar 4: 4, 1

AvatarID: 4
Current position of Avatar 4: 4, 1

AvatarID: 4
Current position of Avatar 4: 4, 1

AvatarID: 4
Current position of Avatar 4: 4, 0

AvatarID: 4
AvatarID: 4
AvatarID: 4
AvatarID: 4
AvatarID: 4
AvatarID: 4
AvatarID: 4
AvatarID: 4
AvatarID: 4
AvatarID: 4
AvatarID: 4
AvatarID: 4
AvatarID: 4
AvatarID: 4
AvatarID: 4
AvatarID: 4
Maze is solved!
*******
AvatarID: 3
AvatarID: 3
Current position of Avatar 3: 1, 8

AvatarID: 3
Current position of Avatar 3: 1, 8

AvatarID: 3
Current position of Avatar 3: 1, 8

AvatarID: 3
Current position of Avatar 3: 1, 8

AvatarID: 3
Current position of Avatar 3: 2, 8

AvatarID: 3
Current position of Avatar 3: 3, 8

AvatarID: 3
Current position of Avatar 3: 4, 8

AvatarID: 3
Current position of Avatar 3: 5, 8

AvatarID: 3
Current position of Avatar 3: 5, 7

AvatarID: 3
Current position of Avatar 3: 5, 8

AvatarID: 3
Current position of Avatar 3: 4, 8

AvatarID: 3
Current position of Avatar 3: 3, 8

AvatarID: 3
Current position of Avatar 3: 3, 8

AvatarID: 3
Current position of Avatar 3: 2, 8

AvatarID: 3
Current position of Avatar 3: 2, 7

AvatarID: 3
Current position of Avatar 3: 2, 7

AvatarID: 3
Current position of Avatar 3: 2, 6

AvatarID: 3
Current position of Avatar 3: 2, 6

AvatarID: 3
Current position of Avatar 3: 2, 5

AvatarID: 3
Current position of Avatar 3: 2, 5

AvatarID: 3
Current position of Avatar 3: 2, 5

AvatarID: 3
Current position of Avatar 3: 2, 5

AvatarID: 3
Current position of Avatar 3: 1, 5

AvatarID: 3
Current position of Avatar 3: 1, 5

AvatarID: 3
Current position of Avatar 3: 1, 5

AvatarID: 3
Current position of Avatar 3: 1, 5

AvatarID: 3
Current position of Avatar 3: 1, 6

AvatarID: 3
Current position of Avatar 3: 0, 6

AvatarID: 3
Current position of Avatar 3: 0, 5

AvatarID: 3
Current position of Avatar 3: 0, 4

AvatarID: 3
Current position of Avatar 3: 0, 3

AvatarID: 3
Current position of Avatar 3: 0, 2

AvatarID: 3
Current position of Avatar 3: 1, 2

AvatarID: 3
Current position of Avatar 3: 2, 2

AvatarID: 3
Current position of Avatar 3: 2, 3

AvatarID: 3
Current position of Avatar 3: 3, 3

AvatarID: 3
Current position of Avatar 3: 4, 3

AvatarID: 3
Current position of Avatar 3: 4, 2

AvatarID: 3
Current position of Avatar 3: 3, 2

AvatarID: 3
Current position of Avatar 3: 4, 2

AvatarID: 3
Current position of Avatar 3: 4, 3

AvatarID: 3
Current position of Avatar 3: 3, 3

AvatarID: 3
Current position of Avatar 3: 2, 3

AvatarID: 3
Current position of Avatar 3: 2, 2

AvatarID: 3
Current position of Avatar 3: 1, 2

AvatarID: 3
Current position of Avatar 3: 1, 1

AvatarID: 3
Current position of Avatar 3: 1, 0

AvatarID: 3
Current position of Avatar 3: 2, 0

AvatarID: 3
Current position of Avatar 3: 2, 1

AvatarID: 3
Current position of Avatar 3: 3, 1

AvatarID: 3
Current position of Avatar 3: 4, 1

AvatarID: 3
Current position of Avatar 3: 4, 0

Maze is solved!
