wyliekasai, 38061, Mon Mar  9 03:18:51 2020
*******
AvatarID: 1
AvatarID: 1
Current position of Avatar 1: 17, 12

AvatarID: 1
Current position of Avatar 1: 17, 12

AvatarID: 1
Current position of Avatar 1: 17, 12

AvatarID: 1
Current position of Avatar 1: 17, 12

AvatarID: 1
Current position of Avatar 1: 18, 12

AvatarID: 1
Current position of Avatar 1: 18, 12

AvatarID: 1
Current position of Avatar 1: 18, 12

AvatarID: 1
Current position of Avatar 1: 18, 12

AvatarID: 1
Current position of Avatar 1: 18, 11

AvatarID: 1
Current position of Avatar 1: 19, 11

AvatarID: 1
Current position of Avatar 1: 19, 12

AvatarID: 1
Current position of Avatar 1: 19, 13

AvatarID: 1
Current position of Avatar 1: 18, 13

AvatarID: 1
Current position of Avatar 1: 17, 13

AvatarID: 1
Current position of Avatar 1: 17, 13

AvatarID: 1
Current position of Avatar 1: 17, 13

AvatarID: 1
Current position of Avatar 1: 17, 14

AvatarID: 1
Current position of Avatar 1: 16, 14

AvatarID: 1
Current position of Avatar 1: 16, 14

AvatarID: 1
Current position of Avatar 1: 16, 14

AvatarID: 1
Current position of Avatar 1: 16, 14

AvatarID: 1
Current position of Avatar 1: 16, 14

AvatarID: 1
Current position of Avatar 1: 16, 14

AvatarID: 1
Current position of Avatar 1: 17, 14

AvatarID: 1
Current position of Avatar 1: 17, 15

AvatarID: 1
Current position of Avatar 1: 16, 15

AvatarID: 1
Current position of Avatar 1: 15, 15

AvatarID: 1
Current position of Avatar 1: 15, 15

AvatarID: 1
Current position of Avatar 1: 15, 15

AvatarID: 1
Current position of Avatar 1: 15, 15

AvatarID: 1
Current position of Avatar 1: 15, 15

AvatarID: 1
Current position of Avatar 1: 15, 15

AvatarID: 1
Current position of Avatar 1: 16, 15

AvatarID: 1
Current position of Avatar 1: 16, 16

AvatarID: 1
Current position of Avatar 1: 16, 16

AvatarID: 1
Current position of Avatar 1: 16, 17

AvatarID: 1
Current position of Avatar 1: 16, 17

AvatarID: 1
Current position of Avatar 1: 16, 18

AvatarID: 1
Current position of Avatar 1: 16, 18

AvatarID: 1
Current position of Avatar 1: 16, 19

AvatarID: 1
Current position of Avatar 1: 16, 19

AvatarID: 1
Current position of Avatar 1: 16, 20

AvatarID: 1
Current position of Avatar 1: 16, 20

AvatarID: 1
Current position of Avatar 1: 16, 20

AvatarID: 1
Current position of Avatar 1: 16, 20

AvatarID: 1
Current position of Avatar 1: 17, 20

AvatarID: 1
Current position of Avatar 1: 17, 21

AvatarID: 1
Current position of Avatar 1: 17, 21

AvatarID: 1
Current position of Avatar 1: 17, 21

AvatarID: 1
Current position of Avatar 1: 17, 21

AvatarID: 1
Current position of Avatar 1: 18, 21

AvatarID: 1
Current position of Avatar 1: 18, 21

AvatarID: 1
Current position of Avatar 1: 19, 21

AvatarID: 1
Current position of Avatar 1: 19, 21

AvatarID: 1
Current position of Avatar 1: 19, 21

AvatarID: 1
Current position of Avatar 1: 19, 21

AvatarID: 1
Current position of Avatar 1: 19, 21

AvatarID: 1
Current position of Avatar 1: 19, 21

AvatarID: 1
Current position of Avatar 1: 18, 21

AvatarID: 1
Current position of Avatar 1: 18, 20

AvatarID: 1
Current position of Avatar 1: 19, 20

AvatarID: 1
Current position of Avatar 1: 19, 20

AvatarID: 1
Current position of Avatar 1: 19, 20

AvatarID: 1
Current position of Avatar 1: 19, 19

AvatarID: 1
Current position of Avatar 1: 20, 19

AvatarID: 1
Current position of Avatar 1: 20, 19

AvatarID: 1
Current position of Avatar 1: 21, 19

AvatarID: 1
Current position of Avatar 1: 21, 19

AvatarID: 1
Current position of Avatar 1: 21, 19

AvatarID: 1
Current position of Avatar 1: 21, 19

AvatarID: 1
Current position of Avatar 1: 21, 18

AvatarID: 1
Current position of Avatar 1: 21, 18

AvatarID: 1
Current position of Avatar 1: 21, 17

AvatarID: 1
Current position of Avatar 1: 21, 17

AvatarID: 1
Current position of Avatar 1: 21, 17

AvatarID: 1
Current position of Avatar 1: 21, 17

AvatarID: 1
Current position of Avatar 1: 21, 17

AvatarID: 1
Current position of Avatar 1: 21, 17

AvatarID: 1
Current position of Avatar 1: 21, 18

AvatarID: 1
Current position of Avatar 1: 20, 18

AvatarID: 1
Current position of Avatar 1: 20, 17

AvatarID: 1
Current position of Avatar 1: 20, 17

AvatarID: 1
Current position of Avatar 1: 20, 17

AvatarID: 1
Current position of Avatar 1: 19, 17

AvatarID: 1
Current position of Avatar 1: 19, 16

AvatarID: 1
Current position of Avatar 1: 19, 16

AvatarID: 1
Current position of Avatar 1: 19, 15

AvatarID: 1
Current position of Avatar 1: 19, 15

AvatarID: 1
Current position of Avatar 1: 19, 15

AvatarID: 1
Current position of Avatar 1: 19, 15

AvatarID: 1
Current position of Avatar 1: 19, 15

AvatarID: 1
Current position of Avatar 1: 19, 15

AvatarID: 1
Current position of Avatar 1: 19, 16

AvatarID: 1
Current position of Avatar 1: 18, 16

AvatarID: 1
Current position of Avatar 1: 18, 15

AvatarID: 1
Current position of Avatar 1: 18, 14

AvatarID: 1
Current position of Avatar 1: 19, 14

AvatarID: 1
Current position of Avatar 1: 20, 14

AvatarID: 1
Current position of Avatar 1: 20, 15

AvatarID: 1
Current position of Avatar 1: 20, 16

AvatarID: 1
Current position of Avatar 1: 21, 16

AvatarID: 1
Current position of Avatar 1: 22, 16

AvatarID: 1
Current position of Avatar 1: 22, 17

AvatarID: 1
Current position of Avatar 1: 22, 18

AvatarID: 1
Current position of Avatar 1: 22, 19

AvatarID: 1
Current position of Avatar 1: 22, 19

AvatarID: 1
Current position of Avatar 1: 22, 19

AvatarID: 1
Current position of Avatar 1: 23, 19

AvatarID: 1
Current position of Avatar 1: 23, 20

AvatarID: 1
Current position of Avatar 1: 23, 20

AvatarID: 1
Current position of Avatar 1: 23, 21

AvatarID: 1
Current position of Avatar 1: 22, 21

AvatarID: 1
Current position of Avatar 1: 22, 20

AvatarID: 1
Current position of Avatar 1: 21, 20

AvatarID: 1
Current position of Avatar 1: 20, 20

AvatarID: 1
Current position of Avatar 1: 20, 21

AvatarID: 1
Current position of Avatar 1: 20, 22

AvatarID: 1
Current position of Avatar 1: 19, 22

AvatarID: 1
Current position of Avatar 1: 18, 22

AvatarID: 1
Current position of Avatar 1: 17, 22

AvatarID: 1
Current position of Avatar 1: 17, 22

AvatarID: 1
Current position of Avatar 1: 17, 22

AvatarID: 1
Current position of Avatar 1: 17, 23

AvatarID: 1
Current position of Avatar 1: 17, 23

AvatarID: 1
Current position of Avatar 1: 17, 23

AvatarID: 1
Current position of Avatar 1: 17, 23

AvatarID: 1
Current position of Avatar 1: 18, 23

AvatarID: 1
Current position of Avatar 1: 18, 24

AvatarID: 1
Current position of Avatar 1: 18, 24

AvatarID: 1
Current position of Avatar 1: 18, 25

AvatarID: 1
Current position of Avatar 1: 18, 25

AvatarID: 1
Current position of Avatar 1: 18, 26

AvatarID: 1
Current position of Avatar 1: 18, 26

AvatarID: 1
Current position of Avatar 1: 18, 26

AvatarID: 1
Current position of Avatar 1: 18, 26

AvatarID: 1
Current position of Avatar 1: 18, 26

AvatarID: 1
Current position of Avatar 1: 18, 26

AvatarID: 1
Current position of Avatar 1: 18, 25

AvatarID: 1
Current position of Avatar 1: 19, 25

AvatarID: 1
Current position of Avatar 1: 19, 25

AvatarID: 1
Current position of Avatar 1: 20, 25

AvatarID: 1
Current position of Avatar 1: 20, 26

AvatarID: 1
Current position of Avatar 1: 19, 26

AvatarID: 1
Current position of Avatar 1: 19, 27

AvatarID: 1
Current position of Avatar 1: 18, 27

AvatarID: 1
Current position of Avatar 1: 17, 27

AvatarID: 1
Current position of Avatar 1: 17, 27

AvatarID: 1
Current position of Avatar 1: 16, 27

AvatarID: 1
Current position of Avatar 1: 16, 27

AvatarID: 1
Current position of Avatar 1: 16, 27

AvatarID: 1
Current position of Avatar 1: 16, 27

AvatarID: 1
Current position of Avatar 1: 16, 27

AvatarID: 1
Current position of Avatar 1: 16, 27

AvatarID: 1
Current position of Avatar 1: 17, 27

AvatarID: 1
Current position of Avatar 1: 17, 28

AvatarID: 1
Current position of Avatar 1: 16, 28

AvatarID: 1
Current position of Avatar 1: 16, 28

AvatarID: 1
Current position of Avatar 1: 16, 28

AvatarID: 1
Current position of Avatar 1: 16, 29

AvatarID: 1
Current position of Avatar 1: 15, 29

AvatarID: 1
Current position of Avatar 1: 15, 28

AvatarID: 1
Current position of Avatar 1: 15, 28

AvatarID: 1
Current position of Avatar 1: 15, 28

AvatarID: 1
Current position of Avatar 1: 14, 28

AvatarID: 1
Current position of Avatar 1: 14, 27

AvatarID: 1
Current position of Avatar 1: 15, 27

AvatarID: 1
Current position of Avatar 1: 15, 26

AvatarID: 1
Current position of Avatar 1: 16, 26

AvatarID: 1
Current position of Avatar 1: 17, 26

AvatarID: 1
Current position of Avatar 1: 17, 25

AvatarID: 1
Current position of Avatar 1: 17, 24

AvatarID: 1
Current position of Avatar 1: 16, 24

AvatarID: 1
Current position of Avatar 1: 16, 23

AvatarID: 1
Current position of Avatar 1: 16, 22

AvatarID: 1
Current position of Avatar 1: 16, 21

AvatarID: 1
Current position of Avatar 1: 15, 21

AvatarID: 1
Current position of Avatar 1: 15, 20

AvatarID: 1
Current position of Avatar 1: 15, 19

AvatarID: 1
Current position of Avatar 1: 15, 18

AvatarID: 1
Current position of Avatar 1: 15, 17

AvatarID: 1
Current position of Avatar 1: 15, 16

AvatarID: 1
Current position of Avatar 1: 14, 16

AvatarID: 1
Current position of Avatar 1: 14, 15

AvatarID: 1
Current position of Avatar 1: 14, 14

AvatarID: 1
Current position of Avatar 1: 15, 14

AvatarID: 1
Current position of Avatar 1: 15, 13

AvatarID: 1
Current position of Avatar 1: 16, 13

AvatarID: 1
Current position of Avatar 1: 16, 12

AvatarID: 1
Current position of Avatar 1: 16, 12

AvatarID: 1
Current position of Avatar 1: 16, 12

AvatarID: 1
Current position of Avatar 1: 15, 12

AvatarID: 1
Current position of Avatar 1: 15, 12

AvatarID: 1
Current position of Avatar 1: 14, 12

AvatarID: 1
Current position of Avatar 1: 14, 12

AvatarID: 1
Current position of Avatar 1: 13, 12

AvatarID: 1
Current position of Avatar 1: 13, 12

AvatarID: 1
Current position of Avatar 1: 13, 12

AvatarID: 1
Current position of Avatar 1: 13, 12

AvatarID: 1
Current position of Avatar 1: 13, 13

AvatarID: 1
Current position of Avatar 1: 13, 13

AvatarID: 1
Current position of Avatar 1: 13, 14

AvatarID: 1
Current position of Avatar 1: 12, 14

AvatarID: 1
Current position of Avatar 1: 12, 14

AvatarID: 1
Current position of Avatar 1: 11, 14

AvatarID: 1
Current position of Avatar 1: 11, 14

AvatarID: 1
Current position of Avatar 1: 10, 14

AvatarID: 1
Current position of Avatar 1: 10, 14

AvatarID: 1
Current position of Avatar 1: 10, 14

AvatarID: 1
Current position of Avatar 1: 10, 14

AvatarID: 1
Current position of Avatar 1: 10, 14

AvatarID: 1
Current position of Avatar 1: 10, 14

AvatarID: 1
Current position of Avatar 1: 11, 14

AvatarID: 1
Current position of Avatar 1: 11, 15

AvatarID: 1
Current position of Avatar 1: 10, 15

AvatarID: 1
Current position of Avatar 1: 9, 15

AvatarID: 1
Current position of Avatar 1: 9, 14

AvatarID: 1
Current position of Avatar 1: 9, 13

AvatarID: 1
Current position of Avatar 1: 10, 13

AvatarID: 1
Current position of Avatar 1: 11, 13

AvatarID: 1
Current position of Avatar 1: 11, 13

AvatarID: 1
Current position of Avatar 1: 11, 13

AvatarID: 1
Current position of Avatar 1: 11, 12

AvatarID: 1
Current position of Avatar 1: 11, 12

AvatarID: 1
Current position of Avatar 1: 11, 12

AvatarID: 1
Current position of Avatar 1: 11, 12

AvatarID: 1
Current position of Avatar 1: 10, 12

AvatarID: 1
Current position of Avatar 1: 10, 12

AvatarID: 1
Current position of Avatar 1: 9, 12

AvatarID: 1
Current position of Avatar 1: 9, 12

AvatarID: 1
Current position of Avatar 1: 8, 12

AvatarID: 1
Current position of Avatar 1: 8, 12

AvatarID: 1
Current position of Avatar 1: 7, 12

AvatarID: 1
Current position of Avatar 1: 7, 12

AvatarID: 1
Current position of Avatar 1: 7, 12

AvatarID: 1
Current position of Avatar 1: 7, 12

AvatarID: 1
Current position of Avatar 1: 7, 13

AvatarID: 1
Current position of Avatar 1: 7, 13

AvatarID: 1
Current position of Avatar 1: 7, 13

AvatarID: 1
Current position of Avatar 1: 7, 13

AvatarID: 1
Current position of Avatar 1: 8, 13

AvatarID: 1
Current position of Avatar 1: 8, 14

AvatarID: 1
Current position of Avatar 1: 7, 14

AvatarID: 1
Current position of Avatar 1: 6, 14

AvatarID: 1
Current position of Avatar 1: 6, 14

AvatarID: 1
Current position of Avatar 1: 5, 14

AvatarID: 1
Current position of Avatar 1: 5, 13

AvatarID: 1
Current position of Avatar 1: 6, 13

AvatarID: 1
Current position of Avatar 1: 6, 12

AvatarID: 1
Current position of Avatar 1: 6, 11

AvatarID: 1
Current position of Avatar 1: 6, 11

AvatarID: 1
Current position of Avatar 1: 6, 11

AvatarID: 1
Current position of Avatar 1: 6, 11

AvatarID: 1
Current position of Avatar 1: 5, 11

AvatarID: 1
Current position of Avatar 1: 5, 11

AvatarID: 1
Current position of Avatar 1: 5, 11

AvatarID: 1
Current position of Avatar 1: 5, 11

AvatarID: 1
Current position of Avatar 1: 5, 11

AvatarID: 1
Current position of Avatar 1: 5, 11

AvatarID: 1
Current position of Avatar 1: 6, 11

AvatarID: 1
Current position of Avatar 1: 6, 12

AvatarID: 1
Current position of Avatar 1: 5, 12

AvatarID: 1
Current position of Avatar 1: 4, 12

AvatarID: 1
Current position of Avatar 1: 4, 11

AvatarID: 1
Current position of Avatar 1: 4, 10

AvatarID: 1
Current position of Avatar 1: 4, 10

AvatarID: 1
Current position of Avatar 1: 4, 9

AvatarID: 1
Current position of Avatar 1: 5, 9

AvatarID: 1
Current position of Avatar 1: 5, 10

AvatarID: 1
Current position of Avatar 1: 6, 10

AvatarID: 1
Current position of Avatar 1: 6, 10

AvatarID: 1
Current position of Avatar 1: 6, 10

AvatarID: 1
Current position of Avatar 1: 6, 9

AvatarID: 1
Current position of Avatar 1: 7, 9

AvatarID: 1
Current position of Avatar 1: 7, 10

AvatarID: 1
Current position of Avatar 1: 7, 11

AvatarID: 1
Current position of Avatar 1: 8, 11

AvatarID: 1
Current position of Avatar 1: 9, 11

AvatarID: 1
Current position of Avatar 1: 9, 11

AvatarID: 1
Current position of Avatar 1: 9, 11

AvatarID: 1
Current position of Avatar 1: 9, 10

AvatarID: 1
Current position of Avatar 1: 9, 10

AvatarID: 1
Current position of Avatar 1: 9, 9

AvatarID: 1
Current position of Avatar 1: 9, 9

AvatarID: 1
Current position of Avatar 1: 9, 9

AvatarID: 1
Current position of Avatar 1: 9, 9

AvatarID: 1
Current position of Avatar 1: 8, 9

AvatarID: 1
Current position of Avatar 1: 8, 8

AvatarID: 1
Current position of Avatar 1: 8, 8

AvatarID: 1
Current position of Avatar 1: 8, 8

AvatarID: 1
Current position of Avatar 1: 8, 8

AvatarID: 1
Current position of Avatar 1: 7, 8

AvatarID: 1
Current position of Avatar 1: 7, 8

AvatarID: 1
Current position of Avatar 1: 6, 8

AvatarID: 1
Current position of Avatar 1: 6, 7

AvatarID: 1
Current position of Avatar 1: 6, 7

AvatarID: 1
Current position of Avatar 1: 6, 6

AvatarID: 1
Current position of Avatar 1: 6, 6

AvatarID: 1
Current position of Avatar 1: 6, 6

AvatarID: 1
Current position of Avatar 1: 6, 6

AvatarID: 1
Current position of Avatar 1: 6, 6

AvatarID: 1
Current position of Avatar 1: 6, 6

AvatarID: 1
Current position of Avatar 1: 6, 7

AvatarID: 1
Current position of Avatar 1: 5, 7

AvatarID: 1
Current position of Avatar 1: 5, 6

AvatarID: 1
Current position of Avatar 1: 5, 5

AvatarID: 1
Current position of Avatar 1: 5, 5

AvatarID: 1
Current position of Avatar 1: 5, 5

AvatarID: 1
Current position of Avatar 1: 5, 5

AvatarID: 1
Current position of Avatar 1: 4, 5

AvatarID: 1
Current position of Avatar 1: 4, 5

AvatarID: 1
Current position of Avatar 1: 4, 5

AvatarID: 1
Current position of Avatar 1: 4, 5

AvatarID: 1
Current position of Avatar 1: 4, 6

AvatarID: 1
Current position of Avatar 1: 4, 6

AvatarID: 1
Current position of Avatar 1: 4, 7

AvatarID: 1
Current position of Avatar 1: 3, 7

AvatarID: 1
Current position of Avatar 1: 3, 7

AvatarID: 1
Current position of Avatar 1: 3, 7

AvatarID: 1
Current position of Avatar 1: 3, 7

AvatarID: 1
Current position of Avatar 1: 3, 7

AvatarID: 1
Current position of Avatar 1: 3, 7

AvatarID: 1
Current position of Avatar 1: 4, 7

AvatarID: 1
Current position of Avatar 1: 4, 8

AvatarID: 1
Current position of Avatar 1: 3, 8

AvatarID: 1
Current position of Avatar 1: 3, 8

AvatarID: 1
Current position of Avatar 1: 3, 8

AvatarID: 1
Current position of Avatar 1: 3, 9

AvatarID: 1
Current position of Avatar 1: 3, 9

AvatarID: 1
Current position of Avatar 1: 3, 10

AvatarID: 1
Current position of Avatar 1: 2, 10

AvatarID: 1
Current position of Avatar 1: 2, 10

AvatarID: 1
Current position of Avatar 1: 2, 10

AvatarID: 1
Current position of Avatar 1: 2, 10

AvatarID: 1
Current position of Avatar 1: 2, 10

AvatarID: 1
Current position of Avatar 1: 2, 10

AvatarID: 1
Current position of Avatar 1: 3, 10

AvatarID: 1
Current position of Avatar 1: 3, 11

AvatarID: 1
Current position of Avatar 1: 2, 11

AvatarID: 1
Current position of Avatar 1: 2, 11

AvatarID: 1
Current position of Avatar 1: 2, 11

AvatarID: 1
Current position of Avatar 1: 2, 12

AvatarID: 1
Current position of Avatar 1: 1, 12

AvatarID: 1
Current position of Avatar 1: 1, 12

AvatarID: 1
Current position of Avatar 1: 1, 12

AvatarID: 1
Current position of Avatar 1: 1, 12

AvatarID: 1
Current position of Avatar 1: 1, 13

AvatarID: 1
Current position of Avatar 1: 0, 13

AvatarID: 1
Current position of Avatar 1: 0, 12

AvatarID: 1
Current position of Avatar 1: 0, 11

AvatarID: 1
Current position of Avatar 1: 1, 11

AvatarID: 1
Current position of Avatar 1: 1, 10

AvatarID: 1
Current position of Avatar 1: 1, 10

AvatarID: 1
Current position of Avatar 1: 1, 10

AvatarID: 1
Current position of Avatar 1: 0, 10

AvatarID: 1
Current position of Avatar 1: 0, 9

AvatarID: 1
Current position of Avatar 1: 1, 9

AvatarID: 1
Current position of Avatar 1: 2, 9

AvatarID: 1
Current position of Avatar 1: 2, 8

AvatarID: 1
Current position of Avatar 1: 2, 8

AvatarID: 1
Current position of Avatar 1: 2, 8

AvatarID: 1
Current position of Avatar 1: 1, 8

AvatarID: 1
Current position of Avatar 1: 1, 7

AvatarID: 1
Current position of Avatar 1: 2, 7

AvatarID: 1
Current position of Avatar 1: 2, 6

AvatarID: 1
Current position of Avatar 1: 3, 6

AvatarID: 1
Current position of Avatar 1: 3, 5

AvatarID: 1
Current position of Avatar 1: 3, 5

AvatarID: 1
Current position of Avatar 1: 3, 5

AvatarID: 1
Current position of Avatar 1: 2, 5

AvatarID: 1
Current position of Avatar 1: 2, 4

AvatarID: 1
Current position of Avatar 1: 3, 4

AvatarID: 1
Current position of Avatar 1: 4, 4

AvatarID: 1
Current position of Avatar 1: 5, 4

AvatarID: 1
Current position of Avatar 1: 5, 4

AvatarID: 1
Current position of Avatar 1: 5, 4

AvatarID: 1
Current position of Avatar 1: 5, 3

AvatarID: 1
Current position of Avatar 1: 6, 3

AvatarID: 1
Current position of Avatar 1: 6, 4

AvatarID: 1
Current position of Avatar 1: 6, 5

AvatarID: 1
Current position of Avatar 1: 7, 5

AvatarID: 1
Current position of Avatar 1: 7, 6

AvatarID: 1
Current position of Avatar 1: 7, 6

AvatarID: 1
Current position of Avatar 1: 7, 6

AvatarID: 1
Current position of Avatar 1: 8, 6

AvatarID: 1
Current position of Avatar 1: 8, 6

AvatarID: 1
Current position of Avatar 1: 8, 6

AvatarID: 1
Current position of Avatar 1: 8, 6

AvatarID: 1
Current position of Avatar 1: 8, 5

AvatarID: 1
Current position of Avatar 1: 9, 5

AvatarID: 1
Current position of Avatar 1: 9, 5

AvatarID: 1
Current position of Avatar 1: 9, 5

AvatarID: 1
Current position of Avatar 1: 9, 5

AvatarID: 1
Current position of Avatar 1: 9, 4

AvatarID: 1
Current position of Avatar 1: 9, 4

AvatarID: 1
Current position of Avatar 1: 9, 3

AvatarID: 1
Current position of Avatar 1: 9, 3

AvatarID: 1
Current position of Avatar 1: 9, 3

AvatarID: 1
Current position of Avatar 1: 9, 3

AvatarID: 1
Current position of Avatar 1: 8, 3

AvatarID: 1
Current position of Avatar 1: 8, 2

AvatarID: 1
Current position of Avatar 1: 8, 2

AvatarID: 1
Current position of Avatar 1: 8, 2

AvatarID: 1
Current position of Avatar 1: 8, 2

AvatarID: 1
Current position of Avatar 1: 7, 2

AvatarID: 1
Current position of Avatar 1: 7, 2

AvatarID: 1
Current position of Avatar 1: 6, 2

AvatarID: 1
Current position of Avatar 1: 6, 1

AvatarID: 1
Current position of Avatar 1: 7, 1

AvatarID: 1
Current position of Avatar 1: 8, 1

AvatarID: 1
Current position of Avatar 1: 9, 1

AvatarID: 1
Current position of Avatar 1: 9, 2

AvatarID: 1
Current position of Avatar 1: 10, 2

AvatarID: 1
Current position of Avatar 1: 10, 3

AvatarID: 1
Current position of Avatar 1: 10, 3

AvatarID: 1
Current position of Avatar 1: 10, 3

AvatarID: 1
Current position of Avatar 1: 11, 3

AvatarID: 1
Current position of Avatar 1: 11, 4

AvatarID: 1
Current position of Avatar 1: 10, 4

AvatarID: 1
Current position of Avatar 1: 10, 5

AvatarID: 1
Current position of Avatar 1: 10, 6

AvatarID: 1
Current position of Avatar 1: 10, 6

AvatarID: 1
Current position of Avatar 1: 10, 6

AvatarID: 1
Current position of Avatar 1: 10, 6

AvatarID: 1
Current position of Avatar 1: 11, 6

AvatarID: 1
Current position of Avatar 1: 11, 7

AvatarID: 1
Current position of Avatar 1: 11, 7

AvatarID: 1
Current position of Avatar 1: 11, 7

AvatarID: 1
Current position of Avatar 1: 11, 7

AvatarID: 1
Current position of Avatar 1: 12, 7

AvatarID: 1
Current position of Avatar 1: 12, 7

AvatarID: 1
Current position of Avatar 1: 13, 7

AvatarID: 1
Current position of Avatar 1: 13, 7

AvatarID: 1
Current position of Avatar 1: 13, 7

AvatarID: 1
Current position of Avatar 1: 13, 7

AvatarID: 1
Current position of Avatar 1: 13, 7

AvatarID: 1
Current position of Avatar 1: 13, 7

AvatarID: 1
Current position of Avatar 1: 12, 7

AvatarID: 1
Current position of Avatar 1: 12, 6

AvatarID: 1
Current position of Avatar 1: 13, 6

AvatarID: 1
Current position of Avatar 1: 14, 6

AvatarID: 1
Current position of Avatar 1: 14, 7

AvatarID: 1
Current position of Avatar 1: 14, 7

AvatarID: 1
Current position of Avatar 1: 14, 7

AvatarID: 1
Current position of Avatar 1: 15, 7

AvatarID: 1
Current position of Avatar 1: 15, 7

AvatarID: 1
Current position of Avatar 1: 15, 7

AvatarID: 1
Current position of Avatar 1: 15, 7

AvatarID: 1
Current position of Avatar 1: 15, 6

AvatarID: 1
Current position of Avatar 1: 16, 6

AvatarID: 1
Current position of Avatar 1: 16, 6

AvatarID: 1
Current position of Avatar 1: 17, 6

AvatarID: 1
Current position of Avatar 1: 17, 6

AvatarID: 1
Current position of Avatar 1: 18, 6

AvatarID: 1
Current position of Avatar 1: 18, 6

AvatarID: 1
Current position of Avatar 1: 19, 6

AvatarID: 1
Current position of Avatar 1: 19, 7

AvatarID: 1
Current position of Avatar 1: 18, 7

AvatarID: 1
Current position of Avatar 1: 18, 7

AvatarID: 1
Current position of Avatar 1: 18, 7

AvatarID: 1
Current position of Avatar 1: 18, 7

AvatarID: 1
Current position of Avatar 1: 18, 7

AvatarID: 1
Current position of Avatar 1: 19, 7

AvatarID: 1
Current position of Avatar 1: 19, 7

AvatarID: 1
Current position of Avatar 1: 20, 7

AvatarID: 1
Current position of Avatar 1: 20, 8

AvatarID: 1
Current position of Avatar 1: 19, 8

AvatarID: 1
Current position of Avatar 1: 19, 8

AvatarID: 1
Current position of Avatar 1: 19, 8

AvatarID: 1
Current position of Avatar 1: 19, 8

AvatarID: 1
Current position of Avatar 1: 19, 8

AvatarID: 1
Current position of Avatar 1: 20, 8

AvatarID: 1
Current position of Avatar 1: 20, 9

AvatarID: 1
Current position of Avatar 1: 20, 9

AvatarID: 1
Current position of Avatar 1: 20, 9

AvatarID: 1
Current position of Avatar 1: 20, 9

AvatarID: 1
Current position of Avatar 1: 21, 9

AvatarID: 1
Current position of Avatar 1: 21, 9

AvatarID: 1
Current position of Avatar 1: 22, 9

AvatarID: 1
Current position of Avatar 1: 22, 10

AvatarID: 1
Current position of Avatar 1: 22, 10

AvatarID: 1
Current position of Avatar 1: 22, 11

AvatarID: 1
Current position of Avatar 1: 21, 11

AvatarID: 1
Current position of Avatar 1: 21, 10

AvatarID: 1
Current position of Avatar 1: 21, 10

AvatarID: 1
Current position of Avatar 1: 21, 10

AvatarID: 1
Current position of Avatar 1: 21, 11

AvatarID: 1
Current position of Avatar 1: 21, 11

AvatarID: 1
Current position of Avatar 1: 21, 11

AvatarID: 1
Current position of Avatar 1: 21, 11

AvatarID: 1
Current position of Avatar 1: 22, 11

AvatarID: 1
Current position of Avatar 1: 22, 11

AvatarID: 1
Current position of Avatar 1: 23, 11

AvatarID: 1
Current position of Avatar 1: 23, 11

AvatarID: 1
Current position of Avatar 1: 24, 11

AvatarID: 1
Current position of Avatar 1: 24, 11

AvatarID: 1
Current position of Avatar 1: 25, 11

AvatarID: 1
Current position of Avatar 1: 25, 12

AvatarID: 1
Current position of Avatar 1: 25, 12

AvatarID: 1
Curren*******
AvatarID: 0
AvatarID: 0
Current position of Avatar 0: 25, 2

AvatarID: 0
Current position of Avatar 0: 26, 2

AvatarID: 0
Current position of Avatar 0: 26, 2

AvatarID: 0
Current position of Avatar 0: 27, 2

AvatarID: 0
Current position of Avatar 0: 27, 2

AvatarID: 0
Current position of Avatar 0: 28, 2

AvatarID: 0
Current position of Avatar 0: 28, 2

AvatarID: 0
Current position of Avatar 0: 29, 2

AvatarID: 0
Current position of Avatar 0: 29, 2

AvatarID: 0
Current position of Avatar 0: 29, 2

AvatarID: 0
Current position of Avatar 0: 29, 2

AvatarID: 0
Current position of Avatar 0: 29, 1

AvatarID: 0
AvatarID: 0
AvatarID: 0
AvatarID: 0
AvatarID: 0
AvatarID: 0
AvatarID: 0
AvatarID: 0
AvatarID: 0
AvatarID: 0
AvatarID: 0
AvatarID: 0
AvatarID: 0
AvatarID: 0
AvatarID: 0
AvatarID: 0
AvatarID: 0
AvatarID: 0
AvatarID: 0
AvatarID: 0
AvatarID: 0
AvatarID: 0
AvatarID: 0
AvatarID: 0
AvatarID: 0
AvatarID: 0
AvatarID: 0
AvatarID: 0
AvatarID: 0
AvatarID: 0
AvatarID: 0
AvatarID: 0
AvatarID: 0
AvatarID: 0
AvatarID: 0
AvatarID: 0
AvatarID: 0
AvatarID: 0
AvatarID: 0
AvatarID: 0
AvatarID: 0
AvatarID: 0
AvatarID: 0
AvatarID: 0
AvatarID: 0
AvatarID: 0
AvatarID: 0
AvatarID: 0
AvatarID: 0
AvatarID: 0
AvatarID: 0
AvatarID: 0
AvatarID: 0
AvatarID: 0
AvatarID: 0
AvatarID: 0
AvatarID: 0
AvatarID: 0
AvatarID: 0
AvatarID: 0
AvatarID: 0
AvatarID: 0
AvatarID: 0
AvatarID: 0
AvatarID: 0
AvatarID: 0
AvatarID: 0
AvatarID: 0
AvatarID: 0
AvatarID: 0
AvatarID: 0
AvatarID: 0
AvatarID: 0
AvatarID: 0
AvatarID: 0
AvatarID: 0
AvatarID: 0
AvatarID: 0
AvatarID: 0
AvatarID: 0
AvatarID: 0
AvatarID: 0
AvatarID: 0
AvatarID: 0
AvatarID: 0
AvatarID: 0
AvatarID: 0
AvatarID: 0
AvatarID: 0
AvatarID: 0
AvatarID: 0
AvatarID: 0
AvatarID: 0
AvatarID: 0
AvatarID: 0
AvatarID: 0
AvatarID: 0
AvatarID: 0
AvatarID: 0
AvatarID: 0
AvatarID: 0
AvatarID: 0
AvatarID: 0
AvatarID: 0
AvatarID: 0
AvatarID: 0
AvatarID: 0
AvatarID: 0
AvatarID: 0
AvatarID: 0
AvatarID: 0
AvatarID: 0
AvatarID: 0
AvatarID: 0
AvatarID: 0
AvatarID: 0
AvatarID: 0
AvatarID: 0
AvatarID: 0
AvatarID: 0
AvatarID: 0
AvatarID: 0
AvatarID: 0
AvatarID: 0
AvatarID: 0
AvatarID: 0
AvatarID: 0
AvatarID: 0
AvatarID: 0
AvatarID: 0
AvatarID: 0
AvatarID: 0
AvatarID: 0
AvatarID: 0
AvatarID: 0
AvatarID: 0
AvatarID: 0
AvatarID: 0
AvatarID: 0
AvatarID: 0
AvatarID: 0
AvatarID: 0
AvatarID: 0
AvatarID: 0
AvatarID: 0
AvatarID: 0
AvatarID: 0
AvatarID: 0
AvatarID: 0
AvatarID: 0
AvatarID: 0
AvatarID: 0
AvatarID: 0
AvatarID: 0
AvatarID: 0
AvatarID: 0
AvatarID: 0
AvatarID: 0
AvatarID: 0
AvatarID: 0
AvatarID: 0
AvatarID: 0
AvatarID: 0
AvatarID: 0
AvatarID: 0
AvatarID: 0
AvatarID: 0
AvatarID: 0
AvatarID: 0
AvatarID: 0
AvatarID: 0
AvatarID: 0
AvatarID: 0
AvatarID: 0
AvatarID: 0
AvatarID: 0
AvatarID: 0
AvatarID: 0
AvatarID: 0
AvatarID: 0
AvatarID: 0
AvatarID: 0
AvatarID: 0
AvatarID: 0
AvatarID: 0
AvatarID: 0
AvatarID: 0
AvatarID: 0
AvatarID: 0
AvatarID: 0
AvatarID: 0
AvatarID: 0
AvatarID: 0
AvatarID: 0
AvatarID: 0
AvatarID: 0
AvatarID: 0
AvatarID: 0
AvatarID: 0
AvatarID: 0
AvatarID: 0
AvatarID: 0
AvatarID: 0
AvatarID: 0
AvatarID: 0
AvatarID: 0
AvatarID: 0
AvatarID: 0
AvatarID: 0
AvatarID: 0
AvatarID: 0
AvatarID: 0
AvatarID: 0
AvatarID: 0
AvatarID: 0
AvatarID: 0
AvatarID: 0
AvatarID: 0
AvatarID: 0
AvatarID: 0
AvatarID: 0
AvatarID: 0
AvatarID: 0
AvatarID: 0
AvatarID: 0
AvatarID: 0
AvatarID: 0
AvatarID: 0
AvatarID: 0
AvatarID: 0
AvatarID: 0
AvatarID: 0
AvatarID: 0
AvatarID: 0
AvatarID: 0
AvatarID: 0
AvatarID: 0
AvatarID: 0
AvatarID: 0
AvatarID: 0
AvatarID: 0
AvatarID: 0
AvatarID: 0
AvatarID: 0
AvatarID: 0
AvatarID: 0
AvatarID: 0
AvatarID: 0
AvatarID: 0
AvatarID: 0
AvatarID: 0
AvatarID: 0
AvatarID: 0
AvatarID: 0
AvatarID: 0
AvatarID: 0
AvatarID: 0
AvatarID: 0
AvatarID: 0
AvatarID: 0
AvatarID: 0
AvatarID: 0
AvatarID: 0
AvatarID: 0
AvatarID: 0
AvatarID: 0
AvatarID: 0
AvatarID: 0
AvatarID: 0
AvatarID: 0
AvatarID: 0
AvatarID: 0
AvatarID: 0
AvatarID: 0
AvatarID: 0
AvatarID: 0
AvatarID: 0
AvatarID: 0
AvatarID: 0
AvatarID: 0
AvatarID: 0
AvatarID: 0
AvatarID: 0
AvatarID: 0
AvatarID: 0
AvatarID: 0
AvatarID: 0
AvatarID: 0
AvatarID: 0
AvatarID: 0
AvatarID: 0
AvatarID: 0
AvatarID: 0
AvatarID: 0
AvatarID: 0
AvatarID: 0
AvatarID: 0
AvatarID: 0
AvatarID: 0
AvatarID: 0
AvatarID: 0
AvatarID: 0
AvatarID: 0
AvatarID: 0
AvatarID: 0
AvatarID: 0
AvatarID: 0
AvatarID: 0
AvatarID: 0
AvatarID: 0
AvatarID: 0
AvatarID: 0
AvatarID: 0
AvatarID: 0
AvatarID: 0
AvatarID: 0
AvatarID: 0
AvatarID: 0
AvatarID: 0
AvatarID: 0
AvatarID: 0
AvatarID: 0
AvatarID: 0
AvatarID: 0
AvatarID: 0
AvatarID: 0
AvatarID: 0
AvatarID: 0
AvatarID: 0
AvatarID: 0
AvatarID: 0
AvatarID: 0
AvatarID: 0
AvatarID: 0
AvatarID: 0
AvatarID: 0
AvatarID: 0
AvatarID: 0
AvatarID: 0
AvatarID: 0
AvatarID: 0
AvatarID: 0
AvatarID: 0
AvatarID: 0
AvatarID: 0
AvatarID: 0
AvatarID: 0
AvatarID: 0
AvatarID: 0
AvatarID: 0
AvatarID: 0
AvatarID: 0
AvatarID: 0
AvatarID: 0
AvatarID: 0
AvatarID: 0
AvatarID: 0
AvatarID: 0
AvatarID: 0
AvatarID: 0
AvatarID: 0
AvatarID: 0
AvatarID: 0
AvatarID: 0
AvatarID: 0
AvatarID: 0
AvatarID: 0
AvatarID: 0
AvatarID: 0
AvatarID: 0
AvatarID: 0
AvatarID: 0
AvatarID: 0
AvatarID: 0
AvatarID: 0
AvatarID: 0
AvatarID: 0
AvatarID: 0
AvatarID: 0
AvatarID: 0
AvatarID: 0
AvatarID: 0
AvatarID: 0
AvatarID: 0
AvatarID: 0
AvatarID: 0
AvatarID: 0
AvatarID: 0
AvatarID: 0
AvatarID: 0
AvatarID: 0
AvatarID: 0
AvatarID: 0
AvatarID: 0
AvatarID: 0
AvatarID: 0
AvatarID: 0
AvatarID: 0
AvatarID: 0
AvatarID: 0
AvatarID: 0
AvatarID: 0
AvatarID: 0
AvatarID: 0
AvatarID: 0
AvatarID: 0
AvatarID: 0
AvatarID: 0
AvatarID: 0
AvatarID: 0
AvatarID: 0
AvatarID: 0
AvatarID: 0
AvatarID: 0
AvatarID: 0
AvatarID: 0
AvatarID: 0
AvatarID: 0
AvatarID: 0
AvatarID: 0
AvatarID: 0
AvatarID: 0
AvatarID: 0
AvatarID: 0
AvatarID: 0
AvatarID: 0
AvatarID: 0
AvatarID: 0
AvatarID: 0
AvatarID: 0
AvatarID: 0
AvatarID: 0
AvatarID: 0
AvatarID: 0
AvatarID: 0
AvatarID: 0
AvatarID: 0
AvatarID: 0
AvatarID: 0
AvatarID: 0
AvatarID: 0
AvatarID: 0
AvatarID: 0
AvatarID: 0
AvatarID: 0
AvatarID: 0
AvatarID: 0
AvatarID: 0
AvatarID: 0
AvatarID: 0
AvatarID: 0
AvatarID: 0
AvatarID: 0
AvatarID: 0
AvatarID: 0
AvatarID: 0
AvatarID: 0
AvatarID: 0
AvatarID: 0
AvatarID: 0
AvatarID: 0
AvatarID: 0
AvatarID: 0
AvatarID: 0
AvatarID: 0
AvatarID: 0
AvatarID: 0
AvatarID: 0
AvatarID: 0
AvatarID: 0
AvatarID: 0
AvatarID: 0
AvatarID: 0
AvatarID: 0
AvatarID: 0
AvatarID: 0
AvatarID: 0
AvatarID: 0
AvatarID: 0
AvatarID: 0
AvatarID: 0
AvatarID: 0
AvatarID: 0
AvatarID: 0
AvatarID: 0
AvatarID: 0
AvatarID: 0
AvatarID: 0
AvatarID: 0
AvatarID: 0
AvatarID: 0
AvatarID: 0
AvatarID: 0
AvatarID: 0
AvatarID: 0
AvatarID: 0
AvatarID: 0
AvatarID: 0
AvatarID: 0
AvatarID: 0
AvatarID: 0
AvatarID: 0
AvatarID: 0
AvatarID: 0
AvatarID: 0
AvatarID: 0
AvatarID: 0
AvatarID: 0
AvatarID: 0
AvatarID: 0
AvatarID: 0
AvatarID: 0
AvatarID: 0
AvatarID: 0
AvatarID: 0
AvatarID: 0
AvatarID: 0
AvatarID: 0
AvatarID: 0
AvatarID: 0
AvatarID: 0
AvatarID: 0
AvatarID: 0
AvatarID: 0
AvatarID: 0
AvatarID: 0
AvatarID: 0
AvatarID: 0
AvatarID: 0
AvatarID: 0
AvatarID: 0
AvatarID: 0
AvatarID: 0
AvatarID: 0
AvatarID: 0
AvatarID: 0
AvatarID: 0
AvatarID: 0
AvatarID: 0
AvatarID: 0
AvatarID: 0
AvatarID: 0
AvatarID: 0
AvatarID: 0
AvatarID: 0
AvatarID: 0
AvatarID: 0
AvatarID: 0
AvatarID: 0
AvatarID: 0
AvatarID: 0
AvatarID: 0
AvatarID: 0
AvatarID: 0
AvatarID: 0
AvatarID: 0
AvatarID: 0
AvatarID: 0
AvatarID: 0
AvatarID: 0
AvatarID: 0
AvatarID: 0
AvatarID: 0
AvatarID: 0
AvatarID: 0
AvatarID: 0
AvatarID: 0
AvatarID: 0
AvatarID: 0
AvatarID: 0
AvatarID: 0
AvatarID: 0
AvatarID: 0
AvatarID: 0
AvatarID: 0
AvatarID: 0
AvatarID: 0
AvatarID: 0
AvatarID: 0
AvatarID: 0
AvatarID: 0
AvatarID: 0
AvatarID: 0
AvatarID: 0
AvatarID: 0
AvatarID: 0
AvatarID: 0
AvatarID: 0
AvatarID: 0
AvatarID: 0
AvatarID: 0
AvatarID: 0
AvatarID: 0
AvatarID: 0
AvatarID: 0
AvatarID: 0
AvatarID: 0
AvatarID: 0
AvatarID: 0
AvatarID: 0
AvatarID: 0
AvatarID: 0
AvatarID: 0
AvatarID: 0
AvatarID: 0
AvatarID: 0
AvatarID: 0
AvatarID: 0
AvatarID: 0
AvatarID: 0
AvatarID: 0
AvatarID: 0
AvatarID: 0
AvatarID: 0
AvatarID: 0
AvatarID: 0
AvatarID: 0
AvatarID: 0
AvatarID: 0
AvatarID: 0
AvatarID: 0
AvatarID: 0
AvatarID: 0
AvatarID: 0
AvatarID: 0
AvatarID: 0
AvatarID: 0
AvatarID: 0
AvatarID: 0
AvatarID: 0
AvatarID: 0
AvatarID: 0
t position of Avatar 1: 25, 12

AvatarID: 1
Current position of Avatar 1: 25, 12

AvatarID: 1
Current position of Avatar 1: 26, 12

AvatarID: 1
Current position of Avatar 1: 26, 13

AvatarID: 1
Current position of Avatar 1: 25, 13

AvatarID: 1
Current position of Avatar 1: 25, 13

AvatarID: 1
Current position of Avatar 1: 25, 13

AvatarID: 1
Current position of Avatar 1: 25, 13

AvatarID: 1
Current position of Avatar 1: 25, 13

AvatarID: 1
Current position of Avatar 1: 26, 13

AvatarID: 1
Current position of Avatar 1: 26, 13

AvatarID: 1
Current position of Avatar 1: 26, 13

AvatarID: 1
Current position of Avatar 1: 26, 13

AvatarID: 1
Current position of Avatar 1: 26, 12

AvatarID: 1
Current position of Avatar 1: 27, 12

AvatarID: 1
Current position of Avatar 1: 27, 12

AvatarID: 1
Current position of Avatar 1: 28, 12

AvatarID: 1
Current position of Avatar 1: 28, 12

AvatarID: 1
Current position of Avatar 1: 28, 12

AvatarID: 1
Current position of Avatar 1: 28, 12

AvatarID: 1
Current position of Avatar 1: 28, 12

AvatarID: 1
Current position of Avatar 1: 28, 12

AvatarID: 1
Current position of Avatar 1: 27, 12

AvatarID: 1
Current position of Avatar 1: 27, 12

AvatarID: 1
Current position of Avatar 1: 26, 12

AvatarID: 1
Current position of Avatar 1: 26, 12

AvatarID: 1
Current position of Avatar 1: 25, 12

AvatarID: 1
Current position of Avatar 1: 25, 11

AvatarID: 1
Current position of Avatar 1: 25, 11

AvatarID: 1
Current position of Avatar 1: 25, 11

AvatarID: 1
Current position of Avatar 1: 25, 11

AvatarID: 1
Current position of Avatar 1: 24, 11

AvatarID: 1
Current position of Avatar 1: 24, 10

AvatarID: 1
Current position of Avatar 1: 24, 10

AvatarID: 1
Current position of Avatar 1: 24, 9

AvatarID: 1
Current position of Avatar 1: 24, 9

AvatarID: 1
Current position of Avatar 1: 24, 8

AvatarID: 1
Current position of Avatar 1: 24, 8

AvatarID: 1
Current position of Avatar 1: 24, 8

AvatarID: 1
Current position of Avatar 1: 24, 8

AvatarID: 1
Current position of Avatar 1: 23, 8

AvatarID: 1
Current position of Avatar 1: 23, 8

AvatarID: 1
Current position of Avatar 1: 22, 8

AvatarID: 1
Current position of Avatar 1: 22, 7

AvatarID: 1
Current position of Avatar 1: 22, 7

AvatarID: 1
Current position of Avatar 1: 22, 7

AvatarID: 1
Current position of Avatar 1: 22, 7

AvatarID: 1
Current position of Avatar 1: 21, 7

AvatarID: 1
Current position of Avatar 1: 21, 6

AvatarID: 1
Current position of Avatar 1: 22, 6

AvatarID: 1
Current position of Avatar 1: 23, 6

AvatarID: 1
Current position of Avatar 1: 23, 7

AvatarID: 1
Current position of Avatar 1: 24, 7

AvatarID: 1
Current position of Avatar 1: 24, 7

AvatarID: 1
Current position of Avatar 1: 24, 7

AvatarID: 1
Current position of Avatar 1: 24, 7

AvatarID: 1
Current position of Avatar 1: 24, 7

AvatarID: 1
Current position of Avatar 1: 23, 7

AvatarID: 1
Current position of Avatar 1: 23, 6

AvatarID: 1
Current position of Avatar 1: 23, 6

AvatarID: 1
Current position of Avatar 1: 23, 5

AvatarID: 1
Current position of Avatar 1: 23, 5

AvatarID: 1
Current position of Avatar 1: 23, 5

AvatarID: 1
Current position of Avatar 1: 23, 5

AvatarID: 1
Current position of Avatar 1: 22, 5

AvatarID: 1
Current position of Avatar 1: 22, 5

AvatarID: 1
Current position of Avatar 1: 21, 5

AvatarID: 1
Current position of Avatar 1: 21, 4

AvatarID: 1
Current position of Avatar 1: 21, 4

AvatarID: 1
Current position of Avatar 1: 21, 3

AvatarID: 1
Current position of Avatar 1: 22, 3

AvatarID: 1
Current position of Avatar 1: 22, 4

AvatarID: 1
Current position of Avatar 1: 23, 4

AvatarID: 1
Current position of Avatar 1: 23, 4

AvatarID: 1
Current position of Avatar 1: 23, 4

AvatarID: 1
Current position of Avatar 1: 23, 3

AvatarID: 1
Current position of Avatar 1: 23, 3

AvatarID: 1
Current position of Avatar 1: 23, 3

AvatarID: 1
Current position of Avatar 1: 23, 3

AvatarID: 1
Current position of Avatar 1: 23, 3

AvatarID: 1
Current position of Avatar 1: 23, 3

AvatarID: 1
Current position of Avatar 1: 23, 4

AvatarID: 1
Current position of Avatar 1: 22, 4

AvatarID: 1
Current position of Avatar 1: 22, 3

AvatarID: 1
Current position of Avatar 1: 22, 3

AvatarID: 1
Current position of Avatar 1: 22, 3

AvatarID: 1
Current position of Avatar 1: 21, 3

AvatarID: 1
Current position of Avatar 1: 21, 3

AvatarID: 1
Current position of Avatar 1: 20, 3

AvatarID: 1
Current position of Avatar 1: 20, 3

AvatarID: 1
Current position of Avatar 1: 20, 3

AvatarID: 1
Current position of Avatar 1: 20, 3

AvatarID: 1
Current position of Avatar 1: 20, 3

AvatarID: 1
Current position of Avatar 1: 20, 3

AvatarID: 1
Current position of Avatar 1: 21, 3

AvatarID: 1
Current position of Avatar 1: 21, 4

AvatarID: 1
Current position of Avatar 1: 21, 4

AvatarID: 1
Current position of Avatar 1: 21, 5

AvatarID: 1
Current position of Avatar 1: 21, 5

AvatarID: 1
Current position of Avatar 1: 21, 5

AvatarID: 1
Current position of Avatar 1: 21, 5

AvatarID: 1
Current position of Avatar 1: 22, 5

AvatarID: 1
Current position of Avatar 1: 22, 5

AvatarID: 1
Current position of Avatar 1: 23, 5

AvatarID: 1
Current position of Avatar 1: 23, 6

AvatarID: 1
Current position of Avatar 1: 22, 6

AvatarID: 1
Current position of Avatar 1: 21, 6

AvatarID: 1
Current position of Avatar 1: 20, 6

AvatarID: 1
Current position of Avatar 1: 20, 6

AvatarID: 1
Current position of Avatar 1: 20, 6

AvatarID: 1
Current position of Avatar 1: 20, 6

AvatarID: 1
Current position of Avatar 1: 20, 6

AvatarID: 1
Current position of Avatar 1: 20, 6

AvatarID: 1
Current position of Avatar 1: 21, 6

AvatarID: 1
Current position of Avatar 1: 21, 7

AvatarID: 1
Current position of Avatar 1: 21, 7

AvatarID: 1
Current position of Avatar 1: 21, 8

AvatarID: 1
Current position of Avatar 1: 21, 8

AvatarID: 1
Current position of Avatar 1: 21, 8

AvatarID: 1
Current position of Avatar 1: 21, 8

AvatarID: 1
Current position of Avatar 1: 21, 8

AvatarID: 1
Current position of Avatar 1: 21, 8

AvatarID: 1
Current position of Avatar 1: 21, 7

AvatarID: 1
Current position of Avatar 1: 22, 7

AvatarID: 1
Current position of Avatar 1: 22, 8

AvatarID: 1
Current position of Avatar 1: 22, 8

AvatarID: 1
Current position of Avatar 1: 22, 8

AvatarID: 1
Current position of Avatar 1: 23, 8

AvatarID: 1
Current position of Avatar 1: 23, 9

AvatarID: 1
Current position of Avatar 1: 23, 9

AvatarID: 1
Current position of Avatar 1: 23, 10

AvatarID: 1
Current position of Avatar 1: 23, 10

AvatarID: 1
Current position of Avatar 1: 23, 10

AvatarID: 1
Current position of Avatar 1: 23, 10

AvatarID: 1
Current position of Avatar 1: 23, 10

AvatarID: 1
Current position of Avatar 1: 23, 10

AvatarID: 1
Current position of Avatar 1: 23, 9

AvatarID: 1
Current position of Avatar 1: 23, 9

AvatarID: 1
Current position of Avatar 1: 23, 8

AvatarID: 1
Current position of Avatar 1: 24, 8

AvatarID: 1
Current position of Avatar 1: 24, 9

AvatarID: 1
Current position of Avatar 1: 24, 10

AvatarID: 1
Current position of Avatar 1: 24, 11

AvatarID: 1
Current position of Avatar 1: 23, 11

AvatarID: 1
Current position of Avatar 1: 22, 11

AvatarID: 1
Current position of Avatar 1: 22, 10

AvatarID: 1
Current position of Avatar 1: 22, 9

AvatarID: 1
Current position of Avatar 1: 21, 9

AvatarID: 1
Current position of Avatar 1: 20, 9

AvatarID: 1
Current position of Avatar 1: 20, 8

AvatarID: 1
Current position of Avatar 1: 20, 7

AvatarID: 1
Current position of Avatar 1: 19, 7

AvatarID: 1
Current position of Avatar 1: 19, 6

AvatarID: 1
Current position of Avatar 1: 19, 6

AvatarID: 1
Current position of Avatar 1: 19, 6

AvatarID: 1
Current position of Avatar 1: 18, 6

AvatarID: 1
Current position of Avatar 1: 18, 6

AvatarID: 1
Current position of Avatar 1: 17, 6

AvatarID: 1
Current position of Avatar 1: 17, 5

AvatarID: 1
Current position of Avatar 1: 17, 5

AvatarID: 1
Current position of Avatar 1: 17, 5

AvatarID: 1
Current position of Avatar 1: 17, 5

AvatarID: 1
Current position of Avatar 1: 16, 5

AvatarID: 1
Current position of Avatar 1: 16, 5

AvatarID: 1
Current position of Avatar 1: 15, 5

AvatarID: 1
Current position of Avatar 1: 15, 5

AvatarID: 1
Current position of Avatar 1: 14, 5

AvatarID: 1
Current position of Avatar 1: 14, 4

AvatarID: 1
Current position of Avatar 1: 15, 4

AvatarID: 1
Current position of Avatar 1: 16, 4

AvatarID: 1
Current position of Avatar 1: 16, 4

AvatarID: 1
Current position of Avatar 1: 16, 4

AvatarID: 1
Current position of Avatar 1: 16, 3

AvatarID: 1
Current position of Avatar 1: 17, 3

AvatarID: 1
Current position of Avatar 1: 17, 4

AvatarID: 1
Current position of Avatar 1: 18, 4

AvatarID: 1
Current position of Avatar 1: 18, 5

AvatarID: 1
Current position of Avatar 1: 19, 5

AvatarID: 1
Current position of Avatar 1: 20, 5

AvatarID: 1
Current position of Avatar 1: 20, 4

AvatarID: 1
Current position of Avatar 1: 19, 4

AvatarID: 1
Current position of Avatar 1: 19, 3

AvatarID: 1
Current position of Avatar 1: 19, 2

AvatarID: 1
Current position of Avatar 1: 20, 2

AvatarID: 1
Current position of Avatar 1: 21, 2

AvatarID: 1
Current position of Avatar 1: 22, 2

AvatarID: 1
Current position of Avatar 1: 23, 2

AvatarID: 1
Current position of Avatar 1: 24, 2

AvatarID: 1
Current position of Avatar 1: 24, 3

AvatarID: 1
Current position of Avatar 1: 24, 4

AvatarID: 1
Current position of Avatar 1: 24, 5

AvatarID: 1
Current position of Avatar 1: 24, 6

AvatarID: 1
Current position of Avatar 1: 25, 6

AvatarID: 1
Current position of Avatar 1: 25, 6

AvatarID: 1
Current position of Avatar 1: 25, 6

AvatarID: 1
Current position of Avatar 1: 25, 6

AvatarID: 1
Current position of Avatar 1: 25, 5

AvatarID: 1
Current position of Avatar 1: 26, 5

AvatarID: 1
Current position of Avatar 1: 26, 5

AvatarID: 1
Current position of Avatar 1: 27, 5

AvatarID: 1
Current position of Avatar 1: 27, 5

AvatarID: 1
Current position of Avatar 1: 27, 5

AvatarID: 1
Current position of Avatar 1: 27, 5

AvatarID: 1
Current position of Avatar 1: 27, 4

AvatarID: 1
Current position of Avatar 1: 28, 4

AvatarID: 1
Current position of Avatar 1: 28, 4

AvatarID: 1
Current position of Avatar 1: 28, 4

AvatarID: 1
Current position of Avatar 1: 28, 4

AvatarID: 1
Current position of Avatar 1: 28, 4

AvatarID: 1
Current position of Avatar 1: 28, 4

AvatarID: 1
Current position of Avatar 1: 27, 4

AvatarID: 1
Current position of Avatar 1: 27, 4

AvatarID: 1
Current position of Avatar 1: 26, 4

AvatarID: 1
Current position of Avatar 1: 26, 4

AvatarID: 1
Current position of Avatar 1: 25, 4

AvatarID: 1
Current position of Avatar 1: 25, 3

AvatarID: 1
Current position of Avatar 1: 26, 3

AvatarID: 1
Current position of Avatar 1: 27, 3

AvatarID: 1
Current position of Avatar 1: 28, 3

AvatarID: 1
Current position of Avatar 1: 29, 3

AvatarID: 1
Current position of Avatar 1: 29, 4

AvatarID: 1
Current position of Avatar 1: 29, 5

AvatarID: 1
Current position of Avatar 1: 28, 5

AvatarID: 1
Current position of Avatar 1: 28, 6

AvatarID: 1
Current position of Avatar 1: 27, 6

AvatarID: 1
Current position of Avatar 1: 26, 6

AvatarID: 1
Current position of Avatar 1: 26, 7

AvatarID: 1
Current position of Avatar 1: 25, 7

AvatarID: 1
Current position of Avatar 1: 25, 8

AvatarID: 1
Current position of Avatar 1: 25, 9

AvatarID: 1
Current position of Avatar 1: 25, 10

AvatarID: 1
Current position of Avatar 1: 26, 10

AvatarID: 1
Current position of Avatar 1: 26, 11

AvatarID: 1
Current position of Avatar 1: 27, 11

AvatarID: 1
Current position of Avatar 1: 28, 11

AvatarID: 1
Current position of Avatar 1: 29, 11

AvatarID: 1
Current position of Avatar 1: 29, 12

AvatarID: 1
Current position of Avatar 1: 29, 13

AvatarID: 1
Current position of Avatar 1: 28, 13

AvatarID: 1
Current position of Avatar 1: 27, 13

AvatarID: 1
Current position of Avatar 1: 27, 14

AvatarID: 1
Current position of Avatar 1: 26, 14

AvatarID: 1
Current position of Avatar 1: 26, 14

AvatarID: 1
Current position of Avatar 1: 26, 14

AvatarID: 1
Current position of Avatar 1: 26, 15

AvatarID: 1
Current position of Avatar 1: 25, 15

AvatarID: 1
Current position of Avatar 1: 25, 14

AvatarID: 1
Current position of Avatar 1: 24, 14

AvatarID: 1
Current position of Avatar 1: 24, 13

AvatarID: 1
Current position of Avatar 1: 24, 12

AvatarID: 1
Current position of Avatar 1: 23, 12

AvatarID: 1
Current position of Avatar 1: 23, 12

AvatarID: 1
Current position of Avatar 1: 23, 12

AvatarID: 1
Current position of Avatar 1: 23, 13

AvatarID: 1
Current position of Avatar 1: 23, 13

AvatarID: 1
Current position of Avatar 1: 23, 14

AvatarID: 1
Current position of Avatar 1: 22, 14

AvatarID: 1
Current position of Avatar 1: 22, 14

AvatarID: 1
Current position of Avatar 1: 21, 14

AvatarID: 1
Current position of Avatar 1: 21, 13

AvatarID: 1
Current position of Avatar 1: 22, 13

AvatarID: 1
Current position of Avatar 1: 22, 12

AvatarID: 1
Current position of Avatar 1: 21, 12

AvatarID: 1
Current position of Avatar 1: 20, 12

AvatarID: 1
Current position of Avatar 1: 20, 11

AvatarID: 1
Current position of Avatar 1: 20, 10

AvatarID: 1
Current position of Avatar 1: 19, 10

AvatarID: 1
Current position of Avatar 1: 19, 9

AvatarID: 1
Current position of Avatar 1: 18, 9

AvatarID: 1
Current position of Avatar 1: 18, 8

AvatarID: 1
Current position of Avatar 1: 17, 8

AvatarID: 1
Current position of Avatar 1: 17, 7

AvatarID: 1
Current position of Avatar 1: 16, 7

AvatarID: 1
Current position of Avatar 1: 16, 8

AvatarID: 1
Current position of Avatar 1: 15, 8

AvatarID: 1
Current position of Avatar 1: 14, 8

AvatarID: 1
Current position of Avatar 1: 13, 8

AvatarID: 1
Current position of Avatar 1: 12, 8

AvatarID: 1
Current position of Avatar 1: 12, 8

AvatarID: 1
Current position of Avatar 1: 12, 8

AvatarID: 1
Current position of Avatar 1: 12, 8

AvatarID: 1
Current position of Avatar 1: 12, 8

AvatarID: 1
Current position of Avatar 1: 13, 8

AvatarID: 1
Current position of Avatar 1: 13, 8

AvatarID: 1
Current position of Avatar 1: 14, 8

AvatarID: 1
Current position of Avatar 1: 14, 8

AvatarID: 1
Current position of Avatar 1: 15, 8

AvatarID: 1
Current position of Avatar 1: 15, 8

AvatarID: 1
Current position of Avatar 1: 16, 8

AvatarID: 1
Current position of Avatar 1: 16, 8

AvatarID: 1
Current position of Avatar 1: 16, 8

AvatarID: 1
Current position of Avatar 1: 16, 8

AvatarID: 1
Current position of Avatar 1: 16, 7

AvatarID: 1
Current position of Avatar 1: 17, 7

AvatarID: 1
Current position of Avatar 1: 17, 8

AvatarID: 1
Current position of Avatar 1: 17, 8

AvatarID: 1
Current position of Avatar 1: 17, 8

AvatarID: 1
Current position of Avatar 1: 18, 8

AvatarID: 1
Current position of Avatar 1: 18, 9

AvatarID: 1
Current position of Avatar 1: 18, 9

AvatarID: 1
Current position of Avatar 1: 18, 9

AvatarID: 1
Current position of Avatar 1: 18, 9

AvatarID: 1
Current position of Avatar 1: 19, 9

AvatarID: 1
Current position of Avatar 1: 19, 10

AvatarID: 1
Current position of Avatar 1: 19, 10

AvatarID: 1
Current position of Avatar 1: 19, 10

AvatarID: 1
Current position of Avatar 1: 19, 10

AvatarID: 1
Current position of Avatar 1: 20, 10

AvatarID: 1
Current position of Avatar 1: 20, 11

AvatarID: 1
Current position of Avatar 1: 20, 11

AvatarID: 1
Current position of Avatar 1: 20, 12

AvatarID: 1
Current position of Avatar 1: 20, 12

AvatarID: 1
Current position of Avatar 1: 20, 12

AvatarID: 1
Current position of Avatar 1: 20, 12

AvatarID: 1
Current position of Avatar 1: 21, 12

AvatarID: 1
Current position of Avatar 1: 21, 12

AvatarID: 1
Current position of Avatar 1: 22, 12

AvatarID: 1
Current position of Avatar 1: 22, 13

AvatarID: 1
Current position of Avatar 1: 21, 13

AvatarID: 1
Current position of Avatar 1: 21, 13

AvatarID: 1
Current position of Avatar 1: 21, 13

AvatarID: 1
Current position of Avatar 1: 21, 14

AvatarID: 1
Current position of Avatar 1: 21, 14

AvatarID: 1
Current position of Avatar 1: 21, 14

AvatarID: 1
Current position of Avatar 1: 21, 14

AvatarID: 1
Current position of Avatar 1: 22, 14

AvatarID: 1
Current position of Avatar 1: 22, 14

AvatarID: 1
Current position of Avatar 1: 23, 14

AvatarID: 1
Current position of Avatar 1: 23, 14

AvatarID: 1
Current position of Avatar 1: 23, 14

AvatarID: 1
Current position of Avatar 1: 23, 14

AvatarID: 1
Current position of Avatar 1: 23, 13

AvatarID: 1
Current position of Avatar 1: 23, 13

AvatarID: 1
Current position of Avatar 1: 23, 12

AvatarID: 1
Current position of Avatar 1: 24, 12

AvatarID: 1
Current position of Avatar 1: 24, 13

AvatarID: 1
Current position of Avatar 1: 24, 14

AvatarID: 1
Current position of Avatar 1: 24, 14

AvatarID: 1
Current position of Avatar 1: 24, 14

AvatarID: 1
Current position of Avatar 1: 25, 14

AvatarID: 1
Current position of Avatar 1: 25, 15

AvatarID: 1
Current position of Avatar 1: 25, 15

AvatarID: 1
Current position of Avatar 1: 25, 15

AvatarID: 1
Current position of Avatar 1: 25, 15

AvatarID: 1
Current position of Avatar 1: 26, 15

AvatarID: 1
Current position of Avatar 1: 26, 15

AvatarID: 1
Current position of Avatar 1: 26, 15

AvatarID: 1
Current position of Avatar 1: 26, 15

AvatarID: 1
Current position of Avatar 1: 26, 14

AvatarID: 1
Current position of Avatar 1: 27, 14

AvatarID: 1
Current position of Avatar 1: 27, 14

AvatarID: 1
Current position of Avatar 1: 27, 14

AvatarID: 1
Current position of Avatar 1: 27, 14

AvatarID: 1
Current position of Avatar 1: 27, 13

AvatarID: 1
Current position of Avatar 1: 28, 13

AvatarID: 1
Current position of Avatar 1: 28, 13

AvatarID: 1
Current position of Avatar 1: 29, 13

AvatarID: 1
Current position of Avatar 1: 29, 13

AvatarID: 1
Current position of Avatar 1: 29, 13

AvatarID: 1
Current position of Avatar 1: 29, 13

AvatarID: 1
Current position of Avatar 1: 29, 12

AvatarID: 1
Current position of Avatar 1: 29, 11

AvatarID: 1
Current position of Avatar 1: 29, 11

AvatarID: 1
Current position of Avatar 1: 29, 11

AvatarID: 1
Current position of Avatar 1: 28, 11

AvatarID: 1
Current position of Avatar 1: 28, 11

AvatarID: 1
Current position of Avatar 1: 27, 11

AvatarID: 1
Current position of Avatar 1: 27, 11

AvatarID: 1
Current position of Avatar 1: 26, 11

AvatarID: 1
Current position of Avatar 1: 26, 10

AvatarID: 1
Current position of Avatar 1: 26, 10

AvatarID: 1
Current position of Avatar 1: 26, 10

AvatarID: 1
Current position of Avatar 1: 26, 10

AvatarID: 1
Current position of Avatar 1: 25, 10

AvatarID: 1
Current position of Avatar 1: 25, 9

AvatarID: 1
Current position of Avatar 1: 25, 9

AvatarID: 1
Current position of Avatar 1: 25, 8

AvatarID: 1
Current position of Avatar 1: 25, 8

AvatarID: 1
Current position of Avatar 1: 25, 7

AvatarID: 1
Current position of Avatar 1: 26, 7

AvatarID: 1
Current position of Avatar 1: 26, 7

AvatarID: 1
Current position of Avatar 1: 26, 7

AvatarID: 1
Current position of Avatar 1: 26, 7

AvatarID: 1
Current position of Avatar 1: 26, 6

AvatarID: 1
Current position of Avatar 1: 27, 6

AvatarID: 1
Current position of Avatar 1: 27, 6

AvatarID: 1
Current position of Avatar 1: 28, 6

AvatarID: 1
Current position of Avatar 1: 28, 6

AvatarID: 1
Current position of Avatar 1: 28, 6

AvatarID: 1
Current position of Avatar 1: 28, 6

AvatarID: 1
Current position of Avatar 1: 28, 5

AvatarID: 1
Current position of Avatar 1: 29, 5

AvatarID: 1
Current position of Avatar 1: 29, 6

AvatarID: 1
Current position of Avatar 1: 29, 7

AvatarID: 1
Current position of Avatar 1: 29, 7

AvatarID: 1
Current position of Avatar 1: 29, 8

AvatarID: 1
Current position of Avatar 1: 29, 8

AvatarID: 1
Current position of Avatar 1: 29, 9

AvatarID: 1
Current position of Avatar 1: 29, 9

AvatarID: 1
Current position of Avatar 1: 29, 10

AvatarID: 1
Current position of Avatar 1: 28, 10

AvatarID: 1
Current position of Avatar 1: 28, 10

AvatarID: 1
Current position of Avatar 1: 27, 10

AvatarID: 1
Current position of Avatar 1: 27, 9

AvatarID: 1
Current position of Avatar 1: 27, 9

AvatarID: 1
Current position of Avatar 1: 27, 9

AvatarID: 1
Current position of Avatar 1: 27, 9

AvatarID: 1
Current position of Avatar 1: 26, 9

AvatarID: 1
Current position of Avatar 1: 26, 8

AvatarID: 1
Current position of Avatar 1: 27, 8

AvatarID: 1
Current position of Avatar 1: 27, 8

AvatarID: 1
Current position of Avatar 1: 27, 8

AvatarID: 1
Current position of Avatar 1: 27, 7

AvatarID: 1
Current position of Avatar 1: 28, 7

AvatarID: 1
Current position of Avatar 1: 28, 8

AvatarID: 1
Current position of Avatar 1: 28, 9

AvatarID: 1
Current position of Avatar 1: 28, 8

AvatarID: 1
Current position of Avatar 1: 28, 7

AvatarID: 1
Current position of Avatar 1: 27, 7

AvatarID: 1
Current position of Avatar 1: 27, 8

AvatarID: 1
Current position of Avatar 1: 26, 8

AvatarID: 1
Current position of Avatar 1: 26, 9

AvatarID: 1
Current position of Avatar 1: 27, 9

AvatarID: 1
Current position of Avatar 1: 27, 10

AvatarID: 1
Current position of Avatar 1: 28, 10

AvatarID: 1
Current position of Avatar 1: 29, 10

AvatarID: 1
Current position of Avatar 1: 29, 9

AvatarID: 1
Current position of Avatar 1: 29, 8

AvatarID: 1
Current position of Avatar 1: 29, 7

AvatarID: 1
Current position of Avatar 1: 29, 6

AvatarID: 1
Current position of Avatar 1: 29, 5

AvatarID: 1
Current position of Avatar 1: 29, 4

AvatarID: 1
Current position of Avatar 1: 29, 3

AvatarID: 1
Current position of Avatar 1: 28, 3

AvatarID: 1
Current position of Avatar 1: 27, 3

AvatarID: 1
Current position of Avatar 1: 26, 3

AvatarID: 1
Current position of Avatar 1: 25, 3

AvatarID: 1
Current position of Avatar 1: 25, 3

AvatarID: 1
Current position of Avatar 1: 25, 3

AvatarID: 1
Current position of Avatar 1: 25, 4

AvatarID: 1
Current position of Avatar 1: 25, 4

AvatarID: 1
Current position of Avatar 1: 25, 4

AvatarID: 1
Current position of Avatar 1: 25, 4

AvatarID: 1
Current position of Avatar 1: 26, 4

AvatarID: 1
Current position of Avatar 1: 26, 4

AvatarID: 1
Current position of Avatar 1: 27, 4

AvatarID: 1
Current position of Avatar 1: 27, 5

AvatarID: 1
Current position of Avatar 1: 26, 5

AvatarID: 1
Current position of Avatar 1: 25, 5

AvatarID: 1
Current position of Avatar 1: 25, 5

AvatarID: 1
Current position of Avatar 1: 25, 5

AvatarID: 1
Current position of Avatar 1: 25, 6

AvatarID: 1
Current position of Avatar 1: 24, 6

AvatarID: 1
Current position of Avatar 1: 24, 5

AvatarID: 1
Current position of Avatar 1: 24, 4

AvatarID: 1
Current position of Avatar 1: 24, 3

AvatarID: 1
Current position of Avatar 1: 24, 2

AvatarID: 1
Current position of Avatar 1: 24, 2

AvatarID: 1
Current position of Avatar 1: 24, 2

AvatarID: 1
Current position of Avatar 1: 24, 2

AvatarID: 1
Current position of Avatar 1: 23, 2

AvatarID: 1
Current position of Avatar 1: 23, 2

AvatarID: 1
Current position of Avatar 1: 22, 2

AvatarID: 1
Current position of Avatar 1: 22, 2

AvatarID: 1
Current position of Avatar 1: 21, 2

AvatarID: 1
Current position of Avatar 1: 21, 2

AvatarID: 1
Current position of Avatar 1: 20, 2

AvatarID: 1
Current position of Avatar 1: 20, 2

AvatarID: 1
Current position of Avatar 1: 19, 2

AvatarID: 1
Current position of Avatar 1: 19, 2

AvatarID: 1
Current position of Avatar 1: 19, 2

AvatarID: 1
Current position of Avatar 1: 19, 2

AvatarID: 1
Current position of Avatar 1: 19, 3

AvatarID: 1
Current position of Avatar 1: 19, 3

AvatarID: 1
Current position of Avatar 1: 19, 4

AvatarID: 1
Current position of Avatar 1: 19, 4

AvatarID: 1
Current position of Avatar 1: 19, 4

AvatarID: 1
Current position of Avatar 1: 19, 4

AvatarID: 1
Current position of Avatar 1: 20, 4

AvatarID: 1
Current position of Avatar 1: 20, 5

AvatarID: 1
Current position of Avatar 1: 19, 5

AvatarID: 1
Current position of Avatar 1: 18, 5

AvatarID: 1
Current position of Avatar 1: 18, 4

AvatarID: 1
Current position of Avatar 1: 18, 4

AvatarID: 1
Current position of Avatar 1: 18, 4

AvatarID: 1
Current position of Avatar 1: 17, 4

AvatarID: 1
Current position of Avatar 1: 17, 3

AvatarID: 1
Current position of Avatar 1: 17, 3

AvatarID: 1
Current position of Avatar 1: 17, 3

AvatarID: 1
Current position of Avatar 1: 17, 3

AvatarID: 1
Current position of Avatar 1: 16, 3

AvatarID: 1
Current position of Avatar 1: 16, 3

AvatarID: 1
Current position of Avatar 1: 16, 3

AvatarID: 1
Current position of Avatar 1: 16, 3

AvatarID: 1
Current position of Avatar 1: 16, 4

AvatarID: 1
Current position of Avatar 1: 15, 4

AvatarID: 1
Current position of Avatar 1: 15, 4

AvatarID: 1
Current position of Avatar 1: 14, 4

AvatarID: 1
Current position of Avatar 1: 14, 4

AvatarID: 1
Current position of Avatar 1: 14, 4

AvatarID: 1
Current position of Avatar 1: 14, 4

AvatarID: 1
Current position of Avatar 1: 14, 5

AvatarID: 1
Current position of Avatar 1: 14, 5

AvatarID: 1
Current position of Avatar 1: 14, 5

AvatarID: 1
Current position of Avatar 1: 14, 5

AvatarID: 1
Current position of Avatar 1: 15, 5

AvatarID: 1
Current position of Avatar 1: 15, 5

AvatarID: 1
Current position of Avatar 1: 16, 5

AvatarID: 1
Current position of Avatar 1: 16, 5

AvatarID: 1
Current position of Avatar 1: 17, 5

AvatarID: 1
Current position of Avatar 1: 17, 6

AvatarID: 1
Current position of Avatar 1: 16, 6

AvatarID: 1
Current position of Avatar 1: 15, 6

AvatarID: 1
Current position of Avatar 1: 15, 6

AvatarID: 1
Current position of Avatar 1: 15, 6

AvatarID: 1
Current position of Avatar 1: 15, 7

AvatarID: 1
Current position of Avatar 1: 14, 7

AvatarID: 1
Current position of Avatar 1: 14, 6

AvatarID: 1
Current position of Avatar 1: 13, 6

AvatarID: 1
Current position of Avatar 1: 13, 6

AvatarID: 1
Current position of Avatar 1: 12, 6

AvatarID: 1
Current position of Avatar 1: 12, 6

AvatarID: 1
Current position of Avatar 1: 12, 6

AvatarID: 1
Current position of Avatar 1: 12, 6

AvatarID: 1
Current position of Avatar 1: 12, 7

AvatarID: 1
Current position of Avatar 1: 11, 7

AvatarID: 1
Current position of Avatar 1: 11, 6

AvatarID: 1
Current position of Avatar 1: 11, 6

AvatarID: 1
Current position of Avatar 1: 11, 6

AvatarID: 1
Current position of Avatar 1: 10, 6

AvatarID: 1
Current position of Avatar 1: 10, 5

AvatarID: 1
Current position of Avatar 1: 10, 5

AvatarID: 1
Current position of Avatar 1: 10, 4

AvatarID: 1
Current position of Avatar 1: 11, 4

AvatarID: 1
Current position of Avatar 1: 11, 4

AvatarID: 1
Current position of Avatar 1: 11, 4

AvatarID: 1
Current position of Avatar 1: 11, 4

AvatarID: 1
Current position of Avatar 1: 11, 3

AvatarID: 1
Current position of Avatar 1: 11, 3

AvatarID: 1
Current position of Avatar 1: 11, 3

AvatarID: 1
Current position of Avatar 1: 11, 3

AvatarID: 1
Current position of Avatar 1: 10, 3

AvatarID: 1
Current position of Avatar 1: 10, 2

AvatarID: 1
Current position of Avatar 1: 10, 2

AvatarID: 1
Current position of Avatar 1: 10, 2

AvatarID: 1
Current position of Avatar 1: 10, 2

AvatarID: 1
Current position of Avatar 1: 9, 2

AvatarID: 1
Current position of Avatar 1: 9, 1

AvatarID: 1
Current position of Avatar 1: 9, 1

AvatarID: 1
Current position of Avatar 1: 9, 1

AvatarID: 1
Current position of Avatar 1: 9, 1

AvatarID: 1
Current position of Avatar 1: 8, 1

AvatarID: 1
Current position of Avatar 1: 8, 1

AvatarID: 1
Current position of Avatar 1: 7, 1

AvatarID: 1
Current position of Avatar 1: 7, 1

AvatarID: 1
Current position of Avatar 1: 6, 1

AvatarID: 1
Current position of Avatar 1: 6, 1

AvatarID: 1
Current position of Avatar 1: 6, 1

AvatarID: 1
Current position of Avatar 1: 6, 1

AvatarID: 1
Current position of Avatar 1: 6, 2

AvatarID: 1
Current position of Avatar 1: 6, 2

AvatarID: 1
Current position of Avatar 1: 6, 2

AvatarID: 1
Current position of Avatar 1: 6, 2

AvatarID: 1
Current position of Avatar 1: 7, 2

AvatarID: 1
Current position of Avatar 1: 7, 2

AvatarID: 1
Current position of Avatar 1: 8, 2

AvatarID: 1
Current position of Avatar 1: 8, 3

AvatarID: 1
Current position of Avatar 1: 8, 3

AvatarID: 1
Current position of Avatar 1: 8, 3

AvatarID: 1
Current position of Avatar 1: 8, 3

AvatarID: 1
Current position of Avatar 1: 9, 3

AvatarID: 1
Current position of Avatar 1: 9, 4

AvatarID: 1
Current position of Avatar 1: 9, 4

AvatarID: 1
Current position of Avatar 1: 9, 5

AvatarID: 1
Current position of Avatar 1: 8, 5

AvatarID: 1
Current position of Avatar 1: 8, 5

AvatarID: 1
Current position of Avatar 1: 8, 5

AvatarID: 1
Current position of Avatar 1: 8, 5

AvatarID: 1
Current position of Avatar 1: 8, 6

AvatarID: 1
Current position of Avatar 1: 7, 6

AvatarID: 1
Current position of Avatar 1: 7, 5

AvatarID: 1
Current position of Avatar 1: 7, 5

AvatarID: 1
Current position of Avatar 1: 7, 5

AvatarID: 1
Current position of Avatar 1: 6, 5

AvatarID: 1
Current position of Avatar 1: 6, 4

AvatarID: 1
Current position of Avatar 1: 6, 4

AvatarID: 1
Current position of Avatar 1: 6, 3

AvatarID: 1
Current position of Avatar 1: 7, 3

AvatarID: 1
Current position of Avatar 1: 7, 4

AvatarID: 1
Current position of Avatar 1: 8, 4

AvatarID: 1
Current position of Avatar 1: 7, 4

AvatarID: 1
Current position of Avatar 1: 7, 3

AvatarID: 1
Current position of Avatar 1: 6, 3

AvatarID: 1
Current position of Avatar 1: 5, 3

AvatarID: 1
Current position of Avatar 1: 5, 3

AvatarID: 1
Current position of Avatar 1: 5, 3

AvatarID: 1
Current position of Avatar 1: 5, 3

AvatarID: 1
Current position of Avatar 1: 5, 4

AvatarID: 1
Current position of Avatar 1: 4, 4

AvatarID: 1
Current position of Avatar 1: 4, 4

AvatarID: 1
Current position of Avatar 1: 3, 4

AvatarID: 1
Current position of Avatar 1: 3, 4

AvatarID: 1
Current position of Avatar 1: 2, 4

AvatarID: 1
Current position of Avatar 1: 2, 4

AvatarID: 1
Current position of Avatar 1: 2, 4

AvatarID: 1
Current position of Avatar 1: 2, 4

AvatarID: 1
Current position of Avatar 1: 2, 5

AvatarID: 1
Current position of Avatar 1: 2, 5

AvatarID: 1
Current position of Avatar 1: 2, 5

AvatarID: 1
Current position of Avatar 1: 2, 5

AvatarID: 1
Current position of Avatar 1: 3, 5

AvatarID: 1
Current position of Avatar 1: 3, 6

AvatarID: 1
Current position of Avatar 1: 2, 6

AvatarID: 1
Current position of Avatar 1: 2, 6

AvatarID: 1
Current position of Avatar 1: 2, 6

AvatarID: 1
Current position of Avatar 1: 2, 7

AvatarID: 1
Current position of Avatar 1: 1, 7

AvatarID: 1
Current position of Avatar 1: 1, 7

AvatarID: 1
Current position of Avatar 1: 1, 7

AvatarID: 1
Current position of Avatar 1: 1, 7

AvatarID: 1
Current position of Avatar 1: 1, 8

AvatarID: 1
Current position of Avatar 1: 1, 8

AvatarID: 1
Current position of Avatar 1: 1, 8

AvatarID: 1
Current position of Avatar 1: 1, 8

AvatarID: 1
Current position of Avatar 1: 2, 8

AvatarID: 1
Current position of Avatar 1: 2, 9

AvatarID: 1
Current position of Avatar 1: 1, 9

AvatarID: 1
Current position of Avatar 1: 0, 9

AvatarID: 1
Current position of Avatar 1: 0, 8

AvatarID: 1
Current position of Avatar 1: 0, 7

AvatarID: 1
Current position of Avatar 1: 0, 6

AvatarID: 1
Current position of Avatar 1: 0, 6

AvatarID: 1
Current position of Avatar 1: 0, 5

AvatarID: 1
Current position of Avatar 1: 1, 5

AvatarID: 1
Current position of Avatar 1: 1, 6

AvatarID: 1
Current position of Avatar 1: 1, 5

AvatarID: 1
Current position of Avatar 1: 1, 4

AvatarID: 1
Current position of Avatar 1: 1, 4

AvatarID: 1
Current position of Avatar 1: 1, 4

AvatarID: 1
Current position of Avatar 1: 0, 4

AvatarID: 1
Current position of Avatar 1: 0, 3

AvatarID: 1
Current position of Avatar 1: 0, 3

AvatarID: 1
Current position of Avatar 1: 0, 2

AvatarID: 1
Current position of Avatar 1: 1, 2

AvatarID: 1
Current position of Avatar 1: 1, 2

AvatarID: 1
Current position of Avatar 1: 2, 2

AvatarID: 1
Current position of Avatar 1: 2, 2

AvatarID: 1
Current position of Avatar 1: 3, 2

AvatarID: 1
Current position of Avatar 1: 3, 2

AvatarID: 1
Current position of Avatar 1: 3, 2

AvatarID: 1
Current position of Avatar 1: 3, 2

AvatarID: 1
Current position of Avatar 1: 3, 1

AvatarID: 1
Current position of Avatar 1: 4, 1

AvatarID: 1
Current position of Avatar 1: 4, 1

AvatarID: 1
Current position of Avatar 1: 4, 1

AvatarID: 1
Current position of Avatar 1: 4, 1

AvatarID: 1
Current position of Avatar 1: 4, 0

AvatarID: 1
Current position of Avatar 1: 5, 0

AvatarID: 1
Current position of Avatar 1: 5, 1

AvatarID: 1
Current position of Avatar 1: 5, 2

AvatarID: 1
Current position of Avatar 1: 4, 2

AvatarID: 1
Current position of Avatar 1: 4, 3

AvatarID: 1
Current position of Avatar 1: 3, 3

AvatarID: 1
Current position of Avatar 1: 2, 3

AvatarID: 1
Current position of Avatar 1: 1, 3

AvatarID: 1
Current position of Avatar 1: 2, 3

AvatarID: 1
Current position of Avatar 1: 3, 3

AvatarID: 1
Current position of Avatar 1: 4, 3

AvatarID: 1
CurrAvatarID: 0
AvatarID: 0
AvatarID: 0
AvatarID: 0
AvatarID: 0
AvatarID: 0
AvatarID: 0
AvatarID: 0
AvatarID: 0
AvatarID: 0
AvatarID: 0
AvatarID: 0
AvatarID: 0
AvatarID: 0
AvatarID: 0
AvatarID: 0
AvatarID: 0
AvatarID: 0
AvatarID: 0
AvatarID: 0
AvatarID: 0
AvatarID: 0
AvatarID: 0
AvatarID: 0
AvatarID: 0
AvatarID: 0
AvatarID: 0
AvatarID: 0
AvatarID: 0
AvatarID: 0
AvatarID: 0
AvatarID: 0
AvatarID: 0
AvatarID: 0
AvatarID: 0
AvatarID: 0
AvatarID: 0
AvatarID: 0
AvatarID: 0
AvatarID: 0
AvatarID: 0
AvatarID: 0
AvatarID: 0
AvatarID: 0
AvatarID: 0
AvatarID: 0
AvatarID: 0
AvatarID: 0
AvatarID: 0
AvatarID: 0
AvatarID: 0
AvatarID: 0
AvatarID: 0
AvatarID: 0
AvatarID: 0
AvatarID: 0
AvatarID: 0
AvatarID: 0
AvatarID: 0
AvatarID: 0
AvatarID: 0
AvatarID: 0
AvatarID: 0
AvatarID: 0
AvatarID: 0
AvatarID: 0
AvatarID: 0
AvatarID: 0
AvatarID: 0
AvatarID: 0
AvatarID: 0
AvatarID: 0
AvatarID: 0
AvatarID: 0
AvatarID: 0
AvatarID: 0
AvatarID: 0
AvatarID: 0
AvatarID: 0
AvatarID: 0
AvatarID: 0
AvatarID: 0
AvatarID: 0
AvatarID: 0
AvatarID: 0
AvatarID: 0
AvatarID: 0
AvatarID: 0
AvatarID: 0
AvatarID: 0
AvatarID: 0
AvatarID: 0
AvatarID: 0
AvatarID: 0
AvatarID: 0
AvatarID: 0
AvatarID: 0
AvatarID: 0
AvatarID: 0
AvatarID: 0
AvatarID: 0
AvatarID: 0
AvatarID: 0
AvatarID: 0
AvatarID: 0
AvatarID: 0
AvatarID: 0
AvatarID: 0
AvatarID: 0
AvatarID: 0
AvatarID: 0
AvatarID: 0
AvatarID: 0
AvatarID: 0
AvatarID: 0
AvatarID: 0
AvatarID: 0
AvatarID: 0
AvatarID: 0
AvatarID: 0
AvatarID: 0
AvatarID: 0
AvatarID: 0
AvatarID: 0
AvatarID: 0
AvatarID: 0
AvatarID: 0
AvatarID: 0
AvatarID: 0
AvatarID: 0
AvatarID: 0
AvatarID: 0
AvatarID: 0
AvatarID: 0
AvatarID: 0
AvatarID: 0
AvatarID: 0
AvatarID: 0
AvatarID: 0
AvatarID: 0
AvatarID: 0
AvatarID: 0
AvatarID: 0
AvatarID: 0
AvatarID: 0
AvatarID: 0
AvatarID: 0
AvatarID: 0
AvatarID: 0
AvatarID: 0
AvatarID: 0
AvatarID: 0
AvatarID: 0
AvatarID: 0
AvatarID: 0
AvatarID: 0
AvatarID: 0
AvatarID: 0
AvatarID: 0
AvatarID: 0
AvatarID: 0
AvatarID: 0
AvatarID: 0
AvatarID: 0
AvatarID: 0
AvatarID: 0
AvatarID: 0
AvatarID: 0
AvatarID: 0
AvatarID: 0
AvatarID: 0
AvatarID: 0
AvatarID: 0
AvatarID: 0
AvatarID: 0
AvatarID: 0
AvatarID: 0
AvatarID: 0
AvatarID: 0
AvatarID: 0
AvatarID: 0
AvatarID: 0
AvatarID: 0
AvatarID: 0
AvatarID: 0
AvatarID: 0
AvatarID: 0
AvatarID: 0
AvatarID: 0
AvatarID: 0
AvatarID: 0
AvatarID: 0
AvatarID: 0
AvatarID: 0
AvatarID: 0
AvatarID: 0
AvatarID: 0
AvatarID: 0
AvatarID: 0
AvatarID: 0
AvatarID: 0
AvatarID: 0
AvatarID: 0
AvatarID: 0
AvatarID: 0
AvatarID: 0
AvatarID: 0
AvatarID: 0
AvatarID: 0
AvatarID: 0
AvatarID: 0
AvatarID: 0
AvatarID: 0
AvatarID: 0
AvatarID: 0
AvatarID: 0
AvatarID: 0
AvatarID: 0
AvatarID: 0
AvatarID: 0
AvatarID: 0
AvatarID: 0
AvatarID: 0
AvatarID: 0
AvatarID: 0
AvatarID: 0
AvatarID: 0
AvatarID: 0
AvatarID: 0
AvatarID: 0
AvatarID: 0
AvatarID: 0
AvatarID: 0
AvatarID: 0
AvatarID: 0
AvatarID: 0
AvatarID: 0
AvatarID: 0
AvatarID: 0
AvatarID: 0
AvatarID: 0
AvatarID: 0
AvatarID: 0
AvatarID: 0
AvatarID: 0
AvatarID: 0
AvatarID: 0
AvatarID: 0
AvatarID: 0
AvatarID: 0
AvatarID: 0
AvatarID: 0
AvatarID: 0
AvatarID: 0
AvatarID: 0
AvatarID: 0
AvatarID: 0
AvatarID: 0
AvatarID: 0
AvatarID: 0
AvatarID: 0
AvatarID: 0
AvatarID: 0
AvatarID: 0
AvatarID: 0
AvatarID: 0
AvatarID: 0
AvatarID: 0
AvatarID: 0
AvatarID: 0
AvatarID: 0
AvatarID: 0
AvatarID: 0
AvatarID: 0
AvatarID: 0
AvatarID: 0
AvatarID: 0
AvatarID: 0
AvatarID: 0
AvatarID: 0
AvatarID: 0
AvatarID: 0
AvatarID: 0
AvatarID: 0
AvatarID: 0
AvatarID: 0
AvatarID: 0
AvatarID: 0
AvatarID: 0
AvatarID: 0
AvatarID: 0
AvatarID: 0
AvatarID: 0
AvatarID: 0
AvatarID: 0
AvatarID: 0
AvatarID: 0
AvatarID: 0
AvatarID: 0
AvatarID: 0
AvatarID: 0
AvatarID: 0
AvatarID: 0
AvatarID: 0
AvatarID: 0
AvatarID: 0
AvatarID: 0
AvatarID: 0
AvatarID: 0
AvatarID: 0
AvatarID: 0
AvatarID: 0
AvatarID: 0
AvatarID: 0
AvatarID: 0
AvatarID: 0
AvatarID: 0
AvatarID: 0
AvatarID: 0
AvatarID: 0
AvatarID: 0
AvatarID: 0
AvatarID: 0
AvatarID: 0
AvatarID: 0
AvatarID: 0
AvatarID: 0
AvatarID: 0
AvatarID: 0
AvatarID: 0
AvatarID: 0
AvatarID: 0
AvatarID: 0
AvatarID: 0
AvatarID: 0
AvatarID: 0
AvatarID: 0
AvatarID: 0
AvatarID: 0
AvatarID: 0
AvatarID: 0
AvatarID: 0
AvatarID: 0
AvatarID: 0
AvatarID: 0
AvatarID: 0
AvatarID: 0
AvatarID: 0
AvatarID: 0
AvatarID: 0
AvatarID: 0
AvatarID: 0
AvatarID: 0
AvatarID: 0
AvatarID: 0
AvatarID: 0
AvatarID: 0
AvatarID: 0
AvatarID: 0
AvatarID: 0
AvatarID: 0
AvatarID: 0
AvatarID: 0
AvatarID: 0
AvatarID: 0
AvatarID: 0
AvatarID: 0
AvatarID: 0
AvatarID: 0
AvatarID: 0
AvatarID: 0
AvatarID: 0
AvatarID: 0
AvatarID: 0
AvatarID: 0
AvatarID: 0
AvatarID: 0
AvatarID: 0
AvatarID: 0
AvatarID: 0
AvatarID: 0
AvatarID: 0
AvatarID: 0
AvatarID: 0
AvatarID: 0
AvatarID: 0
AvatarID: 0
AvatarID: 0
AvatarID: 0
AvatarID: 0
AvatarID: 0
AvatarID: 0
AvatarID: 0
AvatarID: 0
AvatarID: 0
AvatarID: 0
AvatarID: 0
AvatarID: 0
AvatarID: 0
AvatarID: 0
AvatarID: 0
AvatarID: 0
AvatarID: 0
AvatarID: 0
AvatarID: 0
AvatarID: 0
AvatarID: 0
AvatarID: 0
AvatarID: 0
AvatarID: 0
AvatarID: 0
AvatarID: 0
AvatarID: 0
AvatarID: 0
AvatarID: 0
AvatarID: 0
AvatarID: 0
AvatarID: 0
AvatarID: 0
AvatarID: 0
AvatarID: 0
AvatarID: 0
AvatarID: 0
AvatarID: 0
AvatarID: 0
AvatarID: 0
AvatarID: 0
AvatarID: 0
AvatarID: 0
AvatarID: 0
AvatarID: 0
AvatarID: 0
AvatarID: 0
AvatarID: 0
AvatarID: 0
AvatarID: 0
AvatarID: 0
AvatarID: 0
AvatarID: 0
AvatarID: 0
AvatarID: 0
AvatarID: 0
AvatarID: 0
AvatarID: 0
AvatarID: 0
AvatarID: 0
AvatarID: 0
AvatarID: 0
AvatarID: 0
AvatarID: 0
AvatarID: 0
AvatarID: 0
AvatarID: 0
AvatarID: 0
AvatarID: 0
AvatarID: 0
AvatarID: 0
AvatarID: 0
AvatarID: 0
AvatarID: 0
AvatarID: 0
AvatarID: 0
AvatarID: 0
AvatarID: 0
AvatarID: 0
AvatarID: 0
AvatarID: 0
AvatarID: 0
AvatarID: 0
AvatarID: 0
AvatarID: 0
AvatarID: 0
AvatarID: 0
AvatarID: 0
AvatarID: 0
AvatarID: 0
AvatarID: 0
AvatarID: 0
AvatarID: 0
AvatarID: 0
AvatarID: 0
AvatarID: 0
AvatarID: 0
AvatarID: 0
AvatarID: 0
AvatarID: 0
AvatarID: 0
AvatarID: 0
AvatarID: 0
AvatarID: 0
AvatarID: 0
AvatarID: 0
AvatarID: 0
AvatarID: 0
AvatarID: 0
AvatarID: 0
AvatarID: 0
AvatarID: 0
AvatarID: 0
AvatarID: 0
AvatarID: 0
AvatarID: 0
AvatarID: 0
AvatarID: 0
AvatarID: 0
AvatarID: 0
AvatarID: 0
AvatarID: 0
AvatarID: 0
AvatarID: 0
AvatarID: 0
AvatarID: 0
AvatarID: 0
AvatarID: 0
AvatarID: 0
AvatarID: 0
AvatarID: 0
AvatarID: 0
AvatarID: 0
AvatarID: 0
AvatarID: 0
AvatarID: 0
AvatarID: 0
AvatarID: 0
AvatarID: 0
AvatarID: 0
AvatarID: 0
AvatarID: 0
AvatarID: 0
AvatarID: 0
AvatarID: 0
AvatarID: 0
AvatarID: 0
AvatarID: 0
AvatarID: 0
AvatarID: 0
AvatarID: 0
AvatarID: 0
AvatarID: 0
AvatarID: 0
AvatarID: 0
AvatarID: 0
AvatarID: 0
AvatarID: 0
AvatarID: 0
AvatarID: 0
AvatarID: 0
AvatarID: 0
AvatarID: 0
AvatarID: 0
AvatarID: 0
AvatarID: 0
AvatarID: 0
AvatarID: 0
AvatarID: 0
AvatarID: 0
AvatarID: 0
AvatarID: 0
AvatarID: 0
AvatarID: 0
AvatarID: 0
AvatarID: 0
AvatarID: 0
AvatarID: 0
AvatarID: 0
AvatarID: 0
AvatarID: 0
AvatarID: 0
AvatarID: 0
AvatarID: 0
AvatarID: 0
AvatarID: 0
AvatarID: 0
AvatarID: 0
AvatarID: 0
AvatarID: 0
AvatarID: 0
AvatarID: 0
AvatarID: 0
AvatarID: 0
AvatarID: 0
AvatarID: 0
AvatarID: 0
AvatarID: 0
AvatarID: 0
AvatarID: 0
AvatarID: 0
AvatarID: 0
AvatarID: 0
AvatarID: 0
AvatarID: 0
AvatarID: 0
AvatarID: 0
AvatarID: 0
AvatarID: 0
AvatarID: 0
AvatarID: 0
AvatarID: 0
AvatarID: 0
AvatarID: 0
AvatarID: 0
AvatarID: 0
AvatarID: 0
AvatarID: 0
AvatarID: 0
AvatarID: 0
AvatarID: 0
AvatarID: 0
AvatarID: 0
AvatarID: 0
AvatarID: 0
AvatarID: 0
AvatarID: 0
AvatarID: 0
AvatarID: 0
AvatarID: 0
AvatarID: 0
AvatarID: 0
AvatarID: 0
AvatarID: 0
AvatarID: 0
Maze is solved!
ent position of Avatar 1: 4, 2

AvatarID: 1
Current position of Avatar 1: 5, 2

AvatarID: 1
Current position of Avatar 1: 5, 1

AvatarID: 1
Current position of Avatar 1: 5, 0

AvatarID: 1
Current position of Avatar 1: 6, 0

AvatarID: 1
Current position of Avatar 1: 7, 0

AvatarID: 1
Current position of Avatar 1: 8, 0

AvatarID: 1
Current position of Avatar 1: 9, 0

AvatarID: 1
Current position of Avatar 1: 10, 0

AvatarID: 1
Current position of Avatar 1: 10, 1

AvatarID: 1
Current position of Avatar 1: 11, 1

AvatarID: 1
Current position of Avatar 1: 11, 2

AvatarID: 1
Current position of Avatar 1: 12, 2

AvatarID: 1
Current position of Avatar 1: 12, 2

AvatarID: 1
Current position of Avatar 1: 12, 2

AvatarID: 1
Current position of Avatar 1: 12, 2

AvatarID: 1
Current position of Avatar 1: 12, 1

AvatarID: 1
Current position of Avatar 1: 13, 1

AvatarID: 1
Current position of Avatar 1: 13, 2

AvatarID: 1
Current position of Avatar 1: 13, 3

AvatarID: 1
Current position of Avatar 1: 12, 3

AvatarID: 1
Current position of Avatar 1: 12, 4

AvatarID: 1
Current position of Avatar 1: 12, 5

AvatarID: 1
Current position of Avatar 1: 11, 5

AvatarID: 1
Current position of Avatar 1: 12, 5

AvatarID: 1
Current position of Avatar 1: 13, 5

AvatarID: 1
Current position of Avatar 1: 13, 4

AvatarID: 1
Current position of Avatar 1: 13, 4

AvatarID: 1
Current position of Avatar 1: 13, 4

AvatarID: 1
Current position of Avatar 1: 13, 4

AvatarID: 1
Current position of Avatar 1: 13, 4

AvatarID: 1
Current position of Avatar 1: 13, 5

AvatarID: 1
Current position of Avatar 1: 12, 5

AvatarID: 1
Current position of Avatar 1: 12, 4

AvatarID: 1
Current position of Avatar 1: 12, 3

AvatarID: 1
Current position of Avatar 1: 13, 3

AvatarID: 1
Current position of Avatar 1: 14, 3

AvatarID: 1
Current position of Avatar 1: 14, 3

AvatarID: 1
Current position of Avatar 1: 14, 3

AvatarID: 1
Current position of Avatar 1: 14, 2

AvatarID: 1
Current position of Avatar 1: 14, 2

AvatarID: 1
Current position of Avatar 1: 14, 1

AvatarID: 1
Current position of Avatar 1: 15, 1

AvatarID: 1
Current position of Avatar 1: 15, 2

AvatarID: 1
Current position of Avatar 1: 15, 3

AvatarID: 1
Current position of Avatar 1: 15, 2

AvatarID: 1
Current position of Avatar 1: 16, 2

AvatarID: 1
Current position of Avatar 1: 16, 2

AvatarID: 1
Current position of Avatar 1: 16, 2

AvatarID: 1
Current position of Avatar 1: 16, 1

AvatarID: 1
Current position of Avatar 1: 17, 1

AvatarID: 1
Current position of Avatar 1: 17, 1

AvatarID: 1
Current position of Avatar 1: 18, 1

AvatarID: 1
Current position of Avatar 1: 18, 2

AvatarID: 1
Current position of Avatar 1: 17, 2

AvatarID: 1
Current position of Avatar 1: 18, 2

AvatarID: 1
Current position of Avatar 1: 18, 3

AvatarID: 1
Current position of Avatar 1: 18, 2

AvatarID: 1
Current position of Avatar 1: 18, 1

AvatarID: 1
Current position of Avatar 1: 18, 1

AvatarID: 1
Current position of Avatar 1: 18, 0

AvatarID: 1
Current position of Avatar 1: 19, 0

AvatarID: 1
Current position of Avatar 1: 19, 1

AvatarID: 1
Current position of Avatar 1: 20, 1

AvatarID: 1
Current position of Avatar 1: 21, 1

AvatarID: 1
Current position of Avatar 1: 22, 1

AvatarID: 1
Current position of Avatar 1: 22, 1

AvatarID: 1
Current position of Avatar 1: 22, 1

AvatarID: 1
Current position of Avatar 1: 22, 0

AvatarID: 1
Current position of Avatar 1: 23, 0

AvatarID: 1
Current position of Avatar 1: 23, 1

AvatarID: 1
Current position of Avatar 1: 24, 1

AvatarID: 1
Current position of Avatar 1: 24, 1

AvatarID: 1
Current position of Avatar 1: 24, 1

AvatarID: 1
Current position of Avatar 1: 24, 0

AvatarID: 1
Current position of Avatar 1: 25, 0

AvatarID: 1
Current position of Avatar 1: 25, 0

AvatarID: 1
Current position of Avatar 1: 26, 0

AvatarID: 1
Current position of Avatar 1: 26, 1

AvatarID: 1
Current position of Avatar 1: 26, 1

AvatarID: 1
Current position of Avatar 1: 26, 1

AvatarID: 1
Current position of Avatar 1: 26, 1

AvatarID: 1
Current position of Avatar 1: 27, 1

AvatarID: 1
Current position of Avatar 1: 27, 1

AvatarID: 1
Current position of Avatar 1: 28, 1

AvatarID: 1
Current position of Avatar 1: 28, 1

AvatarID: 1
Current position of Avatar 1: 29, 1

AvatarID: 1
Current position of Avatar 1: 29, 2

AvatarID: 1
Current position of Avatar 1: 28, 2

AvatarID: 1
Current position of Avatar 1: 27, 2

AvatarID: 1
Current position of Avatar 1: 26, 2

AvatarID: 1
Current position of Avatar 1: 25, 2

AvatarID: 1
Current position of Avatar 1: 25, 1

AvatarID: 1
Current position of Avatar 1: 25, 2

AvatarID: 1
Current position of Avatar 1: 26, 2

AvatarID: 1
Current position of Avatar 1: 27, 2

AvatarID: 1
Current position of Avatar 1: 28, 2

AvatarID: 1
Current position of Avatar 1: 29, 2

AvatarID: 1
Current position of Avatar 1: 29, 1

Maze is solved!
