wyliekasai, 42551, Mon Mar  9 03:07:56 2020
*******
AvatarID: 0
AvatarID: 0
Current position of Avatar 0: 2, 1

AvatarID: 0
Current position of Avatar 0: 2, 1

AvatarID: 0
Current position of Avatar 0: 2, 1

AvatarID: 0
Current position of Avatar 0: 2, 1

AvatarID: 0
Current position of Avatar 0: 3, 1

AvatarID: 0
Current position of Avatar 0: 3, 1

AvatarID: 0
Current position of Avatar 0: 4, 1

AvatarID: 0
Current position of Avatar 0: 4, 1

AvatarID: 0
Current position of Avatar 0: 4, 1

AvatarID: 0
Current position of Avatar 0: 4, 1

AvatarID: 0
Current position of Avatar 0: 4, 0

AvatarID: 0
AvatarID: 0
AvatarID: 0
AvatarID: 0
AvatarID: 0
AvatarID: 0
AvatarID: 0
AvatarID: 0
AvatarID: 0
AvatarID: 0
AvatarID: 0
AvatarID: 0
AvatarID: 0
AvatarID: 0
AvatarID: 0
AvatarID: 0
AvatarID: 0
AvatarID: 0
AvatarID: 0
AvatarID: 0
AvatarID: 0
AvatarID: 0
AvatarID: 0
AvatarID: 0
AvatarID: 0
AvatarID: 0
AvatarID: 0
AvatarID: 0
AvatarID: 0
AvatarID: 0
AvatarID: 0
AvatarID: 0
AvatarID: 0
AvatarID: 0
AvatarID: 0
AvatarID: 0
AvatarID: 0
AvatarID: 0
AvatarID: 0
AvatarID: 0
AvatarID: 0
AvatarID: 0
AvatarID: 0
Maze is solved!
*******
AvatarID: 1
AvatarID: 1
Current position of Avatar 1: 5, 6

AvatarID: 1
Current position of Avatar 1: 5, 6

AvatarID: 1
Current position of Avatar 1: 5, 6

AvatarID: 1
Current position of Avatar 1: 5, 5

AvatarID: 1
Current position of Avatar 1: 5, 5

AvatarID: 1
Current position of Avatar 1: 5, 5

AvatarID: 1
Current position of Avatar 1: 4, 5

AvatarID: 1
Current position of Avatar 1: 4, 4

AvatarID: 1
Current position of Avatar 1: 5, 4

AvatarID: 1
Current position of Avatar 1: 5, 3

AvatarID: 1
Current position of Avatar 1: 5, 2

AvatarID: 1
Current position of Avatar 1: 5, 1

AvatarID: 1
AvatarID: 1
AvatarID: 1
AvatarID: 1
AvatarID: 1
AvatarID: 1
AvatarID: 1
AvatarID: 1
AvatarID: 1
AvatarID: 1
AvatarID: 1
AvatarID: 1
AvatarID: 1
AvatarID: 1
AvatarID: 1
AvatarID: 1
AvatarID: 1
AvatarID: 1
AvatarID: 1
AvatarID: 1
AvatarID: 1
AvatarID: 1
AvatarID: 1
AvatarID: 1
AvatarID: 1
AvatarID: 1
AvatarID: 1
AvatarID: 1
AvatarID: 1
AvatarID: 1
AvatarID: 1
AvatarID: 1
AvatarID: 1
AvatarID: 1
AvatarID: 1
AvatarID: 1
AvatarID: 1
AvatarID: 1
AvatarID: 1
AvatarID: 1
AvatarID: 1
AvatarID: 1
Maze is solved!
*******
AvatarID: 2
AvatarID: 2
Current position of Avatar 2: 0, 8

AvatarID: 2
Current position of Avatar 2: 0, 8

AvatarID: 2
Current position of Avatar 2: 0, 8

AvatarID: 2
Current position of Avatar 2: 0, 7

AvatarID: 2
Current position of Avatar 2: 1, 7

AvatarID: 2
Current position of Avatar 2: 1, 8

AvatarID: 2
Current position of Avatar 2: 2, 8

AvatarID: 2
Current position of Avatar 2: 3, 8

AvatarID: 2
Current position of Avatar 2: 4, 8

AvatarID: 2
Current position of Avatar 2: 5, 8

AvatarID: 2
Current position of Avatar 2: 5, 7

AvatarID: 2
Current position of Avatar 2: 5, 7

AvatarID: 2
Current position of Avatar 2: 5, 7

AvatarID: 2
Current position of Avatar 2: 5, 8

AvatarID: 2
Current position of Avatar 2: 4, 8

AvatarID: 2
Current position of Avatar 2: 4, 8

AvatarID: 2
Current position of Avatar 2: 3, 8

AvatarID: 2
Current position of Avatar 2: 3, 8

AvatarID: 2
Current position of Avatar 2: 2, 8

AvatarID: 2
Current position of Avatar 2: 2, 7

AvatarID: 2
Current position of Avatar 2: 2, 7

AvatarID: 2
Current position of Avatar 2: 2, 6

AvatarID: 2
Current position of Avatar 2: 2, 6

AvatarID: 2
Current position of Avatar 2: 2, 5

AvatarID: 2
Current position of Avatar 2: 2, 5

AvatarID: 2
Current position of Avatar 2: 2, 5

AvatarID: 2
Current position of Avatar 2: 2, 5

AvatarID: 2
Current position of Avatar 2: 1, 5

AvatarID: 2
Current position of Avatar 2: 1, 6

AvatarID: 2
Current position of Avatar 2: 0, 6

AvatarID: 2
Current position of Avatar 2: 0, 5

AvatarID: 2
Current position of Avatar 2: 0, 4

AvatarID: 2
Current position of Avatar 2: 0, 3

AvatarID: 2
Current position of Avatar 2: 0, 2

AvatarID: 2
Current position of Avatar 2: 1, 2

AvatarID: 2
Current position of Avatar 2: 2, 2

AvatarID: 2
Current position of Avatar 2: 2, 3

AvatarID: 2
Current position of Avatar 2: 3, 3

AvatarID: 2
Current position of Avatar 2: 4, 3

AvatarID: 2
Current position of Avatar 2: 4, 2

AvatarID: 2
Current position of Avatar 2: 3, 2

AvatarID: 2
Current position of Avatar 2: 4, 2

AvatarID: 2
Current position of Avatar 2: 4, 3

AvatarID: 2
Current position of Avatar 2: 3, 3

AvatarID: 2
Current position of Avatar 2: 2, 3

AvatarID: 2
Current position of Avatar 2: 2, 2

AvatarID: 2
Current position of Avatar 2: 1, 2

AvatarID: 2
Current position of Avatar 2: 1, 1

AvatarID: 2
Current position of Avatar 2: 1, 0

AvatarID: 2
Current position of Avatar 2: 2, 0

AvatarID: 2
Current position of Avatar 2: 2, 1

AvatarID: 2
Current position of Avatar 2: 3, 1

AvatarID: 2
Current position of Avatar 2: 4, 1

AvatarID: 2
Current position of Avatar 2: 4, 0

Maze is solved!
*******
AvatarID: 3
AvatarID: 3
Current position of Avatar 3: 5, 3

AvatarID: 3
Current position of Avatar 3: 5, 3

AvatarID: 3
Current position of Avatar 3: 5, 4

AvatarID: 3
Current position of Avatar 3: 4, 4

AvatarID: 3
Current position of Avatar 3: 4, 4

AvatarID: 3
Current position of Avatar 3: 4, 4

AvatarID: 3
Current position of Avatar 3: 4, 4

AvatarID: 3
Current position of Avatar 3: 4, 5

AvatarID: 3
Current position of Avatar 3: 4, 5

AvatarID: 3
Current position of Avatar 3: 4, 5

AvatarID: 3
Current position of Avatar 3: 4, 5

AvatarID: 3
Current position of Avatar 3: 5, 5

AvatarID: 3
Current position of Avatar 3: 5, 6

AvatarID: 3
Current position of Avatar 3: 4, 6

AvatarID: 3
Current position of Avatar 3: 4, 6

AvatarID: 3
Current position of Avatar 3: 4, 6

AvatarID: 3
Current position of Avatar 3: 4, 7

AvatarID: 3
Current position of Avatar 3: 3, 7

AvatarID: 3
Current position of Avatar 3: 3, 6

AvatarID: 3
Current position of Avatar 3: 3, 5

AvatarID: 3
Current position of Avatar 3: 3, 4

AvatarID: 3
Current position of Avatar 3: 2, 4

AvatarID: 3
Current position of Avatar 3: 1, 4

AvatarID: 3
Current position of Avatar 3: 1, 3

AvatarID: 3
Current position of Avatar 3: 1, 4

AvatarID: 3
Current position of Avatar 3: 1, 4

AvatarID: 3
Current position of Avatar 3: 1, 4

AvatarID: 3
Current position of Avatar 3: 2, 4

AvatarID: 3
Current position of Avatar 3: 3, 4

AvatarID: 3
Current position of Avatar 3: 3, 5

AvatarID: 3
Current position of Avatar 3: 3, 6

AvatarID: 3
Current position of Avatar 3: 3, 7

AvatarID: 3
Current position of Avatar 3: 4, 7

AvatarID: 3
Current position of Avatar 3: 4, 6

AvatarID: 3
Current position of Avatar 3: 5, 6

AvatarID: 3
Current position of Avatar 3: 5, 5

AvatarID: 3
Current position of Avatar 3: 4, 5

AvatarID: 3
Current position of Avatar 3: 4, 4

AvatarID: 3
Current position of Avatar 3: 5, 4

AvatarID: 3
Current position of Avatar 3: 5, 3

AvatarID: 3
Current position of Avatar 3: 5, 2

AvatarID: 3
Current position of Avatar 3: 5, 1

AvatarID: 3
AvatarID: 3
AvatarID: 3
AvatarID: 3
AvatarID: 3
AvatarID: 3
AvatarID: 3
AvatarID: 3
AvatarID: 3
AvatarID: 3
AvatarID: 3
AvatarID: 3
Maze is solved!
*******
AvatarID: 6
AvatarID: 6
Current position of Avatar 6: 2, 3

AvatarID: 6
Current position of Avatar 6: 2, 3

AvatarID: 6
Current position of Avatar 6: 2, 3

AvatarID: 6
Current position of Avatar 6: 2, 3

AvatarID: 6
Current position of Avatar 6: 3, 3

AvatarID: 6
Current position of Avatar 6: 3, 3

AvatarID: 6
Current position of Avatar 6: 4, 3

AvatarID: 6
Current position of Avatar 6: 4, 2

AvatarID: 6
Current position of Avatar 6: 4, 2

AvatarID: 6
Current position of Avatar 6: 4, 2

AvatarID: 6
Current position of Avatar 6: 4, 2

AvatarID: 6
Current position of Avatar 6: 3, 2

AvatarID: 6
Current position of Avatar 6: 3, 2

AvatarID: 6
Current position of Avatar 6: 3, 2

AvatarID: 6
Current position of Avatar 6: 3, 2

AvatarID: 6
Current position of Avatar 6: 3, 2

AvatarID: 6
Current position of Avatar 6: 4, 2

AvatarID: 6
Current position of Avatar 6: 4, 3

AvatarID: 6
Current position of Avatar 6: 3, 3

AvatarID: 6
Current position of Avatar 6: 2, 3

AvatarID: 6
Current position of Avatar 6: 2, 2

AvatarID: 6
Current position of Avatar 6: 1, 2

AvatarID: 6
Current position of Avatar 6: 1, 1

AvatarID: 6
Current position of Avatar 6: 1, 0

AvatarID: 6
Current position of Avatar 6: 2, 0

AvatarID: 6
Current position of Avatar 6: 2, 1

AvatarID: 6
Current position of Avatar 6: 3, 1

AvatarID: 6
Current position of Avatar 6: 4, 1

AvatarID: 6
Current position of Avatar 6: 4, 0

AvatarID: 6
AvatarID: 6
AvatarID: 6
AvatarID: 6
AvatarID: 6
AvatarID: 6
AvatarID: 6
AvatarID: 6
AvatarID: 6
AvatarID: 6
AvatarID: 6
AvatarID: 6
AvatarID: 6
AvatarID: 6
AvatarID: 6
AvatarID: 6
AvatarID: 6
AvatarID: 6
AvatarID: 6
AvatarID: 6
AvatarID: 6
AvatarID: 6
AvatarID: 6
AvatarID: 6
Maze is solved!
*******
AvatarID: 5
AvatarID: 5
Current position of Avatar 5: 1, 6

AvatarID: 5
Current position of Avatar 5: 0, 6

AvatarID: 5
Current position of Avatar 5: 0, 5

AvatarID: 5
Current position of Avatar 5: 0, 5

AvatarID: 5
Current position of Avatar 5: 0, 4

AvatarID: 5
Current position of Avatar 5: 0, 4

AvatarID: 5
Current position of Avatar 5: 0, 3

AvatarID: 5
Current position of Avatar 5: 0, 3

AvatarID: 5
Current position of Avatar 5: 0, 2

AvatarID: 5
Current position of Avatar 5: 1, 2

AvatarID: 5
Current position of Avatar 5: 1, 2

AvatarID: 5
Current position of Avatar 5: 2, 2

AvatarID: 5
Current position of Avatar 5: 2, 3

AvatarID: 5
Current position of Avatar 5: 3, 3

AvatarID: 5
Current position of Avatar 5: 4, 3

AvatarID: 5
Current position of Avatar 5: 4, 2

AvatarID: 5
Current position of Avatar 5: 3, 2

AvatarID: 5
Current position of Avatar 5: 4, 2

AvatarID: 5
Current position of Avatar 5: 4, 3

AvatarID: 5
Current position of Avatar 5: 3, 3

AvatarID: 5
Current position of Avatar 5: 2, 3

AvatarID: 5
Current position of Avatar 5: 2, 2

AvatarID: 5
Current position of Avatar 5: 1, 2

AvatarID: 5
Current position of Avatar 5: 1, 1

AvatarID: 5
Current position of Avatar 5: 1, 0

AvatarID: 5
Current position of Avatar 5: 2, 0

AvatarID: 5
Current position of Avatar 5: 2, 1

AvatarID: 5
Current position of Avatar 5: 3, 1

AvatarID: 5
Current position of Avatar 5: 4, 1

AvatarID: 5
Current position of Avatar 5: 4, 0

AvatarID: 5
AvatarID: 5
AvatarID: 5
AvatarID: 5
AvatarID: 5
AvatarID: 5
AvatarID: 5
AvatarID: 5
AvatarID: 5
AvatarID: 5
AvatarID: 5
AvatarID: 5
AvatarID: 5
AvatarID: 5
AvatarID: 5
AvatarID: 5
AvatarID: 5
AvatarID: 5
AvatarID: 5
AvatarID: 5
AvatarID: 5
AvatarID: 5
AvatarID: 5
Maze is solved!
*******
AvatarID: 4
AvatarID: 4
Current position of Avatar 4: 2, 7

AvatarID: 4
Current position of Avatar 4: 2, 7

AvatarID: 4
Current position of Avatar 4: 2, 8

AvatarID: 4
Current position of Avatar 4: 1, 8

AvatarID: 4
Current position of Avatar 4: 1, 7

AvatarID: 4
Current position of Avatar 4: 1, 7

AvatarID: 4
Current position of Avatar 4: 1, 7

AvatarID: 4
Current position of Avatar 4: 0, 7

AvatarID: 4
Current position of Avatar 4: 0, 7

AvatarID: 4
Current position of Avatar 4: 0, 7

AvatarID: 4
Current position of Avatar 4: 0, 7

AvatarID: 4
Current position of Avatar 4: 0, 8

AvatarID: 4
Current position of Avatar 4: 0, 7

AvatarID: 4
Current position of Avatar 4: 1, 7

AvatarID: 4
Current position of Avatar 4: 1, 8

AvatarID: 4
Current position of Avatar 4: 2, 8

AvatarID: 4
Current position of Avatar 4: 3, 8

AvatarID: 4
Current position of Avatar 4: 4, 8

AvatarID: 4
Current position of Avatar 4: 5, 8

AvatarID: 4
Current position of Avatar 4: 5, 7

AvatarID: 4
Current position of Avatar 4: 5, 8

AvatarID: 4
Current position of Avatar 4: 4, 8

AvatarID: 4
Current position of Avatar 4: 3, 8

AvatarID: 4
Current position of Avatar 4: 2, 8

AvatarID: 4
Current position of Avatar 4: 2, 7

AvatarID: 4
Current position of Avatar 4: 2, 6

AvatarID: 4
Current position of Avatar 4: 2, 5

AvatarID: 4
Current position of Avatar 4: 1, 5

AvatarID: 4
Current position of Avatar 4: 1, 6

AvatarID: 4
Current position of Avatar 4: 0, 6

AvatarID: 4
Current position of Avatar 4: 0, 5

AvatarID: 4
Current position of Avatar 4: 0, 4

AvatarID: 4
Current position of Avatar 4: 0, 3

AvatarID: 4
Current position of Avatar 4: 0, 2

AvatarID: 4
Current position of Avatar 4: 1, 2

AvatarID: 4
Current position of Avatar 4: 2, 2

AvatarID: 4
Current position of Avatar 4: 2, 3

AvatarID: 4
Current position of Avatar 4: 3, 3

AvatarID: 4
Current position of Avatar 4: 4, 3

AvatarID: 4
Current position of Avatar 4: 4, 2

AvatarID: 4
Current position of Avatar 4: 3, 2

AvatarID: 4
Current position of Avatar 4: 4, 2

AvatarID: 4
Current position of Avatar 4: 4, 3

AvatarID: 4
Current position of Avatar 4: 3, 3

AvatarID: 4
Current position of Avatar 4: 2, 3

AvatarID: 4
Current position of Avatar 4: 2, 2

AvatarID: 4
Current position of Avatar 4: 1, 2

AvatarID: 4
Current position of Avatar 4: 1, 1

AvatarID: 4
Current position of Avatar 4: 1, 0

AvatarID: 4
Current position of Avatar 4: 2, 0

AvatarID: 4
Current position of Avatar 4: 2, 1

AvatarID: 4
Current position of Avatar 4: 3, 1

AvatarID: 4
Current position of Avatar 4: 4, 1

AvatarID: 4
Current position of Avatar 4: 4, 0

Maze is solved!
