wyliekasai, 42713, Mon Mar  9 03:08:04 2020
*******
AvatarID: 1
AvatarID: 1
Current position of Avatar 1: 9, 2

AvatarID: 1
Current position of Avatar 1: 9, 2

AvatarID: 1
Current position of Avatar 1: 9, 3

AvatarID: 1
Current position of Avatar 1: 9, 3

AvatarID: 1
Current position of Avatar 1: 9, 3

AvatarID: 1
Current position of Avatar 1: 9, 3

AvatarID: 1
Current position of Avatar 1: 9, 3

AvatarID: 1
Current position of Avatar 1: 9, 3

AvatarID: 1
Current position of Avatar 1: 9, 2

AvatarID: 1
Current position of Avatar 1: 10, 2

AvatarID: 1
Current position of Avatar 1: 10, 3

AvatarID: 1
Current position of Avatar 1: 10, 3

AvatarID: 1
Current position of Avatar 1: 10, 3

AvatarID: 1
Current position of Avatar 1: 11, 3

AvatarID: 1
Current position of Avatar 1: 11, 4

AvatarID: 1
Current position of Avatar 1: 11, 4

AvatarID: 1
Current position of Avatar 1: 11, 5

AvatarID: 1
Current position of Avatar 1: 11, 5

AvatarID: 1
Current position of Avatar 1: 11, 6

AvatarID: 1
Current position of Avatar 1: 11, 6

AvatarID: 1
Current position of Avatar 1: 11, 7

AvatarID: 1
Current position of Avatar 1: 11, 7

AvatarID: 1
Current position of Avatar 1: 11, 7

AvatarID: 1
Current position of Avatar 1: 11, 7

AvatarID: 1
Current position of Avatar 1: 11, 7

AvatarID: 1
Current position of Avatar 1: 11, 7

AvatarID: 1
Current position of Avatar 1: 11, 6

AvatarID: 1
Current position of Avatar 1: 11, 5

AvatarID: 1
Current position of Avatar 1: 11, 4

AvatarID: 1
Current position of Avatar 1: 11, 3

AvatarID: 1
Current position of Avatar 1: 11, 2

AvatarID: 1
Current position of Avatar 1: 11, 1

AvatarID: 1
AvatarID: 1
AvatarID: 1
AvatarID: 1
AvatarID: 1
AvatarID: 1
AvatarID: 1
AvatarID: 1
AvatarID: 1
AvatarID: 1
AvatarID: 1
AvatarID: 1
AvatarID: 1
AvatarID: 1
AvatarID: 1
AvatarID: 1
AvatarID: 1
AvatarID: 1
AvatarID: 1
AvatarID: 1
AvatarID: 1
AvatarID: 1
AvatarID: 1
AvatarID: 1
AvatarID: 1
AvatarID: 1
AvatarID: 1
AvatarID: 1
AvatarID: 1
AvatarID: 1
AvatarID: 1
AvatarID: 1
AvatarID: 1
AvatarID: 1
AvatarID: 1
AvatarID: 1
AvatarID: 1
AvatarID: 1
AvatarID: 1
AvatarID: 1
AvatarID: 1
AvatarID: 1
AvatarID: 1
AvatarID: 1
AvatarID: 1
AvatarID: 1
AvatarID: 1
AvatarID: 1
AvatarID: 1
AvatarID: 1
AvatarID: 1
AvatarID: 1
AvatarID: 1
AvatarID: 1
AvatarID: 1
AvatarID: 1
AvatarID: 1
AvatarID: 1
AvatarID: 1
AvatarID: 1
AvatarID: 1
AvatarID: 1
AvatarID: 1
AvatarID: 1
AvatarID: 1
Maze is solved!
*******
AvatarID: 0
AvatarID: 0
Current position of Avatar 0: 5, 9

AvatarID: 0
Current position of Avatar 0: 6, 9

AvatarID: 0
Current position of Avatar 0: 7, 9

AvatarID: 0
Current position of Avatar 0: 7, 9

AvatarID: 0
Current position of Avatar 0: 7, 9

AvatarID: 0
Current position of Avatar 0: 7, 8

AvatarID: 0
Current position of Avatar 0: 7, 8

AvatarID: 0
Current position of Avatar 0: 7, 8

AvatarID: 0
Current position of Avatar 0: 7, 8

AvatarID: 0
Current position of Avatar 0: 7, 8

AvatarID: 0
Current position of Avatar 0: 7, 8

AvatarID: 0
Current position of Avatar 0: 7, 9

AvatarID: 0
Current position of Avatar 0: 6, 9

AvatarID: 0
Current position of Avatar 0: 6, 9

AvatarID: 0
Current position of Avatar 0: 5, 9

AvatarID: 0
Current position of Avatar 0: 5, 9

AvatarID: 0
Current position of Avatar 0: 4, 9

AvatarID: 0
Current position of Avatar 0: 4, 9

AvatarID: 0
Current position of Avatar 0: 3, 9

AvatarID: 0
Current position of Avatar 0: 3, 8

AvatarID: 0
Current position of Avatar 0: 3, 8

AvatarID: 0
Current position of Avatar 0: 3, 7

AvatarID: 0
Current position of Avatar 0: 3, 7

AvatarID: 0
Current position of Avatar 0: 3, 6

AvatarID: 0
Current position of Avatar 0: 4, 6

AvatarID: 0
Current position of Avatar 0: 4, 7

AvatarID: 0
Current position of Avatar 0: 4, 8

AvatarID: 0
Current position of Avatar 0: 5, 8

AvatarID: 0
Current position of Avatar 0: 6, 8

AvatarID: 0
Current position of Avatar 0: 6, 7

AvatarID: 0
Current position of Avatar 0: 7, 7

AvatarID: 0
Current position of Avatar 0: 7, 7

AvatarID: 0
Current position of Avatar 0: 7, 7

AvatarID: 0
Current position of Avatar 0: 7, 6

AvatarID: 0
Current position of Avatar 0: 7, 6

AvatarID: 0
Current position of Avatar 0: 7, 5

AvatarID: 0
Current position of Avatar 0: 8, 5

AvatarID: 0
Current position of Avatar 0: 8, 5

AvatarID: 0
Current position of Avatar 0: 9, 5

AvatarID: 0
Current position of Avatar 0: 9, 6

AvatarID: 0
Current position of Avatar 0: 8, 6

AvatarID: 0
Current position of Avatar 0: 8, 7

AvatarID: 0
Current position of Avatar 0: 8, 8

AvatarID: 0
Current position of Avatar 0: 8, 8

AvatarID: 0
Current position of Avatar 0: 8, 8

AvatarID: 0
Current position of Avatar 0: 9, 8

AvatarID: 0
Current position of Avatar 0: 9, 9

AvatarID: 0
Current position of Avatar 0: 8, 9

AvatarID: 0
Current position of Avatar 0: 9, 9

AvatarID: 0
Current position of Avatar 0: 10, 9

AvatarID: 0
Current position of Avatar 0: 11, 9

AvatarID: 0
Current position of Avatar 0: 11, 8

AvatarID: 0
Current position of Avatar 0: 10, 8

AvatarID: 0
Current position of Avatar 0: 10, 7

AvatarID: 0
Current position of Avatar 0: 10, 6

AvatarID: 0
Current position of Avatar 0: 10, 5

AvatarID: 0
Current position of Avatar 0: 10, 4

AvatarID: 0
Current position of Avatar 0: 9, 4

AvatarID: 0
Current position of Avatar 0: 8, 4

AvatarID: 0
Current position of Avatar 0: 8, 4

AvatarID: 0
Current position of Avatar 0: 7, 4

AvatarID: 0
Current position of Avatar 0: 7, 3

AvatarID: 0
Current position of Avatar 0: 8, 3

AvatarID: 0
Current position of Avatar 0: 8, 2

AvatarID: 0
Current position of Avatar 0: 8, 1

AvatarID: 0
Current position of Avatar 0: 8, 1

AvatarID: 0
Current position of Avatar 0: 8, 0

AvatarID: 0
Current position of Avatar 0: 9, 0

AvatarID: 0
Current position of Avatar 0: 9, 0

AvatarID: 0
Current position of Avatar 0: 10, 0

AvatarID: 0
Current position of Avatar 0: 10, 1

AvatarID: 0
Current position of Avatar 0: 10, 1

AvatarID: 0
Current position of Avatar 0: 10, 1

AvatarID: 0
Current position of Avatar 0: 10, 1

AvatarID: 0
Current position of Avatar 0: 11, 1

AvatarID: 0
Current position of Avatar 0: 11, 2

AvatarID: 0
Current position of Avatar 0: 11, 2

AvatarID: 0
Current position of Avatar 0: 11, 3

AvatarID: 0
Current position of Avatar 0: 10, 3

AvatarID: 0
Current position of Avatar 0: 10, 2

AvatarID: 0
Current position of Avatar 0: 9, 2

AvatarID: 0
Current position of Avatar 0: 9, 1

AvatarID: 0
Current position of Avatar 0: 9, 2

AvatarID: 0
Current position of Avatar 0: 9, 3

AvatarID: 0
Current position of Avatar 0: 9, 2

AvatarID: 0
Current position of Avatar 0: 10, 2

AvatarID: 0
Current position of Avatar 0: 10, 3

AvatarID: 0
Current position of Avatar 0: 11, 3

AvatarID: 0
Current position of Avatar 0: 11, 4

AvatarID: 0
Current position of Avatar 0: 11, 5

AvatarID: 0
Current position of Avatar 0: 11, 6

AvatarID: 0
Current position of Avatar 0: 11, 7

AvatarID: 0
Current position of Avatar 0: 11, 6

AvatarID: 0
Current position of Avatar 0: 11, 5

AvatarID: 0
Current position of Avatar 0: 11, 4

AvatarID: 0
Current position of Avatar 0: 11, 3

AvatarID: 0
Current position of Avatar 0: 11, 2

AvatarID: 0
Current position of Avatar 0: 11, 1

Maze is solved!
