wyliekasai, 34761, Mon Mar  9 04:04:18 2020
*******
AvatarID: 0
AvatarID: 0
Current position of Avatar 0: 53, 44

AvatarID: 0
Current position of Avatar 0: 52, 44

AvatarID: 0
Current position of Avatar 0: 52, 44

AvatarID: 0
Current position of Avatar 0: 51, 44

AvatarID: 0
Current position of Avatar 0: 51, 44

AvatarID: 0
Current position of Avatar 0: 50, 44

AvatarID: 0
Current position of Avatar 0: 50, 43

AvatarID: 0
Current position of Avatar 0: 50, 43

AvatarID: 0
Current position of Avatar 0: 50, 42

AvatarID: 0
Current position of Avatar 0: 51, 42

AvatarID: 0
Current position of Avatar 0: 51, 43

AvatarID: 0
Current position of Avatar 0: 52, 43

AvatarID: 0
Current position of Avatar 0: 52, 43

AvatarID: 0
Current position of Avatar 0: 52, 43

AvatarID: 0
Current position of Avatar 0: 52, 42

AvatarID: 0
Current position of Avatar 0: 52, 42

AvatarID: 0
Current position of Avatar 0: 52, 41

AvatarID: 0
Current position of Avatar 0: 53, 41

AvatarID: 0
Current position of Avatar 0: 53, 41

AvatarID: 0
Current position of Avatar 0: 53, 41

AvatarID: 0
Current position of Avatar 0: 53, 41

AvatarID: 0
Current position of Avatar 0: 53, 40

AvatarID: 0
Current position of Avatar 0: 53, 40

AvatarID: 0
Current position of Avatar 0: 53, 39

AvatarID: 0
Current position of Avatar 0: 54, 39

AvatarID: 0
Current position of Avatar 0: 54, 39

AvatarID: 0
Current position of Avatar 0: 55, 39

AvatarID: 0
Current position of Avatar 0: 55, 40

AvatarID: 0
Current position of Avatar 0: 54, 40

AvatarID: 0
Current position of Avatar 0: 54, 40

AvatarID: 0
Current position of Avatar 0: 54, 40

AvatarID: 0
Current position of Avatar 0: 55, 40

AvatarID: 0
Current position of Avatar 0: 55, 40

AvatarID: 0
Current position of Avatar 0: 55, 40

AvatarID: 0
Current position of Avatar 0: 55, 40

AvatarID: 0
Current position of Avatar 0: 55, 39

AvatarID: 0
Current position of Avatar 0: 55, 39

AvatarID: 0
Current position of Avatar 0: 55, 39

AvatarID: 0
Current position of Avatar 0: 55, 39

AvatarID: 0
Current position of Avatar 0: 54, 39

AvatarID: 0
Current position of Avatar 0: 54, 39

AvatarID: 0
Current position of Avatar 0: 53, 39

AvatarID: 0
Current position of Avatar 0: 53, 39

AvatarID: 0
Current position of Avatar 0: 53, 39

AvatarID: 0
Current position of Avatar 0: 53, 39

AvatarID: 0
Current position of Avatar 0: 53, 40

AvatarID: 0
Current position of Avatar 0: 52, 40

AvatarID: 0
Current position of Avatar 0: 52, 40

AvatarID: 0
Current position of Avatar 0: 51, 40

AvatarID: 0
Current position of Avatar 0: 51, 39

AvatarID: 0
Current position of Avatar 0: 52, 39

AvatarID: 0
Current position of Avatar 0: 52, 38

AvatarID: 0
Current position of Avatar 0: 53, 38

AvatarID: 0
Current position of Avatar 0: 53, 38

AvatarID: 0
Current position of Avatar 0: 53, 38

AvatarID: 0
Current position of Avatar 0: 53, 37

AvatarID: 0
Current position of Avatar 0: 54, 37

AvatarID: 0
Current position of Avatar 0: 54, 38

AvatarID: 0
Current position of Avatar 0: 55, 38

AvatarID: 0
Current position of Avatar 0: 56, 38

AvatarID: 0
Current position of Avatar 0: 56, 39

AvatarID: 0
Current position of Avatar 0: 56, 40

AvatarID: 0
Current position of Avatar 0: 56, 40

AvatarID: 0
Current position of Avatar 0: 56, 40

AvatarID: 0
Current position of Avatar 0: 57, 40

AvatarID: 0
Current position of Avatar 0: 57, 41

AvatarID: 0
Current position of Avatar 0: 57, 41

AvatarID: 0
Current position of Avatar 0: 57, 41

AvatarID: 0
Current position of Avatar 0: 57, 41

AvatarID: 0
Current position of Avatar 0: 58, 41

AvatarID: 0
Current position of Avatar 0: 58, 42

AvatarID: 0
Current position of Avatar 0: 58, 42

AvatarID: 0
Current position of Avatar 0: 58, 43

AvatarID: 0
Current position of Avatar 0: 57, 43

AvatarID: 0
Current position of Avatar 0: 57, 42

AvatarID: 0
Current position of Avatar 0: 56, 42

AvatarID: 0
Current position of Avatar 0: 56, 41

AvatarID: 0
Current position of Avatar 0: 55, 41

AvatarID: 0
Current position of Avatar 0: 54, 41

AvatarID: 0
Current position of Avatar 0: 54, 42

AvatarID: 0
Current position of Avatar 0: 54, 42

AvatarID: 0
Current position of Avatar 0: 54, 43

AvatarID: 0
Current position of Avatar 0: 54, 43

AvatarID: 0
Current position of Avatar 0: 54, 44

AvatarID: 0
Current position of Avatar 0: 54, 44

AvatarID: 0
Current position of Avatar 0: 54, 44

AvatarID: 0
Current position of Avatar 0: 54, 44

AvatarID: 0
Current position of Avatar 0: 55, 44

AvatarID: 0
Current position of Avatar 0: 55, 45

AvatarID: 0
Current position of Avatar 0: 55, 45

AvatarID: 0
Current position of Avatar 0: 55, 46

AvatarID: 0
Current position of Avatar 0: 55, 46

AvatarID: 0
Current position of Avatar 0: 55, 47

AvatarID: 0
Current position of Avatar 0: 54, 47

AvatarID: 0
Current position of Avatar 0: 54, 46

AvatarID: 0
Current position of Avatar 0: 54, 45

AvatarID: 0
Current position of Avatar 0: 53, 45

AvatarID: 0
Current position of Avatar 0: 53, 45

AvatarID: 0
Current position of Avatar 0: 53, 45

AvatarID: 0
Current position of Avatar 0: 53, 45

AvatarID: 0
Current position of Avatar 0: 53, 46

AvatarID: 0
Current position of Avatar 0: 52, 46

AvatarID: 0
Current position of Avatar 0: 52, 46

AvatarID: 0
Current position of Avatar 0: 52, 46

AvatarID: 0
Current position of Avatar 0: 52, 46

AvatarID: 0
Current position of Avatar 0: 52, 47

AvatarID: 0
Current position of Avatar 0: 52, 47

AvatarID: 0
Current position of Avatar 0: 52, 47

AvatarID: 0
Current position of Avatar 0: 52, 47

AvatarID: 0
Current position of Avatar 0: 53, 47

AvatarID: 0
Current position of Avatar 0: 53, 48

AvatarID: 0
Current position of Avatar 0: 52, 48

AvatarID: 0
Current position of Avatar 0: 51, 48

AvatarID: 0
Current position of Avatar 0: 51, 47

AvatarID: 0
Current position of Avatar 0: 51, 47

AvatarID: 0
Current position of Avatar 0: 51, 47

AvatarID: 0
Current position of Avatar 0: 50, 47

AvatarID: 0
Current position of Avatar 0: 50, 47

AvatarID: 0
Current position of Avatar 0: 49, 47

AvatarID: 0
Current position of Avatar 0: 49, 47

AvatarID: 0
Current position of Avatar 0: 49, 47

AvatarID: 0
Current position of Avatar 0: 49, 47

AvatarID: 0
Current position of Avatar 0: 49, 47

AvatarID: 0
Current position of Avatar 0: 49, 47

AvatarID: 0
Current position of Avatar 0: 50, 47

AvatarID: 0
Current position of Avatar 0: 50, 48

AvatarID: 0
Current position of Avatar 0: 49, 48

AvatarID: 0
Current position of Avatar 0: 49, 48

AvatarID: 0
Current position of Avatar 0: 49, 48

AvatarID: 0
Current position of Avatar 0: 49, 49

AvatarID: 0
Current position of Avatar 0: 49, 49

AvatarID: 0
Current position of Avatar 0: 49, 50

AvatarID: 0
Current position of Avatar 0: 49, 50

AvatarID: 0
Current position of Avatar 0: 49, 51

AvatarID: 0
Current position of Avatar 0: 48, 51

AvatarID: 0
Current position of Avatar 0: 48, 50

AvatarID: 0
Current position of Avatar 0: 48, 49

AvatarID: 0
Current position of Avatar 0: 48, 48

AvatarID: 0
Current position of Avatar 0: 48, 47

AvatarID: 0
Current position of Avatar 0: 48, 46

AvatarID: 0
Current position of Avatar 0: 49, 46

AvatarID: 0
Current position of Avatar 0: 50, 46

AvatarID: 0
Current position of Avatar 0: 51, 46

AvatarID: 0
Current position of Avatar 0: 51, 45

AvatarID: 0
Current position of Avatar 0: 51, 45

AvatarID: 0
Current position of Avatar 0: 51, 45

AvatarID: 0
Current position of Avatar 0: 51, 45

AvatarID: 0
Current position of Avatar 0: 50, 45

AvatarID: 0
Current position of Avatar 0: 50, 45

AvatarID: 0
Current position of Avatar 0: 49, 45

AvatarID: 0
Current position of Avatar 0: 49, 45

AvatarID: 0
Current position of Avatar 0: 48, 45

AvatarID: 0
Current position of Avatar 0: 48, 44

AvatarID: 0
Current position of Avatar 0: 49, 44

AvatarID: 0
Current position of Avatar 0: 49, 44

AvatarID: 0
Current position of Avatar 0: 49, 44

AvatarID: 0
Current position of Avatar 0: 49, 43

AvatarID: 0
Current position of Avatar 0: 49, 43

AvatarID: 0
Current position of Avatar 0: 49, 43

AvatarID: 0
Current position of Avatar 0: 49, 43

AvatarID: 0
Current position of Avatar 0: 48, 43

AvatarID: 0
Current position of Avatar 0: 48, 42

AvatarID: 0
Current position of Avatar 0: 49, 42

AvatarID: 0
Current po*******
AvatarID: 1
AvatarID: 1
Current position of Avatar 1: 38, 32

AvatarID: 1
Current position of Avatar 1: 39, 32

AvatarID: 1
Current position of Avatar 1: 39, 33

AvatarID: 1
Current position of Avatar 1: 39, 33

AvatarID: 1
Current position of Avatar 1: 39, 34

AvatarID: 1
Current position of Avatar 1: 39, 34

AvatarID: 1
Current position of Avatar 1: 39, 35

AvatarID: 1
Current position of Avatar 1: 39, 35

AvatarID: 1
Current position of Avatar 1: 39, 35

AvatarID: 1
Current position of Avatar 1: 39, 35

AvatarID: 1
Current position of Avatar 1: 40, 35

AvatarID: 1
Current position of Avatar 1: 40, 35

AvatarID: 1
Current position of Avatar 1: 41, 35

AvatarID: 1
Current position of Avatar 1: 41, 36

AvatarID: 1
Current position of Avatar 1: 41, 36

AvatarID: 1
Current position of Avatar 1: 41, 37

AvatarID: 1
Current position of Avatar 1: 41, 37

AvatarID: 1
Current position of Avatar 1: 41, 37

AvatarID: 1
Current position of Avatar 1: 41, 37

AvatarID: 1
Current position of Avatar 1: 42, 37

AvatarID: 1
Current position of Avatar 1: 42, 38

AvatarID: 1
Current position of Avatar 1: 42, 38

AvatarID: 1
Current position of Avatar 1: 42, 38

AvatarID: 1
Current position of Avatar 1: 42, 38

AvatarID: 1
Current position of Avatar 1: 42, 38

AvatarID: 1
Current position of Avatar 1: 42, 38

AvatarID: 1
Current position of Avatar 1: 42, 37

AvatarID: 1
Current position of Avatar 1: 42, 37

AvatarID: 1
Current position of Avatar 1: 42, 36

AvatarID: 1
Current position of Avatar 1: 42, 36

AvatarID: 1
Current position of Avatar 1: 42, 35

AvatarID: 1
Current position of Avatar 1: 43, 35

AvatarID: 1
Current position of Avatar 1: 43, 36

AvatarID: 1
Current position of Avatar 1: 43, 36

AvatarID: 1
Current position of Avatar 1: 43, 36

AvatarID: 1
Current position of Avatar 1: 43, 36

AvatarID: 1
Current position of Avatar 1: 43, 36

AvatarID: 1
Current position of Avatar 1: 43, 35

AvatarID: 1
Current position of Avatar 1: 43, 35

AvatarID: 1
Current position of Avatar 1: 43, 34

AvatarID: 1
Current position of Avatar 1: 44, 34

AvatarID: 1
Current position of Avatar 1: 44, 34

AvatarID: 1
Current position of Avatar 1: 44, 34

AvatarID: 1
Current position of Avatar 1: 44, 34

AvatarID: 1
Current position of Avatar 1: 44, 34

AvatarID: 1
Current position of Avatar 1: 44, 34

AvatarID: 1
Current position of Avatar 1: 43, 34

AvatarID: 1
Current position of Avatar 1: 43, 34

AvatarID: 1
Current position of Avatar 1: 42, 34

AvatarID: 1
Current position of Avatar 1: 42, 34

AvatarID: 1
Current position of Avatar 1: 41, 34

AvatarID: 1
Current position of Avatar 1: 41, 33

AvatarID: 1
Current position of Avatar 1: 41, 33

AvatarID: 1
Current position of Avatar 1: 41, 32

AvatarID: 1
Current position of Avatar 1: 41, 32

AvatarID: 1
Current position of Avatar 1: 41, 32

AvatarID: 1
Current position of Avatar 1: 41, 32

AvatarID: 1
Current position of Avatar 1: 41, 32

AvatarID: 1
Current position of Avatar 1: 41, 32

AvatarID: 1
Current position of Avatar 1: 41, 33

AvatarID: 1
Current position of Avatar 1: 41, 33

AvatarID: 1
Current position of Avatar 1: 41, 34

AvatarID: 1
Current position of Avatar 1: 41, 34

AvatarID: 1
Current position of Avatar 1: 41, 34

AvatarID: 1
Current position of Avatar 1: 41, 34

AvatarID: 1
Current position of Avatar 1: 42, 34

AvatarID: 1
Current position of Avatar 1: 42, 34

AvatarID: 1
Current position of Avatar 1: 43, 34

AvatarID: 1
Current position of Avatar 1: 43, 35

AvatarID: 1
Current position of Avatar 1: 42, 35

AvatarID: 1
Current position of Avatar 1: 42, 35

AvatarID: 1
Current position of Avatar 1: 42, 35

AvatarID: 1
Current position of Avatar 1: 42, 36

AvatarID: 1
Current position of Avatar 1: 42, 36

AvatarID: 1
Current position of Avatar 1: 42, 37

AvatarID: 1
Current position of Avatar 1: 41, 37

AvatarID: 1
Current position of Avatar 1: 41, 36

AvatarID: 1
Current position of Avatar 1: 41, 35

AvatarID: 1
Current position of Avatar 1: 40, 35

AvatarID: 1
Current position of Avatar 1: 40, 34

AvatarID: 1
Current position of Avatar 1: 40, 33

AvatarID: 1
Current position of Avatar 1: 40, 32

AvatarID: 1
Current position of Avatar 1: 40, 31

AvatarID: 1
Current position of Avatar 1: 41, 31

AvatarID: 1
Current position of Avatar 1: 42, 31

AvatarID: 1
Current position of Avatar 1: 42, 32

AvatarID: 1
Current position of Avatar 1: 42, 33

AvatarID: 1
Current position of Avatar 1: 43, 33

AvatarID: 1
Current position of Avatar 1: 44, 33

AvatarID: 1
Current position of Avatar 1: 45, 33

AvatarID: 1
Current position of Avatar 1: 45, 34

AvatarID: 1
Current position of Avatar 1: 45, 34

AvatarID: 1
Current position of Avatar 1: 45, 34

AvatarID: 1
Current position of Avatar 1: 46, 34

AvatarID: 1
Current position of Avatar 1: 46, 35

AvatarID: 1
Current position of Avatar 1: 46, 35

AvatarID: 1
Current position of Avatar 1: 46, 35

AvatarID: 1
Current position of Avatar 1: 46, 35

AvatarID: 1
Current position of Avatar 1: 47, 35

AvatarID: 1
Current position of Avatar 1: 47, 36

AvatarID: 1
Current position of Avatar 1: 47, 36

AvatarID: 1
Current position of Avatar 1: 47, 36

AvatarID: 1
Current position of Avatar 1: 47, 36

AvatarID: 1
Current position of Avatar 1: 48, 36

AvatarID: 1
Current position of Avatar 1: 48, 36

AvatarID: 1
Current position of Avatar 1: 48, 36

AvatarID: 1
Current position of Avatar 1: 48, 36

AvatarID: 1
Current position of Avatar 1: 48, 35

AvatarID: 1
Current position of Avatar 1: 49, 35

AvatarID: 1
Current position of Avatar 1: 49, 35

AvatarID: 1
Current position of Avatar 1: 49, 35

AvatarID: 1
Current position of Avatar 1: 49, 35

AvatarID: 1
Current position of Avatar 1: 49, 34

AvatarID: 1
Current position of Avatar 1: 50, 34

AvatarID: 1
Current position of Avatar 1: 50, 35

AvatarID: 1
Current position of Avatar 1: 50, 36

AvatarID: 1
Current position of Avatar 1: 49, 36

AvatarID: 1
Current position of Avatar 1: 49, 37

AvatarID: 1
Current position of Avatar 1: 49, 37

AvatarID: 1
Current position of Avatar 1: 49, 37

AvatarID: 1
Current position of Avatar 1: 49, 37

AvatarID: 1
Current position of Avatar 1: 50, 37

AvatarID: 1
Current position of Avatar 1: 50, 37

AvatarID: 1
Current position of Avatar 1: 51, 37

AvatarID: 1
Current position of Avatar 1: 51, 38

AvatarID: 1
Current position of Avatar 1: 51, 38

AvatarID: 1
Current position of Avatar 1: 51, 39

AvatarID: 1
Current position of Avatar 1: 51, 39

AvatarID: 1
Current position of Avatar 1: 51, 40

AvatarID: 1
Current position of Avatar 1: 51, 40

AvatarID: 1
Current position of Avatar 1: 51, 40

AvatarID: 1
Current position of Avatar 1: 51, 40

AvatarID: 1
Current position of Avatar 1: 52, 40

AvatarID: 1
Current position of Avatar 1: 52, 40

AvatarID: 1
Current position of Avatar 1: 53, 40

AvatarID: 1
Current position of Avatar 1: 53, 41

AvatarID: 1
Current position of Avatar 1: 52, 41

AvatarID: 1
Current position of Avatar 1: 52, 41

AvatarID: 1
Current position of Avatar 1: 52, 41

AvatarID: 1
Current position of Avatar 1: 52, 42

AvatarID: 1
Current position of Avatar 1: 52, 42

AvatarID: 1
Current position of Avatar 1: 52, 43

AvatarID: 1
Current position of Avatar 1: 51, 43

AvatarID: 1
Current position of Avatar 1: 51, 42

AvatarID: 1
Current position of Avatar 1: 51, 42

AvatarID: 1
Current position of Avatar 1: 51, 42

AvatarID: 1
Current position of Avatar 1: 50, 42

AvatarID: 1
Current position of Avatar 1: 50, 41

AvatarID: 1
Current position of Avatar 1: 51, 41

AvatarID: 1
Current position of Avatar 1: 50, 41

AvatarID: 1
Current position of Avatar 1: 50, 41

AvatarID: 1
Current position of Avatar 1: 50, 41

AvatarID: 1
Current position of Avatar 1: 50, 41

AvatarID: 1
Current position of Avatar 1: 50, 42

AvatarID: 1
Current position of Avatar 1: 50, 42

AvatarID: 1
Current position of Avatar 1: 50, 43

AvatarID: 1
Current position of Avatar 1: 50, 43

AvatarID: 1
Current position of Avatar 1: 50, 44

AvatarID: 1
Current position of Avatar 1: 51, 44

AvatarID: 1
Current position of Avatar 1: 52, 44

AvatarID: 1
Current position of Avatar 1: 52, 45

AvatarID: 1
Current position of Avatar 1: 52, 44

AvatarID: 1
Current position of Avatar 1: 53, 44

AvatarID: 1
Current position of Avatar 0: 49, 41

AvatarID: 0
Current position of Avatar 0: 49, 40

AvatarID: 0
Current position of Avatar 0: 50, 40

AvatarID: 0
Current position of Avatar 0: 50, 39

AvatarID: 0
Current position of Avatar 0: 50, 38

AvatarID: 0
Current position of Avatar 0: 49, 38

AvatarID: 0
Current position of Avatar 0: 48, 38

AvatarID: 0
Current position of Avatar 0: 48, 37

AvatarID: 0
Current position of Avatar 0: 47, 37

AvatarID: 0
Current position of Avatar 0: 46, 37

AvatarID: 0
Current position of Avatar 0: 46, 36

AvatarID: 0
Current position of Avatar 0: 45, 36

AvatarID: 0
Current position of Avatar 0: 45, 35

AvatarID: 0
Current position of Avatar 0: 44, 35

AvatarID: 0
Current position of Avatar 0: 44, 36

AvatarID: 0
Current position of Avatar 0: 44, 37

AvatarID: 0
Current position of Avatar 0: 43, 37

AvatarID: 0
Current position of Avatar 0: 43, 38

AvatarID: 0
Current position of Avatar 0: 43, 39

AvatarID: 0
Current position of Avatar 0: 42, 39

AvatarID: 0
Current position of Avatar 0: 41, 39

AvatarID: 0
Current position of Avatar 0: 41, 38

AvatarID: 0
Current position of Avatar 0: 40, 38

AvatarID: 0
Current position of Avatar 0: 40, 38

AvatarID: 0
Current position of Avatar 0: 39, 38

AvatarID: 0
Current position of Avatar 0: 39, 37

AvatarID: 0
Current position of Avatar 0: 40, 37

AvatarID: 0
Current position of Avatar 0: 40, 36

AvatarID: 0
Current position of Avatar 0: 39, 36

AvatarID: 0
Current position of Avatar 0: 38, 36

AvatarID: 0
Current position of Avatar 0: 38, 36

AvatarID: 0
Current position of Avatar 0: 37, 36

AvatarID: 0
Current position of Avatar 0: 37, 36

AvatarID: 0
Current position of Avatar 0: 37, 36

AvatarID: 0
Current position of Avatar 0: 37, 36

AvatarID: 0
Current position of Avatar 0: 37, 37

AvatarID: 0
Current position of Avatar 0: 36, 37

AvatarID: 0
Current position of Avatar 0: 36, 36

AvatarID: 0
Current position of Avatar 0: 36, 35

AvatarID: 0
Current position of Avatar 0: 36, 35

AvatarID: 0
Current position of Avatar 0: 36, 35

AvatarID: 0
Current position of Avatar 0: 36, 35

AvatarID: 0
Current position of Avatar 0: 36, 35

AvatarID: 0
Current position of Avatar 0: 36, 35

AvatarID: 0
Current position of Avatar 0: 36, 36

AvatarID: 0
Current position of Avatar 0: 35, 36

AvatarID: 0
Current position of Avatar 0: 35, 35

AvatarID: 0
Current position of Avatar 0: 35, 34

AvatarID: 0
Current position of Avatar 0: 36, 34

AvatarID: 0
Current position of Avatar 0: 37, 34

AvatarID: 0
Current position of Avatar 0: 37, 35

AvatarID: 0
Current position of Avatar 0: 38, 35

AvatarID: 0
Current position of Avatar 0: 38, 34

AvatarID: 0
Current position of Avatar 0: 38, 33

AvatarID: 0
Current position of Avatar 0: 37, 33

AvatarID: 0
Current position of Avatar 0: 37, 32

AvatarID: 0
Current position of Avatar 0: 37, 32

AvatarID: 0
Current position of Avatar 0: 37, 32

AvatarID: 0
Current position of Avatar 0: 37, 32

AvatarID: 0
Current position of Avatar 0: 36, 32

AvatarID: 0
Current position of Avatar 0: 36, 31

AvatarID: 0
Current position of Avatar 0: 36, 31

AvatarID: 0
Current position of Avatar 0: 36, 30

AvatarID: 0
Current position of Avatar 0: 36, 30

AvatarID: 0
Current position of Avatar 0: 36, 30

AvatarID: 0
Current position of Avatar 0: 36, 30

AvatarID: 0
Current position of Avatar 0: 35, 30

AvatarID: 0
Current position of Avatar 0: 35, 29

AvatarID: 0
Current position of Avatar 0: 35, 29

AvatarID: 0
Current position of Avatar 0: 35, 28

AvatarID: 0
Current position of Avatar 0: 36, 28

AvatarID: 0
Current position of Avatar 0: 36, 28

AvatarID: 0
Current position of Avatar 0: 36, 28

AvatarID: 0
Current position of Avatar 0: 36, 28

AvatarID: 0
Current position of Avatar 0: 36, 27

AvatarID: 0
Current position of Avatar 0: 36, 27

AvatarID: 0
Current position of Avatar 0: 36, 26

AvatarID: 0
Current position of Avatar 0: 37, 26

AvatarID: 0
Current position of Avatar 0: 37, 26

AvatarID: 0
Current position of Avatar 0: 38, 26

AvatarID: 0
Current position of Avatar 0: 38, 27

AvatarID: 0
Current position of Avatar 0: 37, 27

AvatarID: 0
Current position of Avatar 0: 37, 28

AvatarID: 0
Current position of Avatar 0: 37, 28

AvatarID: 0
Current position of Avatar 0: 37, 28

AvatarID: 0
Current position of Avatar 0: 38, 28

AvatarID: 0
Current position of Avatar 0: 38, 29

AvatarID: 0
Current position of Avatar 0: 38, 29

AvatarID: 0
Current position of Avatar 0: 38, 30

AvatarID: 0
Current position of Avatar 0: 38, 30

AvatarID: 0
Current position of Avatar 0: 38, 30

AvatarID: 0
Current position of Avatar 0: 38, 30

AvatarID: 0
Current position of Avatar 0: 39, 30

AvatarID: 0
Current position of Avatar 0: 39, 30

AvatarID: 0
Current position of Avatar 0: 40, 30

AvatarID: 0
Current position of Avatar 0: 40, 30

AvatarID: 0
Current position of Avatar 0: 41, 30

AvatarID: 0
Current position of Avatar 0: 41, 30

AvatarID: 0
Current position of Avatar 0: 41, 30

AvatarID: 0
Current position of Avatar 0: 41, 30

AvatarID: 0
Current position of Avatar 0: 41, 29

AvatarID: 0
Current position of Avatar 0: 41, 29

AvatarID: 0
Current position of Avatar 0: 41, 29

AvatarID: 0
Current position of Avatar 0: 41, 29

AvatarID: 0
Current position of Avatar 0: 40, 29

AvatarID: 0
Current position of Avatar 0: 40, 29

AvatarID: 0
Current position of Avatar 0: 39, 29

AvatarID: 0
Current position of Avatar 0: 39, 28

AvatarID: 0
Current position of Avatar 0: 39, 28

AvatarID: 0
Current position of Avatar 0: 39, 27

AvatarID: 0
Current position of Avatar 0: 40, 27

AvatarID: 0
Current position of Avatar 0: 40, 27

AvatarID: 0
Current position of Avatar 0: 40, 27

AvatarID: 0
Current position of Avatar 0: 40, 27

AvatarID: 0
Current position of Avatar 0: 40, 26

AvatarID: 0
Current position of Avatar 0: 41, 26

AvatarID: 0
Current position of Avatar 0: 41, 26

AvatarID: 0
Current position of Avatar 0: 41, 26

AvatarID: 0
Current position of Avatar 0: 41, 26

AvatarID: 0
Current position of Avatar 0: 41, 25

AvatarID: 0
Current position of Avatar 0: 41, 25

AvatarID: 0
Current position of Avatar 0: 41, 24

AvatarID: 0
Current position of Avatar 0: 41, 24

AvatarID: 0
Current position of Avatar 0: 41, 23

AvatarID: 0
Current position of Avatar 0: 41, 23

AvatarID: 0
Current position of Avatar 0: 41, 22

AvatarID: 0
Current position of Avatar 0: 41, 22

AvatarID: 0
Current position of Avatar 0: 41, 21

AvatarID: 0
Current position of Avatar 0: 41, 21

AvatarID: 0
Current position of Avatar 0: 41, 21

AvatarID: 0
Current position of Avatar 0: 41, 21

AvatarID: 0
Current position of Avatar 0: 40, 21

AvatarID: 0
Current position of Avatar 0: 40, 21

AvatarID: 0
Current position of Avatar 0: 40, 21

AvatarID: 0
Current position of Avatar 0: 40, 21

AvatarID: 0
Current position of Avatar 0: 40, 22

AvatarID: 0
Current position of Avatar 0: 40, 22

AvatarID: 0
Current position of Avatar 0: 40, 23

AvatarID: 0
Current position of Avatar 0: 39, 23

AvatarID: 0
Current position of Avatar 0: 39, 22

AvatarID: 0
Current position of Avatar 0: 39, 21

AvatarID: 0
Current position of Avatar 0: 39, 20

AvatarID: 0
Current position of Avatar 0: 39, 20

AvatarID: 0
Current position of Avatar 0: 39, 20

AvatarID: 0
Current position of Avatar 0: 39, 20

AvatarID: 0
Current position of Avatar 0: 38, 20

AvatarID: 0
Current position of Avatar 0: 38, 20

AvatarID: 0
Current position of Avatar 0: 38, 20

AvatarID: 0
Current position of Avatar 0: 38, 20

AvatarID: 0
Current position of Avatar 0: 38, 21

AvatarID: 0
Current position of Avatar 0: 38, 21

AvatarID: 0
Current position of Avatar 0: 38, 22

AvatarID: 0
Current position of Avatar 0: 38, 22

AvatarID: 0
Current position of Avatar 0: 38, 23

AvatarID: 0
Current position of Avatar 0: 37, 23

AvatarID: 0
Current position of Avatar 0: 37, 23

AvatarID: 0
Current position of Avatar 0: 37, 23

AvatarID: 0
Current position of Avatar 0: 37, 23

AvatarID: 0
Current position of Avatar 0: 37, 24

AvatarID: 0
Current position of Avatar 0: 37, 24

AvatarID: 0
Current position of Avatar 0: 37, 25

AvatarID: 0
Current position of Avatar 0: 36, 25

AvatarID: 0
Current position of Avatar 0: 36, 24

AvatarID: 0
Current position of Avatar 0: 36, 23

AvatarID: 0
Cusition of Avatar 1: 53, 43

AvatarID: 1
Current position of Avatar 1: 53, 42

AvatarID: 1
Current position of Avatar 1: 53, 43

AvatarID: 1
Current position of Avatar 1: 53, 44

AvatarID: 1
Current position of Avatar 1: 52, 44

AvatarID: 1
Current position of Avatar 1: 51, 44

AvatarID: 1
Current position of Avatar 1: 50, 44

AvatarID: 1
Current position of Avatar 1: 50, 43

AvatarID: 1
Current position of Avatar 1: 50, 42

AvatarID: 1
Current position of Avatar 1: 51, 42

AvatarID: 1
Current position of Avatar 1: 51, 43

AvatarID: 1
Current position of Avatar 1: 52, 43

AvatarID: 1
Current position of Avatar 1: 52, 42

AvatarID: 1
Current position of Avatar 1: 52, 41

AvatarID: 1
Current position of Avatar 1: 53, 41

AvatarID: 1
Current position of Avatar 1: 53, 40

AvatarID: 1
Current position of Avatar 1: 53, 39

AvatarID: 1
Current position of Avatar 1: 54, 39

AvatarID: 1
Current position of Avatar 1: 55, 39

AvatarID: 1
Current position of Avatar 1: 55, 40

AvatarID: 1
Current position of Avatar 1: 54, 40

AvatarID: 1
Current position of Avatar 1: 55, 40

AvatarID: 1
Current position of Avatar 1: 55, 39

AvatarID: 1
Current position of Avatar 1: 54, 39

AvatarID: 1
Current position of Avatar 1: 53, 39

AvatarID: 1
Current position of Avatar 1: 53, 40

AvatarID: 1
Current position of Avatar 1: 52, 40

AvatarID: 1
Current position of Avatar 1: 51, 40

AvatarID: 1
Current position of Avatar 1: 51, 39

AvatarID: 1
Current position of Avatar 1: 52, 39

AvatarID: 1
Current position of Avatar 1: 52, 38

AvatarID: 1
Current position of Avatar 1: 53, 38

AvatarID: 1
Current position of Avatar 1: 53, 37

AvatarID: 1
Current position of Avatar 1: 54, 37

AvatarID: 1
Current position of Avatar 1: 54, 38

AvatarID: 1
Current position of Avatar 1: 55, 38

AvatarID: 1
Current position of Avatar 1: 56, 38

AvatarID: 1
Current position of Avatar 1: 56, 39

AvatarID: 1
Current position of Avatar 1: 56, 40

AvatarID: 1
Current position of Avatar 1: 57, 40

AvatarID: 1
Current position of Avatar 1: 57, 41

AvatarID: 1
Current position of Avatar 1: 58, 41

AvatarID: 1
Current position of Avatar 1: 58, 42

AvatarID: 1
Current position of Avatar 1: 58, 43

AvatarID: 1
Current position of Avatar 1: 57, 43

AvatarID: 1
Current position of Avatar 1: 57, 42

AvatarID: 1
Current position of Avatar 1: 56, 42

AvatarID: 1
Current position of Avatar 1: 56, 41

AvatarID: 1
Current position of Avatar 1: 55, 41

AvatarID: 1
Current position of Avatar 1: 54, 41

AvatarID: 1
Current position of Avatar 1: 54, 42

AvatarID: 1
Current position of Avatar 1: 54, 43

AvatarID: 1
Current position of Avatar 1: 54, 44

AvatarID: 1
Current position of Avatar 1: 55, 44

AvatarID: 1
Current position of Avatar 1: 55, 45

AvatarID: 1
Current position of Avatar 1: 55, 46

AvatarID: 1
Current position of Avatar 1: 55, 47

AvatarID: 1
Current position of Avatar 1: 54, 47

AvatarID: 1
Current position of Avatar 1: 54, 46

AvatarID: 1
Current position of Avatar 1: 54, 45

AvatarID: 1
Current position of Avatar 1: 53, 45

AvatarID: 1
Current position of Avatar 1: 53, 46

AvatarID: 1
Current position of Avatar 1: 52, 46

AvatarID: 1
Current position of Avatar 1: 52, 47

AvatarID: 1
Current position of Avatar 1: 53, 47

AvatarID: 1
Current position of Avatar 1: 53, 48

AvatarID: 1
Current position of Avatar 1: 52, 48

AvatarID: 1
Current position of Avatar 1: 51, 48

AvatarID: 1
Current position of Avatar 1: 51, 47

AvatarID: 1
Current position of Avatar 1: 50, 47

AvatarID: 1
Current position of Avatar 1: 49, 47

AvatarID: 1
Current position of Avatar 1: 50, 47

AvatarID: 1
Current position of Avatar 1: 50, 48

AvatarID: 1
Current position of Avatar 1: 49, 48

AvatarID: 1
Current position of Avatar 1: 49, 49

AvatarID: 1
Current position of Avatar 1: 49, 50

AvatarID: 1
Current position of Avatar 1: 49, 51

AvatarID: 1
Current position of Avatar 1: 48, 51

AvatarID: 1
Current position of Avatar 1: 48, 50

AvatarID: 1
Current position of Avatar 1: 48, 49

AvatarID: 1
Current position of Avatar 1: 48, 48

AvatarID: 1
Current position of Avatar 1: 48, 47

AvatarID: 1
Current position of Avatar 1: 48, 46

AvatarID: 1
Current position of Avatar 1: 49, 46

AvatarID: 1
Current position of Avatar 1: 50, 46

AvatarID: 1
Current position of Avatar 1: 51, 46

AvatarID: 1
Current position of Avatar 1: 51, 45

AvatarID: 1
Current position of Avatar 1: 50, 45

AvatarID: 1
Current position of Avatar 1: 49, 45

AvatarID: 1
Current position of Avatar 1: 48, 45

AvatarID: 1
Current position of Avatar 1: 48, 44

AvatarID: 1
Current position of Avatar 1: 49, 44

AvatarID: 1
Current position of Avatar 1: 49, 43

AvatarID: 1
Current position of Avatar 1: 48, 43

AvatarID: 1
Current position of Avatar 1: 48, 42

AvatarID: 1
Current position of Avatar 1: 49, 42

AvatarID: 1
Current position of Avatar 1: 49, 41

AvatarID: 1
Current position of Avatar 1: 49, 40

AvatarID: 1
Current position of Avatar 1: 50, 40

AvatarID: 1
Current position of Avatar 1: 50, 39

AvatarID: 1
Current position of Avatar 1: 50, 38

AvatarID: 1
Current position of Avatar 1: 49, 38

AvatarID: 1
Current position of Avatar 1: 48, 38

AvatarID: 1
Current position of Avatar 1: 48, 37

AvatarID: 1
Current position of Avatar 1: 47, 37

AvatarID: 1
Current position of Avatar 1: 46, 37

AvatarID: 1
Current position of Avatar 1: 46, 36

AvatarID: 1
Current position of Avatar 1: 45, 36

AvatarID: 1
Current position of Avatar 1: 45, 35

AvatarID: 1
Current position of Avatar 1: 44, 35

AvatarID: 1
Current position of Avatar 1: 44, 36

AvatarID: 1
Current position of Avatar 1: 44, 37

AvatarID: 1
Current position of Avatar 1: 43, 37

AvatarID: 1
Current position of Avatar 1: 43, 38

AvatarID: 1
Current position of Avatar 1: 43, 39

AvatarID: 1
Current position of Avatar 1: 42, 39

AvatarID: 1
Current position of Avatar 1: 41, 39

AvatarID: 1
Current position of Avatar 1: 41, 38

AvatarID: 1
Current position of Avatar 1: 40, 38

AvatarID: 1
Current position of Avatar 1: 39, 38

AvatarID: 1
Current position of Avatar 1: 39, 37

AvatarID: 1
Current position of Avatar 1: 40, 37

AvatarID: 1
Current position of Avatar 1: 40, 36

AvatarID: 1
Current position of Avatar 1: 39, 36

AvatarID: 1
Current position of Avatar 1: 38, 36

AvatarID: 1
Current position of Avatar 1: 37, 36

AvatarID: 1
Current position of Avatar 1: 37, 37

AvatarID: 1
Current position of Avatar 1: 36, 37

AvatarID: 1
Current position of Avatar 1: 36, 36

AvatarID: 1
Current position of Avatar 1: 36, 35

AvatarID: 1
Current position of Avatar 1: 36, 36

AvatarID: 1
Current position of Avatar 1: 35, 36

AvatarID: 1
Current position of Avatar 1: 35, 35

AvatarID: 1
Current position of Avatar 1: 35, 34

AvatarID: 1
Current position of Avatar 1: 36, 34

AvatarID: 1
Current position of Avatar 1: 37, 34

AvatarID: 1
Current position of Avatar 1: 37, 35

AvatarID: 1
Current position of Avatar 1: 38, 35

AvatarID: 1
Current position of Avatar 1: 38, 34

AvatarID: 1
Current position of Avatar 1: 38, 33

AvatarID: 1
Current position of Avatar 1: 37, 33

AvatarID: 1
Current position of Avatar 1: 37, 32

AvatarID: 1
Current position of Avatar 1: 36, 32

AvatarID: 1
Current position of Avatar 1: 36, 31

AvatarID: 1
Current position of Avatar 1: 36, 30

AvatarID: 1
Current position of Avatar 1: 35, 30

AvatarID: 1
Current position of Avatar 1: 35, 29

AvatarID: 1
Current position of Avatar 1: 35, 28

AvatarID: 1
Current position of Avatar 1: 36, 28

AvatarID: 1
Current position of Avatar 1: 36, 27

AvatarID: 1
Current position of Avatar 1: 36, 26

AvatarID: 1
Current position of Avatar 1: 37, 26

AvatarID: 1
Current position of Avatar 1: 38, 26

AvatarID: 1
Current position of Avatar 1: 38, 27

AvatarID: 1
Current position of Avatar 1: 37, 27

AvatarID: 1
Current position of Avatar 1: 37, 28

AvatarID: 1
Current position of Avatar 1: 38, 28

AvatarID: 1
Current position of Avatar 1: 38, 29

AvatarID: 1
Current position of Avatar 1: 38, 30

AvatarID: 1
Current position of Avatar 1: 39, 30

AvatarID: 1
Current position of Avatar 1: 40, 30

AvatarID: 1
Current position of Avatar 1: 41, 30

AvatarID: 1
Current position of Avatar 1: 41, 29

AvatarID: 1
Current position of Avatar 1: 40, 29

AvatarID: 1
Current position of Avatar 0: 36, 22

AvatarID: 0
Current position of Avatar 0: 36, 22

AvatarID: 0
Current position of Avatar 0: 36, 22

AvatarID: 0
Current position of Avatar 0: 36, 22

AvatarID: 0
Current position of Avatar 0: 35, 22

AvatarID: 0
Current position of Avatar 0: 35, 22

AvatarID: 0
Current position of Avatar 0: 35, 22

AvatarID: 0
Current position of Avatar 0: 35, 22

AvatarID: 0
Current position of Avatar 0: 35, 23

AvatarID: 0
Current position of Avatar 0: 35, 23

AvatarID: 0
Current position of Avatar 0: 35, 24

AvatarID: 0
Current position of Avatar 0: 35, 24

AvatarID: 0
Current position of Avatar 0: 35, 25

AvatarID: 0
Current position of Avatar 0: 34, 25

AvatarID: 0
Current position of Avatar 0: 34, 25

AvatarID: 0
Current position of Avatar 0: 34, 25

AvatarID: 0
Current position of Avatar 0: 34, 25

AvatarID: 0
Current position of Avatar 0: 34, 26

AvatarID: 0
Current position of Avatar 0: 34, 26

AvatarID: 0
Current position of Avatar 0: 34, 26

AvatarID: 0
Current position of Avatar 0: 34, 26

AvatarID: 0
Current position of Avatar 0: 35, 26

AvatarID: 0
Current position of Avatar 0: 35, 27

AvatarID: 0
Current position of Avatar 0: 34, 27

AvatarID: 0
Current position of Avatar 0: 34, 27

AvatarID: 0
Current position of Avatar 0: 34, 27

AvatarID: 0
Current position of Avatar 0: 34, 28

AvatarID: 0
Current position of Avatar 0: 34, 28

AvatarID: 0
Current position of Avatar 0: 34, 29

AvatarID: 0
Current position of Avatar 0: 33, 29

AvatarID: 0
Current position of Avatar 0: 33, 28

AvatarID: 0
Current position of Avatar 0: 33, 28

AvatarID: 0
Current position of Avatar 0: 33, 28

AvatarID: 0
Current position of Avatar 0: 32, 28

AvatarID: 0
Current position of Avatar 0: 32, 28

AvatarID: 0
Current position of Avatar 0: 31, 28

AvatarID: 0
Current position of Avatar 0: 31, 28

AvatarID: 0
Current position of Avatar 0: 31, 28

AvatarID: 0
Current position of Avatar 0: 31, 28

AvatarID: 0
Current position of Avatar 0: 31, 29

AvatarID: 0
Current position of Avatar 0: 31, 29

AvatarID: 0
Current position of Avatar 0: 31, 29

AvatarID: 0
Current position of Avatar 0: 31, 29

AvatarID: 0
Current position of Avatar 0: 32, 29

AvatarID: 0
Current position of Avatar 0: 32, 30

AvatarID: 0
Current position of Avatar 0: 31, 30

AvatarID: 0
Current position of Avatar 0: 31, 30

Maze is solved!
rrent position of Avatar 1: 39, 29

AvatarID: 1
Current position of Avatar 1: 39, 28

AvatarID: 1
Current position of Avatar 1: 39, 27

AvatarID: 1
Current position of Avatar 1: 40, 27

AvatarID: 1
Current position of Avatar 1: 40, 26

AvatarID: 1
Current position of Avatar 1: 41, 26

AvatarID: 1
Current position of Avatar 1: 41, 25

AvatarID: 1
Current position of Avatar 1: 41, 24

AvatarID: 1
Current position of Avatar 1: 41, 23

AvatarID: 1
Current position of Avatar 1: 41, 22

AvatarID: 1
Current position of Avatar 1: 41, 21

AvatarID: 1
Current position of Avatar 1: 40, 21

AvatarID: 1
Current position of Avatar 1: 40, 22

AvatarID: 1
Current position of Avatar 1: 40, 23

AvatarID: 1
Current position of Avatar 1: 39, 23

AvatarID: 1
Current position of Avatar 1: 39, 22

AvatarID: 1
Current position of Avatar 1: 39, 21

AvatarID: 1
Current position of Avatar 1: 39, 20

AvatarID: 1
Current position of Avatar 1: 38, 20

AvatarID: 1
Current position of Avatar 1: 38, 21

AvatarID: 1
Current position of Avatar 1: 38, 22

AvatarID: 1
Current position of Avatar 1: 38, 23

AvatarID: 1
Current position of Avatar 1: 37, 23

AvatarID: 1
Current position of Avatar 1: 37, 24

AvatarID: 1
Current position of Avatar 1: 37, 25

AvatarID: 1
Current position of Avatar 1: 36, 25

AvatarID: 1
Current position of Avatar 1: 36, 24

AvatarID: 1
Current position of Avatar 1: 36, 23

AvatarID: 1
Current position of Avatar 1: 36, 22

AvatarID: 1
Current position of Avatar 1: 35, 22

AvatarID: 1
Current position of Avatar 1: 35, 23

AvatarID: 1
Current position of Avatar 1: 35, 24

AvatarID: 1
Current position of Avatar 1: 35, 25

AvatarID: 1
Current position of Avatar 1: 34, 25

AvatarID: 1
Current position of Avatar 1: 34, 26

AvatarID: 1
Current position of Avatar 1: 35, 26

AvatarID: 1
Current position of Avatar 1: 35, 27

AvatarID: 1
Current position of Avatar 1: 34, 27

AvatarID: 1
Current position of Avatar 1: 34, 28

AvatarID: 1
Current position of Avatar 1: 34, 29

AvatarID: 1
Current position of Avatar 1: 33, 29

AvatarID: 1
Current position of Avatar 1: 33, 28

AvatarID: 1
Current position of Avatar 1: 32, 28

AvatarID: 1
Current position of Avatar 1: 31, 28

AvatarID: 1
Current position of Avatar 1: 31, 29

AvatarID: 1
Current position of Avatar 1: 32, 29

AvatarID: 1
Current position of Avatar 1: 32, 30

Maze is solved!
