wyliekasai, 44193, Mon Mar  9 03:08:55 2020
*******
AvatarID: 1
AvatarID: 1
Current position of Avatar 1: 5, 5

AvatarID: 1
Current position of Avatar 1: 5, 5

AvatarID: 1
Current position of Avatar 1: 5, 5

AvatarID: 1
Current position of Avatar 1: 5, 4

AvatarID: 1
Current position of Avatar 1: 5, 4

AvatarID: 1
Current position of Avatar 1: 5, 4

AvatarID: 1
Current position of Avatar 1: 5, 4

AvatarID: 1
Current position of Avatar 1: 4, 4

AvatarID: 1
Current position of Avatar 1: 4, 3

AvatarID: 1
Current position of Avatar 1: 5, 3

AvatarID: 1
Current position of Avatar 1: 6, 3

AvatarID: 1
Current position of Avatar 1: 6, 3

AvatarID: 1
Current position of Avatar 1: 6, 3

AvatarID: 1
Current position of Avatar 1: 6, 3

AvatarID: 1
Current position of Avatar 1: 6, 2

AvatarID: 1
Current position of Avatar 1: 7, 2

AvatarID: 1
Current position of Avatar 1: 7, 3

AvatarID: 1
Current position of Avatar 1: 7, 4

AvatarID: 1
Current position of Avatar 1: 6, 4

AvatarID: 1
Current position of Avatar 1: 6, 5

AvatarID: 1
Current position of Avatar 1: 6, 6

AvatarID: 1
Current position of Avatar 1: 5, 6

AvatarID: 1
Current position of Avatar 1: 5, 6

AvatarID: 1
Current position of Avatar 1: 5, 6

AvatarID: 1
Current position of Avatar 1: 5, 7

AvatarID: 1
Current position of Avatar 1: 5, 7

AvatarID: 1
Current position of Avatar 1: 5, 8

AvatarID: 1
Current position of Avatar 1: 4, 8

AvatarID: 1
Current position of Avatar 1: 4, 8

AvatarID: 1
Current position of Avatar 1: 4, 8

AvatarID: 1
Current position of Avatar 1: 4, 8

AvatarID: 1
Current position of Avatar 1: 4, 9

AvatarID: 1
Current position of Avatar 1: 4, 9

AvatarID: 1
Current position of Avatar 1: 4, 9

AvatarID: 1
Current position of Avatar 1: 4, 9

AvatarID: 1
Current position of Avatar 1: 5, 9

AvatarID: 1
Current position of Avatar 1: 5, 9

AvatarID: 1
Current position of Avatar 1: 6, 9

AvatarID: 1
Current position of Avatar 1: 6, 10

AvatarID: 1
Current position of Avatar 1: 6, 10

AvatarID: 1
Current position of Avatar 1: 6, 11

AvatarID: 1
Current position of Avatar 1: 6, 11

AvatarID: 1
Current position of Avatar 1: 6, 11

AvatarID: 1
Current position of Avatar 1: 6, 11

AvatarID: 1
Current position of Avatar 1: 6, 11

AvatarID: 1
Current position of Avatar 1: 6, 11

AvatarID: 1
Current position of Avatar 1: 6, 10

AvatarID: 1
Current position of Avatar 1: 7, 10

AvatarID: 1
Current position of Avatar 1: 7, 11

AvatarID: 1
Current position of Avatar 1: 7, 11

AvatarID: 1
Current position of Avatar 1: 7, 11

AvatarID: 1
Current position of Avatar 1: 8, 11

AvatarID: 1
Current position of Avatar 1: 8, 11

AvatarID: 1
Current position of Avatar 1: 9, 11

AvatarID: 1
Current position of Avatar 1: 9, 12

AvatarID: 1
Current position of Avatar 1: 9, 12

AvatarID: 1
Current position of Avatar 1: 9, 12

AvatarID: 1
Current position of Avatar 1: 9, 12

AvatarID: 1
Current position of Avatar 1: 10, 12

AvatarID: 1
Current position of Avatar 1: 10, 13

AvatarID: 1
Current position of Avatar 1: 10, 13

AvatarID: 1
Current position of Avatar 1: 10, 13

AvatarID: 1
Current position of Avatar 1: 10, 13

AvatarID: 1
Current position of Avatar 1: 11, 13

AvatarID: 1
Current position of Avatar 1: 11, 13

AvatarID: 1
Current position of Avatar 1: 12, 13

AvatarID: 1
Current position of Avatar 1: 12, 13

AvatarID: 1
Current position of Avatar 1: 12, 13

AvatarID: 1
Current position of Avatar 1: 12, 13

AvatarID: 1
Current position of Avatar 1: 12, 12

AvatarID: 1
Current position of Avatar 1: 13, 12

AvatarID: 1
Current position of Avatar 1: 13, 13

AvatarID: 1
Current position of Avatar 1: 13, 14

AvatarID: 1
Current position of Avatar 1: 13, 14

AvatarID: 1
Current position of Avatar 1: 13, 14

AvatarID: 1
Current position of Avatar 1: 13, 14

AvatarID: 1
Current position of Avatar 1: 14, 14

AvatarID: 1
Current position of Avatar 1: 14, 15

AvatarID: 1
Current position of Avatar 1: 14, 15

AvatarID: 1
Current position of Avatar 1: 14, 16

AvatarID: 1
Current position of Avatar 1: 13, 16

AvatarID: 1
Current position of Avatar 1: 13, 16

AvatarID: 1
Current position of Avatar 1: 12, 16

AvatarID: 1
Current position of Avatar 1: 12, 16

AvatarID: 1
Current position of Avatar 1: 11, 16

AvatarID: 1
Current position of Avatar 1: 11, 16

AvatarID: 1
Current position of Avatar 1: 11, 16

AvatarID: 1
Current position of Avatar 1: 11, 16

AvatarID: 1
Current position of Avatar 1: 11, 17

AvatarID: 1
Current position of Avatar 1: 11, 17

AvatarID: 1
Current position of Avatar 1: 11, 17

AvatarID: 1
Current position of Avatar 1: 11, 17

AvatarID: 1
Current position of Avatar 1: 12, 17

AvatarID: 1
Current position of Avatar 1: 12, 17

AvatarID: 1
Current position of Avatar 1: 13, 17

AvatarID: 1
Current position of Avatar 1: 13, 18

AvatarID: 1
Current position of Avatar 1: 13, 18

AvatarID: 1
Current position of Avatar 1: 13, 18

AvatarID: 1
Current position of Avatar 1: 13, 18

AvatarID: 1
Current position of Avatar 1: 14, 18

AvatarID: 1
Current position of Avatar 1: 14, 19

AvatarID: 1
Current position of Avatar 1: 13, 19

AvatarID: 1
Current position of Avatar 1: 12, 19

AvatarID: 1
Current position of Avatar 1: 12, 19

AvatarID: 1
Current position of Avatar 1: 11, 19

AvatarID: 1
Current position of Avatar 1: 11, 19

AvatarID: 1
Current position of Avatar 1: 10, 19

AvatarID: 1
Current position of Avatar 1: 10, 18

AvatarID: 1
Current position of Avatar 1: 11, 18

AvatarID: 1
Current position of Avatar 1: 12, 18

AvatarID: 1
Current position of Avatar 1: 11, 18

AvatarID: 1
Current position of Avatar 1: 10, 18

AvatarID: 1
Current position of Avatar 1: 10, 18

AvatarID: 1
Current position of Avatar 1: 9, 18

AvatarID: 1
Current position of Avatar 1: 9, 18

AvatarID: 1
Current position of Avatar 1: 9, 18

AvatarID: 1
Current position of Avatar 1: 9, 18

AvatarID: 1
Current position of Avatar 1: 9, 19

AvatarID: 1
Current position of Avatar 1: 8, 19

AvatarID: 1
Current position of Avatar 1: 8, 18

AvatarID: 1
Current position of Avatar 1: 8, 17

AvatarID: 1
Current position of Avatar 1: 9, 17

AvatarID: 1
Current position of Avatar 1: 9, 17

AvatarID: 1
Current position of Avatar 1: 9, 17

AvatarID: 1
Current position of Avatar 1: 9, 16

AvatarID: 1
Current position of Avatar 1: 9, 16

AvatarID: 1
Current position of Avatar 1: 9, 15

AvatarID: 1
Current position of Avatar 1: 9, 15

AvatarID: 1
Current position of Avatar 1: 9, 14

AvatarID: 1
Current position of Avatar 1: 10, 14

AvatarID: 1
Current position of Avatar 1: 10, 15

AvatarID: 1
Current position of Avatar 1: 10, 16

AvatarID: 1
Current position of Avatar 1: 10, 17

AvatarID: 1
Current position of Avatar 1: 10, 16

AvatarID: 1
Current position of Avatar 1: 10, 15

AvatarID: 1
Current position of Avatar 1: 11, 15

AvatarID: 1
Current position of Avatar 1: 12, 15

AvatarID: 1
Current position of Avatar 1: 13, 15

AvatarID: 1
Current position of Avatar 1: 12, 15

AvatarID: 1
Current position of Avatar 1: 12, 14

AvatarID: 1
Current position of Avatar 1: 11, 14

AvatarID: 1
Current position of Avatar 1: 11, 14

AvatarID: 1
Current position of Avatar 1: 11, 14

AvatarID: 1
Current position of Avatar 1: 11, 14

AvatarID: 1
Current position of Avatar 1: 11, 14

AvatarID: 1
Current position of Avatar 1: 12, 14

AvatarID: 1
Current position of Avatar 1: 12, 15

AvatarID: 1
Current position of Avatar 1: 11, 15

AvatarID: 1
Current position of Avatar 1: 10, 15

AvatarID: 1
Current position of Avatar 1: 10, 14

AvatarID: 1
Current position of Avatar 1: 9, 14

AvatarID: 1
Current position of Avatar 1: 9, 13

AvatarID: 1
Current position of Avatar 1: 8, 13

AvatarID: 1
Current position of Avatar 1: 8, 12

AvatarID: 1
Current position of Avatar 1: 8, 12

AvatarID: 1
Current position of Avatar 1: 8, 12

AvatarID: 1
Current position of Avatar 1: 8, 13

AvatarID: 1
Current position of Avatar 1: 8, 13

AvatarID: 1
Current position of Avatar 1: 8, 14

AvatarID: 1
Current position of Avatar 1: 8, 14

AvatarID: 1
Current position of Avatar 1: 8, 14

AvatarID: 1
Current position of Avatar 1: 8, 14

AvatarID: 1
Current position of Avatar 1: 8, 14

AvatarID: 1
Current position of Avatar 1: 8, 14

AvatarID: 1
Current position of Avatar 1: 8, 13

AvatarID: 1
Current position of Avatar 1: 9, 13

*******
AvatarID: 2
AvatarID: 2
Current position of Avatar 2: 5, 12

AvatarID: 2
Current position of Avatar 2: 5, 12

AvatarID: 2
Current position of Avatar 2: 5, 13

AvatarID: 2
Current position of Avatar 2: 5, 13

AvatarID: 2
Current position of Avatar 2: 5, 13

AvatarID: 2
Current position of Avatar 2: 5, 13

AvatarID: 2
Current position of Avatar 2: 6, 13

AvatarID: 2
Current position of Avatar 2: 6, 13

AvatarID: 2
Current position of Avatar 2: 6, 13

AvatarID: 2
Current position of Avatar 2: 6, 13

AvatarID: 2
Current position of Avatar 2: 6, 12

AvatarID: 2
Current position of Avatar 2: 7, 12

AvatarID: 2
Current position of Avatar 2: 7, 13

AvatarID: 2
Current position of Avatar 2: 7, 14

AvatarID: 2
Current position of Avatar 2: 6, 14

AvatarID: 2
Current position of Avatar 2: 5, 14

AvatarID: 2
Current position of Avatar 2: 4, 14

AvatarID: 2
Current position of Avatar 2: 4, 14

AvatarID: 2
Current position of Avatar 2: 4, 14

AvatarID: 2
Current position of Avatar 2: 4, 14

AvatarID: 2
Current position of Avatar 2: 4, 15

AvatarID: 2
Current position of Avatar 2: 4, 15

AvatarID: 2
Current position of Avatar 2: 4, 15

AvatarID: 2
Current position of Avatar 2: 4, 15

AvatarID: 2
Current position of Avatar 2: 5, 15

AvatarID: 2
Current position of Avatar 2: 5, 15

AvatarID: 2
Current position of Avatar 2: 6, 15

AvatarID: 2
Current position of Avatar 2: 6, 15

AvatarID: 2
Current position of Avatar 2: 7, 15

AvatarID: 2
Current position of Avatar 2: 7, 15

AvatarID: 2
Current position of Avatar 2: 8, 15

AvatarID: 2
Current position of Avatar 2: 8, 16

AvatarID: 2
Current position of Avatar 2: 7, 16

AvatarID: 2
Current position of Avatar 2: 6, 16

AvatarID: 2
Current position of Avatar 2: 5, 16

AvatarID: 2
Current position of Avatar 2: 5, 16

AvatarID: 2
Current position of Avatar 2: 5, 16

AvatarID: 2
Current position of Avatar 2: 5, 17

AvatarID: 2
Current position of Avatar 2: 4, 17

AvatarID: 2
Current position of Avatar 2: 4, 17

AvatarID: 2
Current position of Avatar 2: 3, 17

AvatarID: 2
Current position of Avatar 2: 3, 17

AvatarID: 2
Current position of Avatar 2: 3, 17

AvatarID: 2
Current position of Avatar 2: 3, 17

AvatarID: 2
Current position of Avatar 2: 3, 18

AvatarID: 2
Current position of Avatar 2: 3, 18

AvatarID: 2
Current position of Avatar 2: 3, 19

AvatarID: 2
Current position of Avatar 2: 2, 19

AvatarID: 2
Current position of Avatar 2: 2, 19

AvatarID: 2
Current position of Avatar 2: 1, 19

AvatarID: 2
Current position of Avatar 2: 1, 18

AvatarID: 2
Current position of Avatar 2: 1, 18

AvatarID: 2
Current position of Avatar 2: 1, 17

AvatarID: 2
Current position of Avatar 2: 1, 17

AvatarID: 2
Current position of Avatar 2: 1, 16

AvatarID: 2
Current position of Avatar 2: 1, 16

AvatarID: 2
Current position of Avatar 2: 1, 16

AvatarID: 2
Current position of Avatar 2: 1, 16

AvatarID: 2
Current position of Avatar 2: 0, 16

AvatarID: 2
Current position of Avatar 2: 0, 15

AvatarID: 2
Current position of Avatar 2: 0, 15

AvatarID: 2
Current position of Avatar 2: 0, 14

AvatarID: 2
Current position of Avatar 2: 1, 14

AvatarID: 2
Current position of Avatar 2: 1, 14

AvatarID: 2
Current position of Avatar 2: 1, 14

AvatarID: 2
Current position of Avatar 2: 1, 14

AvatarID: 2
Current position of Avatar 2: 1, 13

AvatarID: 2
Current position of Avatar 2: 1, 13

AvatarID: 2
Current position of Avatar 2: 1, 12

AvatarID: 2
Current position of Avatar 2: 1, 12

AvatarID: 2
Current position of Avatar 2: 1, 12

AvatarID: 2
Current position of Avatar 2: 1, 12

AvatarID: 2
Current position of Avatar 2: 0, 12

AvatarID: 2
Current position of Avatar 2: 0, 11

AvatarID: 2
Current position of Avatar 2: 1, 11

AvatarID: 2
Current position of Avatar 2: 1, 11

AvatarID: 2
Current position of Avatar 2: 1, 11

AvatarID: 2
Current position of Avatar 2: 1, 10

AvatarID: 2
Current position of Avatar 2: 1, 10

AvatarID: 2
Current position of Avatar 2: 1, 10

AvatarID: 2
Current position of Avatar 2: 1, 10

AvatarID: 2
Current position of Avatar 2: 0, 10

AvatarID: 2
Current position of Avatar 2: 0, 9

AvatarID: 2
Current position of Avatar 2: 0, 9

AvatarID: 2
Current position of Avatar 2: 0, 8

AvatarID: 2
Current position of Avatar 2: 1, 8

AvatarID: 2
Current position of Avatar 2: 1, 8

AvatarID: 2
Current position of Avatar 2: 2, 8

AvatarID: 2
Current position of Avatar 2: 2, 9

AvatarID: 2
Current position of Avatar 2: 1, 9

AvatarID: 2
Current position of Avatar 2: 2, 9

AvatarID: 2
Current position of Avatar 2: 2, 10

AvatarID: 2
Current position of Avatar 2: 2, 11

AvatarID: 2
Current position of Avatar 2: 2, 12

AvatarID: 2
Current position of Avatar 2: 2, 12

AvatarID: 2
Current position of Avatar 2: 2, 12

AvatarID: 2
Current position of Avatar 2: 3, 12

AvatarID: 2
Current position of Avatar 2: 3, 12

AvatarID: 2
Current position of Avatar 2: 4, 12

AvatarID: 2
Current position of Avatar 2: 4, 13

AvatarID: 2
Current position of Avatar 2: 3, 13

AvatarID: 2
Current position of Avatar 2: 2, 13

AvatarID: 2
Current position of Avatar 2: 2, 14

AvatarID: 2
Current position of Avatar 2: 2, 15

AvatarID: 2
Current position of Avatar 2: 1, 15

AvatarID: 2
Current position of Avatar 2: 2, 15

AvatarID: 2
Current position of Avatar 2: 2, 16

AvatarID: 2
Current position of Avatar 2: 2, 17

AvatarID: 2
Current position of Avatar 2: 2, 18

AvatarID: 2
Current position of Avatar 2: 2, 17

AvatarID: 2
Current position of Avatar 2: 2, 16

AvatarID: 2
Current position of Avatar 2: 3, 16

AvatarID: 2
Current position of Avatar 2: 4, 16

AvatarID: 2
Current position of Avatar 2: 3, 16

AvatarID: 2
Current position of Avatar 2: 3, 15

AvatarID: 2
Current position of Avatar 2: 3, 14

AvatarID: 2
Current position of Avatar 2: 3, 14

AvatarID: 2
Current position of Avatar 2: 3, 14

AvatarID: 2
Current position of Avatar 2: 3, 14

AvatarID: 2
Current position of Avatar 2: 3, 14

AvatarID: 2
Current position of Avatar 2: 3, 15

AvatarID: 2
Current position of Avatar 2: 3, 15

AvatarID: 2
Current position of Avatar 2: 3, 16

AvatarID: 2
Current position of Avatar 2: 2, 16

AvatarID: 2
Current position of Avatar 2: 2, 15

AvatarID: 2
Current position of Avatar 2: 2, 14

AvatarID: 2
Current position of Avatar 2: 2, 13

AvatarID: 2
Current position of Avatar 2: 3, 13

AvatarID: 2
Current position of Avatar 2: 4, 13

AvatarID: 2
Current position of Avatar 2: 4, 12

AvatarID: 2
Current position of Avatar 2: 4, 11

AvatarID: 2
Current position of Avatar 2: 4, 11

AvatarID: 2
Current position of Avatar 2: 4, 11

AvatarID: 2
Current position of Avatar 2: 4, 11

AvatarID: 2
Current position of Avatar 2: 3, 11

AvatarID: 2
Current position of Avatar 2: 3, 11

AvatarID: 2
Current position of Avatar 2: 3, 11

AvatarID: 2
Current position of Avatar 2: 3, 11

AvatarID: 2
Current position of Avatar 2: 3, 11

AvatarID: 2
Current position of Avatar 2: 3, 11

AvatarID: 2
Current position of Avatar 2: 4, 11

AvatarID: 2
Current position of Avatar 2: 4, 12

AvatarID: 2
Current position of Avatar 2: 3, 12

AvatarID: 2
Current position of Avatar 2: 2, 12

AvatarID: 2
Current position of Avatar 2: 2, 11

AvatarID: 2
Current position of Avatar 2: 2, 10

AvatarID: 2
Current position of Avatar 2: 2, 10

AvatarID: 2
Current position of Avatar 2: 2, 9

AvatarID: 2
Current position of Avatar 2: 2, 9

AvatarID: 2
Current position of Avatar 2: 2, 8

AvatarID: 2
Current position of Avatar 2: 3, 8

AvatarID: 2
Current position of Avatar 2: 3, 8

AvatarID: 2
Current position of Avatar 2: 3, 8

AvatarID: 2
Current position of Avatar 2: 3, 8

AvatarID: 2
Current position of Avatar 2: 3, 7

AvatarID: 2
Current position of Avatar 2: 3, 7

AvatarID: 2
Current position of Avatar 2: 3, 7

AvatarID: 2
Current position of Avatar 2: 3, 7

AvatarID: 2
Current position of Avatar 2: 2, 7

AvatarID: 2
Current position of Avatar 2: 2, 7

AvatarID: 2
Current position of Avatar 2: 1, 7

AvatarID: 2
Current position of Avatar 2: 1, 6

AvatarID: 2
Current position of Avatar 2: 1, 6

AvatarID: 2
Current position of Avatar 2: 1, 6

AvatarID: 2
Current position of Avatar 2: 1, 6

AvatarID: 2
Current position of Avatar 2: 0, 6

AvatarID: 2
Current position of Avatar 2: 0, 5

AvatarID: 2
CurrenAvatarID: 1
Current position of Avatar 1: 9, 14

AvatarID: 1
Current position of Avatar 1: 9, 15

AvatarID: 1
Current position of Avatar 1: 9, 15

AvatarID: 1
Current position of Avatar 1: 9, 16

AvatarID: 1
Current position of Avatar 1: 9, 16

AvatarID: 1
Current position of Avatar 1: 9, 17

AvatarID: 1
Current position of Avatar 1: 8, 17

AvatarID: 1
Current position of Avatar 1: 8, 17

AvatarID: 1
Current position of Avatar 1: 7, 17

AvatarID: 1
Current position of Avatar 1: 7, 17

AvatarID: 1
Current position of Avatar 1: 7, 17

AvatarID: 1
Current position of Avatar 1: 7, 17

AvatarID: 1
Current position of Avatar 1: 7, 18

AvatarID: 1
Current position of Avatar 1: 7, 18

AvatarID: 1
Current position of Avatar 1: 7, 19

AvatarID: 1
Current position of Avatar 1: 6, 19

AvatarID: 1
Current position of Avatar 1: 6, 18

AvatarID: 1
Current position of Avatar 1: 6, 17

AvatarID: 1
Current position of Avatar 1: 6, 17

AvatarID: 1
Current position of Avatar 1: 6, 17

AvatarID: 1
Current position of Avatar 1: 6, 17

AvatarID: 1
Current position of Avatar 1: 6, 17

AvatarID: 1
Current position of Avatar 1: 6, 18

AvatarID: 1
Current position of Avatar 1: 5, 18

AvatarID: 1
Current position of Avatar 1: 5, 18

AvatarID: 1
Current position of Avatar 1: 4, 18

AvatarID: 1
Current position of Avatar 1: 4, 18

AvatarID: 1
Current position of Avatar 1: 4, 18

AvatarID: 1
Current position of Avatar 1: 4, 18

AvatarID: 1
Current position of Avatar 1: 4, 19

AvatarID: 1
Current position of Avatar 1: 4, 19

AvatarID: 1
Current position of Avatar 1: 4, 19

AvatarID: 1
Current position of Avatar 1: 4, 19

AvatarID: 1
Current position of Avatar 1: 5, 19

AvatarID: 1
Current position of Avatar 1: 5, 19

AvatarID: 1
Current position of Avatar 1: 5, 19

AvatarID: 1
Current position of Avatar 1: 5, 19

AvatarID: 1
Current position of Avatar 1: 5, 19

AvatarID: 1
Current position of Avatar 1: 4, 19

AvatarID: 1
Current position of Avatar 1: 4, 18

AvatarID: 1
Current position of Avatar 1: 5, 18

AvatarID: 1
Current position of Avatar 1: 6, 18

AvatarID: 1
Current position of Avatar 1: 6, 19

AvatarID: 1
Current position of Avatar 1: 7, 19

AvatarID: 1
Current position of Avatar 1: 7, 19

AvatarID: 1
Current position of Avatar 1: 7, 19

AvatarID: 1
Current position of Avatar 1: 7, 18

AvatarID: 1
Current position of Avatar 1: 7, 18

AvatarID: 1
Current position of Avatar 1: 7, 17

AvatarID: 1
Current position of Avatar 1: 8, 17

AvatarID: 1
Current position of Avatar 1: 8, 18

AvatarID: 1
Current position of Avatar 1: 8, 19

AvatarID: 1
Current position of Avatar 1: 9, 19

AvatarID: 1
Current position of Avatar 1: 9, 19

AvatarID: 1
Current position of Avatar 1: 9, 19

AvatarID: 1
Current position of Avatar 1: 9, 18

AvatarID: 1
Current position of Avatar 1: 10, 18

AvatarID: 1
Current position of Avatar 1: 10, 19

AvatarID: 1
Current position of Avatar 1: 11, 19

AvatarID: 1
Current position of Avatar 1: 12, 19

AvatarID: 1
Current position of Avatar 1: 13, 19

AvatarID: 1
Current position of Avatar 1: 14, 19

AvatarID: 1
Current position of Avatar 1: 15, 19

AvatarID: 1
Current position of Avatar 1: 15, 19

AvatarID: 1
Current position of Avatar 1: 15, 19

AvatarID: 1
Current position of Avatar 1: 15, 18

AvatarID: 1
Current position of Avatar 1: 15, 18

AvatarID: 1
Current position of Avatar 1: 15, 17

AvatarID: 1
Current position of Avatar 1: 15, 17

AvatarID: 1
Current position of Avatar 1: 15, 16

AvatarID: 1
Current position of Avatar 1: 16, 16

AvatarID: 1
Current position of Avatar 1: 16, 16

AvatarID: 1
Current position of Avatar 1: 16, 16

AvatarID: 1
Current position of Avatar 1: 16, 16

AvatarID: 1
Current position of Avatar 1: 16, 15

AvatarID: 1
Current position of Avatar 1: 16, 15

AvatarID: 1
Current position of Avatar 1: 16, 15

AvatarID: 1
Current position of Avatar 1: 16, 15

AvatarID: 1
Current position of Avatar 1: 15, 15

AvatarID: 1
Current position of Avatar 1: 15, 14

AvatarID: 1
Current position of Avatar 1: 16, 14

AvatarID: 1
Current position of Avatar 1: 16, 14

AvatarID: 1
Current position of Avatar 1: 16, 14

AvatarID: 1
Current position of Avatar 1: 16, 13

AvatarID: 1
Current position of Avatar 1: 16, 13

AvatarID: 1
Current position of Avatar 1: 16, 12

AvatarID: 1
Current position of Avatar 1: 17, 12

AvatarID: 1
Current position of Avatar 1: 17, 13

AvatarID: 1
Current position of Avatar 1: 17, 14

AvatarID: 1
Current position of Avatar 1: 17, 14

AvatarID: 1
Current position of Avatar 1: 17, 14

AvatarID: 1
Current position of Avatar 1: 18, 14

AvatarID: 1
Current position of Avatar 1: 18, 15

AvatarID: 1
Current position of Avatar 1: 17, 15

AvatarID: 1
Current position of Avatar 1: 17, 16

AvatarID: 1
Current position of Avatar 1: 17, 16

AvatarID: 1
Current position of Avatar 1: 17, 16

AvatarID: 1
Current position of Avatar 1: 18, 16

AvatarID: 1
Current position of Avatar 1: 18, 17

AvatarID: 1
Current position of Avatar 1: 18, 17

AvatarID: 1
Current position of Avatar 1: 18, 18

AvatarID: 1
Current position of Avatar 1: 17, 18

AvatarID: 1
Current position of Avatar 1: 17, 18

AvatarID: 1
Current position of Avatar 1: 17, 18

AvatarID: 1
Current position of Avatar 1: 17, 18

AvatarID: 1
Current position of Avatar 1: 17, 19

AvatarID: 1
Current position of Avatar 1: 16, 19

AvatarID: 1
Current position of Avatar 1: 16, 18

AvatarID: 1
Current position of Avatar 1: 16, 17

AvatarID: 1
Current position of Avatar 1: 17, 17

AvatarID: 1
Current position of Avatar 1: 16, 17

AvatarID: 1
Current position of Avatar 1: 16, 18

AvatarID: 1
Current position of Avatar 1: 16, 19

AvatarID: 1
Current position of Avatar 1: 17, 19

AvatarID: 1
Current position of Avatar 1: 18, 19

AvatarID: 1
Current position of Avatar 1: 19, 19

AvatarID: 1
Current position of Avatar 1: 19, 18

AvatarID: 1
Current position of Avatar 1: 19, 17

AvatarID: 1
Current position of Avatar 1: 19, 16

AvatarID: 1
Current position of Avatar 1: 19, 15

AvatarID: 1
Current position of Avatar 1: 19, 14

AvatarID: 1
Current position of Avatar 1: 19, 13

AvatarID: 1
Current position of Avatar 1: 18, 13

AvatarID: 1
Current position of Avatar 1: 18, 12

AvatarID: 1
Current position of Avatar 1: 18, 11

AvatarID: 1
Current position of Avatar 1: 17, 11

AvatarID: 1
Current position of Avatar 1: 16, 11

AvatarID: 1
Current position of Avatar 1: 16, 10

AvatarID: 1
Current position of Avatar 1: 15, 10

AvatarID: 1
Current position of Avatar 1: 15, 10

AvatarID: 1
Current position of Avatar 1: 14, 10

AvatarID: 1
Current position of Avatar 1: 14, 9

AvatarID: 1
Current position of Avatar 1: 15, 9

AvatarID: 1
Current position of Avatar 1: 15, 9

AvatarID: 1
Current position of Avatar 1: 15, 9

AvatarID: 1
Current position of Avatar 1: 15, 8

AvatarID: 1
Current position of Avatar 1: 16, 8

AvatarID: 1
Current position of Avatar 1: 16, 9

AvatarID: 1
Current position of Avatar 1: 17, 9

AvatarID: 1
Current position of Avatar 1: 17, 8

AvatarID: 1
Current position of Avatar 1: 18, 8

AvatarID: 1
Current position of Avatar 1: 18, 9

AvatarID: 1
Current position of Avatar 1: 19, 9

AvatarID: 1
Current position of Avatar 1: 19, 10

AvatarID: 1
Current position of Avatar 1: 18, 10

AvatarID: 1
Current position of Avatar 1: 17, 10

AvatarID: 1
Current position of Avatar 1: 18, 10

AvatarID: 1
Current position of Avatar 1: 19, 10

AvatarID: 1
Current position of Avatar 1: 19, 11

AvatarID: 1
Current position of Avatar 1: 19, 12

AvatarID: 1
Current position of Avatar 1: 19, 11

AvatarID: 1
Current position of Avatar 1: 19, 10

AvatarID: 1
Current position of Avatar 1: 19, 9

AvatarID: 1
Current position of Avatar 1: 19, 8

AvatarID: 1
Current position of Avatar 1: 19, 7

AvatarID: 1
Current position of Avatar 1: 18, 7

AvatarID: 1
Current position of Avatar 1: 17, 7

AvatarID: 1
Current position of Avatar 1: 17, 6

AvatarID: 1
Current position of Avatar 1: 16, 6

AvatarID: 1
Current position of Avatar 1: 16, 7

AvatarID: 1
Current position of Avatar 1: 15, 7

AvatarID: 1
Current position of Avatar 1: 15, 6

AvatarID: 1
Current position of Avatar 1: 15, 5

AvatarID: 1
Current position of Avatar 1: 15, 4

AvatarID: 1
Current position of Avatar 1: 15, 3

AvatarID: 1
Current post position of Avatar 2: 1, 5

AvatarID: 2
Current position of Avatar 2: 2, 5

AvatarID: 2
Current position of Avatar 2: 2, 5

AvatarID: 2
Current position of Avatar 2: 2, 5

AvatarID: 2
Current position of Avatar 2: 2, 5

AvatarID: 2
Current position of Avatar 2: 2, 4

AvatarID: 2
Current position of Avatar 2: 2, 4

AvatarID: 2
Current position of Avatar 2: 2, 4

AvatarID: 2
Current position of Avatar 2: 2, 4

AvatarID: 2
Current position of Avatar 2: 1, 4

AvatarID: 2
Current position of Avatar 2: 1, 4

AvatarID: 2
Current position of Avatar 2: 0, 4

AvatarID: 2
Current position of Avatar 2: 0, 3

AvatarID: 2
Current position of Avatar 2: 1, 3

AvatarID: 2
Current position of Avatar 2: 1, 3

AvatarID: 2
Current position of Avatar 2: 1, 3

AvatarID: 2
Current position of Avatar 2: 1, 2

AvatarID: 2
Current position of Avatar 2: 1, 2

AvatarID: 2
Current position of Avatar 2: 1, 1

AvatarID: 2
Current position of Avatar 2: 2, 1

AvatarID: 2
Current position of Avatar 2: 2, 2

AvatarID: 2
Current position of Avatar 2: 2, 2

AvatarID: 2
Current position of Avatar 2: 2, 2

AvatarID: 2
Current position of Avatar 2: 3, 2

AvatarID: 2
Current position of Avatar 2: 3, 2

AvatarID: 2
Current position of Avatar 2: 3, 2

AvatarID: 2
Current position of Avatar 2: 3, 2

AvatarID: 2
Current position of Avatar 2: 3, 1

AvatarID: 2
Current position of Avatar 2: 3, 1

AvatarID: 2
Current position of Avatar 2: 3, 0

AvatarID: 2
Current position of Avatar 2: 4, 0

AvatarID: 2
Current position of Avatar 2: 4, 0

AvatarID: 2
Current position of Avatar 2: 5, 0

AvatarID: 2
Current position of Avatar 2: 5, 1

AvatarID: 2
Current position of Avatar 2: 5, 1

AvatarID: 2
Current position of Avatar 2: 5, 1

AvatarID: 2
Current position of Avatar 2: 5, 1

AvatarID: 2
Current position of Avatar 2: 6, 1

AvatarID: 2
Current position of Avatar 2: 6, 1

AvatarID: 2
Current position of Avatar 2: 6, 1

AvatarID: 2
Current position of Avatar 2: 6, 1

AvatarID: 2
Current position of Avatar 2: 6, 0

AvatarID: 2
Current position of Avatar 2: 7, 0

AvatarID: 2
Current position of Avatar 2: 7, 0

AvatarID: 2
Current position of Avatar 2: 8, 0

AvatarID: 2
Current position of Avatar 2: 8, 0

AvatarID: 2
Current position of Avatar 2: 9, 0

AvatarID: 2
Current position of Avatar 2: 9, 1

AvatarID: 2
Current position of Avatar 2: 8, 1

AvatarID: 2
Current position of Avatar 2: 8, 1

AvatarID: 2
Current position of Avatar 2: 8, 1

AvatarID: 2
Current position of Avatar 2: 8, 2

AvatarID: 2
Current position of Avatar 2: 8, 2

AvatarID: 2
Current position of Avatar 2: 8, 3

AvatarID: 2
Current position of Avatar 2: 8, 3

AvatarID: 2
Current position of Avatar 2: 8, 3

AvatarID: 2
Current position of Avatar 2: 8, 3

AvatarID: 2
Current position of Avatar 2: 9, 3

AvatarID: 2
Current position of Avatar 2: 9, 3

AvatarID: 2
Current position of Avatar 2: 9, 3

AvatarID: 2
Current position of Avatar 2: 9, 3

AvatarID: 2
Current position of Avatar 2: 9, 2

AvatarID: 2
Current position of Avatar 2: 10, 2

AvatarID: 2
Current position of Avatar 2: 10, 2

AvatarID: 2
Current position of Avatar 2: 10, 2

AvatarID: 2
Current position of Avatar 2: 10, 2

AvatarID: 2
Current position of Avatar 2: 10, 1

AvatarID: 2
Current position of Avatar 2: 11, 1

AvatarID: 2
Current position of Avatar 2: 11, 1

AvatarID: 2
Current position of Avatar 2: 12, 1

AvatarID: 2
Current position of Avatar 2: 12, 1

AvatarID: 2
Current position of Avatar 2: 13, 1

AvatarID: 2
Current position of Avatar 2: 13, 1

AvatarID: 2
Current position of Avatar 2: 13, 1

AvatarID: 2
Current position of Avatar 2: 13, 1

AvatarID: 2
Current position of Avatar 2: 13, 0

AvatarID: 2
Current position of Avatar 2: 14, 0

AvatarID: 2
Current position of Avatar 2: 14, 1

AvatarID: 2
Current position of Avatar 2: 14, 2

AvatarID: 2
Current position of Avatar 2: 14, 2

AvatarID: 2
Current position of Avatar 2: 14, 3

AvatarID: 2
Current position of Avatar 2: 13, 3

AvatarID: 2
Current position of Avatar 2: 13, 3

AvatarID: 2
Current position of Avatar 2: 13, 3

AvatarID: 2
Current position of Avatar 2: 13, 3

AvatarID: 2
Current position of Avatar 2: 13, 4

AvatarID: 2
Current position of Avatar 2: 12, 4

AvatarID: 2
Current position of Avatar 2: 12, 3

AvatarID: 2
Current position of Avatar 2: 12, 3

AvatarID: 2
Current position of Avatar 2: 12, 3

AvatarID: 2
Current position of Avatar 2: 11, 3

AvatarID: 2
Current position of Avatar 2: 11, 2

AvatarID: 2
Current position of Avatar 2: 12, 2

AvatarID: 2
Current position of Avatar 2: 13, 2

AvatarID: 2
Current position of Avatar 2: 12, 2

AvatarID: 2
Current position of Avatar 2: 11, 2

AvatarID: 2
Current position of Avatar 2: 11, 3

AvatarID: 2
Current position of Avatar 2: 10, 3

AvatarID: 2
Current position of Avatar 2: 10, 4

AvatarID: 2
Current position of Avatar 2: 10, 4

AvatarID: 2
Current position of Avatar 2: 10, 4

AvatarID: 2
Current position of Avatar 2: 10, 4

AvatarID: 2
Current position of Avatar 2: 11, 4

AvatarID: 2
Current position of Avatar 2: 11, 5

AvatarID: 2
Current position of Avatar 2: 10, 5

AvatarID: 2
Current position of Avatar 2: 9, 5

AvatarID: 2
Current position of Avatar 2: 9, 5

AvatarID: 2
Current position of Avatar 2: 8, 5

AvatarID: 2
Current position of Avatar 2: 8, 5

AvatarID: 2
Current position of Avatar 2: 7, 5

AvatarID: 2
Current position of Avatar 2: 7, 5

AvatarID: 2
Current position of Avatar 2: 7, 5

AvatarID: 2
Current position of Avatar 2: 7, 5

AvatarID: 2
Current position of Avatar 2: 7, 6

AvatarID: 2
Current position of Avatar 2: 7, 6

AvatarID: 2
Current position of Avatar 2: 7, 6

AvatarID: 2
Current position of Avatar 2: 7, 6

AvatarID: 2
Current position of Avatar 2: 8, 6

AvatarID: 2
Current position of Avatar 2: 8, 7

AvatarID: 2
Current position of Avatar 2: 8, 7

AvatarID: 2
Current position of Avatar 2: 8, 8

AvatarID: 2
Current position of Avatar 2: 7, 8

AvatarID: 2
Current position of Avatar 2: 7, 8

AvatarID: 2
Current position of Avatar 2: 7, 8

AvatarID: 2
Current position of Avatar 2: 7, 8

AvatarID: 2
Current position of Avatar 2: 7, 9

AvatarID: 2
Current position of Avatar 2: 7, 9

AvatarID: 2
Current position of Avatar 2: 7, 9

AvatarID: 2
Current position of Avatar 2: 7, 9

AvatarID: 2
Current position of Avatar 2: 8, 9

AvatarID: 2
Current position of Avatar 2: 8, 10

AvatarID: 2
Current position of Avatar 2: 8, 10

AvatarID: 2
Current position of Avatar 2: 8, 11

AvatarID: 2
Current position of Avatar 2: 7, 11

AvatarID: 2
Current position of Avatar 2: 7, 10

AvatarID: 2
Current position of Avatar 2: 6, 10

AvatarID: 2
Current position of Avatar 2: 6, 9

AvatarID: 2
Current position of Avatar 2: 6, 9

AvatarID: 2
Current position of Avatar 2: 6, 9

AvatarID: 2
Current position of Avatar 2: 5, 9

AvatarID: 2
Current position of Avatar 2: 5, 9

AvatarID: 2
Current position of Avatar 2: 4, 9

AvatarID: 2
Current position of Avatar 2: 4, 8

AvatarID: 2
Current position of Avatar 2: 5, 8

AvatarID: 2
Current position of Avatar 2: 5, 8

AvatarID: 2
Current position of Avatar 2: 5, 8

AvatarID: 2
Current position of Avatar 2: 5, 7

AvatarID: 2
Current position of Avatar 2: 5, 7

AvatarID: 2
Current position of Avatar 2: 5, 6

AvatarID: 2
Current position of Avatar 2: 6, 6

AvatarID: 2
Current position of Avatar 2: 6, 7

AvatarID: 2
Current position of Avatar 2: 6, 8

AvatarID: 2
Current position of Avatar 2: 6, 7

AvatarID: 2
Current position of Avatar 2: 7, 7

AvatarID: 2
Current position of Avatar 2: 6, 7

AvatarID: 2
Current position of Avatar 2: 6, 6

AvatarID: 2
Current position of Avatar 2: 6, 5

AvatarID: 2
Current position of Avatar 2: 6, 4

AvatarID: 2
Current position of Avatar 2: 7, 4

AvatarID: 2
Current position of Avatar 2: 8, 4

AvatarID: 2
Current position of Avatar 2: 9, 4

AvatarID: 2
Current position of Avatar 2: 8, 4

AvatarID: 2
Current position of Avatar 2: 7, 4

AvatarID: 2
Current position of Avatar 2: 7, 3

AvatarID: 2
Current position of Avatar 2: 7, 2

AvatarID: 2
Current position of Avatar 2: 7, 1

AvatarID: 2
Current position of Avatar 2: 7, 2

AvatarID: 2
Current position of Avatar 2: 6, 2

AvatarID: 2
Current position of Avatar 2: 6, 2

AvatarID: 2
Current position of Avatar 2: 6, 2

A*******
AvatarID: 0
AvatarID: 0
Current position of Avatar 0: 16, 9

AvatarID: 0
Current position of Avatar 0: 17, 9

AvatarID: 0
Current position of Avatar 0: 17, 9

AvatarID: 0
Current position of Avatar 0: 17, 9

AvatarID: 0
Current position of Avatar 0: 17, 9

AvatarID: 0
Current position of Avatar 0: 17, 8

AvatarID: 0
Current position of Avatar 0: 18, 8

AvatarID: 0
Current position of Avatar 0: 18, 9

AvatarID: 0
Current position of Avatar 0: 18, 9

AvatarID: 0
Current position of Avatar 0: 18, 9

AvatarID: 0
Current position of Avatar 0: 19, 9

AvatarID: 0
Current position of Avatar 0: 19, 10

AvatarID: 0
Current position of Avatar 0: 18, 10

AvatarID: 0
Current position of Avatar 0: 17, 10

AvatarID: 0
Current position of Avatar 0: 17, 10

AvatarID: 0
Current position of Avatar 0: 17, 10

AvatarID: 0
Current position of Avatar 0: 17, 10

AvatarID: 0
Current position of Avatar 0: 17, 10

AvatarID: 0
Current position of Avatar 0: 18, 10

AvatarID: 0
Current position of Avatar 0: 18, 10

AvatarID: 0
Current position of Avatar 0: 19, 10

AvatarID: 0
Current position of Avatar 0: 19, 11

AvatarID: 0
Current position of Avatar 0: 19, 11

AvatarID: 0
Current position of Avatar 0: 19, 12

AvatarID: 0
Current position of Avatar 0: 19, 12

AvatarID: 0
Current position of Avatar 0: 19, 12

AvatarID: 0
Current position of Avatar 0: 19, 12

AvatarID: 0
Current position of Avatar 0: 19, 12

AvatarID: 0
Current position of Avatar 0: 19, 12

AvatarID: 0
Current position of Avatar 0: 19, 11

AvatarID: 0
Current position of Avatar 0: 19, 10

AvatarID: 0
Current position of Avatar 0: 19, 9

AvatarID: 0
Current position of Avatar 0: 19, 8

AvatarID: 0
Current position of Avatar 0: 19, 7

AvatarID: 0
Current position of Avatar 0: 19, 7

AvatarID: 0
Current position of Avatar 0: 19, 7

AvatarID: 0
Current position of Avatar 0: 18, 7

AvatarID: 0
Current position of Avatar 0: 18, 7

AvatarID: 0
Current position of Avatar 0: 17, 7

AvatarID: 0
Current position of Avatar 0: 17, 6

AvatarID: 0
Current position of Avatar 0: 17, 6

AvatarID: 0
Current position of Avatar 0: 17, 6

AvatarID: 0
Current position of Avatar 0: 17, 6

AvatarID: 0
Current position of Avatar 0: 16, 6

AvatarID: 0
Current position of Avatar 0: 16, 6

AvatarID: 0
Current position of Avatar 0: 16, 6

AvatarID: 0
Current position of Avatar 0: 16, 6

AvatarID: 0
Current position of Avatar 0: 16, 7

AvatarID: 0
Current position of Avatar 0: 15, 7

AvatarID: 0
Current position of Avatar 0: 15, 6

AvatarID: 0
Current position of Avatar 0: 15, 5

AvatarID: 0
Current position of Avatar 0: 15, 5

AvatarID: 0
Current position of Avatar 0: 15, 4

AvatarID: 0
Current position of Avatar 0: 15, 4

AvatarID: 0
Current position of Avatar 0: 15, 3

AvatarID: 0
Current position of Avatar 0: 16, 3

AvatarID: 0
Current position of Avatar 0: 16, 4

AvatarID: 0
Current position of Avatar 0: 16, 4

AvatarID: 0
Current position of Avatar 0: 16, 4

AvatarID: 0
Current position of Avatar 0: 17, 4

AvatarID: 0
Current position of Avatar 0: 17, 5

AvatarID: 0
Current position of Avatar 0: 16, 5

AvatarID: 0
Current position of Avatar 0: 17, 5

AvatarID: 0
Current position of Avatar 0: 18, 5

AvatarID: 0
Current position of Avatar 0: 18, 6

AvatarID: 0
Current position of Avatar 0: 19, 6

AvatarID: 0
Current position of Avatar 0: 19, 5

AvatarID: 0
Current position of Avatar 0: 19, 4

AvatarID: 0
Current position of Avatar 0: 19, 4

AvatarID: 0
Current position of Avatar 0: 19, 4

AvatarID: 0
Current position of Avatar 0: 18, 4

AvatarID: 0
Current position of Avatar 0: 18, 3

AvatarID: 0
Current position of Avatar 0: 18, 3

AvatarID: 0
Current position of Avatar 0: 18, 2

AvatarID: 0
Current position of Avatar 0: 18, 2

AvatarID: 0
Current position of Avatar 0: 18, 2

AvatarID: 0
Current position of Avatar 0: 18, 2

AvatarID: 0
Current position of Avatar 0: 17, 2

AvatarID: 0
Current position of Avatar 0: 17, 2

AvatarID: 0
Current position of Avatar 0: 16, 2

AvatarID: 0
Current position of Avatar 0: 16, 1

AvatarID: 0
Current position of Avatar 0: 17, 1

AvatarID: 0
Current position of Avatar 0: 18, 1

AvatarID: 0
Current position of Avatar 0: 18, 0

AvatarID: 0
AvatarID: 0
AvatarID: 0
AvatarID: 0
AvatarID: 0
AvatarID: 0
AvatarID: 0
AvatarID: 0
AvatarID: 0
AvatarID: 0
AvatarID: 0
AvatarID: 0
AvatarID: 0
AvatarID: 0
AvatarID: 0
AvatarID: 0
AvatarID: 0
AvatarID: 0
AvatarID: 0
AvatarID: 0
AvatarID: 0
AvatarID: 0
AvatarID: 0
AvatarID: 0
AvatarID: 0
AvatarID: 0
AvatarID: 0
AvatarID: 0
AvatarID: 0
AvatarID: 0
AvatarID: 0
AvatarID: 0
AvatarID: 0
AvatarID: 0
AvatarID: 0
AvatarID: 0
AvatarID: 0
AvatarID: 0
AvatarID: 0
AvatarID: 0
AvatarID: 0
AvatarID: 0
AvatarID: 0
AvatarID: 0
AvatarID: 0
AvatarID: 0
AvatarID: 0
AvatarID: 0
AvatarID: 0
AvatarID: 0
AvatarID: 0
AvatarID: 0
AvatarID: 0
AvatarID: 0
AvatarID: 0
AvatarID: 0
AvatarID: 0
AvatarID: 0
AvatarID: 0
AvatarID: 0
AvatarID: 0
AvatarID: 0
AvatarID: 0
AvatarID: 0
AvatarID: 0
AvatarID: 0
AvatarID: 0
AvatarID: 0
AvatarID: 0
AvatarID: 0
AvatarID: 0
AvatarID: 0
AvatarID: 0
AvatarID: 0
AvatarID: 0
AvatarID: 0
AvatarID: 0
AvatarID: 0
AvatarID: 0
AvatarID: 0
AvatarID: 0
AvatarID: 0
AvatarID: 0
AvatarID: 0
AvatarID: 0
AvatarID: 0
AvatarID: 0
AvatarID: 0
AvatarID: 0
AvatarID: 0
AvatarID: 0
AvatarID: 0
AvatarID: 0
AvatarID: 0
AvatarID: 0
AvatarID: 0
AvatarID: 0
AvatarID: 0
AvatarID: 0
AvatarID: 0
AvatarID: 0
AvatarID: 0
AvatarID: 0
AvatarID: 0
AvatarID: 0
AvatarID: 0
AvatarID: 0
AvatarID: 0
AvatarID: 0
AvatarID: 0
AvatarID: 0
AvatarID: 0
AvatarID: 0
AvatarID: 0
AvatarID: 0
AvatarID: 0
AvatarID: 0
AvatarID: 0
AvatarID: 0
AvatarID: 0
AvatarID: 0
AvatarID: 0
AvatarID: 0
AvatarID: 0
AvatarID: 0
AvatarID: 0
AvatarID: 0
AvatarID: 0
AvatarID: 0
AvatarID: 0
AvatarID: 0
AvatarID: 0
AvatarID: 0
AvatarID: 0
AvatarID: 0
AvatarID: 0
AvatarID: 0
AvatarID: 0
AvatarID: 0
AvatarID: 0
AvatarID: 0
AvatarID: 0
AvatarID: 0
AvatarID: 0
AvatarID: 0
AvatarID: 0
AvatarID: 0
AvatarID: 0
AvatarID: 0
AvatarID: 0
AvatarID: 0
AvatarID: 0
AvatarID: 0
AvatarID: 0
AvatarID: 0
AvatarID: 0
AvatarID: 0
AvatarID: 0
AvatarID: 0
AvatarID: 0
AvatarID: 0
AvatarID: 0
AvatarID: 0
AvatarID: 0
AvatarID: 0
AvatarID: 0
AvatarID: 0
AvatarID: 0
AvatarID: 0
AvatarID: 0
AvatarID: 0
AvatarID: 0
AvatarID: 0
AvatarID: 0
AvatarID: 0
AvatarID: 0
AvatarID: 0
AvatarID: 0
AvatarID: 0
AvatarID: 0
AvatarID: 0
AvatarID: 0
AvatarID: 0
AvatarID: 0
AvatarID: 0
AvatarID: 0
AvatarID: 0
AvatarID: 0
AvatarID: 0
AvatarID: 0
AvatarID: 0
AvatarID: 0
AvatarID: 0
AvatarID: 0
AvatarID: 0
AvatarID: 0
AvatarID: 0
AvatarID: 0
AvatarID: 0
AvatarID: 0
AvatarID: 0
AvatarID: 0
AvatarID: 0
AvatarID: 0
AvatarID: 0
AvatarID: 0
AvatarID: 0
AvatarID: 0
AvatarID: 0
AvatarID: 0
AvatarID: 0
AvatarID: 0
AvatarID: 0
AvatarID: 0
AvatarID: 0
AvatarID: 0
AvatarID: 0
AvatarID: 0
AvatarID: 0
AvatarID: 0
AvatarID: 0
AvatarID: 0
AvatarID: 0
AvatarID: 0
AvatarID: 0
AvatarID: 0
AvatarID: 0
AvatarID: 0
AvatarID: 0
AvatarID: 0
AvatarID: 0
AvatarID: 0
AvatarID: 0
AvatarID: 0
AvatarID: 0
AvatarID: 0
AvatarID: 0
AvatarID: 0
AvatarID: 0
AvatarID: 0
AvatarID: 0
AvatarID: 0
AvatarID: 0
AvatarID: 0
AvatarID: 0
AvatarID: 0
AvatarID: 0
AvatarID: 0
AvatarID: 0
AvatarID: 0
AvatarID: 0
AvatarID: 0
AvatarID: 0
AvatarID: 0
AvatarID: 0
AvatarID: 0
AvatarID: 0
AvatarID: 0
AvatarID: 0
AvatarID: 0
AvatarID: 0
AvatarID: 0
AvatarID: 0
AvatarID: 0
AvatarID: 0
AvatarID: 0
AvatarID: 0
AvatarID: 0
AvatarID: 0
AvatarID: 0
AvatarID: 0
AvatarID: 0
AvatarID: 0
AvatarID: 0
AvatarID: 0
AvatarID: 0
AvatarID: 0
AvatarID: 0
AvatarID: 0
AvatarID: 0
AvatarID: 0
AvatarID: 0
AvatarID: 0
AvatarID: 0
AvatarID: 0
AvatarID: 0
AvatarID: 0
AvatarID: 0
AvatarID: 0
AvatarID: 0
AvatarID: 0
AvatarID: 0
AvatarID: 0
AvatarID: 0
AvatarID: 0
AvatarID: 0
AvatarID: 0
AvatarID: 0
AvatarID: 0
AvatarID: 0
AvatarID: 0
AvatarID: 0
AvatarID: 0
AvatarID: 0
AvatarID: 0
AvatarID: 0
AvatarID: 0
AvatarID: 0
AvatarID: 0
AvatarID: 0
AvatarID: 0
AvatarID: 0
AvatarID: 0
AvatarID: 0
AvatarID: 0
AvatarID: 0
AvatarID: 0
AvatarID: 0
AvatarID: 0
AvatarID: 0
AvatarID: 0
AvatarID: 0
AvatarID: 0
AvatarID: 0
AvatarID: 0
AvatarID: 0
AvatarID: 0
AvatarID: 0
AvatarID: 0
AvatarID: 0
AvatarID: 0
AvatarID: 0
AvatarID: 0
AvatarID: 0
AvatarID: 0
AvatarID: 0
AvatvatarID: 2
Current position of Avatar 2: 6, 3

AvatarID: 2
Current position of Avatar 2: 5, 3

AvatarID: 2
Current position of Avatar 2: 5, 3

AvatarID: 2
Current position of Avatar 2: 4, 3

AvatarID: 2
Current position of Avatar 2: 4, 2

AvatarID: 2
Current position of Avatar 2: 5, 2

AvatarID: 2
Current position of Avatar 2: 4, 2

AvatarID: 2
Current position of Avatar 2: 4, 1

AvatarID: 2
Current position of Avatar 2: 4, 2

AvatarID: 2
Current position of Avatar 2: 4, 3

AvatarID: 2
Current position of Avatar 2: 4, 3

AvatarID: 2
Current position of Avatar 2: 4, 4

AvatarID: 2
Current position of Avatar 2: 4, 4

AvatarID: 2
Current position of Avatar 2: 4, 4

AvatarID: 2
Current position of Avatar 2: 4, 4

AvatarID: 2
Current position of Avatar 2: 5, 4

AvatarID: 2
Current position of Avatar 2: 5, 5

AvatarID: 2
Current position of Avatar 2: 4, 5

AvatarID: 2
Current position of Avatar 2: 4, 5

AvatarID: 2
Current position of Avatar 2: 4, 5

AvatarID: 2
Current position of Avatar 2: 4, 6

AvatarID: 2
Current position of Avatar 2: 3, 6

AvatarID: 2
Current position of Avatar 2: 3, 5

AvatarID: 2
Current position of Avatar 2: 3, 4

AvatarID: 2
Current position of Avatar 2: 3, 3

AvatarID: 2
Current position of Avatar 2: 2, 3

AvatarID: 2
Current position of Avatar 2: 3, 3

AvatarID: 2
Current position of Avatar 2: 3, 4

AvatarID: 2
Current position of Avatar 2: 3, 5

AvatarID: 2
Current position of Avatar 2: 3, 6

AvatarID: 2
Current position of Avatar 2: 2, 6

AvatarID: 2
Current position of Avatar 2: 3, 6

AvatarID: 2
Current position of Avatar 2: 4, 6

AvatarID: 2
Current position of Avatar 2: 4, 7

AvatarID: 2
Current position of Avatar 2: 4, 6

AvatarID: 2
Current position of Avatar 2: 4, 5

AvatarID: 2
Current position of Avatar 2: 5, 5

AvatarID: 2
Current position of Avatar 2: 5, 4

AvatarID: 2
Current position of Avatar 2: 4, 4

AvatarID: 2
Current position of Avatar 2: 4, 3

AvatarID: 2
Current position of Avatar 2: 5, 3

AvatarID: 2
Current position of Avatar 2: 6, 3

AvatarID: 2
Current position of Avatar 2: 6, 2

AvatarID: 2
Current position of Avatar 2: 7, 2

AvatarID: 2
Current position of Avatar 2: 7, 3

AvatarID: 2
Current position of Avatar 2: 7, 4

AvatarID: 2
Current position of Avatar 2: 6, 4

AvatarID: 2
Current position of Avatar 2: 6, 5

AvatarID: 2
Current position of Avatar 2: 6, 6

AvatarID: 2
Current position of Avatar 2: 5, 6

AvatarID: 2
Current position of Avatar 2: 5, 7

AvatarID: 2
Current position of Avatar 2: 5, 8

AvatarID: 2
Current position of Avatar 2: 4, 8

AvatarID: 2
Current position of Avatar 2: 4, 9

AvatarID: 2
Current position of Avatar 2: 5, 9

AvatarID: 2
Current position of Avatar 2: 6, 9

AvatarID: 2
Current position of Avatar 2: 6, 10

AvatarID: 2
Current position of Avatar 2: 6, 11

AvatarID: 2
Current position of Avatar 2: 6, 10

AvatarID: 2
Current position of Avatar 2: 7, 10

AvatarID: 2
Current position of Avatar 2: 7, 11

AvatarID: 2
Current position of Avatar 2: 8, 11

AvatarID: 2
Current position of Avatar 2: 9, 11

AvatarID: 2
Current position of Avatar 2: 9, 12

AvatarID: 2
Current position of Avatar 2: 10, 12

AvatarID: 2
Current position of Avatar 2: 10, 13

AvatarID: 2
Current position of Avatar 2: 11, 13

AvatarID: 2
Current position of Avatar 2: 12, 13

AvatarID: 2
Current position of Avatar 2: 12, 12

AvatarID: 2
Current position of Avatar 2: 13, 12

AvatarID: 2
Current position of Avatar 2: 13, 13

AvatarID: 2
Current position of Avatar 2: 13, 14

AvatarID: 2
Current position of Avatar 2: 14, 14

AvatarID: 2
Current position of Avatar 2: 14, 15

AvatarID: 2
Current position of Avatar 2: 14, 16

AvatarID: 2
Current position of Avatar 2: 13, 16

AvatarID: 2
Current position of Avatar 2: 12, 16

AvatarID: 2
Current position of Avatar 2: 11, 16

AvatarID: 2
Current position of Avatar 2: 11, 17

AvatarID: 2
Current position of Avatar 2: 12, 17

AvatarID: 2
Current position of Avatar 2: 13, 17

AvatarID: 2
Current position of Avatar 2: 13, 18

AvatarID: 2
Current position of Avatar 2: 14, 18

AvatarID: 2
Current position of Avatar 2: 14, 19

AvatarID: 2
Current position of Avatar 2: 13, 19

AvatarID: 2
Current position of Avatar 2: 12, 19

AvatarID: 2
Current position of Avatar 2: 11, 19

AvatarID: 2
Current position of Avatar 2: 10, 19

AvatarID: 2
Current position of Avatar 2: 10, 18

AvatarID: 2
Current position of Avatar 2: 11, 18

AvatarID: 2
Current position of Avatar 2: 12, 18

AvatarID: 2
Current position of Avatar 2: 11, 18

AvatarID: 2
Current position of Avatar 2: 10, 18

AvatarID: 2
Current position of Avatar 2: 9, 18

AvatarID: 2
Current position of Avatar 2: 9, 19

AvatarID: 2
Current position of Avatar 2: 8, 19

AvatarID: 2
Current position of Avatar 2: 8, 18

AvatarID: 2
Current position of Avatar 2: 8, 17

AvatarID: 2
Current position of Avatar 2: 9, 17

AvatarID: 2
Current position of Avatar 2: 9, 16

AvatarID: 2
Current position of Avatar 2: 9, 15

AvatarID: 2
Current position of Avatar 2: 9, 14

AvatarID: 2
Current position of Avatar 2: 10, 14

AvatarID: 2
Current position of Avatar 2: 10, 15

AvatarID: 2
Current position of Avatar 2: 10, 16

AvatarID: 2
Current position of Avatar 2: 10, 17

AvatarID: 2
Current position of Avatar 2: 10, 16

AvatarID: 2
Current position of Avatar 2: 10, 15

AvatarID: 2
Current position of Avatar 2: 11, 15

AvatarID: 2
Current position of Avatar 2: 12, 15

AvatarID: 2
Current position of Avatar 2: 13, 15

AvatarID: 2
Current position of Avatar 2: 12, 15

AvatarID: 2
Current position of Avatar 2: 12, 14

AvatarID: 2
Current position of Avatar 2: 11, 14

AvatarID: 2
Current position of Avatar 2: 12, 14

AvatarID: 2
Current position of Avatar 2: 12, 15

AvatarID: 2
Current position of Avatar 2: 11, 15

AvatarID: 2
Current position of Avatar 2: 10, 15

AvatarID: 2
Current position of Avatar 2: 10, 14

AvatarID: 2
Current position of Avatar 2: 9, 14

AvatarID: 2
Current position of Avatar 2: 9, 13

AvatarID: 2
Current position of Avatar 2: 8, 13

AvatarID: 2
Current position of Avatar 2: 8, 12

AvatarID: 2
Current position of Avatar 2: 8, 13

AvatarID: 2
Current position of Avatar 2: 8, 14

AvatarID: 2
Current position of Avatar 2: 8, 13

AvatarID: 2
Current position of Avatar 2: 9, 13

AvatarID: 2
Current position of Avatar 2: 9, 14

AvatarID: 2
Current position of Avatar 2: 9, 15

AvatarID: 2
Current position of Avatar 2: 9, 16

AvatarID: 2
Current position of Avatar 2: 9, 17

AvatarID: 2
Current position of Avatar 2: 8, 17

AvatarID: 2
Current position of Avatar 2: 7, 17

AvatarID: 2
Current position of Avatar 2: 7, 18

AvatarID: 2
Current position of Avatar 2: 7, 19

AvatarID: 2
Current position of Avatar 2: 6, 19

AvatarID: 2
Current position of Avatar 2: 6, 18

AvatarID: 2
Current position of Avatar 2: 6, 17

AvatarID: 2
Current position of Avatar 2: 6, 18

AvatarID: 2
Current position of Avatar 2: 5, 18

AvatarID: 2
Current position of Avatar 2: 4, 18

AvatarID: 2
Current position of Avatar 2: 4, 19

AvatarID: 2
Current position of Avatar 2: 5, 19

AvatarID: 2
Current position of Avatar 2: 4, 19

AvatarID: 2
Current position of Avatar 2: 4, 18

AvatarID: 2
Current position of Avatar 2: 5, 18

AvatarID: 2
Current position of Avatar 2: 6, 18

AvatarID: 2
Current position of Avatar 2: 6, 19

AvatarID: 2
Current position of Avatar 2: 7, 19

AvatarID: 2
Current position of Avatar 2: 7, 18

AvatarID: 2
Current position of Avatar 2: 7, 17

AvatarID: 2
Current position of Avatar 2: 8, 17

AvatarID: 2
Current position of Avatar 2: 8, 18

AvatarID: 2
Current position of Avatar 2: 8, 19

AvatarID: 2
Current position of Avatar 2: 9, 19

AvatarID: 2
Current position of Avatar 2: 9, 18

AvatarID: 2
Current position of Avatar 2: 10, 18

AvatarID: 2
Current position of Avatar 2: 10, 19

AvatarID: 2
Current position of Avatar 2: 11, 19

AvatarID: 2
Current position of Avatar 2: 12, 19

AvatarID: 2
Current position of Avatar 2: 13, 19

AvatarID: 2
Current position of Avatar 2: 14, 19

AvatarID: 2
Current position of Avatar 2: 15, 19

AvatarID: 2
Current position of Avatar 2: 15, 18

AvatarID: 2
Current position of Avatar 2: 15, 17

AvatarID: 2
Current position of Avatar 2: 15, 16

AvatarID: 2
Current position of Avatar 2: 16, 16

AvatarID:ition of Avatar 1: 16, 3

AvatarID: 1
Current position of Avatar 1: 16, 4

AvatarID: 1
Current position of Avatar 1: 17, 4

AvatarID: 1
Current position of Avatar 1: 17, 5

AvatarID: 1
Current position of Avatar 1: 16, 5

AvatarID: 1
Current position of Avatar 1: 17, 5

AvatarID: 1
Current position of Avatar 1: 18, 5

AvatarID: 1
Current position of Avatar 1: 18, 6

AvatarID: 1
Current position of Avatar 1: 19, 6

AvatarID: 1
Current position of Avatar 1: 19, 5

AvatarID: 1
Current position of Avatar 1: 19, 4

AvatarID: 1
Current position of Avatar 1: 18, 4

AvatarID: 1
Current position of Avatar 1: 18, 3

AvatarID: 1
Current position of Avatar 1: 18, 2

AvatarID: 1
Current position of Avatar 1: 17, 2

AvatarID: 1
Current position of Avatar 1: 16, 2

AvatarID: 1
Current position of Avatar 1: 16, 1

AvatarID: 1
Current position of Avatar 1: 17, 1

AvatarID: 1
Current position of Avatar 1: 18, 1

AvatarID: 1
Current position of Avatar 1: 18, 0

AvatarID: 1
AvatarID: 1
AvatarID: 1
AvatarID: 1
AvatarID: 1
AvatarID: 1
AvatarID: 1
AvatarID: 1
AvatarID: 1
AvatarID: 1
AvatarID: 1
AvatarID: 1
AvatarID: 1
AvatarID: 1
AvatarID: 1
AvatarID: 1
AvatarID: 1
AvatarID: 1
AvatarID: 1
AvatarID: 1
AvatarID: 1
AvatarID: 1
AvatarID: 1
AvatarID: 1
AvatarID: 1
AvatarID: 1
AvatarID: 1
AvatarID: 1
AvatarID: 1
AvatarID: 1
AvatarID: 1
AvatarID: 1
AvatarID: 1
AvatarID: 1
AvatarID: 1
AvatarID: 1
AvatarID: 1
AvatarID: 1
AvatarID: 1
AvatarID: 1
AvatarID: 1
AvatarID: 1
AvatarID: 1
AvatarID: 1
AvatarID: 1
AvatarID: 1
AvatarID: 1
AvatarID: 1
AvatarID: 1
AvatarID: 1
AvatarID: 1
AvatarID: 1
AvatarID: 1
AvatarID: 1
AvatarID: 1
AvatarID: 1
AvatarID: 1
AvatarID: 1
AvatarID: 1
AvatarID: 1
AvatarID: 1
AvatarID: 1
AvatarID: 1
AvatarID: 1
AvatarID: 1
AvatarID: 1
AvatarID: 1
AvatarID: 1
AvatarID: 1
AvatarID: 1
AvatarID: 1
AvatarID: 1
AvatarID: 1
AvatarID: 1
AvatarID: 1
AvatarID: 1
AvatarID: 1
AvatarID: 1
AvatarID: 1
AvatarID: 1
AvatarID: 1
AvatarID: 1
AvatarID: 1
AvatarID: 1
AvatarID: 1
AvatarID: 1
AvatarID: 1
AvatarID: 1
AvatarID: 1
AvatarID: 1
AvatarID: 1
AvatarID: 1
AvatarID: 1
AvatarID: 1
AvatarID: 1
AvatarID: 1
AvatarID: 1
AvatarID: 1
AvatarID: 1
AvatarID: 1
AvatarID: 1
AvatarID: 1
AvatarID: 1
AvatarID: 1
AvatarID: 1
AvatarID: 1
AvatarID: 1
AvatarID: 1
AvatarID: 1
AvatarID: 1
AvatarID: 1
AvatarID: 1
AvatarID: 1
AvatarID: 1
AvatarID: 1
AvatarID: 1
AvatarID: 1
AvatarID: 1
AvatarID: 1
AvatarID: 1
AvatarID: 1
AvatarID: 1
AvatarID: 1
AvatarID: 1
AvatarID: 1
AvatarID: 1
AvatarID: 1
AvatarID: 1
AvatarID: 1
AvatarID: 1
AvatarID: 1
AvatarID: 1
AvatarID: 1
AvatarID: 1
AvatarID: 1
AvatarID: 1
AvatarID: 1
AvatarID: 1
AvatarID: 1
AvatarID: 1
AvatarID: 1
AvatarID: 1
AvatarID: 1
AvatarID: 1
AvatarID: 1
AvatarID: 1
AvatarID: 1
AvatarID: 1
AvatarID: 1
AvatarID: 1
AvatarID: 1
AvatarID: 1
AvatarID: 1
AvatarID: 1
AvatarID: 1
AvatarID: 1
AvatarID: 1
AvatarID: 1
AvatarID: 1
AvatarID: 1
AvatarID: 1
AvatarID: 1
AvatarID: 1
AvatarID: 1
AvatarID: 1
AvatarID: 1
AvatarID: 1
AvatarID: 1
AvatarID: 1
AvatarID: 1
AvatarID: 1
AvatarID: 1
AvatarID: 1
AvatarID: 1
AvatarID: 1
AvatarID: 1
AvatarID: 1
AvatarID: 1
AvatarID: 1
AvatarID: 1
AvatarID: 1
AvatarID: 1
AvatarID: 1
AvatarID: 1
AvatarID: 1
AvatarID: 1
AvatarID: 1
AvatarID: 1
AvatarID: 1
AvatarID: 1
AvatarID: 1
AvatarID: 1
AvatarID: 1
AvatarID: 1
AvatarID: 1
AvatarID: 1
AvatarID: 1
AvatarID: 1
AvatarID: 1
AvatarID: 1
AvatarID: 1
AvatarID: 1
AvatarID: 1
AvatarID: 1
AvatarID: 1
AvatarID: 1
AvatarID: 1
AvatarID: 1
AvatarID: 1
AvatarID: 1
AvatarID: 1
AvatarID: 1
AvatarID: 1
AvatarID: 1
AvatarID: 1
AvatarID: 1
AvatarID: 1
AvatarID: 1
AvatarID: 1
AvatarID: 1
AvatarID: 1
AvatarID: 1
AvatarID: 1
AvatarID: 1
AvatarID: 1
AvatarID: 1
AvatarID: 1
AvatarID: 1
AvatarID: 1
AvatarID: 1
AvatarID: 1
AvatarID: 1
AvatarID: 1
AvatarID: 1
AvatarID: 1
AvatarID: 1
AvatarID: 1
AvatarID: 1
AvatarID: 1
AvatarID: 1
AvatarID: 1
AvatarID: 1
AvatarID: 1
AvatarID: 1
AvatarID: 1
AvatarID: 1
AvatarID: 1
Maze is solved!
arID: 0
AvatarID: 0
AvatarID: 0
AvatarID: 0
AvatarID: 0
AvatarID: 0
AvatarID: 0
AvatarID: 0
AvatarID: 0
AvatarID: 0
AvatarID: 0
AvatarID: 0
AvatarID: 0
AvatarID: 0
AvatarID: 0
AvatarID: 0
AvatarID: 0
AvatarID: 0
AvatarID: 0
AvatarID: 0
AvatarID: 0
AvatarID: 0
AvatarID: 0
AvatarID: 0
AvatarID: 0
AvatarID: 0
AvatarID: 0
AvatarID: 0
AvatarID: 0
AvatarID: 0
AvatarID: 0
AvatarID: 0
AvatarID: 0
AvatarID: 0
AvatarID: 0
AvatarID: 0
AvatarID: 0
AvatarID: 0
AvatarID: 0
AvatarID: 0
AvatarID: 0
AvatarID: 0
AvatarID: 0
AvatarID: 0
AvatarID: 0
AvatarID: 0
AvatarID: 0
AvatarID: 0
AvatarID: 0
AvatarID: 0
AvatarID: 0
AvatarID: 0
AvatarID: 0
AvatarID: 0
AvatarID: 0
AvatarID: 0
AvatarID: 0
AvatarID: 0
AvatarID: 0
AvatarID: 0
AvatarID: 0
AvatarID: 0
AvatarID: 0
AvatarID: 0
AvatarID: 0
AvatarID: 0
AvatarID: 0
AvatarID: 0
AvatarID: 0
AvatarID: 0
AvatarID: 0
AvatarID: 0
AvatarID: 0
AvatarID: 0
AvatarID: 0
AvatarID: 0
AvatarID: 0
AvatarID: 0
AvatarID: 0
AvatarID: 0
AvatarID: 0
AvatarID: 0
AvatarID: 0
AvatarID: 0
AvatarID: 0
AvatarID: 0
AvatarID: 0
AvatarID: 0
AvatarID: 0
AvatarID: 0
AvatarID: 0
AvatarID: 0
AvatarID: 0
AvatarID: 0
AvatarID: 0
AvatarID: 0
AvatarID: 0
AvatarID: 0
AvatarID: 0
AvatarID: 0
AvatarID: 0
AvatarID: 0
AvatarID: 0
AvatarID: 0
AvatarID: 0
AvatarID: 0
AvatarID: 0
AvatarID: 0
AvatarID: 0
AvatarID: 0
AvatarID: 0
AvatarID: 0
AvatarID: 0
AvatarID: 0
AvatarID: 0
AvatarID: 0
AvatarID: 0
AvatarID: 0
AvatarID: 0
AvatarID: 0
AvatarID: 0
AvatarID: 0
AvatarID: 0
AvatarID: 0
AvatarID: 0
AvatarID: 0
AvatarID: 0
AvatarID: 0
AvatarID: 0
AvatarID: 0
AvatarID: 0
AvatarID: 0
AvatarID: 0
AvatarID: 0
AvatarID: 0
AvatarID: 0
AvatarID: 0
AvatarID: 0
AvatarID: 0
AvatarID: 0
AvatarID: 0
AvatarID: 0
AvatarID: 0
AvatarID: 0
AvatarID: 0
AvatarID: 0
AvatarID: 0
AvatarID: 0
AvatarID: 0
AvatarID: 0
AvatarID: 0
AvatarID: 0
AvatarID: 0
AvatarID: 0
AvatarID: 0
AvatarID: 0
AvatarID: 0
AvatarID: 0
AvatarID: 0
AvatarID: 0
AvatarID: 0
AvatarID: 0
AvatarID: 0
AvatarID: 0
AvatarID: 0
AvatarID: 0
AvatarID: 0
AvatarID: 0
AvatarID: 0
AvatarID: 0
AvatarID: 0
AvatarID: 0
AvatarID: 0
AvatarID: 0
AvatarID: 0
AvatarID: 0
AvatarID: 0
AvatarID: 0
Maze is solved!
*******
AvatarID: 3
AvatarID: 3
Current position of Avatar 3: 18, 1

AvatarID: 3
Current position of Avatar 3: 18, 1

AvatarID: 3
Current position of Avatar 3: 18, 1

AvatarID: 3
Current position of Avatar 3: 18, 0

AvatarID: 3
AvatarID: 3
AvatarID: 3
AvatarID: 3
AvatarID: 3
AvatarID: 3
AvatarID: 3
AvatarID: 3
AvatarID: 3
AvatarID: 3
AvatarID: 3
AvatarID: 3
AvatarID: 3
AvatarID: 3
AvatarID: 3
AvatarID: 3
AvatarID: 3
AvatarID: 3
AvatarID: 3
AvatarID: 3
AvatarID: 3
AvatarID: 3
AvatarID: 3
AvatarID: 3
AvatarID: 3
AvatarID: 3
AvatarID: 3
AvatarID: 3
AvatarID: 3
AvatarID: 3
AvatarID: 3
AvatarID: 3
AvatarID: 3
AvatarID: 3
AvatarID: 3
AvatarID: 3
AvatarID: 3
AvatarID: 3
AvatarID: 3
AvatarID: 3
AvatarID: 3
AvatarID: 3
AvatarID: 3
AvatarID: 3
AvatarID: 3
AvatarID: 3
AvatarID: 3
AvatarID: 3
AvatarID: 3
AvatarID: 3
AvatarID: 3
AvatarID: 3
AvatarID: 3
AvatarID: 3
AvatarID: 3
AvatarID: 3
AvatarID: 3
AvatarID: 3
AvatarID: 3
AvatarID: 3
AvatarID: 3
AvatarID: 3
AvatarID: 3
AvatarID: 3
AvatarID: 3
AvatarID: 3
AvatarID: 3
AvatarID: 3
AvatarID: 3
AvatarID: 3
AvatarID: 3
AvatarID: 3
AvatarID: 3
AvatarID: 3
AvatarID: 3
AvatarID: 3
AvatarID: 3
AvatarID: 3
AvatarID: 3
AvatarID: 3
AvatarID: 3
AvatarID: 3
AvatarID: 3
AvatarID: 3
AvatarID: 3
AvatarID: 3
AvatarID: 3
AvatarID: 3
AvatarID: 3
AvatarID: 3
AvatarID: 3
AvatarID: 3
AvatarID: 3
AvatarID: 3
AvatarID: 3
AvatarID: 3
AvatarID: 3
AvatarID: 3
AvatarID: 3
AvatarID: 3
AvatarID: 3
AvatarID: 3
AvatarID: 3
AvatarID: 3
AvatarID: 3
AvatarID: 3
AvatarID: 3
AvatarID: 3
AvatarID: 3
AvatarID: 3
AvatarID: 3
AvatarID: 3
AvatarID: 3
AvatarID: 3
AvatarID: 3
AvatarID: 3
AvatarID: 3
AvatarID: 3
AvatarID: 3
AvatarID: 3
AvatarID: 3
AvatarID: 3
AvatarID: 3
AvatarID: 3
AvatarID: 3
AvatarID: 3
AvatarID: 3
AvatarID: 3
AvatarID: 3
AvatarID: 3
AvatarID: 3
AvatarID: 3
AvatarID: 3
AvatarID: 3
AvatarID: 3
AvatarID: 3
AvatarID: 3
AvatarID: 3
AvatarID: 3
AvatarID: 3
AvatarID: 3
AvatarID: 3
AvatarID: 3
AvatarID: 3
AvatarID: 3
AvatarID: 3
AvatarID: 3
AvatarID: 3
AvatarID: 3
AvatarID: 3
AvatarID: 3
AvatarID: 3
AvatarID: 3
AvatarID: 3
AvatarID: 3
AvatarID: 3
AvatarID: 3
AvatarID: 3
AvatarID: 3
AvatarID: 3
AvatarID: 3
AvatarID: 3
AvatarID: 3
AvatarID: 3
AvatarID: 3
AvatarID: 3
AvatarID: 3
AvatarID: 3
AvatarID: 3
AvatarID: 3
AvatarID: 3
AvatarID: 3
AvatarID: 3
AvatarID: 3
AvatarID: 3
AvatarID: 3
AvatarID: 3
AvatarID: 3
AvatarID: 3
AvatarID: 3
AvatarID: 3
AvatarID: 3
AvatarID: 3
AvatarID: 3
AvatarID: 3
AvatarID: 3
AvatarID: 3
AvatarID: 3
AvatarID: 3
AvatarID: 3
AvatarID: 3
AvatarID: 3
AvatarID: 3
AvatarID: 3
AvatarID: 3
AvatarID: 3
AvatarID: 3
AvatarID: 3
AvatarID: 3
AvatarID: 3
AvatarID: 3
AvatarID: 3
AvatarID: 3
AvatarID: 3
AvatarID: 3
AvatarID: 3
AvatarID: 3
AvatarID: 3
AvatarID: 3
AvatarID: 3
AvatarID: 3
AvatarID: 3
AvatarID: 3
AvatarID: 3
AvatarID: 3
AvatarID: 3
AvatarID: 3
AvatarID: 3
AvatarID: 3
AvatarID: 3
AvatarID: 3
AvatarID: 3
AvatarID: 3
AvatarID: 3
AvatarID: 3
AvatarID: 3
AvatarID: 3
AvatarID: 3
AvatarID: 3
AvatarID: 3
AvatarID: 3
AvatarID: 3
AvatarID: 3
AvatarID: 3
AvatarID: 3
AvatarID: 3
AvatarID: 3
AvatarID: 3
AvatarID: 3
AvatarID: 3
AvatarID: 3
AvatarID: 3
AvatarID: 3
AvatarID: 3
AvatarID: 3
AvatarID: 3
AvatarID: 3
AvatarID: 3
AvatarID: 3
AvatarID: 3
AvatarID: 3
AvatarID: 3
AvatarID: 3
AvatarID: 3
AvatarID: 3
AvatarID: 3
AvatarID: 3
AvatarID: 3
AvatarID: 3
AvatarID: 3
AvatarID: 3
AvatarID: 3
AvatarID: 3
AvatarID: 3
AvatarID: 3
AvatarID: 3
AvatarID: 3
AvatarID: 3
AvatarID: 3
AvatarID: 3
AvatarID: 3
AvatarID: 3
AvatarID: 3
AvatarID: 3
AvatarID: 3
AvatarID: 3
AvatarID: 3
AvatarID: 3
AvatarID: 3
AvatarID: 3
AvatarID: 3
AvatarID: 3
AvatarID: 3
AvatarID: 3
AvatarID: 3
AvatarID: 3
AvatarID: 3
AvatarID: 3
AvatarID: 3
AvatarID: 3
AvatarID: 3
AvatarID: 3
AvatarID: 3
AvatarID: 3
AvatarID: 3
AvatarID: 3
AvatarID: 3
AvatarID: 3
AvatarID: 3
AvatarID: 3
AvatarID: 3
AvatarID: 3
AvatarID: 3
AvatarID: 3
AvatarID: 3
AvatarID: 3
AvatarID: 3
AvatarID: 3
AvatarID: 3
AvatarID: 3
AvatarID: 3
AvatarID: 3
AvatarID: 3
AvatarID: 3
AvatarID: 3
AvatarID: 3
AvatarID: 3
AvatarID: 3
AvatarID: 3
AvatarID: 3
AvatarID: 3
AvatarID: 3
AvatarID: 3
AvatarID: 3
AvatarID: 3
AvatarID: 3
AvatarID: 3
AvatarID: 3
AvatarID: 3
AvatarID: 3
AvatarID: 3
AvatarID: 3
AvatarID: 3
AvatarID: 3
AvatarID: 3
AvatarID: 3
AvatarID: 3
AvatarID: 3
AvatarID: 3
AvatarID: 3
AvatarID: 3
AvatarID: 3
AvatarID: 3
AvatarID: 3
AvatarID: 3
AvatarID: 3
AvatarID: 3
AvatarID: 3
AvatarID: 3
AvatarID: 3
AvatarID: 3
AvatarID: 3
AvatarID: 3
AvatarID: 3
AvatarID: 3
AvatarID: 3
AvatarID: 3
AvatarID: 3
AvatarID: 3
AvatarID: 3
AvatarID: 3
AvatarID: 3
AvatarID: 3
AvatarID: 3
AvatarID: 3
AvatarID: 3
AvatarID: 3
AvatarID: 3
AvatarID: 3
AvatarID: 3
AvatarID: 3
AvatarID: 3
AvatarID: 3
AvatarID: 3
AvatarID: 3
AvatarID: 3
AvatarID: 3
AvatarID: 3
AvatarID: 3
AvatarID: 3
AvatarID: 3
AvatarID: 3
AvatarID: 3
AvatarID: 3
AvatarID: 3
AvatarID: 3
AvatarID: 3
AvatarID: 3
AvatarID: 3
AvatarID: 3
AvatarID: 3
AvatarID: 3
AvatarID: 3
AvatarID: 3
AvatarID: 3
AvatarID: 3
AvatarID: 3
AvatarID: 3
AvatarID: 3
AvatarID: 3
AvatarID: 3
AvatarID: 3
AvatarID: 3
AvatarID: 3
AvatarID: 3
AvatarID: 3
AvatarID: 3
AvatarID: 3
AvatarID: 3
AvatarID: 3
AvatarID: 3
AvatarID: 3
AvatarID: 3
AvatarID: 3
AvatarID: 3
AvatarID: 3
AvatarID: 3
AvatarID: 3
AvatarID: 3
AvatarID: 3
AvatarID: 3
AvatarID: 3
AvatarID: 3
AvatarID: 3
AvatarID: 3
AvatarID: 3
AvatarID: 3
AvatarID: 3
AvatarID: 3
AvatarID: 3
AvatarID: 3
AvatarID: 3
AvatarID: 3
AvatarID: 3
AvatarID: 3
AvatarID: 3
AvatarID: 3
AvatarID: 3
AvatarID: 3
AvatarID: 3
AvatarID: 3
AvatarID: 3
AvatarID: 3
AvatarID: 3
AvatarID: 3
AvatarID: 3
AvatarID: 3
AvatarID: 3
AvatarID: 3
AvatarID: 3
AvatarID: 3
AvatarID: 3
AvatarID: 3
AvatarID: 3
AvatarID: 3
AvatarID: 3
AvatarID: 3
AvatarID: 3
AvatarID: 3
AvatarID: 3
AvatarID: 3
AvatarID: 3
AvatarID: 3
AvatarID: 3
AvatarID: 3
AvatarID: 3
AvatarID: 3
AvatarID: 3
AvatarID: 3
AvatarID: 3
AvatarID: 3
AvatarID: 3
AvatarID: 3
AvatarID: 3
AvatarID: 3
AvatarID: 3
AvatarID: 3
AvatarID: 3
AvatarID: 3
AvatarID: 3
AvatarID: 3
AvatarID: 3
AvatarID: 3
AvatarID: 3
AvatarID: 3
AvatarID: 3
AvatarID: 3
AvatarID: 3
AvatarID: 3
AvatarID: 3
AvatarID: 3
AvatarID: 3
AvatarID: 3
AvatarID: 3
AvatarID: 3
AvatarID: 3
AvatarID: 3
AvatarID: 3
AvatarID: 3
AvatarID: 3
AvatarID: 3
AvatarID: 3
AvatarID: 3
AvatarID: 3
AvatarID: 3
AvatarID: 3
AvatarID: 3
AvatarID: 3
AvatarID: 3
AvatarID: 3
AvatarID: 3
AvatarID: 3
AvatarID: 3
AvatarID: 3
AvatarID: 3
AvatarID: 3
AvatarID: 3
AvatarID: 3
AvatarID: 3
AvatarID: 3
AvatarID: 3
AvatarID: 3
AvatarID: 3
AvatarID: 3
AvatarID: 3
AvatarID: 3
AvatarID: 3
AvatarID: 3
AvatarID: 3
AvatarID: 3
AvatarID: 3
AvatarID: 3
AvatarID: 3
AvatarID: 3
AvatarID: 3
AvatarID: 3
AvatarID: 3
AvatarID: 3
AvatarID: 3
AvatarID: 3
AvatarID: 3
AvatarID: 3
AvatarID: 3
AvatarID: 3
AvatarID: 3
AvatarID: 3
AvatarID: 3
AvatarID: 3
AvatarID: 3
AvatarID: 3
AvatarID: 3
AvatarID: 3
AvatarID: 3
AvatarID: 3
AvatarID: 3
AvatarID: 3
AvatarID: 3
AvatarID: 3
AvatarID: 3
AvatarID: 3
AvatarID: 3
AvatarID: 3
AvatarID: 3
AvatarID: 3
AvatarID: 3
AvatarID: 3
AvatarID: 3
AvatarID: 3
AvatarID: 3
AvatarID: 3
AvatarID: 3
AvatarID: 3
AvatarID: 3
AvatarID: 3
AvatarID: 3
AvatarID: 3
AvatarID: 3
AvatarID: 3
AvatarID: 3
AvatarID: 3
AvatarID: 3
AvatarID: 3
AvatarID: 3
AvatarID: 3
AvatarID: 3
AvatarID: 3
AvatarID: 3
AvatarID: 3
AvatarID: 3
AvatarID: 3
AvatarID: 3
AvatarID: 3
AvatarID: 3
Maze is solved!
 2
Current position of Avatar 2: 16, 15

AvatarID: 2
Current position of Avatar 2: 15, 15

AvatarID: 2
Current position of Avatar 2: 15, 14

AvatarID: 2
Current position of Avatar 2: 16, 14

AvatarID: 2
Current position of Avatar 2: 16, 13

AvatarID: 2
Current position of Avatar 2: 16, 12

AvatarID: 2
Current position of Avatar 2: 17, 12

AvatarID: 2
Current position of Avatar 2: 17, 13

AvatarID: 2
Current position of Avatar 2: 17, 14

AvatarID: 2
Current position of Avatar 2: 18, 14

AvatarID: 2
Current position of Avatar 2: 18, 15

AvatarID: 2
Current position of Avatar 2: 17, 15

AvatarID: 2
Current position of Avatar 2: 17, 16

AvatarID: 2
Current position of Avatar 2: 18, 16

AvatarID: 2
Current position of Avatar 2: 18, 17

AvatarID: 2
Current position of Avatar 2: 18, 18

AvatarID: 2
Current position of Avatar 2: 17, 18

AvatarID: 2
Current position of Avatar 2: 17, 19

AvatarID: 2
Current position of Avatar 2: 16, 19

AvatarID: 2
Current position of Avatar 2: 16, 18

AvatarID: 2
Current position of Avatar 2: 16, 17

AvatarID: 2
Current position of Avatar 2: 17, 17

AvatarID: 2
Current position of Avatar 2: 16, 17

AvatarID: 2
Current position of Avatar 2: 16, 18

AvatarID: 2
Current position of Avatar 2: 16, 19

AvatarID: 2
Current position of Avatar 2: 17, 19

AvatarID: 2
Current position of Avatar 2: 18, 19

AvatarID: 2
Current position of Avatar 2: 19, 19

AvatarID: 2
Current position of Avatar 2: 19, 18

AvatarID: 2
Current position of Avatar 2: 19, 17

AvatarID: 2
Current position of Avatar 2: 19, 16

AvatarID: 2
Current position of Avatar 2: 19, 15

AvatarID: 2
Current position of Avatar 2: 19, 14

AvatarID: 2
Current position of Avatar 2: 19, 13

AvatarID: 2
Current position of Avatar 2: 18, 13

AvatarID: 2
Current position of Avatar 2: 18, 12

AvatarID: 2
Current position of Avatar 2: 18, 11

AvatarID: 2
Current position of Avatar 2: 17, 11

AvatarID: 2
Current position of Avatar 2: 16, 11

AvatarID: 2
Current position of Avatar 2: 16, 10

AvatarID: 2
Current position of Avatar 2: 15, 10

AvatarID: 2
Current position of Avatar 2: 14, 10

AvatarID: 2
Current position of Avatar 2: 14, 9

AvatarID: 2
Current position of Avatar 2: 15, 9

AvatarID: 2
Current position of Avatar 2: 15, 8

AvatarID: 2
Current position of Avatar 2: 16, 8

AvatarID: 2
Current position of Avatar 2: 16, 9

AvatarID: 2
Current position of Avatar 2: 17, 9

AvatarID: 2
Current position of Avatar 2: 17, 8

AvatarID: 2
Current position of Avatar 2: 18, 8

AvatarID: 2
Current position of Avatar 2: 18, 9

AvatarID: 2
Current position of Avatar 2: 19, 9

AvatarID: 2
Current position of Avatar 2: 19, 10

AvatarID: 2
Current position of Avatar 2: 18, 10

AvatarID: 2
Current position of Avatar 2: 17, 10

AvatarID: 2
Current position of Avatar 2: 18, 10

AvatarID: 2
Current position of Avatar 2: 19, 10

AvatarID: 2
Current position of Avatar 2: 19, 11

AvatarID: 2
Current position of Avatar 2: 19, 12

AvatarID: 2
Current position of Avatar 2: 19, 11

AvatarID: 2
Current position of Avatar 2: 19, 10

AvatarID: 2
Current position of Avatar 2: 19, 9

AvatarID: 2
Current position of Avatar 2: 19, 8

AvatarID: 2
Current position of Avatar 2: 19, 7

AvatarID: 2
Current position of Avatar 2: 18, 7

AvatarID: 2
Current position of Avatar 2: 17, 7

AvatarID: 2
Current position of Avatar 2: 17, 6

AvatarID: 2
Current position of Avatar 2: 16, 6

AvatarID: 2
Current position of Avatar 2: 16, 7

AvatarID: 2
Current position of Avatar 2: 15, 7

AvatarID: 2
Current position of Avatar 2: 15, 6

AvatarID: 2
Current position of Avatar 2: 15, 5

AvatarID: 2
Current position of Avatar 2: 15, 4

AvatarID: 2
Current position of Avatar 2: 15, 3

AvatarID: 2
Current position of Avatar 2: 16, 3

AvatarID: 2
Current position of Avatar 2: 16, 4

AvatarID: 2
Current position of Avatar 2: 17, 4

AvatarID: 2
Current position of Avatar 2: 17, 5

AvatarID: 2
Current position of Avatar 2: 16, 5

AvatarID: 2
Current position of Avatar 2: 17, 5

AvatarID: 2
Current position of Avatar 2: 18, 5

AvatarID: 2
Current position of Avatar 2: 18, 6

AvatarID: 2
Current position of Avatar 2: 19, 6

AvatarID: 2
Current position of Avatar 2: 19, 5

AvatarID: 2
Current position of Avatar 2: 19, 4

AvatarID: 2
Current position of Avatar 2: 18, 4

AvatarID: 2
Current position of Avatar 2: 18, 3

AvatarID: 2
Current position of Avatar 2: 18, 2

AvatarID: 2
Current position of Avatar 2: 17, 2

AvatarID: 2
Current position of Avatar 2: 16, 2

AvatarID: 2
Current position of Avatar 2: 16, 1

AvatarID: 2
Current position of Avatar 2: 17, 1

AvatarID: 2
Current position of Avatar 2: 18, 1

AvatarID: 2
Current position of Avatar 2: 18, 0

Maze is solved!
