wyliekasai, 41823, Mon Mar  9 03:07:47 2020
*******
AvatarID: 1
AvatarID: 1
Current position of Avatar 1: 4, 3

AvatarID: 1
Current position of Avatar 1: 4, 3

AvatarID: 1
Current position of Avatar 1: 4, 3

AvatarID: 1
Current position of Avatar 1: 4, 2

AvatarID: 1
Current position of Avatar 1: 4, 2

AvatarID: 1
Current position of Avatar 1: 4, 2

AvatarID: 1
Current position of Avatar 1: 4, 2

AvatarID: 1
Current position of Avatar 1: 3, 2

AvatarID: 1
Current position of Avatar 1: 3, 2

AvatarID: 1
Current position of Avatar 1: 3, 2

AvatarID: 1
Current position of Avatar 1: 3, 2

AvatarID: 1
Current position of Avatar 1: 3, 2

AvatarID: 1
Current position of Avatar 1: 3, 2

AvatarID: 1
Current position of Avatar 1: 4, 2

AvatarID: 1
Current position of Avatar 1: 4, 3

AvatarID: 1
Current position of Avatar 1: 3, 3

AvatarID: 1
Current position of Avatar 1: 2, 3

AvatarID: 1
Current position of Avatar 1: 2, 2

AvatarID: 1
Current position of Avatar 1: 2, 2

AvatarID: 1
Current position of Avatar 1: 2, 2

AvatarID: 1
Current position of Avatar 1: 1, 2

AvatarID: 1
Current position of Avatar 1: 1, 1

AvatarID: 1
Current position of Avatar 1: 1, 1

AvatarID: 1
Current position of Avatar 1: 1, 0

AvatarID: 1
Current position of Avatar 1: 2, 0

AvatarID: 1
Current position of Avatar 1: 2, 1

AvatarID: 1
Current position of Avatar 1: 3, 1

AvatarID: 1
Current position of Avatar 1: 4, 1

AvatarID: 1
Current position of Avatar 1: 4, 1

AvatarID: 1
Current position of Avatar 1: 4, 1

AvatarID: 1
Current position of Avatar 1: 4, 0

AvatarID: 1
AvatarID: 1
AvatarID: 1
AvatarID: 1
AvatarID: 1
AvatarID: 1
AvatarID: 1
AvatarID: 1
AvatarID: 1
AvatarID: 1
AvatarID: 1
AvatarID: 1
AvatarID: 1
AvatarID: 1
AvatarID: 1
AvatarID: 1
AvatarID: 1
AvatarID: 1
AvatarID: 1
AvatarID: 1
AvatarID: 1
AvatarID: 1
AvatarID: 1
AvatarID: 1
AvatarID: 1
AvatarID: 1
AvatarID: 1
AvatarID: 1
AvatarID: 1
Maze is solved!
*******
AvatarID: 0
AvatarID: 0
Current position of Avatar 0: 1, 8

AvatarID: 0
Current position of Avatar 0: 2, 8

AvatarID: 0
Current position of Avatar 0: 3, 8

AvatarID: 0
Current position of Avatar 0: 4, 8

AvatarID: 0
Current position of Avatar 0: 5, 8

AvatarID: 0
Current position of Avatar 0: 5, 7

AvatarID: 0
Current position of Avatar 0: 5, 7

AvatarID: 0
Current position of Avatar 0: 5, 7

AvatarID: 0
Current position of Avatar 0: 5, 7

AvatarID: 0
Current position of Avatar 0: 5, 7

AvatarID: 0
Current position of Avatar 0: 5, 8

AvatarID: 0
Current position of Avatar 0: 4, 8

AvatarID: 0
Current position of Avatar 0: 4, 8

AvatarID: 0
Current position of Avatar 0: 3, 8

AvatarID: 0
Current position of Avatar 0: 3, 8

AvatarID: 0
Current position of Avatar 0: 2, 8

AvatarID: 0
Current position of Avatar 0: 2, 7

AvatarID: 0
Current position of Avatar 0: 2, 7

AvatarID: 0
Current position of Avatar 0: 2, 6

AvatarID: 0
Current position of Avatar 0: 2, 6

AvatarID: 0
Current position of Avatar 0: 2, 5

AvatarID: 0
Current position of Avatar 0: 2, 5

AvatarID: 0
Current position of Avatar 0: 2, 5

AvatarID: 0
Current position of Avatar 0: 2, 5

AvatarID: 0
Current position of Avatar 0: 1, 5

AvatarID: 0
Current position of Avatar 0: 1, 5

AvatarID: 0
Current position of Avatar 0: 1, 5

AvatarID: 0
Current position of Avatar 0: 1, 5

AvatarID: 0
Current position of Avatar 0: 1, 6

AvatarID: 0
Current position of Avatar 0: 0, 6

AvatarID: 0
Current position of Avatar 0: 0, 5

AvatarID: 0
Current position of Avatar 0: 0, 4

AvatarID: 0
Current position of Avatar 0: 0, 4

AvatarID: 0
Current position of Avatar 0: 0, 3

AvatarID: 0
Current position of Avatar 0: 0, 3

AvatarID: 0
Current position of Avatar 0: 0, 2

AvatarID: 0
Current position of Avatar 0: 1, 2

AvatarID: 0
Current position of Avatar 0: 1, 2

AvatarID: 0
Current position of Avatar 0: 2, 2

AvatarID: 0
Current position of Avatar 0: 2, 3

AvatarID: 0
Current position of Avatar 0: 2, 3

AvatarID: 0
Current position of Avatar 0: 2, 3

AvatarID: 0
Current position of Avatar 0: 2, 3

AvatarID: 0
Current position of Avatar 0: 3, 3

AvatarID: 0
Current position of Avatar 0: 3, 3

AvatarID: 0
Current position of Avatar 0: 4, 3

AvatarID: 0
Current position of Avatar 0: 4, 2

AvatarID: 0
Current position of Avatar 0: 3, 2

AvatarID: 0
Current position of Avatar 0: 4, 2

AvatarID: 0
Current position of Avatar 0: 4, 3

AvatarID: 0
Current position of Avatar 0: 3, 3

AvatarID: 0
Current position of Avatar 0: 2, 3

AvatarID: 0
Current position of Avatar 0: 2, 2

AvatarID: 0
Current position of Avatar 0: 1, 2

AvatarID: 0
Current position of Avatar 0: 1, 1

AvatarID: 0
Current position of Avatar 0: 1, 0

AvatarID: 0
Current position of Avatar 0: 2, 0

AvatarID: 0
Current position of Avatar 0: 2, 1

AvatarID: 0
Current position of Avatar 0: 3, 1

AvatarID: 0
Current position of Avatar 0: 4, 1

AvatarID: 0
Current position of Avatar 0: 4, 0

Maze is solved!
