wyliekasai, 45055, Mon Mar  9 03:08:37 2020
*******
AvatarID: 6
AvatarID: 6
Current position of Avatar 6: 1, 6

AvatarID: 6
Current position of Avatar 6: 2, 6

AvatarID: 6
Current position of Avatar 6: 2, 6

AvatarID: 6
Current position of Avatar 6: 2, 6

AvatarID: 6
Current position of Avatar 6: 2, 6

AvatarID: 6
Current position of Avatar 6: 2, 5

AvatarID: 6
Current position of Avatar 6: 3, 5

AvatarID: 6
Current position of Avatar 6: 3, 5

AvatarID: 6
Current position of Avatar 6: 4, 5

AvatarID: 6
Current position of Avatar 6: 4, 5

AvatarID: 6
Current position of Avatar 6: 5, 5

AvatarID: 6
Current position of Avatar 6: 5, 6

AvatarID: 6
Current position of Avatar 6: 5, 6

AvatarID: 6
Current position of Avatar 6: 5, 7

AvatarID: 6
Current position of Avatar 6: 5, 7

AvatarID: 6
Current position of Avatar 6: 5, 7

AvatarID: 6
Current position of Avatar 6: 5, 7

AvatarID: 6
Current position of Avatar 6: 5, 7

AvatarID: 6
Current position of Avatar 6: 5, 7

AvatarID: 6
Current position of Avatar 6: 5, 6

AvatarID: 6
Current position of Avatar 6: 6, 6

AvatarID: 6
Current position of Avatar 6: 6, 6

AvatarID: 6
Current position of Avatar 6: 6, 6

AvatarID: 6
Current position of Avatar 6: 6, 6

AvatarID: 6
Current position of Avatar 6: 6, 5

AvatarID: 6
Current position of Avatar 6: 6, 5

AvatarID: 6
Current position of Avatar 6: 6, 4

AvatarID: 6
Current position of Avatar 6: 6, 4

AvatarID: 6
Current position of Avatar 6: 6, 3

AvatarID: 6
Current position of Avatar 6: 6, 3

AvatarID: 6
Current position of Avatar 6: 6, 3

AvatarID: 6
Current position of Avatar 6: 6, 3

AvatarID: 6
Current position of Avatar 6: 5, 3

AvatarID: 6
Current position of Avatar 6: 5, 3

AvatarID: 6
Current position of Avatar 6: 5, 3

AvatarID: 6
Current position of Avatar 6: 5, 3

AvatarID: 6
Current position of Avatar 6: 5, 4

AvatarID: 6
Current position of Avatar 6: 4, 4

AvatarID: 6
Current position of Avatar 6: 4, 3

AvatarID: 6
Current position of Avatar 6: 4, 3

AvatarID: 6
Current position of Avatar 6: 4, 3

AvatarID: 6
Current position of Avatar 6: 3, 3

AvatarID: 6
Current position of Avatar 6: 3, 3

AvatarID: 6
Current position of Avatar 6: 3, 3

AvatarID: 6
Current position of Avatar 6: 3, 3

AvatarID: 6
Current position of Avatar 6: 3, 4

AvatarID: 6
Current position of Avatar 6: 2, 4

AvatarID: 6
Current position of Avatar 6: 2, 3

AvatarID: 6
Current position of Avatar 6: 2, 3

AvatarID: 6
Current position of Avatar 6: 2, 3

AvatarID: 6
Current position of Avatar 6: 1, 3

AvatarID: 6
Current position of Avatar 6: 1, 3

AvatarID: 6
Current position of Avatar 6: 1, 3

AvatarID: 6
Current position of Avatar 6: 1, 3

AvatarID: 6
Current position of Avatar 6: 1, 4

AvatarID: 6
Current position of Avatar 6: 0, 4

AvatarID: 6
Current position of Avatar 6: 0, 3

AvatarID: 6
Current position of Avatar 6: 0, 2

AvatarID: 6
Current position of Avatar 6: 1, 2

AvatarID: 6
Current position of Avatar 6: 2, 2

AvatarID: 6
Current position of Avatar 6: 2, 2

AvatarID: 6
Current position of Avatar 6: 2, 2

AvatarID: 6
Current position of Avatar 6: 2, 1

AvatarID: 6
Current position of Avatar 6: 3, 1

AvatarID: 6
Current position of Avatar 6: 3, 2

AvatarID: 6
Current position of Avatar 6: 4, 2

AvatarID: 6
Current position of Avatar 6: 5, 2

AvatarID: 6
Current position of Avatar 6: 6, 2

AvatarID: 6
Current position of Avatar 6: 7, 2

AvatarID: 6
Current position of Avatar 6: 7, 2

AvatarID: 6
Current position of Avatar 6: 7, 2

AvatarID: 6
Current position of Avatar 6: 7, 2

AvatarID: 6
Current position of Avatar 6: 7, 1

AvatarID: 6
Current position of Avatar 6: 7, 1

AvatarID: 6
Current position of Avatar 6: 7, 1

AvatarID: 6
Current position of Avatar 6: 7, 1

AvatarID: 6
Current position of Avatar 6: 7, 1

AvatarID: 6
Current position of Avatar 6: 7, 1

AvatarID: 6
Current position of Avatar 6: 7, 2

AvatarID: 6
Current position of Avatar 6: 6, 2

AvatarID: 6
Current position of Avatar 6: 6, 1

AvatarID: 6
Current position of Avatar 6: 6, 0

AvatarID: 6
Current position of Avatar 6: 7, 0

AvatarID: 6
Current position of Avatar 6: 8, 0

AvatarID: 6
Current position of Avatar 6: 8, 1

AvatarID: 6
Current position of Avatar 6: 8, 2

AvatarID: 6
Current position of Avatar 6: 8, 3

AvatarID: 6
Current position of Avatar 6: 7, 3

AvatarID: 6
Current position of Avatar 6: 7, 4

AvatarID: 6
Current position of Avatar 6: 7, 4

AvatarID: 6
Current position of Avatar 6: 7, 4

AvatarID: 6
Current position of Avatar 6: 8, 4

AvatarID: 6
Current position of Avatar 6: 8, 4

AvatarID: 6
Current position of Avatar 6: 9, 4

AvatarID: 6
Current position of Avatar 6: 9, 4

AvatarID: 6
Current position of Avatar 6: 10, 4

AvatarID: 6
Current position of Avatar 6: 10, 5

AvatarID: 6
Current position of Avatar 6: 10, 5

AvatarID: 6
Current position of Avatar 6: 10, 6

AvatarID: 6
Current position of Avatar 6: 10, 6

AvatarID: 6
Current position of Avatar 6: 10, 7

AvatarID: 6
Current position of Avatar 6: 9, 7

AvatarID: 6
Current position of Avatar 6: 9, 7

AvatarID: 6
Current position of Avatar 6: 9, 7

AvatarID: 6
Current position of Avatar 6: 9, 7

AvatarID: 6
Current position of Avatar 6: 9, 7

AvatarID: 6
Current position of Avatar 6: 9, 7

AvatarID: 6
Current position of Avatar 6: 10, 7

AvatarID: 6
Current position of Avatar 6: 10, 8

AvatarID: 6
Current position of Avatar 6: 10, 8

AvatarID: 6
Current position of Avatar 6: 10, 8

AvatarID: 6
Current position of Avatar 6: 10, 8

AvatarID: 6
Current position of Avatar 6: 11, 8

AvatarID: 6
Current position of Avatar 6: 11, 9

AvatarID: 6
Current position of Avatar 6: 10, 9

AvatarID: 6
Current position of Avatar 6: 9, 9

AvatarID: 6
Current position of Avatar 6: 9, 8

AvatarID: 6
Current position of Avatar 6: 8, 8

AvatarID: 6
Current position of Avatar 6: 8, 7

AvatarID: 6
Current position of Avatar 6: 8, 6

AvatarID: 6
Current position of Avatar 6: 9, 6

AvatarID: 6
Current position of Avatar 6: 9, 5

AvatarID: 6
Current position of Avatar 6: 8, 5

AvatarID: 6
Current position of Avatar 6: 7, 5

AvatarID: 6
Current position of Avatar 6: 7, 6

AvatarID: 6
Current position of Avatar 6: 7, 7

AvatarID: 6
Current position of Avatar 6: 6, 7

AvatarID: 6
Current position of Avatar 6: 6, 8

AvatarID: 6
Current position of Avatar 6: 5, 8

AvatarID: 6
Current position of Avatar 6: 4, 8

AvatarID: 6
Current position of Avatar 6: 4, 7

AvatarID: 6
Current position of Avatar 6: 4, 6

AvatarID: 6
Current position of Avatar 6: 3, 6

AvatarID: 6
Current position of Avatar 6: 3, 7

AvatarID: 6
Current position of Avatar 6: 3, 8

AvatarID: 6
Current position of Avatar 6: 3, 9

AvatarID: 6
Current position of Avatar 6: 4, 9

AvatarID: 6
Current position of Avatar 6: 5, 9

AvatarID: 6
Current position of Avatar 6: 6, 9

AvatarID: 6
Current position of Avatar 6: 7, 9

AvatarID: 6
Current position of Avatar 6: 7, 8

AvatarID: 6
Current position of Avatar 6: 7, 8

AvatarID: 6
Current position of Avatar 6: 7, 8

AvatarID: 6
Current position of Avatar 6: 7, 9

AvatarID: 6
Current position of Avatar 6: 6, 9

AvatarID: 6
Current position of Avatar 6: 6, 9

AvatarID: 6
Current position of Avatar 6: 5, 9

AvatarID: 6
Current position of Avatar 6: 5, 9

AvatarID: 6
Current position of Avatar 6: 4, 9

AvatarID: 6
Current position of Avatar 6: 4, 9

AvatarID: 6
Current position of Avatar 6: 3, 9

AvatarID: 6
Current position of Avatar 6: 3, 8

AvatarID: 6
Current position of Avatar 6: 3, 8

AvatarID: 6
Current position of Avatar 6: 3, 7

AvatarID: 6
Current position of Avatar 6: 3, 7

AvatarID: 6
Current position of Avatar 6: 3, 6

AvatarID: 6
Current position of Avatar 6: 4, 6

AvatarID: 6
Current position of Avatar 6: 4, 7

AvatarID: 6
Current position of Avatar 6: 4, 8

AvatarID: 6
Current position of Avatar 6: 5, 8

AvatarID: 6
Current position of Avatar 6: 6, 8

AvatarID: 6
Current position of Avatar 6: 6, 7

AvatarID: 6
Current position of Avatar 6: 7, 7

AvatarID: 6
Current position of Avatar 6: 7, 6

AvatarID: 6
Current position of Avatar 6: 7, 5

AvatarID: 6
Current position of Avatar 6: 8, 5

AvatarID: 6
Current position of Avatar 6: 9, 5

AvatarID: 6
Current position of Avatar 6: 9, 6

AvatarID: 6
Current position of Avatar 6: 8, 6

AvatarID: 6
Current position of Avatar 6: 8, 7*******
AvatarID: 7
AvatarID: 7
Current position of Avatar 7: 0, 6

AvatarID: 7
Current position of Avatar 7: 0, 7

AvatarID: 7
Current position of Avatar 7: 0, 7

AvatarID: 7
Current position of Avatar 7: 0, 7

AvatarID: 7
Current position of Avatar 7: 1, 7

AvatarID: 7
Current position of Avatar 7: 1, 7

AvatarID: 7
Current position of Avatar 7: 2, 7

AvatarID: 7
Current position of Avatar 7: 2, 8

AvatarID: 7
Current position of Avatar 7: 1, 8

AvatarID: 7
Current position of Avatar 7: 1, 8

AvatarID: 7
Current position of Avatar 7: 1, 8

AvatarID: 7
Current position of Avatar 7: 1, 9

AvatarID: 7
Current position of Avatar 7: 0, 9

AvatarID: 7
Current position of Avatar 7: 0, 8

AvatarID: 7
Current position of Avatar 7: 0, 9

AvatarID: 7
Current position of Avatar 7: 1, 9

AvatarID: 7
Current position of Avatar 7: 2, 9

AvatarID: 7
Current position of Avatar 7: 2, 9

AvatarID: 7
Current position of Avatar 7: 2, 9

AvatarID: 7
Current position of Avatar 7: 2, 9

AvatarID: 7
Current position of Avatar 7: 2, 9

AvatarID: 7
Current position of Avatar 7: 1, 9

AvatarID: 7
Current position of Avatar 7: 1, 8

AvatarID: 7
Current position of Avatar 7: 2, 8

AvatarID: 7
Current position of Avatar 7: 2, 8

AvatarID: 7
Current position of Avatar 7: 2, 8

AvatarID: 7
Current position of Avatar 7: 2, 7

AvatarID: 7
Current position of Avatar 7: 2, 7

AvatarID: 7
Current position of Avatar 7: 2, 7

AvatarID: 7
Current position of Avatar 7: 2, 7

AvatarID: 7
Current position of Avatar 7: 1, 7

AvatarID: 7
Current position of Avatar 7: 0, 7

AvatarID: 7
Current position of Avatar 7: 0, 6

AvatarID: 7
Current position of Avatar 7: 1, 6

AvatarID: 7
Current position of Avatar 7: 2, 6

AvatarID: 7
Current position of Avatar 7: 2, 5

AvatarID: 7
Current position of Avatar 7: 3, 5

AvatarID: 7
Current position of Avatar 7: 4, 5

AvatarID: 7
Current position of Avatar 7: 5, 5

AvatarID: 7
Current position of Avatar 7: 5, 6

AvatarID: 7
Current position of Avatar 7: 5, 7

AvatarID: 7
Current position of Avatar 7: 5, 6

AvatarID: 7
Current position of Avatar 7: 6, 6

AvatarID: 7
Current position of Avatar 7: 6, 5

AvatarID: 7
Current position of Avatar 7: 6, 4

AvatarID: 7
Current position of Avatar 7: 6, 3

AvatarID: 7
Current position of Avatar 7: 5, 3

AvatarID: 7
Current position of Avatar 7: 5, 4

AvatarID: 7
Current position of Avatar 7: 4, 4

AvatarID: 7
Current position of Avatar 7: 4, 3

AvatarID: 7
Current position of Avatar 7: 3, 3

AvatarID: 7
Current position of Avatar 7: 3, 4

AvatarID: 7
Current position of Avatar 7: 2, 4

AvatarID: 7
Current position of Avatar 7: 2, 3

AvatarID: 7
Current position of Avatar 7: 1, 3

AvatarID: 7
Current position of Avatar 7: 1, 4

AvatarID: 7
Current position of Avatar 7: 0, 4

AvatarID: 7
Current position of Avatar 7: 0, 3

AvatarID: 7
Current position of Avatar 7: 0, 2

AvatarID: 7
Current position of Avatar 7: 1, 2

AvatarID: 7
Current position of Avatar 7: 2, 2

AvatarID: 7
Current position of Avatar 7: 2, 1

AvatarID: 7
Current position of Avatar 7: 3, 1

AvatarID: 7
Current position of Avatar 7: 3, 2

AvatarID: 7
Current position of Avatar 7: 4, 2

AvatarID: 7
Current position of Avatar 7: 5, 2

AvatarID: 7
Current position of Avatar 7: 6, 2

AvatarID: 7
Current position of Avatar 7: 7, 2

AvatarID: 7
Current position of Avatar 7: 7, 2

AvatarID: 7
Current position of Avatar 7: 7, 2

AvatarID: 7
Current position of Avatar 7: 7, 2

AvatarID: 7
Current position of Avatar 7: 7, 1

AvatarID: 7
Current position of Avatar 7: 7, 1

AvatarID: 7
Current position of Avatar 7: 7, 1

AvatarID: 7
Current position of Avatar 7: 7, 1

AvatarID: 7
Current position of Avatar 7: 7, 1

AvatarID: 7
Current position of Avatar 7: 7, 1

AvatarID: 7
Current position of Avatar 7: 7, 2

AvatarID: 7
Current position of Avatar 7: 6, 2

AvatarID: 7
Current position of Avatar 7: 6, 1

AvatarID: 7
Current position of Avatar 7: 6, 0

AvatarID: 7
Current position of Avatar 7: 7, 0

AvatarID: 7
Current position of Avatar 7: 8, 0

AvatarID: 7
Current position of Avatar 7: 8, 1

AvatarID: 7
Current position of Avatar 7: 8, 2

AvatarID: 7
Current position of Avatar 7: 8, 3

AvatarID: 7
Current position of Avatar 7: 7, 3

AvatarID: 7
Current position of Avatar 7: 7, 4

AvatarID: 7
Current position of Avatar 7: 7, 4

AvatarID: 7
Current position of Avatar 7: 7, 4

AvatarID: 7
Current position of Avatar 7: 8, 4

AvatarID: 7
Current position of Avatar 7: 8, 4

AvatarID: 7
Current position of Avatar 7: 9, 4

AvatarID: 7
Current position of Avatar 7: 9, 4

AvatarID: 7
Current position of Avatar 7: 10, 4

AvatarID: 7
Current position of Avatar 7: 10, 5

AvatarID: 7
Current position of Avatar 7: 10, 5

AvatarID: 7
Current position of Avatar 7: 10, 6

AvatarID: 7
Current position of Avatar 7: 10, 6

AvatarID: 7
Current position of Avatar 7: 10, 7

AvatarID: 7
Current position of Avatar 7: 9, 7

AvatarID: 7
Current position of Avatar 7: 9, 7

AvatarID: 7
Current position of Avatar 7: 9, 7

AvatarID: 7
Current position of Avatar 7: 9, 7

AvatarID: 7
Current position of Avatar 7: 9, 7

AvatarID: 7
Current position of Avatar 7: 9, 7

AvatarID: 7
Current position of Avatar 7: 10, 7

AvatarID: 7
Current position of Avatar 7: 10, 8

AvatarID: 7
Current position of Avatar 7: 10, 8

AvatarID: 7
Current position of Avatar 7: 10, 8

AvatarID: 7
Current position of Avatar 7: 10, 8

AvatarID: 7
Current position of Avatar 7: 11, 8

AvatarID: 7
Current position of Avatar 7: 11, 9

AvatarID: 7
Current position of Avatar 7: 10, 9

AvatarID: 7
Current position of Avatar 7: 9, 9

AvatarID: 7
Current position of Avatar 7: 9, 8

AvatarID: 7
Current position of Avatar 7: 8, 8

AvatarID: 7
Current position of Avatar 7: 8, 7

AvatarID: 7
Current position of Avatar 7: 8, 6

AvatarID: 7
Current position of Avatar 7: 9, 6

AvatarID: 7
Current position of Avatar 7: 9, 5

AvatarID: 7
Current position of Avatar 7: 8, 5

AvatarID: 7
Current position of Avatar 7: 7, 5

AvatarID: 7
Current position of Avatar 7: 7, 6

AvatarID: 7
Current position of Avatar 7: 7, 7

AvatarID: 7
Current position of Avatar 7: 6, 7

AvatarID: 7
Current position of Avatar 7: 6, 8

AvatarID: 7
Current position of Avatar 7: 5, 8

AvatarID: 7
Current position of Avatar 7: 4, 8

AvatarID: 7
Current position of Avatar 7: 4, 7

AvatarID: 7
Current position of Avatar 7: 4, 6

AvatarID: 7
Current position of Avatar 7: 3, 6

AvatarID: 7
Current position of Avatar 7: 3, 7

AvatarID: 7
Current position of Avatar 7: 3, 8

AvatarID: 7
Current position of Avatar 7: 3, 9

AvatarID: 7
Current position of Avatar 7: 4, 9

AvatarID: 7
Current position of Avatar 7: 5, 9

AvatarID: 7
Current position of Avatar 7: 6, 9

AvatarID: 7
Current position of Avatar 7: 7, 9

AvatarID: 7
Current position of Avatar 7: 7, 8

AvatarID: 7
Current position of Avatar 7: 7, 8

AvatarID: 7
Current position of Avatar 7: 7, 8

AvatarID: 7
Current position of Avatar 7: 7, 9

AvatarID: 7
Current position of Avatar 7: 6, 9

AvatarID: 7
Current position of Avatar 7: 6, 9

AvatarID: 7
Current position of Avatar 7: 5, 9

AvatarID: 7
Current position of Avatar 7: 5, 9

AvatarID: 7
Current position of Avatar 7: 4, 9

AvatarID: 7
Current position of Avatar 7: 4, 9

AvatarID: 7
Current position of Avatar 7: 3, 9

AvatarID: 7
Current position of Avatar 7: 3, 8

AvatarID: 7
Current position of Avatar 7: 3, 8

AvatarID: 7
Current position of Avatar 7: 3, 7

AvatarID: 7
Current position of Avatar 7: 3, 7

AvatarID: 7
Current position of Avatar 7: 3, 6

AvatarID: 7
Current position of Avatar 7: 4, 6

AvatarID: 7
Current position of Avatar 7: 4, 7

AvatarID: 7
Current position of Avatar 7: 4, 8

AvatarID: 7
Current position of Avatar 7: 5, 8

AvatarID: 7
Current position of Avatar 7: 6, 8

AvatarID: 7
Current position of Avatar 7: 6, 7

AvatarID: 7
Current position of Avatar 7: 7, 7

AvatarID: 7
Current position of Avatar 7: 7, 6

AvatarID: 7
Current position of Avatar 7: 7, 5

AvatarID: 7
Current position of Avatar 7: 8, 5

AvatarID: 7
Current position of Avatar 7: 9, 5

AvatarID: 7
Current position of Avatar 7: 9, 6

AvatarID: 7
Current position of Avatar 7: 8, 6

AvatarID: 7
Current position of Avatar 7: 8, 7

AvatarID: 7
Current position of Avatar 7: 8, 8*******
AvatarID: 3
AvatarID: 3
Current position of Avatar 3: 0, 0

AvatarID: 3
Current position of Avatar 3: 1, 0

AvatarID: 3
Current position of Avatar 3: 1, 1

AvatarID: 3
Current position of Avatar 3: 0, 1

AvatarID: 3
Current position of Avatar 3: 0, 2

AvatarID: 3
Current position of Avatar 3: 0, 3

AvatarID: 3
Current position of Avatar 3: 0, 4

AvatarID: 3
Current position of Avatar 3: 0, 4

AvatarID: 3
Current position of Avatar 3: 0, 4

AvatarID: 3
Current position of Avatar 3: 1, 4

AvatarID: 3
Current position of Avatar 3: 1, 4

AvatarID: 3
Current position of Avatar 3: 1, 4

AvatarID: 3
Current position of Avatar 3: 1, 4

AvatarID: 3
Current position of Avatar 3: 1, 3

AvatarID: 3
Current position of Avatar 3: 2, 3

AvatarID: 3
Current position of Avatar 3: 2, 4

AvatarID: 3
Current position of Avatar 3: 2, 4

AvatarID: 3
Current position of Avatar 3: 2, 4

AvatarID: 3
Current position of Avatar 3: 3, 4

AvatarID: 3
Current position of Avatar 3: 3, 4

AvatarID: 3
Current position of Avatar 3: 3, 4

AvatarID: 3
Current position of Avatar 3: 3, 4

AvatarID: 3
Current position of Avatar 3: 3, 3

AvatarID: 3
Current position of Avatar 3: 4, 3

AvatarID: 3
Current position of Avatar 3: 4, 4

AvatarID: 3
Current position of Avatar 3: 4, 4

AvatarID: 3
Current position of Avatar 3: 4, 4

AvatarID: 3
Current position of Avatar 3: 5, 4

AvatarID: 3
Current position of Avatar 3: 5, 4

AvatarID: 3
Current position of Avatar 3: 5, 4

AvatarID: 3
Current position of Avatar 3: 5, 4

AvatarID: 3
Current position of Avatar 3: 5, 3

AvatarID: 3
Current position of Avatar 3: 6, 3

AvatarID: 3
Current position of Avatar 3: 6, 4

AvatarID: 3
Current position of Avatar 3: 6, 5

AvatarID: 3
Current position of Avatar 3: 6, 5

AvatarID: 3
Current position of Avatar 3: 6, 6

AvatarID: 3
Current position of Avatar 3: 5, 6

AvatarID: 3
Current position of Avatar 3: 5, 5

AvatarID: 3
Current position of Avatar 3: 4, 5

AvatarID: 3
Current position of Avatar 3: 3, 5

AvatarID: 3
Current position of Avatar 3: 2, 5

AvatarID: 3
Current position of Avatar 3: 2, 5

AvatarID: 3
Current position of Avatar 3: 2, 5

AvatarID: 3
Current position of Avatar 3: 2, 6

AvatarID: 3
Current position of Avatar 3: 1, 6

AvatarID: 3
Current position of Avatar 3: 1, 6

AvatarID: 3
Current position of Avatar 3: 0, 6

AvatarID: 3
Current position of Avatar 3: 0, 5

AvatarID: 3
Current position of Avatar 3: 1, 5

AvatarID: 3
Current position of Avatar 3: 0, 5

AvatarID: 3
Current position of Avatar 3: 0, 6

AvatarID: 3
Current position of Avatar 3: 0, 7

AvatarID: 3
Current position of Avatar 3: 1, 7

AvatarID: 3
Current position of Avatar 3: 2, 7

AvatarID: 3
Current position of Avatar 3: 2, 8

AvatarID: 3
Current position of Avatar 3: 1, 8

AvatarID: 3
Current position of Avatar 3: 1, 9

AvatarID: 3
Current position of Avatar 3: 0, 9

AvatarID: 3
Current position of Avatar 3: 0, 8

AvatarID: 3
Current position of Avatar 3: 0, 9

AvatarID: 3
Current position of Avatar 3: 1, 9

AvatarID: 3
Current position of Avatar 3: 2, 9

AvatarID: 3
Current position of Avatar 3: 1, 9

AvatarID: 3
Current position of Avatar 3: 1, 8

AvatarID: 3
Current position of Avatar 3: 2, 8

AvatarID: 3
Current position of Avatar 3: 2, 7

AvatarID: 3
Current position of Avatar 3: 1, 7

AvatarID: 3
Current position of Avatar 3: 0, 7

AvatarID: 3
Current position of Avatar 3: 0, 6

AvatarID: 3
Current position of Avatar 3: 1, 6

AvatarID: 3
Current position of Avatar 3: 2, 6

AvatarID: 3
Current position of Avatar 3: 2, 5

AvatarID: 3
Current position of Avatar 3: 3, 5

AvatarID: 3
Current position of Avatar 3: 4, 5

AvatarID: 3
Current position of Avatar 3: 5, 5

AvatarID: 3
Current position of Avatar 3: 5, 6

AvatarID: 3
Current position of Avatar 3: 5, 7

AvatarID: 3
Current position of Avatar 3: 5, 6

AvatarID: 3
Current position of Avatar 3: 6, 6

AvatarID: 3
Current position of Avatar 3: 6, 5

AvatarID: 3
Current position of Avatar 3: 6, 4

AvatarID: 3
Current position of Avatar 3: 6, 3

AvatarID: 3
Current position of Avatar 3: 5, 3

AvatarID: 3
Current position of Avatar 3: 5, 4

AvatarID: 3
Current position of Avatar 3: 4, 4

AvatarID: 3
Current position of Avatar 3: 4, 3

AvatarID: 3
Current position of Avatar 3: 3, 3

AvatarID: 3
Current position of Avatar 3: 3, 4

AvatarID: 3
Current position of Avatar 3: 2, 4

AvatarID: 3
Current position of Avatar 3: 2, 3

AvatarID: 3
Current position of Avatar 3: 1, 3

AvatarID: 3
Current position of Avatar 3: 1, 4

AvatarID: 3
Current position of Avatar 3: 0, 4

AvatarID: 3
Current position of Avatar 3: 0, 3

AvatarID: 3
Current position of Avatar 3: 0, 2

AvatarID: 3
Current position of Avatar 3: 1, 2

AvatarID: 3
Current position of Avatar 3: 2, 2

AvatarID: 3
Current position of Avatar 3: 2, 1

AvatarID: 3
Current position of Avatar 3: 3, 1

AvatarID: 3
Current position of Avatar 3: 3, 2

AvatarID: 3
Current position of Avatar 3: 4, 2

AvatarID: 3
Current position of Avatar 3: 5, 2

AvatarID: 3
Current position of Avatar 3: 6, 2

AvatarID: 3
Current position of Avatar 3: 7, 2

AvatarID: 3
Current position of Avatar 3: 7, 1

AvatarID: 3
Current position of Avatar 3: 7, 2

AvatarID: 3
Current position of Avatar 3: 6, 2

AvatarID: 3
Current position of Avatar 3: 6, 1

AvatarID: 3
Current position of Avatar 3: 6, 0

AvatarID: 3
Current position of Avatar 3: 7, 0

AvatarID: 3
Current position of Avatar 3: 8, 0

AvatarID: 3
Current position of Avatar 3: 8, 1

AvatarID: 3
Current position of Avatar 3: 8, 2

AvatarID: 3
Current position of Avatar 3: 8, 3

AvatarID: 3
Current position of Avatar 3: 7, 3

AvatarID: 3
Current position of Avatar 3: 7, 4

AvatarID: 3
Current position of Avatar 3: 8, 4

AvatarID: 3
Current position of Avatar 3: 9, 4

AvatarID: 3
Current position of Avatar 3: 10, 4

AvatarID: 3
Current position of Avatar 3: 10, 5

AvatarID: 3
Current position of Avatar 3: 10, 6

AvatarID: 3
Current position of Avatar 3: 10, 7

AvatarID: 3
Current position of Avatar 3: 9, 7

AvatarID: 3
Current position of Avatar 3: 10, 7

AvatarID: 3
Current position of Avatar 3: 10, 8

AvatarID: 3
Current position of Avatar 3: 11, 8

AvatarID: 3
Current position of Avatar 3: 11, 9

AvatarID: 3
Current position of Avatar 3: 10, 9

AvatarID: 3
Current position of Avatar 3: 9, 9

AvatarID: 3
Current position of Avatar 3: 9, 8

AvatarID: 3
Current position of Avatar 3: 8, 8

AvatarID: 3
Current position of Avatar 3: 8, 7

AvatarID: 3
Current position of Avatar 3: 8, 6

AvatarID: 3
Current position of Avatar 3: 9, 6

AvatarID: 3
Current position of Avatar 3: 9, 5

AvatarID: 3
Current position of Avatar 3: 8, 5

AvatarID: 3
Current position of Avatar 3: 7, 5

AvatarID: 3
Current position of Avatar 3: 7, 6

AvatarID: 3
Current position of Avatar 3: 7, 7

AvatarID: 3
Current position of Avatar 3: 6, 7

AvatarID: 3
Current position of Avatar 3: 6, 8

AvatarID: 3
Current position of Avatar 3: 5, 8

AvatarID: 3
Current position of Avatar 3: 4, 8

AvatarID: 3
Current position of Avatar 3: 4, 7

AvatarID: 3
Current position of Avatar 3: 4, 6

AvatarID: 3
Current position of Avatar 3: 3, 6

AvatarID: 3
Current position of Avatar 3: 3, 7

AvatarID: 3
Current position of Avatar 3: 3, 8

AvatarID: 3
Current position of Avatar 3: 3, 9

AvatarID: 3
Current position of Avatar 3: 4, 9

AvatarID: 3
Current position of Avatar 3: 5, 9

AvatarID: 3
Current position of Avatar 3: 6, 9

AvatarID: 3
Current position of Avatar 3: 7, 9

AvatarID: 3
Current position of Avatar 3: 7, 8

AvatarID: 3
Current position of Avatar 3: 7, 9

AvatarID: 3
Current position of Avatar 3: 6, 9

AvatarID: 3
Current position of Avatar 3: 5, 9

AvatarID: 3
Current position of Avatar 3: 4, 9

AvatarID: 3
Current position of Avatar 3: 3, 9

AvatarID: 3
Current position of Avatar 3: 3, 8

AvatarID: 3
Current position of Avatar 3: 3, 7

AvatarID: 3
Current position of Avatar 3: 3, 6

AvatarID: 3
Current position of Avatar 3: 4, 6

AvatarID: 3
Current position of Avatar 3: 4, 7

AvatarID: 3
Current position of Avatar 3: 4, 8

AvatarID: 3
Current position of Avatar 3: 5, 8

AvatarID: 3
Current position of Avatar 3: 6, 8

AvatarID: 3
Current position of Avatar 3: 6, 7

AvatarID: 3
Current position of Avatar 3: 7, 7

Ava*******
AvatarID: 5
AvatarID: 5
Current position of Avatar 5: 1, 1

AvatarID: 5
Current position of Avatar 5: 1, 1

AvatarID: 5
Current position of Avatar 5: 1, 1

AvatarID: 5
Current position of Avatar 5: 1, 0

AvatarID: 5
Current position of Avatar 5: 2, 0

AvatarID: 5
Current position of Avatar 5: 2, 0

AvatarID: 5
Current position of Avatar 5: 3, 0

AvatarID: 5
Current position of Avatar 5: 3, 0

AvatarID: 5
Current position of Avatar 5: 4, 0

AvatarID: 5
Current position of Avatar 5: 4, 1

AvatarID: 5
Current position of Avatar 5: 4, 1

AvatarID: 5
Current position of Avatar 5: 4, 1

AvatarID: 5
Current position of Avatar 5: 4, 1

AvatarID: 5
Current position of Avatar 5: 5, 1

AvatarID: 5
Current position of Avatar 5: 5, 1

AvatarID: 5
Current position of Avatar 5: 5, 1

AvatarID: 5
Current position of Avatar 5: 5, 1

AvatarID: 5
Current position of Avatar 5: 5, 0

AvatarID: 5
Current position of Avatar 5: 5, 0

AvatarID: 5
Current position of Avatar 5: 5, 0

AvatarID: 5
Current position of Avatar 5: 5, 0

AvatarID: 5
Current position of Avatar 5: 5, 0

AvatarID: 5
Current position of Avatar 5: 5, 0

AvatarID: 5
Current position of Avatar 5: 5, 1

AvatarID: 5
Current position of Avatar 5: 4, 1

AvatarID: 5
Current position of Avatar 5: 4, 0

AvatarID: 5
Current position of Avatar 5: 3, 0

AvatarID: 5
Current position of Avatar 5: 2, 0

AvatarID: 5
Current position of Avatar 5: 1, 0

AvatarID: 5
Current position of Avatar 5: 0, 0

AvatarID: 5
Current position of Avatar 5: 1, 0

AvatarID: 5
Current position of Avatar 5: 1, 1

AvatarID: 5
Current position of Avatar 5: 0, 1

AvatarID: 5
Current position of Avatar 5: 0, 2

AvatarID: 5
Current position of Avatar 5: 0, 3

AvatarID: 5
Current position of Avatar 5: 0, 4

AvatarID: 5
Current position of Avatar 5: 1, 4

AvatarID: 5
Current position of Avatar 5: 1, 3

AvatarID: 5
Current position of Avatar 5: 2, 3

AvatarID: 5
Current position of Avatar 5: 2, 4

AvatarID: 5
Current position of Avatar 5: 3, 4

AvatarID: 5
Current position of Avatar 5: 3, 3

AvatarID: 5
Current position of Avatar 5: 4, 3

AvatarID: 5
Current position of Avatar 5: 4, 4

AvatarID: 5
Current position of Avatar 5: 5, 4

AvatarID: 5
Current position of Avatar 5: 5, 3

AvatarID: 5
Current position of Avatar 5: 6, 3

AvatarID: 5
Current position of Avatar 5: 6, 4

AvatarID: 5
Current position of Avatar 5: 6, 5

AvatarID: 5
Current position of Avatar 5: 6, 6

AvatarID: 5
Current position of Avatar 5: 5, 6

AvatarID: 5
Current position of Avatar 5: 5, 5

AvatarID: 5
Current position of Avatar 5: 4, 5

AvatarID: 5
Current position of Avatar 5: 3, 5

AvatarID: 5
Current position of Avatar 5: 2, 5

AvatarID: 5
Current position of Avatar 5: 2, 6

AvatarID: 5
Current position of Avatar 5: 1, 6

AvatarID: 5
Current position of Avatar 5: 0, 6

AvatarID: 5
Current position of Avatar 5: 0, 5

AvatarID: 5
Current position of Avatar 5: 1, 5

AvatarID: 5
Current position of Avatar 5: 0, 5

AvatarID: 5
Current position of Avatar 5: 0, 6

AvatarID: 5
Current position of Avatar 5: 0, 7

AvatarID: 5
Current position of Avatar 5: 1, 7

AvatarID: 5
Current position of Avatar 5: 2, 7

AvatarID: 5
Current position of Avatar 5: 2, 8

AvatarID: 5
Current position of Avatar 5: 1, 8

AvatarID: 5
Current position of Avatar 5: 1, 9

AvatarID: 5
Current position of Avatar 5: 0, 9

AvatarID: 5
Current position of Avatar 5: 0, 8

AvatarID: 5
Current position of Avatar 5: 0, 9

AvatarID: 5
Current position of Avatar 5: 1, 9

AvatarID: 5
Current position of Avatar 5: 2, 9

AvatarID: 5
Current position of Avatar 5: 1, 9

AvatarID: 5
Current position of Avatar 5: 1, 8

AvatarID: 5
Current position of Avatar 5: 2, 8

AvatarID: 5
Current position of Avatar 5: 2, 7

AvatarID: 5
Current position of Avatar 5: 1, 7

AvatarID: 5
Current position of Avatar 5: 0, 7

AvatarID: 5
Current position of Avatar 5: 0, 6

AvatarID: 5
Current position of Avatar 5: 1, 6

AvatarID: 5
Current position of Avatar 5: 2, 6

AvatarID: 5
Current position of Avatar 5: 2, 5

AvatarID: 5
Current position of Avatar 5: 3, 5

AvatarID: 5
Current position of Avatar 5: 4, 5

AvatarID: 5
Current position of Avatar 5: 5, 5

AvatarID: 5
Current position of Avatar 5: 5, 6

AvatarID: 5
Current position of Avatar 5: 5, 7

AvatarID: 5
Current position of Avatar 5: 5, 6

AvatarID: 5
Current position of Avatar 5: 6, 6

AvatarID: 5
Current position of Avatar 5: 6, 5

AvatarID: 5
Current position of Avatar 5: 6, 4

AvatarID: 5
Current position of Avatar 5: 6, 3

AvatarID: 5
Current position of Avatar 5: 5, 3

AvatarID: 5
Current position of Avatar 5: 5, 4

AvatarID: 5
Current position of Avatar 5: 4, 4

AvatarID: 5
Current position of Avatar 5: 4, 3

AvatarID: 5
Current position of Avatar 5: 3, 3

AvatarID: 5
Current position of Avatar 5: 3, 4

AvatarID: 5
Current position of Avatar 5: 2, 4

AvatarID: 5
Current position of Avatar 5: 2, 3

AvatarID: 5
Current position of Avatar 5: 1, 3

AvatarID: 5
Current position of Avatar 5: 1, 4

AvatarID: 5
Current position of Avatar 5: 0, 4

AvatarID: 5
Current position of Avatar 5: 0, 3

AvatarID: 5
Current position of Avatar 5: 0, 2

AvatarID: 5
Current position of Avatar 5: 1, 2

AvatarID: 5
Current position of Avatar 5: 2, 2

AvatarID: 5
Current position of Avatar 5: 2, 1

AvatarID: 5
Current position of Avatar 5: 3, 1

AvatarID: 5
Current position of Avatar 5: 3, 2

AvatarID: 5
Current position of Avatar 5: 4, 2

AvatarID: 5
Current position of Avatar 5: 5, 2

AvatarID: 5
Current position of Avatar 5: 6, 2

AvatarID: 5
Current position of Avatar 5: 7, 2

AvatarID: 5
Current position of Avatar 5: 7, 1

AvatarID: 5
Current position of Avatar 5: 7, 2

AvatarID: 5
Current position of Avatar 5: 6, 2

AvatarID: 5
Current position of Avatar 5: 6, 1

AvatarID: 5
Current position of Avatar 5: 6, 0

AvatarID: 5
Current position of Avatar 5: 7, 0

AvatarID: 5
Current position of Avatar 5: 8, 0

AvatarID: 5
Current position of Avatar 5: 8, 1

AvatarID: 5
Current position of Avatar 5: 8, 2

AvatarID: 5
Current position of Avatar 5: 8, 3

AvatarID: 5
Current position of Avatar 5: 7, 3

AvatarID: 5
Current position of Avatar 5: 7, 4

AvatarID: 5
Current position of Avatar 5: 8, 4

AvatarID: 5
Current position of Avatar 5: 9, 4

AvatarID: 5
Current position of Avatar 5: 10, 4

AvatarID: 5
Current position of Avatar 5: 10, 5

AvatarID: 5
Current position of Avatar 5: 10, 6

AvatarID: 5
Current position of Avatar 5: 10, 7

AvatarID: 5
Current position of Avatar 5: 9, 7

AvatarID: 5
Current position of Avatar 5: 10, 7

AvatarID: 5
Current position of Avatar 5: 10, 8

AvatarID: 5
Current position of Avatar 5: 11, 8

AvatarID: 5
Current position of Avatar 5: 11, 9

AvatarID: 5
Current position of Avatar 5: 10, 9

AvatarID: 5
Current position of Avatar 5: 9, 9

AvatarID: 5
Current position of Avatar 5: 9, 8

AvatarID: 5
Current position of Avatar 5: 8, 8

AvatarID: 5
Current position of Avatar 5: 8, 7

AvatarID: 5
Current position of Avatar 5: 8, 6

AvatarID: 5
Current position of Avatar 5: 9, 6

AvatarID: 5
Current position of Avatar 5: 9, 5

AvatarID: 5
Current position of Avatar 5: 8, 5

AvatarID: 5
Current position of Avatar 5: 7, 5

AvatarID: 5
Current position of Avatar 5: 7, 6

AvatarID: 5
Current position of Avatar 5: 7, 7

AvatarID: 5
Current position of Avatar 5: 6, 7

AvatarID: 5
Current position of Avatar 5: 6, 8

AvatarID: 5
Current position of Avatar 5: 5, 8

AvatarID: 5
Current position of Avatar 5: 4, 8

AvatarID: 5
Current position of Avatar 5: 4, 7

AvatarID: 5
Current position of Avatar 5: 4, 6

AvatarID: 5
Current position of Avatar 5: 3, 6

AvatarID: 5
Current position of Avatar 5: 3, 7

AvatarID: 5
Current position of Avatar 5: 3, 8

AvatarID: 5
Current position of Avatar 5: 3, 9

AvatarID: 5
Current position of Avatar 5: 4, 9

AvatarID: 5
Current position of Avatar 5: 5, 9

AvatarID: 5
Current position of Avatar 5: 6, 9

AvatarID: 5
Current position of Avatar 5: 7, 9

AvatarID: 5
Current position of Avatar 5: 7, 8

AvatarID: 5
Current position of Avatar 5: 7, 9

AvatarID: 5
Current position of Avatar 5: 6, 9

AvatarID: 5
Current position of Avatar 5: 5, 9

AvatarID: 5
Current position of Avatar 5: 4, 9

AvatarID: 5
Current position of Avatar 5: 3, 9

Ava*******
AvatarID: 0
AvatarID: 0
AvatarID: 0
AvatarID: 0
AvatarID: 0
AvatarID: 0
AvatarID: 0
AvatarID: 0
AvatarID: 0
AvatarID: 0
AvatarID: 0
AvatarID: 0
AvatarID: 0
AvatarID: 0
AvatarID: 0
AvatarID: 0
AvatarID: 0
AvatarID: 0
AvatarID: 0
AvatarID: 0
AvatarID: 0
AvatarID: 0
AvatarID: 0
AvatarID: 0
AvatarID: 0
AvatarID: 0
AvatarID: 0
AvatarID: 0
AvatarID: 0
AvatarID: 0
AvatarID: 0
AvatarID: 0
AvatarID: 0
AvatarID: 0
AvatarID: 0
AvatarID: 0
AvatarID: 0
AvatarID: 0
AvatarID: 0
AvatarID: 0
AvatarID: 0
AvatarID: 0
AvatarID: 0
AvatarID: 0
AvatarID: 0
AvatarID: 0
AvatarID: 0
AvatarID: 0
AvatarID: 0
AvatarID: 0
AvatarID: 0
AvatarID: 0
AvatarID: 0
AvatarID: 0
AvatarID: 0
AvatarID: 0
AvatarID: 0
AvatarID: 0
AvatarID: 0
AvatarID: 0
AvatarID: 0
AvatarID: 0
AvatarID: 0
AvatarID: 0
AvatarID: 0
AvatarID: 0
AvatarID: 0
AvatarID: 0
AvatarID: 0
AvatarID: 0
AvatarID: 0
AvatarID: 0
AvatarID: 0
AvatarID: 0
AvatarID: 0
AvatarID: 0
AvatarID: 0
AvatarID: 0
AvatarID: 0
AvatarID: 0
AvatarID: 0
AvatarID: 0
AvatarID: 0
AvatarID: 0
AvatarID: 0
AvatarID: 0
AvatarID: 0
AvatarID: 0
AvatarID: 0
AvatarID: 0
AvatarID: 0
AvatarID: 0
AvatarID: 0
AvatarID: 0
AvatarID: 0
AvatarID: 0
AvatarID: 0
AvatarID: 0
AvatarID: 0
AvatarID: 0
AvatarID: 0
AvatarID: 0
AvatarID: 0
AvatarID: 0
AvatarID: 0
AvatarID: 0
AvatarID: 0
AvatarID: 0
AvatarID: 0
AvatarID: 0
AvatarID: 0
AvatarID: 0
AvatarID: 0
AvatarID: 0
AvatarID: 0
AvatarID: 0
AvatarID: 0
AvatarID: 0
AvatarID: 0
AvatarID: 0
AvatarID: 0
AvatarID: 0
AvatarID: 0
AvatarID: 0
AvatarID: 0
AvatarID: 0
AvatarID: 0
AvatarID: 0
AvatarID: 0
AvatarID: 0
AvatarID: 0
AvatarID: 0
AvatarID: 0
AvatarID: 0
AvatarID: 0
AvatarID: 0
AvatarID: 0
AvatarID: 0
AvatarID: 0
AvatarID: 0
AvatarID: 0
AvatarID: 0
AvatarID: 0
AvatarID: 0
AvatarID: 0
AvatarID: 0
AvatarID: 0
AvatarID: 0
AvatarID: 0
AvatarID: 0
AvatarID: 0
AvatarID: 0
AvatarID: 0
AvatarID: 0
AvatarID: 0
AvatarID: 0
AvatarID: 0
AvatarID: 0
AvatarID: 0
AvatarID: 0
AvatarID: 0
AvatarID: 0
AvatarID: 0
AvatarID: 0
AvatarID: 0
AvatarID: 0
AvatarID: 0
AvatarID: 0
AvatarID: 0
AvatarID: 0
AvatarID: 0
AvatarID: 0
AvatarID: 0
AvatarID: 0
AvatarID: 0
AvatarID: 0
AvatarID: 0
AvatarID: 0
AvatarID: 0
AvatarID: 0
AvatarID: 0
AvatarID: 0
AvatarID: 0
AvatarID: 0
AvatarID: 0
AvatarID: 0
AvatarID: 0
AvatarID: 0
AvatarID: 0
AvatarID: 0
AvatarID: 0
AvatarID: 0
AvatarID: 0
AvatarID: 0
AvatarID: 0
AvatarID: 0
AvatarID: 0
AvatarID: 0
AvatarID: 0
AvatarID: 0
AvatarID: 0
AvatarID: 0
AvatarID: 0
AvatarID: 0
AvatarID: 0
AvatarID: 0
AvatarID: 0
AvatarID: 0
AvatarID: 0
AvatarID: 0
AvatarID: 0
AvatarID: 0
AvatarID: 0
AvatarID: 0
AvatarID: 0
AvatarID: 0
AvatarID: 0
AvatarID: 0
AvatarID: 0
AvatarID: 0
AvatarID: 0
AvatarID: 0
AvatarID: 0
AvatarID: 0
AvatarID: 0
AvatarID: 0
AvatarID: 0
AvatarID: 0
AvatarID: 0
AvatarID: 0
AvatarID: 0
AvatarID: 0
AvatarID: 0
AvatarID: 0
AvatarID: 0
Maze is solved!
*******
AvatarID: 1
AvatarID: 1
Current position of Avatar 1: 9, 3

AvatarID: 1
Current position of Avatar 1: 9, 3

AvatarID: 1
Current position of Avatar 1: 9, 3

AvatarID: 1
Current position of Avatar 1: 9, 2

AvatarID: 1
Current position of Avatar 1: 10, 2

AvatarID: 1
Current position of Avatar 1: 10, 3

AvatarID: 1
Current position of Avatar 1: 10, 3

AvatarID: 1
Current position of Avatar 1: 10, 3

AvatarID: 1
Current position of Avatar 1: 11, 3

AvatarID: 1
Current position of Avatar 1: 11, 4

AvatarID: 1
Current position of Avatar 1: 11, 5

AvatarID: 1
Current position of Avatar 1: 11, 6

AvatarID: 1
Current position of Avatar 1: 11, 7

AvatarID: 1
Current position of Avatar 1: 11, 6

AvatarID: 1
Current position of Avatar 1: 11, 5

AvatarID: 1
Current position of Avatar 1: 11, 4

AvatarID: 1
Current position of Avatar 1: 11, 3

AvatarID: 1
Current position of Avatar 1: 11, 2

AvatarID: 1
Current position of Avatar 1: 11, 1

AvatarID: 1
AvatarID: 1
AvatarID: 1
AvatarID: 1
AvatarID: 1
AvatarID: 1
AvatarID: 1
AvatarID: 1
AvatarID: 1
AvatarID: 1
AvatarID: 1
AvatarID: 1
AvatarID: 1
AvatarID: 1
AvatarID: 1
AvatarID: 1
AvatarID: 1
AvatarID: 1
AvatarID: 1
AvatarID: 1
AvatarID: 1
AvatarID: 1
AvatarID: 1
AvatarID: 1
AvatarID: 1
AvatarID: 1
AvatarID: 1
AvatarID: 1
AvatarID: 1
AvatarID: 1
AvatarID: 1
AvatarID: 1
AvatarID: 1
AvatarID: 1
AvatarID: 1
AvatarID: 1
AvatarID: 1
AvatarID: 1
AvatarID: 1
AvatarID: 1
AvatarID: 1
AvatarID: 1
AvatarID: 1
AvatarID: 1
AvatarID: 1
AvatarID: 1
AvatarID: 1
AvatarID: 1
AvatarID: 1
AvatarID: 1
AvatarID: 1
AvatarID: 1
AvatarID: 1
AvatarID: 1
AvatarID: 1
AvatarID: 1
AvatarID: 1
AvatarID: 1
AvatarID: 1
AvatarID: 1
AvatarID: 1
AvatarID: 1
AvatarID: 1
AvatarID: 1
AvatarID: 1
AvatarID: 1
AvatarID: 1
AvatarID: 1
AvatarID: 1
AvatarID: 1
AvatarID: 1
AvatarID: 1
AvatarID: 1
AvatarID: 1
AvatarID: 1
AvatarID: 1
AvatarID: 1
AvatarID: 1
AvatarID: 1
AvatarID: 1
AvatarID: 1
AvatarID: 1
AvatarID: 1
AvatarID: 1
AvatarID: 1
AvatarID: 1
AvatarID: 1
AvatarID: 1
AvatarID: 1
AvatarID: 1
AvatarID: 1
AvatarID: 1
AvatarID: 1
AvatarID: 1
AvatarID: 1
AvatarID: 1
AvatarID: 1
AvatarID: 1
AvatarID: 1
AvatarID: 1
AvatarID: 1
AvatarID: 1
AvatarID: 1
AvatarID: 1
AvatarID: 1
AvatarID: 1
AvatarID: 1
AvatarID: 1
AvatarID: 1
AvatarID: 1
AvatarID: 1
AvatarID: 1
AvatarID: 1
AvatarID: 1
AvatarID: 1
AvatarID: 1
AvatarID: 1
AvatarID: 1
AvatarID: 1
AvatarID: 1
AvatarID: 1
AvatarID: 1
AvatarID: 1
AvatarID: 1
AvatarID: 1
AvatarID: 1
AvatarID: 1
AvatarID: 1
AvatarID: 1
AvatarID: 1
AvatarID: 1
AvatarID: 1
AvatarID: 1
AvatarID: 1
AvatarID: 1
AvatarID: 1
AvatarID: 1
AvatarID: 1
AvatarID: 1
AvatarID: 1
AvatarID: 1
AvatarID: 1
AvatarID: 1
AvatarID: 1
AvatarID: 1
AvatarID: 1
AvatarID: 1
AvatarID: 1
AvatarID: 1
AvatarID: 1
AvatarID: 1
AvatarID: 1
AvatarID: 1
AvatarID: 1
AvatarID: 1
AvatarID: 1
AvatarID: 1
AvatarID: 1
AvatarID: 1
AvatarID: 1
AvatarID: 1
AvatarID: 1
AvatarID: 1
AvatarID: 1
AvatarID: 1
AvatarID: 1
AvatarID: 1
AvatarID: 1
AvatarID: 1
AvatarID: 1
AvatarID: 1
AvatarID: 1
AvatarID: 1
AvatarID: 1
AvatarID: 1
AvatarID: 1
AvatarID: 1
AvatarID: 1
AvatarID: 1
AvatarID: 1
AvatarID: 1
AvatarID: 1
AvatarID: 1
AvatarID: 1
AvatarID: 1
AvatarID: 1
AvatarID: 1
AvatarID: 1
AvatarID: 1
AvatarID: 1
AvatarID: 1
AvatarID: 1
AvatarID: 1
AvatarID: 1
AvatarID: 1
AvatarID: 1
AvatarID: 1
AvatarID: 1
AvatarID: 1
AvatarID: 1
AvatarID: 1
AvatarID: 1
AvatarID: 1
AvatarID: 1
AvatarID: 1
AvatarID: 1
AvatarID: 1
AvatarID: 1
AvatarID: 1
AvatarID: 1
AvatarID: 1
AvatarID: 1
AvatarID: 1
AvatarID: 1
AvatarID: 1
Maze is solved!
tarID: 3
Current position of Avatar 3: 7, 6

AvatarID: 3
Current position of Avatar 3: 7, 5

AvatarID: 3
Current position of Avatar 3: 8, 5

AvatarID: 3
Current position of Avatar 3: 9, 5

AvatarID: 3
Current position of Avatar 3: 9, 6

AvatarID: 3
Current position of Avatar 3: 8, 6

AvatarID: 3
Current position of Avatar 3: 8, 7

AvatarID: 3
Current position of Avatar 3: 8, 8

AvatarID: 3
Current position of Avatar 3: 9, 8

AvatarID: 3
Current position of Avatar 3: 9, 9

AvatarID: 3
Current position of Avatar 3: 8, 9

AvatarID: 3
Current position of Avatar 3: 9, 9

AvatarID: 3
Current position of Avatar 3: 10, 9

AvatarID: 3
Current position of Avatar 3: 11, 9

AvatarID: 3
Current position of Avatar 3: 11, 8

AvatarID: 3
Current position of Avatar 3: 10, 8

AvatarID: 3
Current position of Avatar 3: 10, 7

AvatarID: 3
Current position of Avatar 3: 10, 6

AvatarID: 3
Current position of Avatar 3: 10, 5

AvatarID: 3
Current position of Avatar 3: 10, 4

AvatarID: 3
Current position of Avatar 3: 9, 4

AvatarID: 3
Current position of Avatar 3: 8, 4

AvatarID: 3
Current position of Avatar 3: 7, 4

AvatarID: 3
Current position of Avatar 3: 7, 3

AvatarID: 3
Current position of Avatar 3: 8, 3

AvatarID: 3
Current position of Avatar 3: 8, 2

AvatarID: 3
Current position of Avatar 3: 8, 1

AvatarID: 3
Current position of Avatar 3: 8, 0

AvatarID: 3
Current position of Avatar 3: 9, 0

AvatarID: 3
Current position of Avatar 3: 10, 0

AvatarID: 3
Current position of Avatar 3: 10, 1

AvatarID: 3
Current position of Avatar 3: 11, 1

AvatarID: 3
Current position of Avatar 3: 11, 2

AvatarID: 3
Current position of Avatar 3: 11, 3

AvatarID: 3
Current position of Avatar 3: 10, 3

AvatarID: 3
Current position of Avatar 3: 10, 2

AvatarID: 3
Current position of Avatar 3: 9, 2

AvatarID: 3
Current position of Avatar 3: 9, 1

AvatarID: 3
Current position of Avatar 3: 9, 2

AvatarID: 3
Current position of Avatar 3: 9, 3

AvatarID: 3
Current position of Avatar 3: 9, 2

AvatarID: 3
Current position of Avatar 3: 10, 2

AvatarID: 3
Current position of Avatar 3: 10, 3

AvatarID: 3
Current position of Avatar 3: 11, 3

AvatarID: 3
Current position of Avatar 3: 11, 4

AvatarID: 3
Current position of Avatar 3: 11, 5

AvatarID: 3
Current position of Avatar 3: 11, 6

AvatarID: 3
Current position of Avatar 3: 11, 7

AvatarID: 3
Current position of Avatar 3: 11, 6

AvatarID: 3
Current position of Avatar 3: 11, 5

AvatarID: 3
Current position of Avatar 3: 11, 4

AvatarID: 3
Current position of Avatar 3: 11, 3

AvatarID: 3
Current position of Avatar 3: 11, 2

AvatarID: 3
Current position of Avatar 3: 11, 1

AvatarID: 3
AvatarID: 3
AvatarID: 3
AvatarID: 3
AvatarID: 3
AvatarID: 3
AvatarID: 3
AvatarID: 3
AvatarID: 3
AvatarID: 3
Maze is solved!
*******
AvatarID: 4
AvatarID: 4
Current position of Avatar 4: 7, 7

AvatarID: 4
Current position of Avatar 4: 7, 7

AvatarID: 4
Current position of Avatar 4: 7, 7

AvatarID: 4
Current position of Avatar 4: 7, 6

AvatarID: 4
Current position of Avatar 4: 7, 6

AvatarID: 4
Current position of Avatar 4: 7, 5

AvatarID: 4
Current position of Avatar 4: 8, 5

AvatarID: 4
Current position of Avatar 4: 8, 5

AvatarID: 4
Current position of Avatar 4: 9, 5

AvatarID: 4
Current position of Avatar 4: 9, 6

AvatarID: 4
Current position of Avatar 4: 8, 6

AvatarID: 4
Current position of Avatar 4: 8, 7

AvatarID: 4
Current position of Avatar 4: 8, 8

AvatarID: 4
Current position of Avatar 4: 8, 8

AvatarID: 4
Current position of Avatar 4: 8, 8

AvatarID: 4
Current position of Avatar 4: 8, 8

AvatarID: 4
Current position of Avatar 4: 9, 8

AvatarID: 4
Current position of Avatar 4: 9, 9

AvatarID: 4
Current position of Avatar 4: 8, 9

AvatarID: 4
Current position of Avatar 4: 8, 9

AvatarID: 4
Current position of Avatar 4: 8, 9

AvatarID: 4
Current position of Avatar 4: 8, 9

AvatarID: 4
Current position of Avatar 4: 8, 9

AvatarID: 4
Current position of Avatar 4: 9, 9

AvatarID: 4
Current position of Avatar 4: 10, 9

AvatarID: 4
Current position of Avatar 4: 11, 9

AvatarID: 4
Current position of Avatar 4: 11, 8

AvatarID: 4
Current position of Avatar 4: 10, 8

AvatarID: 4
Current position of Avatar 4: 10, 7

AvatarID: 4
Current position of Avatar 4: 10, 6

AvatarID: 4
Current position of Avatar 4: 10, 5

AvatarID: 4
Current position of Avatar 4: 10, 4

AvatarID: 4
Current position of Avatar 4: 9, 4

AvatarID: 4
Current position of Avatar 4: 8, 4

AvatarID: 4
Current position of Avatar 4: 8, 4

AvatarID: 4
Current position of Avatar 4: 7, 4

AvatarID: 4
Current position of Avatar 4: 7, 3

AvatarID: 4
Current position of Avatar 4: 8, 3

AvatarID: 4
Current position of Avatar 4: 8, 3

AvatarID: 4
Current position of Avatar 4: 8, 3

AvatarID: 4
Current position of Avatar 4: 8, 2

AvatarID: 4
Current position of Avatar 4: 8, 2

AvatarID: 4
Current position of Avatar 4: 8, 1

AvatarID: 4
Current position of Avatar 4: 8, 1

AvatarID: 4
Current position of Avatar 4: 8, 0

AvatarID: 4
Current position of Avatar 4: 9, 0

AvatarID: 4
Current position of Avatar 4: 9, 0

AvatarID: 4
Current position of Avatar 4: 10, 0

AvatarID: 4
Current position of Avatar 4: 10, 1

AvatarID: 4
Current position of Avatar 4: 10, 1

AvatarID: 4
Current position of Avatar 4: 10, 1

AvatarID: 4
Current position of Avatar 4: 10, 1

AvatarID: 4
Current position of Avatar 4: 11, 1

AvatarID: 4
Current position of Avatar 4: 11, 2

AvatarID: 4
Current position of Avatar 4: 11, 2

AvatarID: 4
Current position of Avatar 4: 11, 3

AvatarID: 4
Current position of Avatar 4: 10, 3

AvatarID: 4
Current position of Avatar 4: 10, 2

AvatarID: 4
Current position of Avatar 4: 9, 2

AvatarID: 4
Current position of Avatar 4: 9, 1

AvatarID: 4
Current position of Avatar 4: 9, 2

AvatarID: 4
Current position of Avatar 4: 9, 3

AvatarID: 4
Current position of Avatar 4: 9, 2

AvatarID: 4
Current position of Avatar 4: 10, 2

AvatarID: 4
Current position of Avatar 4: 10, 3

AvatarID: 4
Current position of Avatar 4: 11, 3

AvatarID: 4
Current position of Avatar 4: 11, 4

AvatarID: 4
Current position of Avatar 4: 11, 5

AvatarID: 4
Current position of Avatar 4: 11, 6

AvatarID: 4
Current position of Avatar 4: 11, 7

AvatarID: 4
Current position of Avatar 4: 11, 6

AvatarID: 4
Current position of Avatar 4: 11, 5

AvatarID: 4
Current position of Avatar 4: 11, 4

AvatarID: 4
Current position of Avatar 4: 11, 3

AvatarID: 4
Current position of Avatar 4: 11, 2

AvatarID: 4
Current position of Avatar 4: 11, 1

AvatarID: 4
AvatarID: 4
AvatarID: 4
AvatarID: 4
AvatarID: 4
AvatarID: 4
AvatarID: 4
AvatarID: 4
AvatarID: 4
AvatarID: 4
AvatarID: 4
AvatarID: 4
AvatarID: 4
AvatarID: 4
AvatarID: 4
AvatarID: 4
AvatarID: 4
AvatarID: 4
AvatarID: 4
AvatarID: 4
AvatarID: 4
AvatarID: 4
AvatarID: 4
AvatarID: 4
AvatarID: 4
AvatarID: 4
AvatarID: 4
AvatarID: 4
AvatarID: 4
AvatarID: 4
AvatarID: 4
AvatarID: 4
AvatarID: 4
AvatarID: 4
AvatarID: 4
AvatarID: 4
AvatarID: 4
AvatarID: 4
AvatarID: 4
AvatarID: 4
AvatarID: 4
AvatarID: 4
AvatarID: 4
AvatarID: 4
AvatarID: 4
AvatarID: 4
AvatarID: 4
AvatarID: 4
AvatarID: 4
AvatarID: 4
AvatarID: 4
AvatarID: 4
AvatarID: 4
AvatarID: 4
AvatarID: 4
AvatarID: 4
AvatarID: 4
AvatarID: 4
AvatarID: 4
AvatarID: 4
AvatarID: 4
AvatarID: 4
AvatarID: 4
AvatarID: 4
AvatarID: 4
AvatarID: 4
AvatarID: 4
AvatarID: 4
AvatarID: 4
AvatarID: 4
AvatarID: 4
AvatarID: 4
AvatarID: 4
AvatarID: 4
AvatarID: 4
AvatarID: 4
AvatarID: 4
AvatarID: 4
AvatarID: 4
AvatarID: 4
AvatarID: 4
AvatarID: 4
AvatarID: 4
AvatarID: 4
AvatarID: 4
AvatarID: 4
AvatarID: 4
AvatarID: 4
AvatarID: 4
AvatarID: 4
AvatarID: 4
AvatarID: 4
AvatarID: 4
AvatarID: 4
AvatarID: 4
AvatarID: 4
AvatarID: 4
AvatarID: 4
AvatarID: 4
AvatarID: 4
AvatarID: 4
AvatarID: 4
AvatarID: 4
AvatarID: 4
AvatarID: 4
AvatarID: 4
AvatarID: 4
AvatarID: 4
AvatarID: 4
AvatarID: 4
AvatarID: 4
AvatarID: 4
AvatarID: 4
AvatarID: 4
AvatarID: 4
AvatarID: 4
AvatarID: 4
AvatarID: 4
AvatarID: 4
AvatarID: 4
AvatarID: 4
AvatarID: 4
AvatarID: 4
AvatarID: 4
AvatarID: 4
AvatarID: 4
AvatarID: 4
AvatarID: 4
AvatarID: 4
AvatarID: 4
AvatarID: 4
AvatarID: 4
AvatarID: 4
AvatarID: 4
AvatarID: 4
AvatarID: 4
AvatarID: 4
AvatarID: 4
AvatarID: 4
AvatarID: 4
AvatarID: 4
AvatarID: 4
AvatarID: 4
AvatarID: 4
AvatarID: 4
AvatarID: 4
AvatarID: 4
AvatarID: 4
AvatarID: 4
AvatarID: 4
AvatarID: 4
AvatarID: 4
AvatarID: 4
AvatarID: 4
AvatarID: 4
AvatarID: 4
AvatarID: 4
AvatarID: 4
Maze is solved!


AvatarID: 6
Current position of Avatar 6: 8, 8

AvatarID: 6
Current position of Avatar 6: 9, 8

AvatarID: 6
Current position of Avatar 6: 9, 9

AvatarID: 6
Current position of Avatar 6: 8, 9

AvatarID: 6
Current position of Avatar 6: 9, 9

AvatarID: 6
Current position of Avatar 6: 10, 9

AvatarID: 6
Current position of Avatar 6: 11, 9

AvatarID: 6
Current position of Avatar 6: 11, 8

AvatarID: 6
Current position of Avatar 6: 10, 8

AvatarID: 6
Current position of Avatar 6: 10, 7

AvatarID: 6
Current position of Avatar 6: 10, 6

AvatarID: 6
Current position of Avatar 6: 10, 5

AvatarID: 6
Current position of Avatar 6: 10, 4

AvatarID: 6
Current position of Avatar 6: 9, 4

AvatarID: 6
Current position of Avatar 6: 8, 4

AvatarID: 6
Current position of Avatar 6: 7, 4

AvatarID: 6
Current position of Avatar 6: 7, 3

AvatarID: 6
Current position of Avatar 6: 8, 3

AvatarID: 6
Current position of Avatar 6: 8, 2

AvatarID: 6
Current position of Avatar 6: 8, 1

AvatarID: 6
Current position of Avatar 6: 8, 0

AvatarID: 6
Current position of Avatar 6: 9, 0

AvatarID: 6
Current position of Avatar 6: 10, 0

AvatarID: 6
Current position of Avatar 6: 10, 1

AvatarID: 6
Current position of Avatar 6: 11, 1

AvatarID: 6
Current position of Avatar 6: 11, 2

AvatarID: 6
Current position of Avatar 6: 11, 3

AvatarID: 6
Current position of Avatar 6: 10, 3

AvatarID: 6
Current position of Avatar 6: 10, 2

AvatarID: 6
Current position of Avatar 6: 9, 2

AvatarID: 6
Current position of Avatar 6: 9, 1

AvatarID: 6
Current position of Avatar 6: 9, 2

AvatarID: 6
Current position of Avatar 6: 9, 3

AvatarID: 6
Current position of Avatar 6: 9, 2

AvatarID: 6
Current position of Avatar 6: 10, 2

AvatarID: 6
Current position of Avatar 6: 10, 3

AvatarID: 6
Current position of Avatar 6: 11, 3

AvatarID: 6
Current position of Avatar 6: 11, 4

AvatarID: 6
Current position of Avatar 6: 11, 5

AvatarID: 6
Current position of Avatar 6: 11, 6

AvatarID: 6
Current position of Avatar 6: 11, 7

AvatarID: 6
Current position of Avatar 6: 11, 6

AvatarID: 6
Current position of Avatar 6: 11, 5

AvatarID: 6
Current position of Avatar 6: 11, 4

AvatarID: 6
Current position of Avatar 6: 11, 3

AvatarID: 6
Current position of Avatar 6: 11, 2

AvatarID: 6
Current position of Avatar 6: 11, 1

AvatarID: 6
AvatarID: 6
AvatarID: 6
AvatarID: 6
AvatarID: 6
AvatarID: 6
AvatarID: 6
AvatarID: 6
AvatarID: 6
AvatarID: 6
AvatarID: 6
AvatarID: 6
AvatarID: 6
AvatarID: 6
AvatarID: 6
AvatarID: 6
Maze is solved!
*******
AvatarID: 2
AvatarID: 2
Current position of Avatar 2: 11, 4

AvatarID: 2
Current position of Avatar 2: 11, 4

AvatarID: 2
Current position of Avatar 2: 11, 5

AvatarID: 2
Current position of Avatar 2: 11, 5

AvatarID: 2
Current position of Avatar 2: 11, 6

AvatarID: 2
Current position of Avatar 2: 11, 6

AvatarID: 2
Current position of Avatar 2: 11, 7

AvatarID: 2
Current position of Avatar 2: 11, 7

AvatarID: 2
Current position of Avatar 2: 11, 7

AvatarID: 2
Current position of Avatar 2: 11, 7

AvatarID: 2
Current position of Avatar 2: 11, 7

AvatarID: 2
Current position of Avatar 2: 11, 7

AvatarID: 2
Current position of Avatar 2: 11, 6

AvatarID: 2
Current position of Avatar 2: 11, 5

AvatarID: 2
Current position of Avatar 2: 11, 4

AvatarID: 2
Current position of Avatar 2: 11, 3

AvatarID: 2
Current position of Avatar 2: 11, 2

AvatarID: 2
Current position of Avatar 2: 11, 1

AvatarID: 2
AvatarID: 2
AvatarID: 2
AvatarID: 2
AvatarID: 2
AvatarID: 2
AvatarID: 2
AvatarID: 2
AvatarID: 2
AvatarID: 2
AvatarID: 2
AvatarID: 2
AvatarID: 2
AvatarID: 2
AvatarID: 2
AvatarID: 2
AvatarID: 2
AvatarID: 2
AvatarID: 2
AvatarID: 2
AvatarID: 2
AvatarID: 2
AvatarID: 2
AvatarID: 2
AvatarID: 2
AvatarID: 2
AvatarID: 2
AvatarID: 2
AvatarID: 2
AvatarID: 2
AvatarID: 2
AvatarID: 2
AvatarID: 2
AvatarID: 2
AvatarID: 2
AvatarID: 2
AvatarID: 2
AvatarID: 2
AvatarID: 2
AvatarID: 2
AvatarID: 2
AvatarID: 2
AvatarID: 2
AvatarID: 2
AvatarID: 2
AvatarID: 2
AvatarID: 2
AvatarID: 2
AvatarID: 2
AvatarID: 2
AvatarID: 2
AvatarID: 2
AvatarID: 2
AvatarID: 2
AvatarID: 2
AvatarID: 2
AvatarID: 2
AvatarID: 2
AvatarID: 2
AvatarID: 2
AvatarID: 2
AvatarID: 2
AvatarID: 2
AvatarID: 2
AvatarID: 2
AvatarID: 2
AvatarID: 2
AvatarID: 2
AvatarID: 2
AvatarID: 2
AvatarID: 2
AvatarID: 2
AvatarID: 2
AvatarID: 2
AvatarID: 2
AvatarID: 2
AvatarID: 2
AvatarID: 2
AvatarID: 2
AvatarID: 2
AvatarID: 2
AvatarID: 2
AvatarID: 2
AvatarID: 2
AvatarID: 2
AvatarID: 2
AvatarID: 2
AvatarID: 2
AvatarID: 2
AvatarID: 2
AvatarID: 2
AvatarID: 2
AvatarID: 2
AvatarID: 2
AvatarID: 2
AvatarID: 2
AvatarID: 2
AvatarID: 2
AvatarID: 2
AvatarID: 2
AvatarID: 2
AvatarID: 2
AvatarID: 2
AvatarID: 2
AvatarID: 2
AvatarID: 2
AvatarID: 2
AvatarID: 2
AvatarID: 2
AvatarID: 2
AvatarID: 2
AvatarID: 2
AvatarID: 2
AvatarID: 2
AvatarID: 2
AvatarID: 2
AvatarID: 2
AvatarID: 2
AvatarID: 2
AvatarID: 2
AvatarID: 2
AvatarID: 2
AvatarID: 2
AvatarID: 2
AvatarID: 2
AvatarID: 2
AvatarID: 2
AvatarID: 2
AvatarID: 2
AvatarID: 2
AvatarID: 2
AvatarID: 2
AvatarID: 2
AvatarID: 2
AvatarID: 2
AvatarID: 2
AvatarID: 2
AvatarID: 2
AvatarID: 2
AvatarID: 2
AvatarID: 2
AvatarID: 2
AvatarID: 2
AvatarID: 2
AvatarID: 2
AvatarID: 2
AvatarID: 2
AvatarID: 2
AvatarID: 2
AvatarID: 2
AvatarID: 2
AvatarID: 2
AvatarID: 2
AvatarID: 2
AvatarID: 2
AvatarID: 2
AvatarID: 2
AvatarID: 2
AvatarID: 2
AvatarID: 2
AvatarID: 2
AvatarID: 2
AvatarID: 2
AvatarID: 2
AvatarID: 2
AvatarID: 2
AvatarID: 2
AvatarID: 2
AvatarID: 2
AvatarID: 2
AvatarID: 2
AvatarID: 2
AvatarID: 2
AvatarID: 2
AvatarID: 2
AvatarID: 2
AvatarID: 2
AvatarID: 2
AvatarID: 2
AvatarID: 2
AvatarID: 2
AvatarID: 2
AvatarID: 2
AvatarID: 2
AvatarID: 2
AvatarID: 2
AvatarID: 2
AvatarID: 2
AvatarID: 2
AvatarID: 2
AvatarID: 2
AvatarID: 2
AvatarID: 2
AvatarID: 2
AvatarID: 2
AvatarID: 2
AvatarID: 2
AvatarID: 2
AvatarID: 2
AvatarID: 2
AvatarID: 2
AvatarID: 2
AvatarID: 2
AvatarID: 2
AvatarID: 2
AvatarID: 2
AvatarID: 2
AvatarID: 2
AvatarID: 2
AvatarID: 2
AvatarID: 2
AvatarID: 2
AvatarID: 2
AvatarID: 2
AvatarID: 2
AvatarID: 2
Maze is solved!


AvatarID: 7
Current position of Avatar 7: 9, 8

AvatarID: 7
Current position of Avatar 7: 9, 9

AvatarID: 7
Current position of Avatar 7: 8, 9

AvatarID: 7
Current position of Avatar 7: 9, 9

AvatarID: 7
Current position of Avatar 7: 10, 9

AvatarID: 7
Current position of Avatar 7: 11, 9

AvatarID: 7
Current position of Avatar 7: 11, 8

AvatarID: 7
Current position of Avatar 7: 10, 8

AvatarID: 7
Current position of Avatar 7: 10, 7

AvatarID: 7
Current position of Avatar 7: 10, 6

AvatarID: 7
Current position of Avatar 7: 10, 5

AvatarID: 7
Current position of Avatar 7: 10, 4

AvatarID: 7
Current position of Avatar 7: 9, 4

AvatarID: 7
Current position of Avatar 7: 8, 4

AvatarID: 7
Current position of Avatar 7: 7, 4

AvatarID: 7
Current position of Avatar 7: 7, 3

AvatarID: 7
Current position of Avatar 7: 8, 3

AvatarID: 7
Current position of Avatar 7: 8, 2

AvatarID: 7
Current position of Avatar 7: 8, 1

AvatarID: 7
Current position of Avatar 7: 8, 0

AvatarID: 7
Current position of Avatar 7: 9, 0

AvatarID: 7
Current position of Avatar 7: 10, 0

AvatarID: 7
Current position of Avatar 7: 10, 1

AvatarID: 7
Current position of Avatar 7: 11, 1

AvatarID: 7
Current position of Avatar 7: 11, 2

AvatarID: 7
Current position of Avatar 7: 11, 3

AvatarID: 7
Current position of Avatar 7: 10, 3

AvatarID: 7
Current position of Avatar 7: 10, 2

AvatarID: 7
Current position of Avatar 7: 9, 2

AvatarID: 7
Current position of Avatar 7: 9, 1

AvatarID: 7
Current position of Avatar 7: 9, 2

AvatarID: 7
Current position of Avatar 7: 9, 3

AvatarID: 7
Current position of Avatar 7: 9, 2

AvatarID: 7
Current position of Avatar 7: 10, 2

AvatarID: 7
Current position of Avatar 7: 10, 3

AvatarID: 7
Current position of Avatar 7: 11, 3

AvatarID: 7
Current position of Avatar 7: 11, 4

AvatarID: 7
Current position of Avatar 7: 11, 5

AvatarID: 7
Current position of Avatar 7: 11, 6

AvatarID: 7
Current position of Avatar 7: 11, 7

AvatarID: 7
Current position of Avatar 7: 11, 6

AvatarID: 7
Current position of Avatar 7: 11, 5

AvatarID: 7
Current position of Avatar 7: 11, 4

AvatarID: 7
Current position of Avatar 7: 11, 3

AvatarID: 7
Current position of Avatar 7: 11, 2

AvatarID: 7
Current position of Avatar 7: 11, 1

AvatarID: 7
AvatarID: 7
AvatarID: 7
AvatarID: 7
AvatarID: 7
AvatarID: 7
AvatarID: 7
AvatarID: 7
AvatarID: 7
AvatarID: 7
AvatarID: 7
AvatarID: 7
AvatarID: 7
AvatarID: 7
AvatarID: 7
AvatarID: 7
AvatarID: 7
Maze is solved!
tarID: 5
Current position of Avatar 5: 3, 8

AvatarID: 5
Current position of Avatar 5: 3, 7

AvatarID: 5
Current position of Avatar 5: 3, 6

AvatarID: 5
Current position of Avatar 5: 4, 6

AvatarID: 5
Current position of Avatar 5: 4, 7

AvatarID: 5
Current position of Avatar 5: 4, 8

AvatarID: 5
Current position of Avatar 5: 5, 8

AvatarID: 5
Current position of Avatar 5: 6, 8

AvatarID: 5
Current position of Avatar 5: 6, 7

AvatarID: 5
Current position of Avatar 5: 7, 7

AvatarID: 5
Current position of Avatar 5: 7, 6

AvatarID: 5
Current position of Avatar 5: 7, 5

AvatarID: 5
Current position of Avatar 5: 8, 5

AvatarID: 5
Current position of Avatar 5: 9, 5

AvatarID: 5
Current position of Avatar 5: 9, 6

AvatarID: 5
Current position of Avatar 5: 8, 6

AvatarID: 5
Current position of Avatar 5: 8, 7

AvatarID: 5
Current position of Avatar 5: 8, 8

AvatarID: 5
Current position of Avatar 5: 9, 8

AvatarID: 5
Current position of Avatar 5: 9, 9

AvatarID: 5
Current position of Avatar 5: 8, 9

AvatarID: 5
Current position of Avatar 5: 9, 9

AvatarID: 5
Current position of Avatar 5: 10, 9

AvatarID: 5
Current position of Avatar 5: 11, 9

AvatarID: 5
Current position of Avatar 5: 11, 8

AvatarID: 5
Current position of Avatar 5: 10, 8

AvatarID: 5
Current position of Avatar 5: 10, 7

AvatarID: 5
Current position of Avatar 5: 10, 6

AvatarID: 5
Current position of Avatar 5: 10, 5

AvatarID: 5
Current position of Avatar 5: 10, 4

AvatarID: 5
Current position of Avatar 5: 9, 4

AvatarID: 5
Current position of Avatar 5: 8, 4

AvatarID: 5
Current position of Avatar 5: 7, 4

AvatarID: 5
Current position of Avatar 5: 7, 3

AvatarID: 5
Current position of Avatar 5: 8, 3

AvatarID: 5
Current position of Avatar 5: 8, 2

AvatarID: 5
Current position of Avatar 5: 8, 1

AvatarID: 5
Current position of Avatar 5: 8, 0

AvatarID: 5
Current position of Avatar 5: 9, 0

AvatarID: 5
Current position of Avatar 5: 10, 0

AvatarID: 5
Current position of Avatar 5: 10, 1

AvatarID: 5
Current position of Avatar 5: 11, 1

AvatarID: 5
Current position of Avatar 5: 11, 2

AvatarID: 5
Current position of Avatar 5: 11, 3

AvatarID: 5
Current position of Avatar 5: 10, 3

AvatarID: 5
Current position of Avatar 5: 10, 2

AvatarID: 5
Current position of Avatar 5: 9, 2

AvatarID: 5
Current position of Avatar 5: 9, 1

AvatarID: 5
Current position of Avatar 5: 9, 2

AvatarID: 5
Current position of Avatar 5: 9, 3

AvatarID: 5
Current position of Avatar 5: 9, 2

AvatarID: 5
Current position of Avatar 5: 10, 2

AvatarID: 5
Current position of Avatar 5: 10, 3

AvatarID: 5
Current position of Avatar 5: 11, 3

AvatarID: 5
Current position of Avatar 5: 11, 4

AvatarID: 5
Current position of Avatar 5: 11, 5

AvatarID: 5
Current position of Avatar 5: 11, 6

AvatarID: 5
Current position of Avatar 5: 11, 7

AvatarID: 5
Current position of Avatar 5: 11, 6

AvatarID: 5
Current position of Avatar 5: 11, 5

AvatarID: 5
Current position of Avatar 5: 11, 4

AvatarID: 5
Current position of Avatar 5: 11, 3

AvatarID: 5
Current position of Avatar 5: 11, 2

AvatarID: 5
Current position of Avatar 5: 11, 1

Maze is solved!
