wyliekasai, 33017, Mon Mar  9 03:41:40 2020
*******
AvatarID: 1
AvatarID: 1
Current position of Avatar 1: 1, 30

AvatarID: 1
Current position of Avatar 1: 0, 30

AvatarID: 1
Current position of Avatar 1: 0, 30

AvatarID: 1
Current position of Avatar 1: 0, 30

AvatarID: 1
Current position of Avatar 1: 0, 30

AvatarID: 1
Current position of Avatar 1: 0, 31

AvatarID: 1
Current position of Avatar 1: 0, 32

AvatarID: 1
Current position of Avatar 1: 0, 32

AvatarID: 1
Current position of Avatar 1: 0, 32

AvatarID: 1
Current position of Avatar 1: 1, 32

AvatarID: 1
Current position of Avatar 1: 1, 33

AvatarID: 1
Current position of Avatar 1: 0, 33

AvatarID: 1
Current position of Avatar 1: 0, 34

AvatarID: 1
Current position of Avatar 1: 0, 35

AvatarID: 1
Current position of Avatar 1: 0, 35

AvatarID: 1
Current position of Avatar 1: 0, 35

AvatarID: 1
Current position of Avatar 1: 0, 35

AvatarID: 1
Current position of Avatar 1: 0, 35

AvatarID: 1
Current position of Avatar 1: 0, 34

AvatarID: 1
Current position of Avatar 1: 1, 34

AvatarID: 1
Current position of Avatar 1: 1, 35

AvatarID: 1
Current position of Avatar 1: 1, 35

AvatarID: 1
Current position of Avatar 1: 1, 35

AvatarID: 1
Current position of Avatar 1: 2, 35

AvatarID: 1
Current position of Avatar 1: 2, 36

AvatarID: 1
Current position of Avatar 1: 1, 36

AvatarID: 1
Current position of Avatar 1: 0, 36

AvatarID: 1
Current position of Avatar 1: 0, 37

AvatarID: 1
Current position of Avatar 1: 0, 37

AvatarID: 1
Current position of Avatar 1: 0, 37

AvatarID: 1
Current position of Avatar 1: 1, 37

AvatarID: 1
Current position of Avatar 1: 1, 38

AvatarID: 1
Current position of Avatar 1: 0, 38

AvatarID: 1
Current position of Avatar 1: 0, 39

AvatarID: 1
Current position of Avatar 1: 1, 39

AvatarID: 1
Current position of Avatar 1: 2, 39

AvatarID: 1
Current position of Avatar 1: 2, 39

AvatarID: 1
Current position of Avatar 1: 2, 39

AvatarID: 1
Current position of Avatar 1: 2, 38

AvatarID: 1
Current position of Avatar 1: 3, 38

AvatarID: 1
Current position of Avatar 1: 3, 39

AvatarID: 1
Current position of Avatar 1: 4, 39

AvatarID: 1
Current position of Avatar 1: 5, 39

AvatarID: 1
Current position of Avatar 1: 6, 39

AvatarID: 1
Current position of Avatar 1: 7, 39

AvatarID: 1
Current position of Avatar 1: 8, 39

AvatarID: 1
Current position of Avatar 1: 9, 39

AvatarID: 1
Current position of Avatar 1: 10, 39

AvatarID: 1
Current position of Avatar 1: 10, 39

AvatarID: 1
Current position of Avatar 1: 10, 39

AvatarID: 1
Current position of Avatar 1: 10, 38

AvatarID: 1
Current position of Avatar 1: 11, 38

AvatarID: 1
Current position of Avatar 1: 11, 38

AvatarID: 1
Current position of Avatar 1: 12, 38

AvatarID: 1
Current position of Avatar 1: 12, 39

AvatarID: 1
Current position of Avatar 1: 11, 39

AvatarID: 1
Current position of Avatar 1: 12, 39

AvatarID: 1
Current position of Avatar 1: 13, 39

AvatarID: 1
Current position of Avatar 1: 13, 39

AvatarID: 1
Current position of Avatar 1: 13, 39

AvatarID: 1
Current position of Avatar 1: 13, 38

AvatarID: 1
Current position of Avatar 1: 13, 38

AvatarID: 1
Current position of Avatar 1: 13, 38

AvatarID: 1
Current position of Avatar 1: 13, 38

AvatarID: 1
Current position of Avatar 1: 13, 38

AvatarID: 1
Current position of Avatar 1: 13, 38

AvatarID: 1
Current position of Avatar 1: 13, 39

AvatarID: 1
Current position of Avatar 1: 12, 39

AvatarID: 1
Current position of Avatar 1: 12, 38

AvatarID: 1
Current position of Avatar 1: 12, 38

AvatarID: 1
Current position of Avatar 1: 12, 38

AvatarID: 1
Current position of Avatar 1: 11, 38

AvatarID: 1
Current position of Avatar 1: 11, 38

AvatarID: 1
Current position of Avatar 1: 10, 38

AvatarID: 1
Current position of Avatar 1: 10, 38

AvatarID: 1
Current position of Avatar 1: 10, 38

AvatarID: 1
Current position of Avatar 1: 10, 38

AvatarID: 1
Current position of Avatar 1: 10, 39

AvatarID: 1
Current position of Avatar 1: 9, 39

AvatarID: 1
Current position of Avatar 1: 9, 39

AvatarID: 1
Current position of Avatar 1: 8, 39

AvatarID: 1
Current position of Avatar 1: 8, 39

AvatarID: 1
Current position of Avatar 1: 7, 39

AvatarID: 1
Current position of Avatar 1: 7, 38

AvatarID: 1
Current position of Avatar 1: 8, 38

AvatarID: 1
Current position of Avatar 1: 9, 38

AvatarID: 1
Current position of Avatar 1: 9, 37

AvatarID: 1
Current position of Avatar 1: 10, 37

AvatarID: 1
Current position of Avatar 1: 10, 37

AvatarID: 1
Current position of Avatar 1: 10, 37

AvatarID: 1
Current position of Avatar 1: 10, 36

AvatarID: 1
Current position of Avatar 1: 11, 36

AvatarID: 1
Current position of Avatar 1: 11, 37

AvatarID: 1
Current position of Avatar 1: 12, 37

AvatarID: 1
Current position of Avatar 1: 13, 37

AvatarID: 1
Current position of Avatar 1: 14, 37

AvatarID: 1
Current position of Avatar 1: 14, 38

AvatarID: 1
Current position of Avatar 1: 14, 39

AvatarID: 1
Current position of Avatar 1: 15, 39

AvatarID: 1
Current position of Avatar 1: 16, 39

AvatarID: 1
Current position of Avatar 1: 17, 39

AvatarID: 1
Current position of Avatar 1: 18, 39

AvatarID: 1
Current position of Avatar 1: 19, 39

AvatarID: 1
Current position of Avatar 1: 20, 39

AvatarID: 1
Current position of Avatar 1: 20, 39

AvatarID: 1
Current position of Avatar 1: 20, 39

AvatarID: 1
Current position of Avatar 1: 20, 38

AvatarID: 1
Current position of Avatar 1: 21, 38

AvatarID: 1
Current position of Avatar 1: 21, 38

AvatarID: 1
Current position of Avatar 1: 21, 38

AvatarID: 1
Current position of Avatar 1: 21, 38

AvatarID: 1
Current position of Avatar 1: 21, 37

AvatarID: 1
Current position of Avatar 1: 22, 37

AvatarID: 1
Current position of Avatar 1: 22, 37

AvatarID: 1
Current position of Avatar 1: 23, 37

AvatarID: 1
Current position of Avatar 1: 23, 38

AvatarID: 1
Current position of Avatar 1: 23, 38

AvatarID: 1
Current position of Avatar 1: 23, 38

AvatarID: 1
Current position of Avatar 1: 23, 38

AvatarID: 1
Current position of Avatar 1: 24, 38

AvatarID: 1
Current position of Avatar 1: 24, 39

AvatarID: 1
Current position of Avatar 1: 23, 39

AvatarID: 1
Current position of Avatar 1: 22, 39

AvatarID: 1
Current position of Avatar 1: 22, 38

AvatarID: 1
Current position of Avatar 1: 22, 39

AvatarID: 1
Current position of Avatar 1: 21, 39

AvatarID: 1
Current position of Avatar 1: 22, 39

AvatarID: 1
Current position of Avatar 1: 23, 39

AvatarID: 1
Current position of Avatar 1: 24, 39

AvatarID: 1
Current position of Avatar 1: 25, 39

AvatarID: 1
Current position of Avatar 1: 26, 39

AvatarID: 1
Current position of Avatar 1: 26, 39

AvatarID: 1
Current position of Avatar 1: 26, 39

AvatarID: 1
Current position of Avatar 1: 26, 38

AvatarID: 1
Current position of Avatar 1: 26, 38

AvatarID: 1
Current position of Avatar 1: 26, 37

AvatarID: 1
Current position of Avatar 1: 26, 37

AvatarID: 1
Current position of Avatar 1: 26, 36

AvatarID: 1
Current position of Avatar 1: 27, 36

AvatarID: 1
Current position of Avatar 1: 27, 36

AvatarID: 1
Current position of Avatar 1: 28, 36

AvatarID: 1
Current position of Avatar 1: 28, 37

AvatarID: 1
Current position of Avatar 1: 27, 37

AvatarID: 1
Current position of Avatar 1: 27, 38

AvatarID: 1
Current position of Avatar 1: 27, 39

AvatarID: 1
Current position of Avatar 1: 28, 39

AvatarID: 1
Current position of Avatar 1: 29, 39

AvatarID: 1
Current position of Avatar 1: 30, 39

AvatarID: 1
Current position of Avatar 1: 30, 39

AvatarID: 1
Current position of Avatar 1: 30, 39

AvatarID: 1
Current position of Avatar 1: 30, 38

AvatarID: 1
Current position of Avatar 1: 31, 38

AvatarID: 1
Current position of Avatar 1: 31, 38

AvatarID: 1
Current position of Avatar 1: 32, 38

AvatarID: 1
Current position of Avatar 1: 32, 38

AvatarID: 1
Current position of Avatar 1: 32, 38

AvatarID: 1
Current position of Avatar 1: 32, 38

AvatarID: 1
Current position of Avatar 1: 32, 37

AvatarID: 1
Current position of Avatar 1: 32, 37

AvatarID: 1
Current position of Avatar 1: 32, 36

AvatarID: 1
Current position of Avatar 1: 32, 36

AvatarID: 1
Current position of Avatar 1: 32, 35

AvatarID: 1
Current position of Avatar 1: 32, 35

AvatarID: 1
Current position of Avatar 1: 32, 34

AvatarID: 1
Current position*******
AvatarID: 0
AvatarID: 0
Current position of Avatar 0: 12, 2

AvatarID: 0
Current position of Avatar 0: 13, 2

AvatarID: 0
Current position of Avatar 0: 13, 2

AvatarID: 0
Current position of Avatar 0: 14, 2

AvatarID: 0
Current position of Avatar 0: 14, 3

AvatarID: 0
Current position of Avatar 0: 14, 3

AvatarID: 0
Current position of Avatar 0: 14, 3

AvatarID: 0
Current position of Avatar 0: 14, 3

AvatarID: 0
Current position of Avatar 0: 15, 3

AvatarID: 0
Current position of Avatar 0: 15, 3

AvatarID: 0
Current position of Avatar 0: 16, 3

AvatarID: 0
Current position of Avatar 0: 16, 3

AvatarID: 0
Current position of Avatar 0: 16, 3

AvatarID: 0
Current position of Avatar 0: 16, 3

AvatarID: 0
Current position of Avatar 0: 16, 2

AvatarID: 0
Current position of Avatar 0: 16, 2

AvatarID: 0
Current position of Avatar 0: 16, 2

AvatarID: 0
Current position of Avatar 0: 16, 2

AvatarID: 0
Current position of Avatar 0: 15, 2

AvatarID: 0
Current position of Avatar 0: 15, 1

AvatarID: 0
Current position of Avatar 0: 15, 1

AvatarID: 0
Current position of Avatar 0: 15, 1

AvatarID: 0
Current position of Avatar 0: 15, 1

AvatarID: 0
Current position of Avatar 0: 14, 1

AvatarID: 0
Current position of Avatar 0: 14, 0

AvatarID: 0
Current position of Avatar 0: 14, 0

AvatarID: 0
Current position of Avatar 0: 14, 0

AvatarID: 0
Current position of Avatar 0: 14, 0

AvatarID: 0
Current position of Avatar 0: 13, 0

AvatarID: 0
Current position of Avatar 0: 12, 0

AvatarID: 0
Current position of Avatar 0: 11, 0

AvatarID: 0
Current position of Avatar 0: 10, 0

AvatarID: 0
Current position of Avatar 0: 10, 0

AvatarID: 0
Current position of Avatar 0: 10, 0

AvatarID: 0
Current position of Avatar 0: 10, 0

AvatarID: 0
Current position of Avatar 0: 10, 0

AvatarID: 0
Current position of Avatar 0: 11, 0

AvatarID: 0
Current position of Avatar 0: 11, 0

AvatarID: 0
Current position of Avatar 0: 12, 0

AvatarID: 0
Current position of Avatar 0: 12, 0

AvatarID: 0
Current position of Avatar 0: 13, 0

AvatarID: 0
Current position of Avatar 0: 13, 1

AvatarID: 0
Current position of Avatar 0: 12, 1

AvatarID: 0
Current position of Avatar 0: 11, 1

AvatarID: 0
Current position of Avatar 0: 10, 1

AvatarID: 0
Current position of Avatar 0: 9, 1

AvatarID: 0
Current position of Avatar 0: 9, 0

AvatarID: 0
Current position of Avatar 0: 8, 0

AvatarID: 0
Current position of Avatar 0: 7, 0

AvatarID: 0
Current position of Avatar 0: 6, 0

AvatarID: 0
Current position of Avatar 0: 5, 0

AvatarID: 0
Current position of Avatar 0: 4, 0

AvatarID: 0
Current position of Avatar 0: 3, 0

AvatarID: 0
Current position of Avatar 0: 2, 0

AvatarID: 0
Current position of Avatar 0: 2, 0

AvatarID: 0
Current position of Avatar 0: 2, 0

AvatarID: 0
Current position of Avatar 0: 2, 1

AvatarID: 0
Current position of Avatar 0: 1, 1

AvatarID: 0
Current position of Avatar 0: 1, 1

AvatarID: 0
Current position of Avatar 0: 0, 1

AvatarID: 0
Current position of Avatar 0: 0, 0

AvatarID: 0
Current position of Avatar 0: 1, 0

AvatarID: 0
Current position of Avatar 0: 0, 0

AvatarID: 0
Current position of Avatar 0: 0, 1

AvatarID: 0
Current position of Avatar 0: 0, 2

AvatarID: 0
Current position of Avatar 0: 0, 2

AvatarID: 0
Current position of Avatar 0: 0, 2

AvatarID: 0
Current position of Avatar 0: 1, 2

AvatarID: 0
Current position of Avatar 0: 1, 2

AvatarID: 0
Current position of Avatar 0: 2, 2

AvatarID: 0
Current position of Avatar 0: 2, 3

AvatarID: 0
Current position of Avatar 0: 1, 3

AvatarID: 0
Current position of Avatar 0: 0, 3

AvatarID: 0
Current position of Avatar 0: 0, 4

AvatarID: 0
Current position of Avatar 0: 0, 5

AvatarID: 0
Current position of Avatar 0: 0, 6

AvatarID: 0
Current position of Avatar 0: 0, 7

AvatarID: 0
Current position of Avatar 0: 0, 8

AvatarID: 0
Current position of Avatar 0: 0, 8

AvatarID: 0
Current position of Avatar 0: 0, 8

AvatarID: 0
Current position of Avatar 0: 0, 8

AvatarID: 0
Current position of Avatar 0: 0, 8

AvatarID: 0
Current position of Avatar 0: 0, 7

AvatarID: 0
Current position of Avatar 0: 0, 7

AvatarID: 0
Current position of Avatar 0: 0, 6

AvatarID: 0
Current position of Avatar 0: 1, 6

AvatarID: 0
Current position of Avatar 0: 1, 6

AvatarID: 0
Current position of Avatar 0: 2, 6

AvatarID: 0
Current position of Avatar 0: 2, 6

AvatarID: 0
Current position of Avatar 0: 2, 6

AvatarID: 0
Current position of Avatar 0: 2, 6

AvatarID: 0
Current position of Avatar 0: 2, 5

AvatarID: 0
Current position of Avatar 0: 2, 5

AvatarID: 0
Current position of Avatar 0: 2, 4

AvatarID: 0
Current position of Avatar 0: 3, 4

AvatarID: 0
Current position of Avatar 0: 3, 5

AvatarID: 0
Current position of Avatar 0: 3, 6

AvatarID: 0
Current position of Avatar 0: 3, 6

AvatarID: 0
Current position of Avatar 0: 3, 6

AvatarID: 0
Current position of Avatar 0: 3, 6

AvatarID: 0
Current position of Avatar 0: 3, 6

AvatarID: 0
Current position of Avatar 0: 3, 5

AvatarID: 0
Current position of Avatar 0: 3, 5

AvatarID: 0
Current position of Avatar 0: 3, 4

AvatarID: 0
Current position of Avatar 0: 3, 4

AvatarID: 0
Current position of Avatar 0: 3, 3

AvatarID: 0
Current position of Avatar 0: 3, 3

AvatarID: 0
Current position of Avatar 0: 3, 2

AvatarID: 0
Current position of Avatar 0: 3, 2

AvatarID: 0
Current position of Avatar 0: 3, 1

AvatarID: 0
Current position of Avatar 0: 4, 1

AvatarID: 0
Current position of Avatar 0: 4, 1

AvatarID: 0
Current position of Avatar 0: 5, 1

AvatarID: 0
Current position of Avatar 0: 5, 1

AvatarID: 0
Current position of Avatar 0: 5, 1

AvatarID: 0
Current position of Avatar 0: 5, 1

AvatarID: 0
Current position of Avatar 0: 5, 1

AvatarID: 0
Current position of Avatar 0: 5, 1

AvatarID: 0
Current position of Avatar 0: 4, 1

AvatarID: 0
Current position of Avatar 0: 4, 1

AvatarID: 0
Current position of Avatar 0: 3, 1

AvatarID: 0
Current position of Avatar 0: 3, 1

AvatarID: 0
Current position of Avatar 0: 3, 1

AvatarID: 0
Current position of Avatar 0: 3, 1

AvatarID: 0
Current position of Avatar 0: 3, 2

AvatarID: 0
Current position of Avatar 0: 3, 2

AvatarID: 0
Current position of Avatar 0: 3, 3

AvatarID: 0
Current position of Avatar 0: 3, 3

AvatarID: 0
Current position of Avatar 0: 3, 4

AvatarID: 0
Current position of Avatar 0: 2, 4

AvatarID: 0
Current position of Avatar 0: 2, 4

AvatarID: 0
Current position of Avatar 0: 1, 4

AvatarID: 0
Current position of Avatar 0: 1, 4

AvatarID: 0
Current position of Avatar 0: 1, 4

AvatarID: 0
Current position of Avatar 0: 1, 4

AvatarID: 0
Current position of Avatar 0: 1, 5

AvatarID: 0
Current position of Avatar 0: 1, 5

AvatarID: 0
Current position of Avatar 0: 1, 5

AvatarID: 0
Current position of Avatar 0: 1, 5

AvatarID: 0
Current position of Avatar 0: 1, 5

AvatarID: 0
Current position of Avatar 0: 1, 5

AvatarID: 0
Current position of Avatar 0: 1, 4

AvatarID: 0
Current position of Avatar 0: 2, 4

AvatarID: 0
Current position of Avatar 0: 2, 5

AvatarID: 0
Current position of Avatar 0: 2, 6

AvatarID: 0
Current position of Avatar 0: 1, 6

AvatarID: 0
Current position of Avatar 0: 0, 6

AvatarID: 0
Current position of Avatar 0: 0, 5

AvatarID: 0
Current position of Avatar 0: 0, 4

AvatarID: 0
Current position of Avatar 0: 0, 3

AvatarID: 0
Current position of Avatar 0: 1, 3

AvatarID: 0
Current position of Avatar 0: 2, 3

AvatarID: 0
Current position of Avatar 0: 2, 2

AvatarID: 0
Current position of Avatar 0: 2, 2

AvatarID: 0
Current position of Avatar 0: 2, 2

AvatarID: 0
Current position of Avatar 0: 1, 2

AvatarID: 0
Current position of Avatar 0: 1, 2

AvatarID: 0
Current position of Avatar 0: 0, 2

AvatarID: 0
Current position of Avatar 0: 0, 1

AvatarID: 0
Current position of Avatar 0: 1, 1

AvatarID: 0
Current position of Avatar 0: 2, 1

AvatarID: 0
Current position of Avatar 0: 2, 0

AvatarID: 0
Current position of Avatar 0: 3, 0

AvatarID: 0
Current position of Avatar 0: 4, 0

AvatarID: 0
Current position of Avatar 0: 5, 0

AvatarID: 0
Current position of Avatar 0: 6, 0

AvatarID: 0
Current position of Avatar 0: 6, 0

AvatarID: 0
Current position of Avatar 0: 7, 0

AvatarID: 0
Current position of Avatar 0: 7, 0

AvatarID: 0
Cur of Avatar 1: 33, 34

AvatarID: 1
Current position of Avatar 1: 33, 34

AvatarID: 1
Current position of Avatar 1: 33, 34

AvatarID: 1
Current position of Avatar 1: 33, 34

AvatarID: 1
Current position of Avatar 1: 33, 33

AvatarID: 1
Current position of Avatar 1: 33, 33

AvatarID: 1
Current position of Avatar 1: 33, 32

AvatarID: 1
Current position of Avatar 1: 33, 32

AvatarID: 1
Current position of Avatar 1: 33, 31

AvatarID: 1
Current position of Avatar 1: 33, 31

AvatarID: 1
Current position of Avatar 1: 33, 30

AvatarID: 1
Current position of Avatar 1: 34, 30

AvatarID: 1
Current position of Avatar 1: 34, 30

AvatarID: 1
Current position of Avatar 1: 35, 30

AvatarID: 1
Current position of Avatar 1: 35, 30

AvatarID: 1
Current position of Avatar 1: 35, 30

AvatarID: 1
Current position of Avatar 1: 35, 30

AvatarID: 1
Current position of Avatar 1: 35, 29

AvatarID: 1
Current position of Avatar 1: 35, 29

AvatarID: 1
Current position of Avatar 1: 35, 29

AvatarID: 1
Current position of Avatar 1: 35, 29

AvatarID: 1
Current position of Avatar 1: 34, 29

AvatarID: 1
Current position of Avatar 1: 34, 28

AvatarID: 1
Current position of Avatar 1: 35, 28

AvatarID: 1
Current position of Avatar 1: 36, 28

AvatarID: 1
Current position of Avatar 1: 36, 28

AvatarID: 1
Current position of Avatar 1: 37, 28

AvatarID: 1
Current position of Avatar 1: 37, 28

AvatarID: 1
Current position of Avatar 1: 38, 28

AvatarID: 1
Current position of Avatar 1: 38, 28

AvatarID: 1
Current position of Avatar 1: 39, 28

AvatarID: 1
Current position of Avatar 1: 39, 29

AvatarID: 1
Current position of Avatar 1: 38, 29

AvatarID: 1
Current position of Avatar 1: 37, 29

AvatarID: 1
Current position of Avatar 1: 37, 29

AvatarID: 1
Current position of Avatar 1: 37, 29

AvatarID: 1
Current position of Avatar 1: 37, 30

AvatarID: 1
Current position of Avatar 1: 36, 30

AvatarID: 1
Current position of Avatar 1: 36, 29

AvatarID: 1
Current position of Avatar 1: 36, 30

AvatarID: 1
Current position of Avatar 1: 36, 31

AvatarID: 1
Current position of Avatar 1: 36, 31

AvatarID: 1
Current position of Avatar 1: 36, 31

AvatarID: 1
Current position of Avatar 1: 36, 31

AvatarID: 1
Current position of Avatar 1: 37, 31

AvatarID: 1
Current position of Avatar 1: 37, 32

AvatarID: 1
Current position of Avatar 1: 37, 32

AvatarID: 1
Current position of Avatar 1: 37, 32

AvatarID: 1
Current position of Avatar 1: 37, 32

AvatarID: 1
Current position of Avatar 1: 38, 32

AvatarID: 1
Current position of Avatar 1: 38, 33

AvatarID: 1
Current position of Avatar 1: 38, 33

AvatarID: 1
Current position of Avatar 1: 38, 33

AvatarID: 1
Current position of Avatar 1: 38, 33

AvatarID: 1
Current position of Avatar 1: 39, 33

AvatarID: 1
Current position of Avatar 1: 39, 34

AvatarID: 1
Current position of Avatar 1: 39, 34

AvatarID: 1
Current position of Avatar 1: 39, 35

AvatarID: 1
Current position of Avatar 1: 39, 35

AvatarID: 1
Current position of Avatar 1: 39, 36

AvatarID: 1
Current position of Avatar 1: 38, 36

AvatarID: 1
Current position of Avatar 1: 38, 36

AvatarID: 1
Current position of Avatar 1: 37, 36

AvatarID: 1
Current position of Avatar 1: 37, 36

AvatarID: 1
Current position of Avatar 1: 37, 36

AvatarID: 1
Current position of Avatar 1: 37, 36

AvatarID: 1
Current position of Avatar 1: 37, 37

AvatarID: 1
Current position of Avatar 1: 36, 37

AvatarID: 1
Current position of Avatar 1: 36, 37

AvatarID: 1
Current position of Avatar 1: 35, 37

AvatarID: 1
Current position of Avatar 1: 35, 37

AvatarID: 1
Current position of Avatar 1: 34, 37

AvatarID: 1
Current position of Avatar 1: 34, 36

AvatarID: 1
Current position of Avatar 1: 34, 36

AvatarID: 1
Current position of Avatar 1: 34, 35

AvatarID: 1
Current position of Avatar 1: 34, 35

AvatarID: 1
Current position of Avatar 1: 34, 34

AvatarID: 1
Current position of Avatar 1: 35, 34

AvatarID: 1
Current position of Avatar 1: 35, 35

AvatarID: 1
Current position of Avatar 1: 35, 36

AvatarID: 1
Current position of Avatar 1: 36, 36

AvatarID: 1
Current position of Avatar 1: 36, 35

AvatarID: 1
Current position of Avatar 1: 36, 35

AvatarID: 1
Current position of Avatar 1: 36, 34

AvatarID: 1
Current position of Avatar 1: 36, 34

AvatarID: 1
Current position of Avatar 1: 36, 33

AvatarID: 1
Current position of Avatar 1: 37, 33

AvatarID: 1
Current position of Avatar 1: 37, 34

AvatarID: 1
Current position of Avatar 1: 37, 34

AvatarID: 1
Current position of Avatar 1: 37, 34

AvatarID: 1
Current position of Avatar 1: 38, 34

AvatarID: 1
Current position of Avatar 1: 38, 35

AvatarID: 1
Current position of Avatar 1: 37, 35

AvatarID: 1
Current position of Avatar 1: 38, 35

AvatarID: 1
Current position of Avatar 1: 38, 34

AvatarID: 1
Current position of Avatar 1: 37, 34

AvatarID: 1
Current position of Avatar 1: 37, 33

AvatarID: 1
Current position of Avatar 1: 36, 33

AvatarID: 1
Current position of Avatar 1: 36, 33

AvatarID: 1
Current position of Avatar 1: 35, 33

AvatarID: 1
Current position of Avatar 1: 35, 32

AvatarID: 1
Current position of Avatar 1: 36, 32

AvatarID: 1
Current position of Avatar 1: 35, 32

AvatarID: 1
Current position of Avatar 1: 35, 32

AvatarID: 1
Current position of Avatar 1: 34, 32

AvatarID: 1
Current position of Avatar 1: 34, 31

AvatarID: 1
Current position of Avatar 1: 35, 31

AvatarID: 1
Current position of Avatar 1: 34, 31

AvatarID: 1
Current position of Avatar 1: 34, 32

AvatarID: 1
Current position of Avatar 1: 34, 33

AvatarID: 1
Current position of Avatar 1: 34, 33

AvatarID: 1
Current position of Avatar 1: 34, 33

AvatarID: 1
Current position of Avatar 1: 34, 33

AvatarID: 1
Current position of Avatar 1: 34, 33

AvatarID: 1
Current position of Avatar 1: 34, 32

AvatarID: 1
Current position of Avatar 1: 35, 32

AvatarID: 1
Current position of Avatar 1: 35, 33

AvatarID: 1
Current position of Avatar 1: 35, 33

AvatarID: 1
Current position of Avatar 1: 35, 33

AvatarID: 1
Current position of Avatar 1: 36, 33

AvatarID: 1
Current position of Avatar 1: 36, 34

AvatarID: 1
Current position of Avatar 1: 36, 34

AvatarID: 1
Current position of Avatar 1: 36, 35

AvatarID: 1
Current position of Avatar 1: 36, 35

AvatarID: 1
Current position of Avatar 1: 36, 36

AvatarID: 1
Current position of Avatar 1: 35, 36

AvatarID: 1
Current position of Avatar 1: 35, 35

AvatarID: 1
Current position of Avatar 1: 35, 34

AvatarID: 1
Current position of Avatar 1: 34, 34

AvatarID: 1
Current position of Avatar 1: 34, 35

AvatarID: 1
Current position of Avatar 1: 33, 35

AvatarID: 1
Current position of Avatar 1: 33, 36

AvatarID: 1
Current position of Avatar 1: 33, 37

AvatarID: 1
Current position of Avatar 1: 33, 38

AvatarID: 1
Current position of Avatar 1: 33, 38

AvatarID: 1
Current position of Avatar 1: 33, 38

AvatarID: 1
Current position of Avatar 1: 34, 38

AvatarID: 1
Current position of Avatar 1: 34, 39

AvatarID: 1
Current position of Avatar 1: 33, 39

AvatarID: 1
Current position of Avatar 1: 32, 39

AvatarID: 1
Current position of Avatar 1: 31, 39

AvatarID: 1
Current position of Avatar 1: 32, 39

AvatarID: 1
Current position of Avatar 1: 33, 39

AvatarID: 1
Current position of Avatar 1: 34, 39

AvatarID: 1
Current position of Avatar 1: 35, 39

AvatarID: 1
Current position of Avatar 1: 35, 39

AvatarID: 1
Current position of Avatar 1: 35, 39

AvatarID: 1
Current position of Avatar 1: 35, 38

AvatarID: 1
Current position of Avatar 1: 36, 38

AvatarID: 1
Current position of Avatar 1: 36, 38

AvatarID: 1
Current position of Avatar 1: 37, 38

AvatarID: 1
Current position of Avatar 1: 37, 38

AvatarID: 1
Current position of Avatar 1: 38, 38

AvatarID: 1
Current position of Avatar 1: 38, 39

AvatarID: 1
Current position of Avatar 1: 37, 39

AvatarID: 1
Current position of Avatar 1: 36, 39

AvatarID: 1
Current position of Avatar 1: 37, 39

AvatarID: 1
Current position of Avatar 1: 38, 39

AvatarID: 1
Current position of Avatar 1: 39, 39

AvatarID: 1
Current position of Avatar 1: 39, 38

AvatarID: 1
Current position of Avatar 1: 39, 37

AvatarID: 1
Current position of Avatar 1: 39, 37

AvatarID: 1
Current position of Avatar 1: 39, 37

AvatarID: 1
Current position of Avatar 1: 38, 37

AvatarID: 1
Current rent position of Avatar 0: 8, 0

AvatarID: 0
Current position of Avatar 0: 8, 1

AvatarID: 0
Current position of Avatar 0: 7, 1

AvatarID: 0
Current position of Avatar 0: 6, 1

AvatarID: 0
Current position of Avatar 0: 6, 2

AvatarID: 0
Current position of Avatar 0: 6, 2

AvatarID: 0
Current position of Avatar 0: 6, 3

AvatarID: 0
Current position of Avatar 0: 5, 3

AvatarID: 0
Current position of Avatar 0: 5, 2

AvatarID: 0
Current position of Avatar 0: 4, 2

AvatarID: 0
Current position of Avatar 0: 4, 3

AvatarID: 0
Current position of Avatar 0: 4, 4

AvatarID: 0
Current position of Avatar 0: 4, 5

AvatarID: 0
Current position of Avatar 0: 4, 5

AvatarID: 0
Current position of Avatar 0: 4, 5

AvatarID: 0
Current position of Avatar 0: 5, 5

AvatarID: 0
Current position of Avatar 0: 5, 5

AvatarID: 0
Current position of Avatar 0: 5, 5

AvatarID: 0
Current position of Avatar 0: 5, 5

AvatarID: 0
Current position of Avatar 0: 5, 4

AvatarID: 0
Current position of Avatar 0: 6, 4

AvatarID: 0
Current position of Avatar 0: 6, 5

AvatarID: 0
Current position of Avatar 0: 6, 6

AvatarID: 0
Current position of Avatar 0: 6, 6

AvatarID: 0
Current position of Avatar 0: 6, 6

AvatarID: 0
Current position of Avatar 0: 6, 6

AvatarID: 0
Current position of Avatar 0: 7, 6

AvatarID: 0
Current position of Avatar 0: 7, 6

AvatarID: 0
Current position of Avatar 0: 7, 6

AvatarID: 0
Current position of Avatar 0: 7, 6

AvatarID: 0
Current position of Avatar 0: 7, 5

AvatarID: 0
Current position of Avatar 0: 8, 5

AvatarID: 0
Current position of Avatar 0: 8, 6

AvatarID: 0
Current position of Avatar 0: 8, 7

AvatarID: 0
Current position of Avatar 0: 7, 7

AvatarID: 0
Current position of Avatar 0: 6, 7

AvatarID: 0
Current position of Avatar 0: 5, 7

AvatarID: 0
Current position of Avatar 0: 5, 6

AvatarID: 0
Current position of Avatar 0: 4, 6

AvatarID: 0
Current position of Avatar 0: 4, 7

AvatarID: 0
Current position of Avatar 0: 4, 7

AvatarID: 0
Current position of Avatar 0: 4, 8

AvatarID: 0
Current position of Avatar 0: 4, 8

AvatarID: 0
Current position of Avatar 0: 4, 8

AvatarID: 0
Current position of Avatar 0: 4, 8

AvatarID: 0
Current position of Avatar 0: 5, 8

AvatarID: 0
Current position of Avatar 0: 5, 9

AvatarID: 0
Current position of Avatar 0: 5, 9

AvatarID: 0
Current position of Avatar 0: 5, 10

AvatarID: 0
Current position of Avatar 0: 5, 10

AvatarID: 0
Current position of Avatar 0: 5, 10

AvatarID: 0
Current position of Avatar 0: 5, 10

AvatarID: 0
Current position of Avatar 0: 5, 10

AvatarID: 0
Current position of Avatar 0: 5, 10

AvatarID: 0
Current position of Avatar 0: 5, 9

AvatarID: 0
Current position of Avatar 0: 5, 9

AvatarID: 0
Current position of Avatar 0: 5, 8

AvatarID: 0
Current position of Avatar 0: 6, 8

AvatarID: 0
Current position of Avatar 0: 6, 9

AvatarID: 0
Current position of Avatar 0: 6, 10

AvatarID: 0
Current position of Avatar 0: 6, 11

AvatarID: 0
Current position of Avatar 0: 5, 11

AvatarID: 0
Current position of Avatar 0: 5, 11

AvatarID: 0
Current position of Avatar 0: 5, 11

AvatarID: 0
Current position of Avatar 0: 5, 12

AvatarID: 0
Current position of Avatar 0: 4, 12

AvatarID: 0
Current position of Avatar 0: 4, 12

AvatarID: 0
Current position of Avatar 0: 3, 12

AvatarID: 0
Current position of Avatar 0: 3, 12

AvatarID: 0
Current position of Avatar 0: 3, 12

AvatarID: 0
Current position of Avatar 0: 3, 12

AvatarID: 0
Current position of Avatar 0: 3, 13

AvatarID: 0
Current position of Avatar 0: 2, 13

AvatarID: 0
Current position of Avatar 0: 2, 12

AvatarID: 0
Current position of Avatar 0: 2, 11

AvatarID: 0
Current position of Avatar 0: 3, 11

AvatarID: 0
Current position of Avatar 0: 4, 11

AvatarID: 0
Current position of Avatar 0: 4, 10

AvatarID: 0
Current position of Avatar 0: 4, 9

AvatarID: 0
Current position of Avatar 0: 3, 9

AvatarID: 0
Current position of Avatar 0: 3, 9

AvatarID: 0
Current position of Avatar 0: 2, 9

AvatarID: 0
Current position of Avatar 0: 2, 8

AvatarID: 0
Current position of Avatar 0: 3, 8

AvatarID: 0
Current position of Avatar 0: 3, 7

AvatarID: 0
Current position of Avatar 0: 2, 7

AvatarID: 0
Current position of Avatar 0: 1, 7

AvatarID: 0
Current position of Avatar 0: 1, 8

AvatarID: 0
Current position of Avatar 0: 1, 9

AvatarID: 0
Current position of Avatar 0: 0, 9

AvatarID: 0
Current position of Avatar 0: 0, 10

AvatarID: 0
Current position of Avatar 0: 0, 11

AvatarID: 0
Current position of Avatar 0: 0, 12

AvatarID: 0
Current position of Avatar 0: 0, 13

AvatarID: 0
Current position of Avatar 0: 0, 14

AvatarID: 0
Current position of Avatar 0: 0, 15

AvatarID: 0
Current position of Avatar 0: 0, 15

AvatarID: 0
Current position of Avatar 0: 0, 15

AvatarID: 0
Current position of Avatar 0: 0, 15

AvatarID: 0
Current position of Avatar 0: 0, 15

AvatarID: 0
Current position of Avatar 0: 0, 14

AvatarID: 0
Current position of Avatar 0: 0, 14

AvatarID: 0
Current position of Avatar 0: 0, 13

AvatarID: 0
Current position of Avatar 0: 0, 13

AvatarID: 0
Current position of Avatar 0: 0, 12

AvatarID: 0
Current position of Avatar 0: 1, 12

AvatarID: 0
Current position of Avatar 0: 1, 13

AvatarID: 0
Current position of Avatar 0: 1, 14

AvatarID: 0
Current position of Avatar 0: 1, 15

AvatarID: 0
Current position of Avatar 0: 1, 16

AvatarID: 0
Current position of Avatar 0: 0, 16

AvatarID: 0
Current position of Avatar 0: 0, 17

AvatarID: 0
Current position of Avatar 0: 0, 18

AvatarID: 0
Current position of Avatar 0: 0, 19

AvatarID: 0
Current position of Avatar 0: 0, 19

AvatarID: 0
Current position of Avatar 0: 0, 19

AvatarID: 0
Current position of Avatar 0: 1, 19

AvatarID: 0
Current position of Avatar 0: 1, 19

AvatarID: 0
Current position of Avatar 0: 1, 19

AvatarID: 0
Current position of Avatar 0: 1, 19

AvatarID: 0
Current position of Avatar 0: 1, 18

AvatarID: 0
Current position of Avatar 0: 1, 18

AvatarID: 0
Current position of Avatar 0: 1, 18

AvatarID: 0
Current position of Avatar 0: 1, 18

AvatarID: 0
Current position of Avatar 0: 1, 18

AvatarID: 0
Current position of Avatar 0: 1, 18

AvatarID: 0
Current position of Avatar 0: 1, 19

AvatarID: 0
Current position of Avatar 0: 0, 19

AvatarID: 0
Current position of Avatar 0: 0, 18

AvatarID: 0
Current position of Avatar 0: 0, 17

AvatarID: 0
Current position of Avatar 0: 1, 17

AvatarID: 0
Current position of Avatar 0: 2, 17

AvatarID: 0
Current position of Avatar 0: 2, 18

AvatarID: 0
Current position of Avatar 0: 2, 19

AvatarID: 0
Current position of Avatar 0: 2, 20

AvatarID: 0
Current position of Avatar 0: 1, 20

AvatarID: 0
Current position of Avatar 0: 0, 20

AvatarID: 0
Current position of Avatar 0: 0, 21

AvatarID: 0
Current position of Avatar 0: 0, 22

AvatarID: 0
Current position of Avatar 0: 0, 22

AvatarID: 0
Current position of Avatar 0: 0, 22

AvatarID: 0
Current position of Avatar 0: 0, 22

AvatarID: 0
Current position of Avatar 0: 0, 22

AvatarID: 0
Current position of Avatar 0: 0, 21

AvatarID: 0
Current position of Avatar 0: 1, 21

AvatarID: 0
Current position of Avatar 0: 1, 22

AvatarID: 0
Current position of Avatar 0: 1, 23

AvatarID: 0
Current position of Avatar 0: 0, 23

AvatarID: 0
Current position of Avatar 0: 0, 24

AvatarID: 0
Current position of Avatar 0: 0, 25

AvatarID: 0
Current position of Avatar 0: 0, 26

AvatarID: 0
Current position of Avatar 0: 0, 27

AvatarID: 0
Current position of Avatar 0: 0, 28

AvatarID: 0
Current position of Avatar 0: 0, 29

AvatarID: 0
Current position of Avatar 0: 0, 29

AvatarID: 0
Current position of Avatar 0: 0, 29

AvatarID: 0
Current position of Avatar 0: 0, 28

AvatarID: 0
Current position of Avatar 0: 1, 28

AvatarID: 0
Current position of Avatar 0: 1, 28

AvatarID: 0
Current position of Avatar 0: 2, 28

AvatarID: 0
Current position of Avatar 0: 2, 28

AvatarID: 0
Current position of Avatar 0: 3, 28

AvatarID: 0
Current position of Avatar 0: 3, 28

AvatarID: 0
Current position of Avatar 0: 3, 28

AvatarID: 0
Current position of Avatar 0: 3, 28

AvatarID: 0
Current position of Avatar 0: 3, 28

AvatarID: 0
Current position of Avatar 0: 3, 28

AvatarID: 0
Current position of Avatar 0: 2, 28

AvatarID: 0
Current position of Avatar 0position of Avatar 1: 38, 37

AvatarID: 1
Current position of Avatar 1: 38, 37

AvatarID: 1
Current position of Avatar 1: 38, 37

AvatarID: 1
Current position of Avatar 1: 38, 37

AvatarID: 1
Current position of Avatar 1: 38, 37

AvatarID: 1
Current position of Avatar 1: 39, 37

AvatarID: 1
Current position of Avatar 1: 39, 38

AvatarID: 1
Current position of Avatar 1: 39, 38

AvatarID: 1
Current position of Avatar 1: 39, 39

AvatarID: 1
Current position of Avatar 1: 38, 39

AvatarID: 1
Current position of Avatar 1: 38, 38

AvatarID: 1
Current position of Avatar 1: 37, 38

AvatarID: 1
Current position of Avatar 1: 37, 38

AvatarID: 1
Current position of Avatar 1: 36, 38

AvatarID: 1
Current position of Avatar 1: 36, 38

AvatarID: 1
Current position of Avatar 1: 35, 38

AvatarID: 1
Current position of Avatar 1: 35, 38

AvatarID: 1
Current position of Avatar 1: 35, 38

AvatarID: 1
Current position of Avatar 1: 35, 38

AvatarID: 1
Current position of Avatar 1: 35, 39

AvatarID: 1
Current position of Avatar 1: 34, 39

AvatarID: 1
Current position of Avatar 1: 34, 38

AvatarID: 1
Current position of Avatar 1: 34, 38

AvatarID: 1
Current position of Avatar 1: 34, 38

AvatarID: 1
Current position of Avatar 1: 33, 38

AvatarID: 1
Current position of Avatar 1: 33, 37

AvatarID: 1
Current position of Avatar 1: 33, 37

AvatarID: 1
Current position of Avatar 1: 33, 36

AvatarID: 1
Current position of Avatar 1: 33, 36

AvatarID: 1
Current position of Avatar 1: 33, 35

AvatarID: 1
Current position of Avatar 1: 34, 35

AvatarID: 1
Current position of Avatar 1: 34, 36

AvatarID: 1
Current position of Avatar 1: 34, 37

AvatarID: 1
Current position of Avatar 1: 35, 37

AvatarID: 1
Current position of Avatar 1: 36, 37

AvatarID: 1
Current position of Avatar 1: 37, 37

AvatarID: 1
Current position of Avatar 1: 37, 36

AvatarID: 1
Current position of Avatar 1: 38, 36

AvatarID: 1
Current position of Avatar 1: 39, 36

AvatarID: 1
Current position of Avatar 1: 39, 35

AvatarID: 1
Current position of Avatar 1: 39, 34

AvatarID: 1
Current position of Avatar 1: 39, 33

AvatarID: 1
Current position of Avatar 1: 39, 32

AvatarID: 1
Current position of Avatar 1: 39, 31

AvatarID: 1
Current position of Avatar 1: 39, 30

AvatarID: 1
Current position of Avatar 1: 39, 30

AvatarID: 1
Current position of Avatar 1: 39, 30

AvatarID: 1
Current position of Avatar 1: 38, 30

AvatarID: 1
Current position of Avatar 1: 38, 30

AvatarID: 1
Current position of Avatar 1: 38, 30

AvatarID: 1
Current position of Avatar 1: 38, 30

AvatarID: 1
Current position of Avatar 1: 38, 31

AvatarID: 1
Current position of Avatar 1: 38, 31

AvatarID: 1
Current position of Avatar 1: 38, 31

AvatarID: 1
Current position of Avatar 1: 38, 31

AvatarID: 1
Current position of Avatar 1: 38, 31

AvatarID: 1
Current position of Avatar 1: 38, 31

AvatarID: 1
Current position of Avatar 1: 38, 30

AvatarID: 1
Current position of Avatar 1: 39, 30

AvatarID: 1
Current position of Avatar 1: 39, 31

AvatarID: 1
Current position of Avatar 1: 39, 32

AvatarID: 1
Current position of Avatar 1: 39, 32

AvatarID: 1
Current position of Avatar 1: 39, 33

AvatarID: 1
Current position of Avatar 1: 38, 33

AvatarID: 1
Current position of Avatar 1: 38, 32

AvatarID: 1
Current position of Avatar 1: 37, 32

AvatarID: 1
Current position of Avatar 1: 37, 31

AvatarID: 1
Current position of Avatar 1: 37, 31

AvatarID: 1
Current position of Avatar 1: 37, 31

AvatarID: 1
Current position of Avatar 1: 36, 31

AvatarID: 1
Current position of Avatar 1: 36, 30

AvatarID: 1
Current position of Avatar 1: 37, 30

AvatarID: 1
Current position of Avatar 1: 37, 29

AvatarID: 1
Current position of Avatar 1: 38, 29

AvatarID: 1
Current position of Avatar 1: 39, 29

AvatarID: 1
Current position of Avatar 1: 39, 28

AvatarID: 1
Current position of Avatar 1: 39, 27

AvatarID: 1
Current position of Avatar 1: 39, 27

AvatarID: 1
Current position of Avatar 1: 39, 27

AvatarID: 1
Current position of Avatar 1: 38, 27

AvatarID: 1
Current position of Avatar 1: 38, 26

AvatarID: 1
Current position of Avatar 1: 38, 26

AvatarID: 1
Current position of Avatar 1: 38, 25

AvatarID: 1
Current position of Avatar 1: 39, 25

AvatarID: 1
Current position of Avatar 1: 39, 26

AvatarID: 1
Current position of Avatar 1: 39, 25

AvatarID: 1
Current position of Avatar 1: 39, 24

AvatarID: 1
Current position of Avatar 1: 39, 23

AvatarID: 1
Current position of Avatar 1: 39, 22

AvatarID: 1
Current position of Avatar 1: 39, 21

AvatarID: 1
Current position of Avatar 1: 39, 20

AvatarID: 1
Current position of Avatar 1: 39, 20

AvatarID: 1
Current position of Avatar 1: 39, 20

AvatarID: 1
Current position of Avatar 1: 38, 20

AvatarID: 1
Current position of Avatar 1: 38, 20

AvatarID: 1
Current position of Avatar 1: 38, 20

AvatarID: 1
Current position of Avatar 1: 38, 20

AvatarID: 1
Current position of Avatar 1: 38, 21

AvatarID: 1
Current position of Avatar 1: 37, 21

AvatarID: 1
Current position of Avatar 1: 37, 21

AvatarID: 1
Current position of Avatar 1: 36, 21

AvatarID: 1
Current position of Avatar 1: 36, 21

AvatarID: 1
Current position of Avatar 1: 36, 21

AvatarID: 1
Current position of Avatar 1: 36, 21

AvatarID: 1
Current position of Avatar 1: 36, 22

AvatarID: 1
Current position of Avatar 1: 36, 22

AvatarID: 1
Current position of Avatar 1: 36, 23

AvatarID: 1
Current position of Avatar 1: 35, 23

AvatarID: 1
Current position of Avatar 1: 35, 23

AvatarID: 1
Current position of Avatar 1: 35, 23

AvatarID: 1
Current position of Avatar 1: 35, 23

AvatarID: 1
Current position of Avatar 1: 35, 24

AvatarID: 1
Current position of Avatar 1: 34, 24

AvatarID: 1
Current position of Avatar 1: 34, 23

AvatarID: 1
Current position of Avatar 1: 34, 23

AvatarID: 1
Current position of Avatar 1: 34, 23

AvatarID: 1
Current position of Avatar 1: 33, 23

AvatarID: 1
Current position of Avatar 1: 33, 23

AvatarID: 1
Current position of Avatar 1: 32, 23

AvatarID: 1
Current position of Avatar 1: 32, 23

AvatarID: 1
Current position of Avatar 1: 32, 23

AvatarID: 1
Current position of Avatar 1: 32, 23

AvatarID: 1
Current position of Avatar 1: 32, 24

AvatarID: 1
Current position of Avatar 1: 31, 24

AvatarID: 1
Current position of Avatar 1: 31, 24

AvatarID: 1
Current position of Avatar 1: 30, 24

AvatarID: 1
Current position of Avatar 1: 30, 23

AvatarID: 1
Current position of Avatar 1: 30, 23

AvatarID: 1
Current position of Avatar 1: 30, 23

AvatarID: 1
Current position of Avatar 1: 30, 23

AvatarID: 1
Current position of Avatar 1: 29, 23

AvatarID: 1
Current position of Avatar 1: 29, 23

AvatarID: 1
Current position of Avatar 1: 29, 23

AvatarID: 1
Current position of Avatar 1: 29, 23

AvatarID: 1
Current position of Avatar 1: 29, 24

AvatarID: 1
Current position of Avatar 1: 28, 24

AvatarID: 1
Current position of Avatar 1: 28, 23

AvatarID: 1
Current position of Avatar 1: 28, 22

AvatarID: 1
Current position of Avatar 1: 28, 22

AvatarID: 1
Current position of Avatar 1: 28, 22

AvatarID: 1
Current position of Avatar 1: 28, 22

AvatarID: 1
Current position of Avatar 1: 27, 22

AvatarID: 1
Current position of Avatar 1: 27, 22

AvatarID: 1
Current position of Avatar 1: 26, 22

AvatarID: 1
Current position of Avatar 1: 26, 21

AvatarID: 1
Current position of Avatar 1: 27, 21

AvatarID: 1
Current position of Avatar 1: 28, 21

AvatarID: 1
Current position of Avatar 1: 29, 21

AvatarID: 1
Current position of Avatar 1: 29, 21

AvatarID: 1
Current position of Avatar 1: 30, 21

AvatarID: 1
Current position of Avatar 1: 30, 21

AvatarID: 1
Current position of Avatar 1: 31, 21

AvatarID: 1
Current position of Avatar 1: 31, 22

AvatarID: 1
Current position of Avatar 1: 30, 22

AvatarID: 1
Current position of Avatar 1: 29, 22

AvatarID: 1
Current position of Avatar 1: 30, 22

AvatarID: 1
Current position of Avatar 1: 31, 22

AvatarID: 1
Current position of Avatar 1: 31, 23

AvatarID: 1
Current position of Avatar 1: 31, 22

AvatarID: 1
Current position of Avatar 1: 32, 22

AvatarID: 1
Current position of Avatar 1: 33, 22

AvatarID: 1
Current position of Avatar 1: 33, 22

AvatarID: 1
Current position of Avatar 1: 33, 22

AvatarID: 1
Current position of Avatar 1: 33, 21

AvatarID: 1
: 2, 28

AvatarID: 0
Current position of Avatar 0: 1, 28

AvatarID: 0
Current position of Avatar 0: 1, 28

AvatarID: 0
Current position of Avatar 0: 0, 28

AvatarID: 0
Current position of Avatar 0: 0, 27

AvatarID: 0
Current position of Avatar 0: 0, 27

AvatarID: 0
Current position of Avatar 0: 0, 26

AvatarID: 0
Current position of Avatar 0: 0, 26

AvatarID: 0
Current position of Avatar 0: 0, 25

AvatarID: 0
Current position of Avatar 0: 0, 25

AvatarID: 0
Current position of Avatar 0: 0, 24

AvatarID: 0
Current position of Avatar 0: 1, 24

AvatarID: 0
Current position of Avatar 0: 1, 25

AvatarID: 0
Current position of Avatar 0: 1, 26

AvatarID: 0
Current position of Avatar 0: 1, 27

AvatarID: 0
Current position of Avatar 0: 2, 27

AvatarID: 0
Current position of Avatar 0: 3, 27

AvatarID: 0
Current position of Avatar 0: 4, 27

AvatarID: 0
Current position of Avatar 0: 4, 27

AvatarID: 0
Current position of Avatar 0: 5, 27

AvatarID: 0
Current position of Avatar 0: 5, 28

AvatarID: 0
Current position of Avatar 0: 4, 28

AvatarID: 0
Current position of Avatar 0: 4, 29

AvatarID: 0
Current position of Avatar 0: 4, 29

AvatarID: 0
Current position of Avatar 0: 4, 30

AvatarID: 0
Current position of Avatar 0: 4, 30

AvatarID: 0
Current position of Avatar 0: 4, 31

AvatarID: 0
Current position of Avatar 0: 4, 31

AvatarID: 0
Current position of Avatar 0: 4, 32

AvatarID: 0
Current position of Avatar 0: 4, 32

AvatarID: 0
Current position of Avatar 0: 4, 33

AvatarID: 0
Current position of Avatar 0: 4, 33

AvatarID: 0
Current position of Avatar 0: 4, 33

AvatarID: 0
Current position of Avatar 0: 4, 33

AvatarID: 0
Current position of Avatar 0: 4, 33

AvatarID: 0
Current position of Avatar 0: 4, 33

AvatarID: 0
Current position of Avatar 0: 4, 32

AvatarID: 0
Current position of Avatar 0: 4, 32

AvatarID: 0
Current position of Avatar 0: 4, 31

AvatarID: 0
Current position of Avatar 0: 4, 31

AvatarID: 0
Current position of Avatar 0: 4, 30

AvatarID: 0
Current position of Avatar 0: 5, 30

AvatarID: 0
Current position of Avatar 0: 5, 31

AvatarID: 0
Current position of Avatar 0: 5, 32

AvatarID: 0
Current position of Avatar 0: 5, 32

AvatarID: 0
Current position of Avatar 0: 5, 32

AvatarID: 0
Current position of Avatar 0: 6, 32

AvatarID: 0
Current position of Avatar 0: 6, 33

AvatarID: 0
Current position of Avatar 0: 5, 33

AvatarID: 0
Current position of Avatar 0: 5, 34

AvatarID: 0
Current position of Avatar 0: 4, 34

AvatarID: 0
Current position of Avatar 0: 3, 34

AvatarID: 0
Current position of Avatar 0: 3, 33

AvatarID: 0
Current position of Avatar 0: 3, 33

AvatarID: 0
Current position of Avatar 0: 3, 33

AvatarID: 0
Current position of Avatar 0: 2, 33

AvatarID: 0
Current position of Avatar 0: 2, 32

AvatarID: 0
Current position of Avatar 0: 3, 32

AvatarID: 0
Current position of Avatar 0: 3, 31

AvatarID: 0
Current position of Avatar 0: 3, 30

AvatarID: 0
Current position of Avatar 0: 3, 29

AvatarID: 0
Current position of Avatar 0: 2, 29

AvatarID: 0
Current position of Avatar 0: 1, 29

AvatarID: 0
Current position of Avatar 0: 1, 30

AvatarID: 0
Current position of Avatar 0: 0, 30

AvatarID: 0
Current position of Avatar 0: 0, 31

AvatarID: 0
Current position of Avatar 0: 0, 32

AvatarID: 0
Current position of Avatar 0: 1, 32

AvatarID: 0
Current position of Avatar 0: 1, 33

AvatarID: 0
Current position of Avatar 0: 0, 33

AvatarID: 0
Current position of Avatar 0: 0, 34

AvatarID: 0
Current position of Avatar 0: 0, 35

AvatarID: 0
Current position of Avatar 0: 0, 34

AvatarID: 0
Current position of Avatar 0: 1, 34

AvatarID: 0
Current position of Avatar 0: 1, 35

AvatarID: 0
Current position of Avatar 0: 2, 35

AvatarID: 0
Current position of Avatar 0: 2, 36

AvatarID: 0
Current position of Avatar 0: 1, 36

AvatarID: 0
Current position of Avatar 0: 0, 36

AvatarID: 0
Current position of Avatar 0: 0, 37

AvatarID: 0
Current position of Avatar 0: 1, 37

AvatarID: 0
Current position of Avatar 0: 1, 38

AvatarID: 0
Current position of Avatar 0: 0, 38

AvatarID: 0
Current position of Avatar 0: 0, 39

AvatarID: 0
Current position of Avatar 0: 1, 39

AvatarID: 0
Current position of Avatar 0: 2, 39

AvatarID: 0
Current position of Avatar 0: 2, 38

AvatarID: 0
Current position of Avatar 0: 3, 38

AvatarID: 0
Current position of Avatar 0: 3, 39

AvatarID: 0
Current position of Avatar 0: 4, 39

AvatarID: 0
Current position of Avatar 0: 5, 39

AvatarID: 0
Current position of Avatar 0: 6, 39

AvatarID: 0
Current position of Avatar 0: 7, 39

AvatarID: 0
Current position of Avatar 0: 8, 39

AvatarID: 0
Current position of Avatar 0: 9, 39

AvatarID: 0
Current position of Avatar 0: 10, 39

AvatarID: 0
Current position of Avatar 0: 10, 38

AvatarID: 0
Current position of Avatar 0: 11, 38

AvatarID: 0
Current position of Avatar 0: 12, 38

AvatarID: 0
Current position of Avatar 0: 12, 39

AvatarID: 0
Current position of Avatar 0: 11, 39

AvatarID: 0
Current position of Avatar 0: 12, 39

AvatarID: 0
Current position of Avatar 0: 13, 39

AvatarID: 0
Current position of Avatar 0: 13, 38

AvatarID: 0
Current position of Avatar 0: 13, 39

AvatarID: 0
Current position of Avatar 0: 12, 39

AvatarID: 0
Current position of Avatar 0: 12, 38

AvatarID: 0
Current position of Avatar 0: 11, 38

AvatarID: 0
Current position of Avatar 0: 10, 38

AvatarID: 0
Current position of Avatar 0: 10, 39

AvatarID: 0
Current position of Avatar 0: 9, 39

AvatarID: 0
Current position of Avatar 0: 8, 39

AvatarID: 0
Current position of Avatar 0: 7, 39

AvatarID: 0
Current position of Avatar 0: 7, 38

AvatarID: 0
Current position of Avatar 0: 8, 38

AvatarID: 0
Current position of Avatar 0: 9, 38

AvatarID: 0
Current position of Avatar 0: 9, 37

AvatarID: 0
Current position of Avatar 0: 10, 37

AvatarID: 0
Current position of Avatar 0: 10, 36

AvatarID: 0
Current position of Avatar 0: 11, 36

AvatarID: 0
Current position of Avatar 0: 11, 37

AvatarID: 0
Current position of Avatar 0: 12, 37

AvatarID: 0
Current position of Avatar 0: 13, 37

AvatarID: 0
Current position of Avatar 0: 14, 37

AvatarID: 0
Current position of Avatar 0: 14, 38

AvatarID: 0
Current position of Avatar 0: 14, 39

AvatarID: 0
Current position of Avatar 0: 15, 39

AvatarID: 0
Current position of Avatar 0: 16, 39

AvatarID: 0
Current position of Avatar 0: 17, 39

AvatarID: 0
Current position of Avatar 0: 18, 39

AvatarID: 0
Current position of Avatar 0: 19, 39

AvatarID: 0
Current position of Avatar 0: 20, 39

AvatarID: 0
Current position of Avatar 0: 20, 38

AvatarID: 0
Current position of Avatar 0: 21, 38

AvatarID: 0
Current position of Avatar 0: 21, 37

AvatarID: 0
Current position of Avatar 0: 22, 37

AvatarID: 0
Current position of Avatar 0: 23, 37

AvatarID: 0
Current position of Avatar 0: 23, 38

AvatarID: 0
Current position of Avatar 0: 24, 38

AvatarID: 0
Current position of Avatar 0: 24, 39

AvatarID: 0
Current position of Avatar 0: 23, 39

AvatarID: 0
Current position of Avatar 0: 22, 39

AvatarID: 0
Current position of Avatar 0: 22, 38

AvatarID: 0
Current position of Avatar 0: 22, 39

AvatarID: 0
Current position of Avatar 0: 21, 39

AvatarID: 0
Current position of Avatar 0: 22, 39

AvatarID: 0
Current position of Avatar 0: 23, 39

AvatarID: 0
Current position of Avatar 0: 24, 39

AvatarID: 0
Current position of Avatar 0: 25, 39

AvatarID: 0
Current position of Avatar 0: 26, 39

AvatarID: 0
Current position of Avatar 0: 26, 38

AvatarID: 0
Current position of Avatar 0: 26, 37

AvatarID: 0
Current position of Avatar 0: 26, 36

AvatarID: 0
Current position of Avatar 0: 27, 36

AvatarID: 0
Current position of Avatar 0: 28, 36

AvatarID: 0
Current position of Avatar 0: 28, 37

AvatarID: 0
Current position of Avatar 0: 27, 37

AvatarID: 0
Current position of Avatar 0: 27, 38

AvatarID: 0
Current position of Avatar 0: 27, 39

AvatarID: 0
Current position of Avatar 0: 28, 39

AvatarID: 0
Current position of Avatar 0: 29, 39

AvatarID: 0
Current position of Avatar 0: 30, 39

AvatarID: 0
Current position of Avatar 0: 30, 38

AvatarID: 0
Current position of Avatar 0: 31, 38

AvatarID: 0
Current position of Avatar 0: 32, 38

AvatarID: 0
Current position of Avatar 0: 32, 37

AvatarID: 0
Current position of AvCurrent position of Avatar 1: 34, 21

AvatarID: 1
Current position of Avatar 1: 34, 21

AvatarID: 1
Current position of Avatar 1: 35, 21

AvatarID: 1
Current position of Avatar 1: 35, 22

AvatarID: 1
Current position of Avatar 1: 34, 22

AvatarID: 1
Current position of Avatar 1: 35, 22

AvatarID: 1
Current position of Avatar 1: 35, 21

AvatarID: 1
Current position of Avatar 1: 35, 20

AvatarID: 1
Current position of Avatar 1: 35, 20

AvatarID: 1
Current position of Avatar 1: 35, 20

AvatarID: 1
Current position of Avatar 1: 35, 20

AvatarID: 1
Current position of Avatar 1: 34, 20

AvatarID: 1
Current position of Avatar 1: 34, 19

AvatarID: 1
Current position of Avatar 1: 34, 19

AvatarID: 1
Current position of Avatar 1: 34, 19

AvatarID: 1
Current position of Avatar 1: 34, 19

AvatarID: 1
Current position of Avatar 1: 33, 19

AvatarID: 1
Current position of Avatar 1: 33, 19

AvatarID: 1
Current position of Avatar 1: 32, 19

AvatarID: 1
Current position of Avatar 1: 32, 18

AvatarID: 1
Current position of Avatar 1: 32, 18

AvatarID: 1
Current position of Avatar 1: 32, 18

AvatarID: 1
Current position of Avatar 1: 32, 18

AvatarID: 1
Current position of Avatar 1: 31, 18

AvatarID: 1
Current position of Avatar 1: 31, 18

AvatarID: 1
Current position of Avatar 1: 30, 18

AvatarID: 1
Current position of Avatar 1: 30, 18

AvatarID: 1
Current position of Avatar 1: 30, 18

AvatarID: 1
Current position of Avatar 1: 30, 18

AvatarID: 1
Current position of Avatar 1: 30, 19

AvatarID: 1
Current position of Avatar 1: 29, 19

AvatarID: 1
Current position of Avatar 1: 29, 19

AvatarID: 1
Current position of Avatar 1: 28, 19

AvatarID: 1
Current position of Avatar 1: 28, 19

AvatarID: 1
Current position of Avatar 1: 28, 19

AvatarID: 1
Current position of Avatar 1: 28, 19

AvatarID: 1
Current position of Avatar 1: 28, 20

AvatarID: 1
Current position of Avatar 1: 27, 20

AvatarID: 1
Current position of Avatar 1: 27, 19

AvatarID: 1
Current position of Avatar 1: 27, 18

AvatarID: 1
Current position of Avatar 1: 27, 18

AvatarID: 1
Current position of Avatar 1: 27, 17

AvatarID: 1
Current position of Avatar 1: 27, 17

AvatarID: 1
Current position of Avatar 1: 27, 16

AvatarID: 1
Current position of Avatar 1: 28, 16

AvatarID: 1
Current position of Avatar 1: 28, 16

AvatarID: 1
Current position of Avatar 1: 28, 16

AvatarID: 1
Current position of Avatar 1: 28, 16

AvatarID: 1
Current position of Avatar 1: 28, 15

AvatarID: 1
Current position of Avatar 1: 28, 15

AvatarID: 1
Current position of Avatar 1: 28, 15

AvatarID: 1
Current position of Avatar 1: 28, 15

AvatarID: 1
Current position of Avatar 1: 27, 15

AvatarID: 1
Current position of Avatar 1: 27, 15

AvatarID: 1
Current position of Avatar 1: 26, 15

AvatarID: 1
Current position of Avatar 1: 26, 14

AvatarID: 1
Current position of Avatar 1: 27, 14

AvatarID: 1
Current position of Avatar 1: 28, 14

AvatarID: 1
Current position of Avatar 1: 28, 14

AvatarID: 1
Current position of Avatar 1: 28, 14

AvatarID: 1
Current position of Avatar 1: 28, 13

AvatarID: 1
Current position of Avatar 1: 29, 13

AvatarID: 1
Current position of Avatar 1: 29, 14

AvatarID: 1
Current position of Avatar 1: 29, 15

AvatarID: 1
Current position of Avatar 1: 29, 15

AvatarID: 1
Current position of Avatar 1: 29, 15

AvatarID: 1
Current position of Avatar 1: 30, 15

AvatarID: 1
Current position of Avatar 1: 30, 15

AvatarID: 1
Current position of Avatar 1: 30, 15

AvatarID: 1
Current position of Avatar 1: 30, 15

AvatarID: 1
Current position of Avatar 1: 30, 14

AvatarID: 1
Current position of Avatar 1: 30, 14

AvatarID: 1
Current position of Avatar 1: 30, 13

AvatarID: 1
Current position of Avatar 1: 31, 13

AvatarID: 1
Current position of Avatar 1: 31, 14

AvatarID: 1
Current position of Avatar 1: 31, 14

AvatarID: 1
Current position of Avatar 1: 31, 14

AvatarID: 1
Current position of Avatar 1: 32, 14

AvatarID: 1
Current position of Avatar 1: 32, 14

AvatarID: 1
Current position of Avatar 1: 33, 14

AvatarID: 1
Current position of Avatar 1: 33, 14

AvatarID: 1
Current position of Avatar 1: 34, 14

AvatarID: 1
Current position of Avatar 1: 34, 15

AvatarID: 1
Current position of Avatar 1: 34, 15

AvatarID: 1
Current position of Avatar 1: 34, 15

AvatarID: 1
Current position of Avatar 1: 34, 15

AvatarID: 1
Current position of Avatar 1: 35, 15

AvatarID: 1
Current position of Avatar 1: 35, 15

AvatarID: 1
Current position of Avatar 1: 35, 15

AvatarID: 1
Current position of Avatar 1: 35, 15

AvatarID: 1
Current position of Avatar 1: 35, 14

AvatarID: 1
Current position of Avatar 1: 35, 14

AvatarID: 1
Current position of Avatar 1: 35, 13

AvatarID: 1
Current position of Avatar 1: 35, 13

AvatarID: 1
Current position of Avatar 1: 35, 13

AvatarID: 1
Current position of Avatar 1: 35, 13

AvatarID: 1
Current position of Avatar 1: 34, 13

AvatarID: 1
Current position of Avatar 1: 34, 12

AvatarID: 1
Current position of Avatar 1: 34, 12

AvatarID: 1
Current position of Avatar 1: 34, 11

AvatarID: 1
Current position of Avatar 1: 35, 11

AvatarID: 1
Current position of Avatar 1: 35, 12

AvatarID: 1
Current position of Avatar 1: 36, 12

AvatarID: 1
Current position of Avatar 1: 36, 12

AvatarID: 1
Current position of Avatar 1: 37, 12

AvatarID: 1
Current position of Avatar 1: 37, 13

AvatarID: 1
Current position of Avatar 1: 37, 13

AvatarID: 1
Current position of Avatar 1: 37, 13

AvatarID: 1
Current position of Avatar 1: 37, 13

AvatarID: 1
Current position of Avatar 1: 38, 13

AvatarID: 1
Current position of Avatar 1: 38, 14

AvatarID: 1
Current position of Avatar 1: 38, 14

AvatarID: 1
Current position of Avatar 1: 38, 15

AvatarID: 1
Current position of Avatar 1: 38, 15

AvatarID: 1
Current position of Avatar 1: 38, 16

AvatarID: 1
Current position of Avatar 1: 37, 16

AvatarID: 1
Current position of Avatar 1: 37, 16

AvatarID: 1
Current position of Avatar 1: 37, 16

AvatarID: 1
Current position of Avatar 1: 37, 16

AvatarID: 1
Current position of Avatar 1: 37, 17

AvatarID: 1
Current position of Avatar 1: 37, 17

AvatarID: 1
Current position of Avatar 1: 37, 17

AvatarID: 1
Current position of Avatar 1: 37, 17

AvatarID: 1
Current position of Avatar 1: 38, 17

AvatarID: 1
Current position of Avatar 1: 38, 18

AvatarID: 1
Current position of Avatar 1: 37, 18

AvatarID: 1
Current position of Avatar 1: 36, 18

AvatarID: 1
Current position of Avatar 1: 36, 18

AvatarID: 1
Current position of Avatar 1: 36, 18

AvatarID: 1
Current position of Avatar 1: 36, 18

AvatarID: 1
Current position of Avatar 1: 36, 19

AvatarID: 1
Current position of Avatar 1: 35, 19

AvatarID: 1
Current position of Avatar 1: 35, 18

AvatarID: 1
Current position of Avatar 1: 35, 17

AvatarID: 1
Current position of Avatar 1: 35, 17

AvatarID: 1
Current position of Avatar 1: 35, 16

AvatarID: 1
Current position of Avatar 1: 36, 16

AvatarID: 1
Current position of Avatar 1: 36, 17

AvatarID: 1
Current position of Avatar 1: 36, 16

AvatarID: 1
Current position of Avatar 1: 36, 15

AvatarID: 1
Current position of Avatar 1: 37, 15

AvatarID: 1
Current position of Avatar 1: 37, 14

AvatarID: 1
Current position of Avatar 1: 36, 14

AvatarID: 1
Current position of Avatar 1: 36, 13

AvatarID: 1
Current position of Avatar 1: 36, 14

AvatarID: 1
Current position of Avatar 1: 36, 14

AvatarID: 1
Current position of Avatar 1: 36, 14

AvatarID: 1
Current position of Avatar 1: 37, 14

AvatarID: 1
Current position of Avatar 1: 37, 15

AvatarID: 1
Current position of Avatar 1: 36, 15

AvatarID: 1
Current position of Avatar 1: 36, 16

AvatarID: 1
Current position of Avatar 1: 35, 16

AvatarID: 1
Current position of Avatar 1: 34, 16

AvatarID: 1
Current position of Avatar 1: 34, 16

AvatarID: 1
Current position of Avatar 1: 34, 16

AvatarID: 1
Current position of Avatar 1: 34, 17

AvatarID: 1
Current position of Avatar 1: 34, 17

AvatarID: 1
Current position of Avatar 1: 34, 18

AvatarID: 1
Current position of Avatar 1: 33, 18

AvatarID: 1
Current position of Avatar 1: 33, 17

AvatarID: 1
Current position of Avatar 1: 33, 16

AvatarID: 1
Current position of Avatar 1: 33, 15

AvatarID: 1
Current position of Avatar 1: 32, 15

AvatarID: 1
Current position of Avatar 1: 31, 15

Avatatar 0: 32, 36

AvatarID: 0
Current position of Avatar 0: 32, 35

AvatarID: 0
Current position of Avatar 0: 32, 34

AvatarID: 0
Current position of Avatar 0: 33, 34

AvatarID: 0
Current position of Avatar 0: 33, 33

AvatarID: 0
Current position of Avatar 0: 33, 32

AvatarID: 0
Current position of Avatar 0: 33, 31

AvatarID: 0
Current position of Avatar 0: 33, 30

AvatarID: 0
Current position of Avatar 0: 34, 30

AvatarID: 0
Current position of Avatar 0: 35, 30

AvatarID: 0
Current position of Avatar 0: 35, 29

AvatarID: 0
Current position of Avatar 0: 34, 29

AvatarID: 0
Current position of Avatar 0: 34, 28

AvatarID: 0
Current position of Avatar 0: 35, 28

AvatarID: 0
Current position of Avatar 0: 36, 28

AvatarID: 0
Current position of Avatar 0: 37, 28

AvatarID: 0
Current position of Avatar 0: 38, 28

AvatarID: 0
Current position of Avatar 0: 39, 28

AvatarID: 0
Current position of Avatar 0: 39, 29

AvatarID: 0
Current position of Avatar 0: 38, 29

AvatarID: 0
Current position of Avatar 0: 37, 29

AvatarID: 0
Current position of Avatar 0: 37, 30

AvatarID: 0
Current position of Avatar 0: 36, 30

AvatarID: 0
Current position of Avatar 0: 36, 29

AvatarID: 0
Current position of Avatar 0: 36, 30

AvatarID: 0
Current position of Avatar 0: 36, 31

AvatarID: 0
Current position of Avatar 0: 37, 31

AvatarID: 0
Current position of Avatar 0: 37, 32

AvatarID: 0
Current position of Avatar 0: 38, 32

AvatarID: 0
Current position of Avatar 0: 38, 33

AvatarID: 0
Current position of Avatar 0: 39, 33

AvatarID: 0
Current position of Avatar 0: 39, 34

AvatarID: 0
Current position of Avatar 0: 39, 35

AvatarID: 0
Current position of Avatar 0: 39, 36

AvatarID: 0
Current position of Avatar 0: 38, 36

AvatarID: 0
Current position of Avatar 0: 37, 36

AvatarID: 0
Current position of Avatar 0: 37, 37

AvatarID: 0
Current position of Avatar 0: 36, 37

AvatarID: 0
Current position of Avatar 0: 35, 37

AvatarID: 0
Current position of Avatar 0: 34, 37

AvatarID: 0
Current position of Avatar 0: 34, 36

AvatarID: 0
Current position of Avatar 0: 34, 35

AvatarID: 0
Current position of Avatar 0: 34, 34

AvatarID: 0
Current position of Avatar 0: 35, 34

AvatarID: 0
Current position of Avatar 0: 35, 35

AvatarID: 0
Current position of Avatar 0: 35, 36

AvatarID: 0
Current position of Avatar 0: 36, 36

AvatarID: 0
Current position of Avatar 0: 36, 35

AvatarID: 0
Current position of Avatar 0: 36, 34

AvatarID: 0
Current position of Avatar 0: 36, 33

AvatarID: 0
Current position of Avatar 0: 37, 33

AvatarID: 0
Current position of Avatar 0: 37, 34

AvatarID: 0
Current position of Avatar 0: 38, 34

AvatarID: 0
Current position of Avatar 0: 38, 35

AvatarID: 0
Current position of Avatar 0: 37, 35

AvatarID: 0
Current position of Avatar 0: 38, 35

AvatarID: 0
Current position of Avatar 0: 38, 34

AvatarID: 0
Current position of Avatar 0: 37, 34

AvatarID: 0
Current position of Avatar 0: 37, 33

AvatarID: 0
Current position of Avatar 0: 36, 33

AvatarID: 0
Current position of Avatar 0: 35, 33

AvatarID: 0
Current position of Avatar 0: 35, 32

AvatarID: 0
Current position of Avatar 0: 36, 32

AvatarID: 0
Current position of Avatar 0: 35, 32

AvatarID: 0
Current position of Avatar 0: 34, 32

AvatarID: 0
Current position of Avatar 0: 34, 31

AvatarID: 0
Current position of Avatar 0: 35, 31

AvatarID: 0
Current position of Avatar 0: 34, 31

AvatarID: 0
Current position of Avatar 0: 34, 32

AvatarID: 0
Current position of Avatar 0: 34, 33

AvatarID: 0
Current position of Avatar 0: 34, 32

AvatarID: 0
Current position of Avatar 0: 35, 32

AvatarID: 0
Current position of Avatar 0: 35, 33

AvatarID: 0
Current position of Avatar 0: 36, 33

AvatarID: 0
Current position of Avatar 0: 36, 34

AvatarID: 0
Current position of Avatar 0: 36, 35

AvatarID: 0
Current position of Avatar 0: 36, 36

AvatarID: 0
Current position of Avatar 0: 35, 36

AvatarID: 0
Current position of Avatar 0: 35, 35

AvatarID: 0
Current position of Avatar 0: 35, 34

AvatarID: 0
Current position of Avatar 0: 34, 34

AvatarID: 0
Current position of Avatar 0: 34, 35

AvatarID: 0
Current position of Avatar 0: 33, 35

AvatarID: 0
Current position of Avatar 0: 33, 36

AvatarID: 0
Current position of Avatar 0: 33, 37

AvatarID: 0
Current position of Avatar 0: 33, 38

AvatarID: 0
Current position of Avatar 0: 34, 38

AvatarID: 0
Current position of Avatar 0: 34, 39

AvatarID: 0
Current position of Avatar 0: 33, 39

AvatarID: 0
Current position of Avatar 0: 32, 39

AvatarID: 0
Current position of Avatar 0: 31, 39

AvatarID: 0
Current position of Avatar 0: 32, 39

AvatarID: 0
Current position of Avatar 0: 33, 39

AvatarID: 0
Current position of Avatar 0: 34, 39

AvatarID: 0
Current position of Avatar 0: 35, 39

AvatarID: 0
Current position of Avatar 0: 35, 38

AvatarID: 0
Current position of Avatar 0: 36, 38

AvatarID: 0
Current position of Avatar 0: 37, 38

AvatarID: 0
Current position of Avatar 0: 38, 38

AvatarID: 0
Current position of Avatar 0: 38, 39

AvatarID: 0
Current position of Avatar 0: 37, 39

AvatarID: 0
Current position of Avatar 0: 36, 39

AvatarID: 0
Current position of Avatar 0: 37, 39

AvatarID: 0
Current position of Avatar 0: 38, 39

AvatarID: 0
Current position of Avatar 0: 39, 39

AvatarID: 0
Current position of Avatar 0: 39, 38

AvatarID: 0
Current position of Avatar 0: 39, 37

AvatarID: 0
Current position of Avatar 0: 38, 37

AvatarID: 0
Current position of Avatar 0: 39, 37

AvatarID: 0
Current position of Avatar 0: 39, 38

AvatarID: 0
Current position of Avatar 0: 39, 39

AvatarID: 0
Current position of Avatar 0: 38, 39

AvatarID: 0
Current position of Avatar 0: 38, 38

AvatarID: 0
Current position of Avatar 0: 37, 38

AvatarID: 0
Current position of Avatar 0: 36, 38

AvatarID: 0
Current position of Avatar 0: 35, 38

AvatarID: 0
Current position of Avatar 0: 35, 39

AvatarID: 0
Current position of Avatar 0: 34, 39

AvatarID: 0
Current position of Avatar 0: 34, 38

AvatarID: 0
Current position of Avatar 0: 33, 38

AvatarID: 0
Current position of Avatar 0: 33, 37

AvatarID: 0
Current position of Avatar 0: 33, 36

AvatarID: 0
Current position of Avatar 0: 33, 35

AvatarID: 0
Current position of Avatar 0: 34, 35

AvatarID: 0
Current position of Avatar 0: 34, 36

AvatarID: 0
Current position of Avatar 0: 34, 37

AvatarID: 0
Current position of Avatar 0: 35, 37

AvatarID: 0
Current position of Avatar 0: 36, 37

AvatarID: 0
Current position of Avatar 0: 37, 37

AvatarID: 0
Current position of Avatar 0: 37, 36

AvatarID: 0
Current position of Avatar 0: 38, 36

AvatarID: 0
Current position of Avatar 0: 39, 36

AvatarID: 0
Current position of Avatar 0: 39, 35

AvatarID: 0
Current position of Avatar 0: 39, 34

AvatarID: 0
Current position of Avatar 0: 39, 33

AvatarID: 0
Current position of Avatar 0: 39, 32

AvatarID: 0
Current position of Avatar 0: 39, 31

AvatarID: 0
Current position of Avatar 0: 39, 30

AvatarID: 0
Current position of Avatar 0: 38, 30

AvatarID: 0
Current position of Avatar 0: 38, 31

AvatarID: 0
Current position of Avatar 0: 38, 30

AvatarID: 0
Current position of Avatar 0: 39, 30

AvatarID: 0
Current position of Avatar 0: 39, 31

AvatarID: 0
Current position of Avatar 0: 39, 32

AvatarID: 0
Current position of Avatar 0: 39, 33

AvatarID: 0
Current position of Avatar 0: 38, 33

AvatarID: 0
Current position of Avatar 0: 38, 32

AvatarID: 0
Current position of Avatar 0: 37, 32

AvatarID: 0
Current position of Avatar 0: 37, 31

AvatarID: 0
Current position of Avatar 0: 36, 31

AvatarID: 0
Current position of Avatar 0: 36, 30

AvatarID: 0
Current position of Avatar 0: 37, 30

AvatarID: 0
Current position of Avatar 0: 37, 29

AvatarID: 0
Current position of Avatar 0: 38, 29

AvatarID: 0
Current position of Avatar 0: 39, 29

AvatarID: 0
Current position of Avatar 0: 39, 28

AvatarID: 0
Current position of Avatar 0: 39, 27

AvatarID: 0
Current position of Avatar 0: 38, 27

AvatarID: 0
Current position of Avatar 0: 38, 26

AvatarID: 0
Current position of Avatar 0: 38, 25

AvatarID: 0
Current position of Avatar 0: 39, 25

AvatarID: 0
Current position of Avatar 0: 39, 26

AvatarID: 0
Current position of Avatar 0: 39, 25

AvatarID: 0
Current position of Avatar 0: 39, 24

AvatarID: 0
Current position of Avatar 0: 39, 23

AvatarID: 0
Current position of Avatar 0: 39, 22

AvatarID: 0
Current position of Avatar 0: 39, 21

AvatarID: 0
Current position of Avatar 0: 39, 20

AvatarID: 0
Current position of Avatar 0: 38, 20

AvatarID: 0
Current position of Avatar 0: 38, 21

AvatarID: 0
Current position of Avatar 0: 37, 21

AvatarID: 0
Current position of Avatar 0: 36, 21

AvatarID: 0
Current position of Avatar 0: 36, 22

AvatarID: 0
Current position of Avatar 0: 36, 23

AvatarID: 0
Current position of Avatar 0: 35, 23

AvatarID: 0
Current position of Avatar 0: 35, 24

AvatarID: 0
Current position of Avatar 0: 34, 24

AvatarID: 0
Current position of Avatar 0: 34, 23

AvatarID: 0
Current position of Avatar 0: 33, 23

AvatarID: 0
Current position of Avatar 0: 32, 23

AvatarID: 0
Current position of Avatar 0: 32, 24

AvatarID: 0
Current position of Avatar 0: 31, 24

AvatarID: 0
Current position of Avatar 0: 30, 24

AvatarID: 0
Current position of Avatar 0: 30, 23

AvatarID: 0
Current position of Avatar 0: 29, 23

AvatarID: 0
Current position of Avatar 0: 29, 24

AvatarID: 0
Current position of Avatar 0: 28, 24

AvatarID: 0
Current position of Avatar 0: 28, 23

AvatarID: 0
Current position of Avatar 0: 28, 22

AvatarID: 0
Current position of Avatar 0: 27, 22

AvatarID: 0
Current position of Avatar 0: 26, 22

AvatarID: 0
Current position of Avatar 0: 26, 21

AvatarID: 0
Current position of Avatar 0: 27, 21

AvatarID: 0
Current position of Avatar 0: 28, 21

AvatarID: 0
Current position of Avatar 0: 29, 21

AvatarID: 0
Current position of Avatar 0: 30, 21

AvatarID: 0
Current position of Avatar 0: 31, 21

AvatarID: 0
Current position of Avatar 0: 31, 22

AvatarID: 0
Current position of Avatar 0: 30, 22

AvatarID: 0
Current position of Avatar 0: 29, 22

AvatarID: 0
Current position of Avatar 0: 30, 22

AvatarID: 0
Current position of Avatar 0: 31, 22

AvatarID: 0
Current position of Avatar 0: 31, 23

AvatarID: 0
Current position of Avatar 0: 31, 22

AvatarID: 0
Current position of Avatar 0: 32, 22

AvatarID: 0
Current position of Avatar 0: 33, 22

AvatarID: 0
Current position of Avatar 0: 33, 21

AvatarID: 0
Current position of Avatar 0: 34, 21

AvatarID: 0
Current position of Avatar 0: 35, 21

AvatarID: 0
Current position of Avatar 0: 35, 22

AvatarID: 0
Current position of Avatar 0: 34, 22

AvatarID: 0
Current position of Avatar 0: 35, 22

AvatarID: 0
Current position of Avatar 0: 35, 21

AvatarID: 0
Current position of Avatar 0: 35, 20

AvatarID: 0
Current position of Avatar 0: 34, 20

AvatarID: 0
Current position of Avatar 0: 34, 19

AvatarID: 0
Current position of Avatar 0: 33, 19

AvatarID: 0
Current position of Avatar 0: 32, 19

AvatarID: 0
Current position of Avatar 0: 32, 18

AvatarID: 0
Current position of Avatar 0: 31, 18

AvatarID: 0
Current position of Avatar 0: 30, 18

AvatarID: 0
Current position of Avatar 0: 30, 19

AvatarID: 0
Current position of Avatar 0: 29, 19

AvatarID: 0
Current position of Avatar 0: 28, 19

AvatarID: 0
Current position of Avatar 0: 28, 20

AvatarID: 0
Current position of Avatar 0: 27, 20

AvatarID: 0
Current position of Avatar 0: 27, 19

AvatarID: 0
Current position of Avatar 0: 27, 18

AvatarID: 0
Current position of Avatar 0: 27, 17

AvatarID: 0
Current position of Avatar 0: 27, 16

AvatarID: 0
Current position of Avatar 0: 28, 16

AvatarID: 0
Current position of Avatar 0: 28, 15

AvatarID: 0
Current position of Avatar 0: 27, 15

AvatarID: 0
Current position of Avatar 0: 26, 15

AvatarID: 0
Current position of Avatar 0: 26, 14

AvatarID: 0
Current position of Avatar 0: 27, 14

AvatarID: 0
Current position of Avatar 0: 28, 14

AvatarID: 0
Current position of Avatar 0: 28, 13

AvatarID: 0
Current position of Avatar 0: 29, 13

AvatarID: 0
Current position of Avatar 0: 29, 14

AvatarID: 0
Current position of Avatar 0: 29, 15

AvatarID: 0
Current position of Avatar 0: 30, 15

AvatarID: 0
Current position of Avatar 0: 30, 14

AvatarID: 0
Current position of Avatar 0: 30, 13

AvatarID: 0
Current position of Avatar 0: 31, 13

AvatarID: 0
Current position of Avatar 0: 31, 14

AvatarID: 0
Current position of Avatar 0: 32, 14

AvatarID: 0
Current position of Avatar 0: 33, 14

AvatarID: 0
Current position of Avatar 0: 34, 14

AvatarID: 0
Current position of Avatar 0: 34, 15

AvatarID: 0
Current position of Avatar 0: 35, 15

AvatarID: 0
Current position of Avatar 0: 35, 14

AvatarID: 0
Current position of Avatar 0: 35, 13

AvatarID: 0
Current position of Avatar 0: 34, 13

AvatarID: 0
Current position of Avatar 0: 34, 12

AvatarID: 0
Current position of Avatar 0: 34, 11

AvatarID: 0
Current position of Avatar 0: 35, 11

AvatarID: 0
Current position of Avatar 0: 35, 12

AvatarID: 0
Current position of Avatar 0: 36, 12

AvatarID: 0
Current position of Avatar 0: 37, 12

AvatarID: 0
Current position of Avatar 0: 37, 13

AvatarID: 0
Current position of Avatar 0: 38, 13

AvatarID: 0
Current position of Avatar 0: 38, 14

AvatarID: 0
Current position of Avatar 0: 38, 15

AvatarID: 0
Current position of Avatar 0: 38, 16

AvatarID: 0
Current position of Avatar 0: 37, 16

AvatarID: 0
Current position of Avatar 0: 37, 17

AvatarID: 0
Current position of Avatar 0: 38, 17

AvatarID: 0
Current position of Avatar 0: 38, 18

AvatarID: 0
Current position of Avatar 0: 37, 18

AvatarID: 0
Current position of Avatar 0: 36, 18

AvatarID: 0
Current position of Avatar 0: 36, 19

AvatarID: 0
Current position of Avatar 0: 35, 19

AvatarID: 0
Current position of Avatar 0: 35, 18

AvatarID: 0
Current position of Avatar 0: 35, 17

AvatarID: 0
Current position of Avatar 0: 35, 16

AvatarID: 0
Current position of Avatar 0: 36, 16

AvatarID: 0
Current position of Avatar 0: 36, 17

AvatarID: 0
Current position of Avatar 0: 36, 16

AvatarID: 0
Current position of Avatar 0: 36, 15

AvatarID: 0
Current position of Avatar 0: 37, 15

AvatarID: 0
Current position of Avatar 0: 37, 14

AvatarID: 0
Current position of Avatar 0: 36, 14

AvatarID: 0
Current position of Avatar 0: 36, 13

AvatarID: 0
Current position of Avatar 0: 36, 14

AvatarID: 0
Current position of Avatar 0: 37, 14

AvatarID: 0
Current position of Avatar 0: 37, 15

AvatarID: 0
Current position of Avatar 0: 36, 15

AvatarID: 0
Current position of Avatar 0: 36, 16

AvatarID: 0
Current position of Avatar 0: 35, 16

AvatarID: 0
Current position of Avatar 0: 34, 16

AvatarID: 0
Current position of Avatar 0: 34, 17

AvatarID: 0
Current position of Avatar 0: 34, 18

AvatarID: 0
Current position of Avatar 0: 33, 18

AvatarID: 0
Current position of Avatar 0: 33, 17

AvatarID: 0
Current position of Avatar 0: 33, 16

AvatarID: 0
Current position of Avatar 0: 33, 15

AvatarID: 0
Current position of Avatar 0: 32, 15

AvatarID: 0
Current position of Avatar 0: 31, 15

AvatarID: 0
Current position of Avatar 0: 31, 16

AvatarID: 0
Current position of Avatar 0: 31, 17

AvatarID: 0
Current position of Avatar 0: 30, 17

AvatarID: 0
Current position of Avatar 0: 29, 17

AvatarID: 0
Current position of Avatar 0: 29, 16

AvatarID: 0
Current position of Avatar 0: 30, 16

AvatarID: 0
Current position of Avatar 0: 29, 16

AvatarID: 0
Current position of Avatar 0: 29, 17

AvatarID: 0
Current position of Avatar 0: 29, 18

AvatarID: 0
Current position of Avatar 0: 28, 18

AvatarID: 0
Current position of Avatar 0: 28, 17

AvatarID: 0
Current position of Avatar 0: 28, 18

AvatarID: 0
Current position of Avatar 0: 29, 18

AvatarID: 0
Current position of Avatar 0: 29, 17

AvatarID: 0
Current position of Avatar 0: 30, 17

AvatarID: 0
Current position of Avatar 0: 31, 17

AvatarID: 0
Current position of Avatar 0: 32, 17

AvatarID: 0
Current position of Avatar 0: 32, 16

AvatarID: 0
Current position of Avatar 0: 32, 17

AvatarID: 0
Current position of Avatar 0: 31, 17

AvatarID: 0
Current position of Avatar 0: 31, 16

AvatarID: 0
Current position of Avatar 0: 31, 15

AvatarID: 0
Current position of Avatar 0: 32, 15

AvatarID: 0
Current position of Avatar 0: 33, 15

AvatarID: 0
Current position of Avatar 0: 33, 16

AvatarID: 0
Current position of Avatar 0: 33, 17

AvatarID: 0
Current position of Avatar 0: 33, 18

AvatarID: 0
Current position of Avatar 0: 34, 18

AvatarID: 0
Current position of Avatar 0: 34, 17

AvatarID: 0
CurrenarID: 1
Current position of Avatar 1: 31, 16

AvatarID: 1
Current position of Avatar 1: 31, 16

AvatarID: 1
Current position of Avatar 1: 31, 17

AvatarID: 1
Current position of Avatar 1: 30, 17

AvatarID: 1
Current position of Avatar 1: 30, 17

AvatarID: 1
Current position of Avatar 1: 29, 17

AvatarID: 1
Current position of Avatar 1: 29, 16

AvatarID: 1
Current position of Avatar 1: 30, 16

AvatarID: 1
Current position of Avatar 1: 29, 16

AvatarID: 1
Current position of Avatar 1: 29, 17

AvatarID: 1
Current position of Avatar 1: 29, 17

AvatarID: 1
Current position of Avatar 1: 29, 18

AvatarID: 1
Current position of Avatar 1: 28, 18

AvatarID: 1
Current position of Avatar 1: 28, 17

AvatarID: 1
Current position of Avatar 1: 28, 18

AvatarID: 1
Current position of Avatar 1: 29, 18

AvatarID: 1
Current position of Avatar 1: 29, 17

AvatarID: 1
Current position of Avatar 1: 30, 17

AvatarID: 1
Current position of Avatar 1: 31, 17

AvatarID: 1
Current position of Avatar 1: 32, 17

AvatarID: 1
Current position of Avatar 1: 32, 17

AvatarID: 1
Current position of Avatar 1: 32, 17

AvatarID: 1
Current position of Avatar 1: 32, 16

AvatarID: 1
Current position of Avatar 1: 32, 16

AvatarID: 1
Current position of Avatar 1: 32, 16

AvatarID: 1
Current position of Avatar 1: 32, 16

AvatarID: 1
Current position of Avatar 1: 32, 16

AvatarID: 1
Current position of Avatar 1: 32, 16

AvatarID: 1
Current position of Avatar 1: 32, 17

AvatarID: 1
Current position of Avatar 1: 31, 17

AvatarID: 1
Current position of Avatar 1: 31, 16

AvatarID: 1
Current position of Avatar 1: 31, 15

AvatarID: 1
Current position of Avatar 1: 32, 15

AvatarID: 1
Current position of Avatar 1: 33, 15

AvatarID: 1
Current position of Avatar 1: 33, 16

AvatarID: 1
Current position of Avatar 1: 33, 17

AvatarID: 1
Current position of Avatar 1: 33, 18

AvatarID: 1
Current position of Avatar 1: 34, 18

AvatarID: 1
Current position of Avatar 1: 34, 18

AvatarID: 1
Current position of Avatar 1: 34, 18

AvatarID: 1
Current position of Avatar 1: 34, 17

AvatarID: 1
Current position of Avatar 1: 34, 17

AvatarID: 1
Current position of Avatar 1: 34, 16

AvatarID: 1
Current position of Avatar 1: 35, 16

AvatarID: 1
Current position of Avatar 1: 35, 17

AvatarID: 1
Current position of Avatar 1: 35, 18

AvatarID: 1
Current position of Avatar 1: 35, 19

AvatarID: 1
Current position of Avatar 1: 36, 19

AvatarID: 1
Current position of Avatar 1: 36, 19

AvatarID: 1
Current position of Avatar 1: 37, 19

AvatarID: 1
Current position of Avatar 1: 37, 20

AvatarID: 1
Current position of Avatar 1: 36, 20

AvatarID: 1
Current position of Avatar 1: 37, 20

AvatarID: 1
Current position of Avatar 1: 37, 19

AvatarID: 1
Current position of Avatar 1: 38, 19

AvatarID: 1
Current position of Avatar 1: 39, 19

AvatarID: 1
Current position of Avatar 1: 39, 18

AvatarID: 1
Current position of Avatar 1: 39, 17

AvatarID: 1
Current position of Avatar 1: 39, 16

AvatarID: 1
Current position of Avatar 1: 39, 15

AvatarID: 1
Current position of Avatar 1: 39, 14

AvatarID: 1
Current position of Avatar 1: 39, 13

AvatarID: 1
Current position of Avatar 1: 39, 12

AvatarID: 1
Current position of Avatar 1: 39, 11

AvatarID: 1
Current position of Avatar 1: 39, 10

AvatarID: 1
Current position of Avatar 1: 39, 9

AvatarID: 1
Current position of Avatar 1: 39, 8

AvatarID: 1
Current position of Avatar 1: 39, 7

AvatarID: 1
Current position of Avatar 1: 39, 6

AvatarID: 1
Current position of Avatar 1: 39, 5

AvatarID: 1
Current position of Avatar 1: 39, 4

AvatarID: 1
Current position of Avatar 1: 39, 3

AvatarID: 1
Current position of Avatar 1: 39, 2

AvatarID: 1
Current position of Avatar 1: 39, 1

AvatarID: 1
Current position of Avatar 1: 39, 1

AvatarID: 1
Current position of Avatar 1: 39, 1

AvatarID: 1
Current position of Avatar 1: 38, 1

AvatarID: 1
Current position of Avatar 1: 38, 1

AvatarID: 1
Current position of Avatar 1: 37, 1

AvatarID: 1
Current position of Avatar 1: 37, 1

AvatarID: 1
Current position of Avatar 1: 37, 1

AvatarID: 1
Current position of Avatar 1: 37, 1

AvatarID: 1
Current position of Avatar 1: 37, 2

AvatarID: 1
Current position of Avatar 1: 37, 2

AvatarID: 1
Current position of Avatar 1: 37, 3

AvatarID: 1
Current position of Avatar 1: 37, 3

AvatarID: 1
Current position of Avatar 1: 37, 3

AvatarID: 1
Current position of Avatar 1: 37, 3

AvatarID: 1
Current position of Avatar 1: 38, 3

AvatarID: 1
Current position of Avatar 1: 38, 4

AvatarID: 1
Current position of Avatar 1: 38, 4

AvatarID: 1
Current position of Avatar 1: 38, 5

AvatarID: 1
Current position of Avatar 1: 38, 5

AvatarID: 1
Current position of Avatar 1: 38, 6

AvatarID: 1
Current position of Avatar 1: 37, 6

AvatarID: 1
Current position of Avatar 1: 37, 6

AvatarID: 1
Current position of Avatar 1: 37, 6

AvatarID: 1
Current position of Avatar 1: 37, 6

AvatarID: 1
Current position of Avatar 1: 37, 7

AvatarID: 1
Current position of Avatar 1: 36, 7

AvatarID: 1
Current position of Avatar 1: 36, 7

AvatarID: 1
Current position of Avatar 1: 35, 7

AvatarID: 1
Current position of Avatar 1: 35, 6

AvatarID: 1
Current position of Avatar 1: 35, 6

AvatarID: 1
Current position of Avatar 1: 35, 5

AvatarID: 1
Current position of Avatar 1: 36, 5

AvatarID: 1
Current position of Avatar 1: 36, 6

AvatarID: 1
Current position of Avatar 1: 36, 5

AvatarID: 1
Current position of Avatar 1: 37, 5

AvatarID: 1
Current position of Avatar 1: 37, 4

AvatarID: 1
Current position of Avatar 1: 36, 4

AvatarID: 1
Current position of Avatar 1: 36, 4

AvatarID: 1
Current position of Avatar 1: 35, 4

AvatarID: 1
Current position of Avatar 1: 35, 3

AvatarID: 1
Current position of Avatar 1: 36, 3

AvatarID: 1
Current position of Avatar 1: 36, 2

AvatarID: 1
Current position of Avatar 1: 36, 1

AvatarID: 1
Current position of Avatar 1: 36, 0

AvatarID: 1
Current position of Avatar 1: 37, 0

AvatarID: 1
Current position of Avatar 1: 38, 0

AvatarID: 1
AvatarID: 1
AvatarID: 1
AvatarID: 1
AvatarID: 1
AvatarID: 1
AvatarID: 1
AvatarID: 1
AvatarID: 1
AvatarID: 1
AvatarID: 1
AvatarID: 1
AvatarID: 1
AvatarID: 1
AvatarID: 1
AvatarID: 1
AvatarID: 1
AvatarID: 1
AvatarID: 1
AvatarID: 1
AvatarID: 1
AvatarID: 1
AvatarID: 1
AvatarID: 1
AvatarID: 1
AvatarID: 1
AvatarID: 1
AvatarID: 1
AvatarID: 1
AvatarID: 1
AvatarID: 1
AvatarID: 1
AvatarID: 1
AvatarID: 1
AvatarID: 1
AvatarID: 1
AvatarID: 1
AvatarID: 1
AvatarID: 1
AvatarID: 1
AvatarID: 1
AvatarID: 1
AvatarID: 1
AvatarID: 1
AvatarID: 1
AvatarID: 1
AvatarID: 1
AvatarID: 1
AvatarID: 1
AvatarID: 1
AvatarID: 1
AvatarID: 1
AvatarID: 1
AvatarID: 1
AvatarID: 1
AvatarID: 1
AvatarID: 1
AvatarID: 1
AvatarID: 1
AvatarID: 1
AvatarID: 1
AvatarID: 1
AvatarID: 1
AvatarID: 1
AvatarID: 1
AvatarID: 1
AvatarID: 1
AvatarID: 1
AvatarID: 1
AvatarID: 1
AvatarID: 1
AvatarID: 1
AvatarID: 1
AvatarID: 1
AvatarID: 1
AvatarID: 1
AvatarID: 1
AvatarID: 1
AvatarID: 1
AvatarID: 1
AvatarID: 1
AvatarID: 1
AvatarID: 1
AvatarID: 1
AvatarID: 1
AvatarID: 1
AvatarID: 1
AvatarID: 1
AvatarID: 1
AvatarID: 1
AvatarID: 1
AvatarID: 1
AvatarID: 1
AvatarID: 1
AvatarID: 1
AvatarID: 1
AvatarID: 1
AvatarID: 1
AvatarID: 1
AvatarID: 1
AvatarID: 1
AvatarID: 1
AvatarID: 1
AvatarID: 1
AvatarID: 1
AvatarID: 1
AvatarID: 1
AvatarID: 1
AvatarID: 1
AvatarID: 1
AvatarID: 1
AvatarID: 1
AvatarID: 1
Maze is solved!
t position of Avatar 0: 34, 16

AvatarID: 0
Current position of Avatar 0: 35, 16

AvatarID: 0
Current position of Avatar 0: 35, 17

AvatarID: 0
Current position of Avatar 0: 35, 18

AvatarID: 0
Current position of Avatar 0: 35, 19

AvatarID: 0
Current position of Avatar 0: 36, 19

AvatarID: 0
Current position of Avatar 0: 37, 19

AvatarID: 0
Current position of Avatar 0: 37, 20

AvatarID: 0
Current position of Avatar 0: 36, 20

AvatarID: 0
Current position of Avatar 0: 37, 20

AvatarID: 0
Current position of Avatar 0: 37, 19

AvatarID: 0
Current position of Avatar 0: 38, 19

AvatarID: 0
Current position of Avatar 0: 39, 19

AvatarID: 0
Current position of Avatar 0: 39, 18

AvatarID: 0
Current position of Avatar 0: 39, 17

AvatarID: 0
Current position of Avatar 0: 39, 16

AvatarID: 0
Current position of Avatar 0: 39, 15

AvatarID: 0
Current position of Avatar 0: 39, 14

AvatarID: 0
Current position of Avatar 0: 39, 13

AvatarID: 0
Current position of Avatar 0: 39, 12

AvatarID: 0
Current position of Avatar 0: 39, 11

AvatarID: 0
Current position of Avatar 0: 39, 10

AvatarID: 0
Current position of Avatar 0: 39, 9

AvatarID: 0
Current position of Avatar 0: 39, 8

AvatarID: 0
Current position of Avatar 0: 39, 7

AvatarID: 0
Current position of Avatar 0: 39, 6

AvatarID: 0
Current position of Avatar 0: 39, 5

AvatarID: 0
Current position of Avatar 0: 39, 4

AvatarID: 0
Current position of Avatar 0: 39, 3

AvatarID: 0
Current position of Avatar 0: 39, 2

AvatarID: 0
Current position of Avatar 0: 39, 1

AvatarID: 0
Current position of Avatar 0: 38, 1

AvatarID: 0
Current position of Avatar 0: 37, 1

AvatarID: 0
Current position of Avatar 0: 37, 2

AvatarID: 0
Current position of Avatar 0: 37, 3

AvatarID: 0
Current position of Avatar 0: 38, 3

AvatarID: 0
Current position of Avatar 0: 38, 4

AvatarID: 0
Current position of Avatar 0: 38, 5

AvatarID: 0
Current position of Avatar 0: 38, 6

AvatarID: 0
Current position of Avatar 0: 37, 6

AvatarID: 0
Current position of Avatar 0: 37, 7

AvatarID: 0
Current position of Avatar 0: 36, 7

AvatarID: 0
Current position of Avatar 0: 35, 7

AvatarID: 0
Current position of Avatar 0: 35, 6

AvatarID: 0
Current position of Avatar 0: 35, 5

AvatarID: 0
Current position of Avatar 0: 36, 5

AvatarID: 0
Current position of Avatar 0: 36, 6

AvatarID: 0
Current position of Avatar 0: 36, 5

AvatarID: 0
Current position of Avatar 0: 37, 5

AvatarID: 0
Current position of Avatar 0: 37, 4

AvatarID: 0
Current position of Avatar 0: 36, 4

AvatarID: 0
Current position of Avatar 0: 35, 4

AvatarID: 0
Current position of Avatar 0: 35, 3

AvatarID: 0
Current position of Avatar 0: 36, 3

AvatarID: 0
Current position of Avatar 0: 36, 2

AvatarID: 0
Current position of Avatar 0: 36, 1

AvatarID: 0
Current position of Avatar 0: 36, 0

AvatarID: 0
Current position of Avatar 0: 37, 0

AvatarID: 0
Current position of Avatar 0: 38, 0

Maze is solved!
