wyliekasai, 34207, Mon Mar  9 03:07:51 2020
*******
AvatarID: 3
AvatarID: 3
Current position of Avatar 3: 2, 4

AvatarID: 3
Current position of Avatar 3: 3, 4

AvatarID: 3
Current position of Avatar 3: 3, 5

AvatarID: 3
Current position of Avatar 3: 3, 5

AvatarID: 3
Current position of Avatar 3: 3, 6

AvatarID: 3
Current position of Avatar 3: 3, 6

AvatarID: 3
Current position of Avatar 3: 3, 7

AvatarID: 3
Current position of Avatar 3: 3, 7

AvatarID: 3
Current position of Avatar 3: 3, 7

AvatarID: 3
Current position of Avatar 3: 3, 7

AvatarID: 3
Current position of Avatar 3: 4, 7

AvatarID: 3
Current position of Avatar 3: 4, 6

AvatarID: 3
Current position of Avatar 3: 5, 6

AvatarID: 3
Current position of Avatar 3: 5, 5

AvatarID: 3
Current position of Avatar 3: 4, 5

AvatarID: 3
Current position of Avatar 3: 4, 4

AvatarID: 3
Current position of Avatar 3: 5, 4

AvatarID: 3
Current position of Avatar 3: 5, 3

AvatarID: 3
Current position of Avatar 3: 5, 2

AvatarID: 3
Current position of Avatar 3: 5, 1

AvatarID: 3
AvatarID: 3
AvatarID: 3
AvatarID: 3
AvatarID: 3
AvatarID: 3
AvatarID: 3
AvatarID: 3
AvatarID: 3
AvatarID: 3
AvatarID: 3
AvatarID: 3
AvatarID: 3
AvatarID: 3
AvatarID: 3
AvatarID: 3
AvatarID: 3
AvatarID: 3
AvatarID: 3
AvatarID: 3
AvatarID: 3
AvatarID: 3
AvatarID: 3
AvatarID: 3
AvatarID: 3
AvatarID: 3
AvatarID: 3
AvatarID: 3
AvatarID: 3
AvatarID: 3
AvatarID: 3
AvatarID: 3
AvatarID: 3
AvatarID: 3
AvatarID: 3
AvatarID: 3
AvatarID: 3
AvatarID: 3
AvatarID: 3
AvatarID: 3
AvatarID: 3
AvatarID: 3
AvatarID: 3
AvatarID: 3
AvatarID: 3
AvatarID: 3
AvatarID: 3
AvatarID: 3
AvatarID: 3
AvatarID: 3
AvatarID: 3
AvatarID: 3
AvatarID: 3
AvatarID: 3
AvatarID: 3
AvatarID: 3
AvatarID: 3
Maze is solved!
*******
AvatarID: 2
AvatarID: 2
Current position of Avatar 2: 4, 3

AvatarID: 2
Current position of Avatar 2: 3, 3

AvatarID: 2
Current position of Avatar 2: 3, 3

AvatarID: 2
Current position of Avatar 2: 2, 3

AvatarID: 2
Current position of Avatar 2: 2, 2

AvatarID: 2
Current position of Avatar 2: 2, 2

AvatarID: 2
Current position of Avatar 2: 2, 2

AvatarID: 2
Current position of Avatar 2: 2, 2

AvatarID: 2
Current position of Avatar 2: 1, 2

AvatarID: 2
Current position of Avatar 2: 1, 1

AvatarID: 2
Current position of Avatar 2: 1, 1

AvatarID: 2
Current position of Avatar 2: 1, 0

AvatarID: 2
Current position of Avatar 2: 2, 0

AvatarID: 2
Current position of Avatar 2: 2, 1

AvatarID: 2
Current position of Avatar 2: 3, 1

AvatarID: 2
Current position of Avatar 2: 3, 1

AvatarID: 2
Current position of Avatar 2: 4, 1

AvatarID: 2
Current position of Avatar 2: 4, 1

AvatarID: 2
Current position of Avatar 2: 4, 1

AvatarID: 2
Current position of Avatar 2: 4, 1

AvatarID: 2
Current position of Avatar 2: 4, 0

AvatarID: 2
AvatarID: 2
AvatarID: 2
AvatarID: 2
AvatarID: 2
AvatarID: 2
AvatarID: 2
AvatarID: 2
AvatarID: 2
AvatarID: 2
AvatarID: 2
AvatarID: 2
AvatarID: 2
AvatarID: 2
AvatarID: 2
AvatarID: 2
AvatarID: 2
AvatarID: 2
AvatarID: 2
AvatarID: 2
AvatarID: 2
AvatarID: 2
AvatarID: 2
AvatarID: 2
AvatarID: 2
AvatarID: 2
AvatarID: 2
AvatarID: 2
AvatarID: 2
AvatarID: 2
AvatarID: 2
AvatarID: 2
AvatarID: 2
AvatarID: 2
AvatarID: 2
AvatarID: 2
AvatarID: 2
AvatarID: 2
AvatarID: 2
AvatarID: 2
AvatarID: 2
AvatarID: 2
AvatarID: 2
AvatarID: 2
AvatarID: 2
AvatarID: 2
AvatarID: 2
AvatarID: 2
AvatarID: 2
AvatarID: 2
AvatarID: 2
AvatarID: 2
AvatarID: 2
AvatarID: 2
AvatarID: 2
AvatarID: 2
Maze is solved!
*******
AvatarID: 1
AvatarID: 1
Current position of Avatar 1: 4, 7

AvatarID: 1
Current position of Avatar 1: 4, 7

AvatarID: 1
Current position of Avatar 1: 4, 7

AvatarID: 1
Current position of Avatar 1: 4, 6

AvatarID: 1
Current position of Avatar 1: 5, 6

AvatarID: 1
Current position of Avatar 1: 5, 6

AvatarID: 1
Current position of Avatar 1: 5, 6

AvatarID: 1
Current position of Avatar 1: 5, 6

AvatarID: 1
Current position of Avatar 1: 5, 5

AvatarID: 1
Current position of Avatar 1: 5, 5

AvatarID: 1
Current position of Avatar 1: 5, 5

AvatarID: 1
Current position of Avatar 1: 4, 5

AvatarID: 1
Current position of Avatar 1: 4, 4

AvatarID: 1
Current position of Avatar 1: 5, 4

AvatarID: 1
Current position of Avatar 1: 5, 3

AvatarID: 1
Current position of Avatar 1: 5, 2

AvatarID: 1
Current position of Avatar 1: 5, 1

AvatarID: 1
AvatarID: 1
AvatarID: 1
AvatarID: 1
AvatarID: 1
AvatarID: 1
AvatarID: 1
AvatarID: 1
AvatarID: 1
AvatarID: 1
AvatarID: 1
AvatarID: 1
AvatarID: 1
AvatarID: 1
AvatarID: 1
AvatarID: 1
AvatarID: 1
AvatarID: 1
AvatarID: 1
AvatarID: 1
AvatarID: 1
AvatarID: 1
AvatarID: 1
AvatarID: 1
AvatarID: 1
AvatarID: 1
AvatarID: 1
AvatarID: 1
AvatarID: 1
AvatarID: 1
AvatarID: 1
AvatarID: 1
AvatarID: 1
AvatarID: 1
AvatarID: 1
AvatarID: 1
AvatarID: 1
AvatarID: 1
AvatarID: 1
AvatarID: 1
AvatarID: 1
AvatarID: 1
AvatarID: 1
AvatarID: 1
AvatarID: 1
AvatarID: 1
AvatarID: 1
AvatarID: 1
AvatarID: 1
AvatarID: 1
AvatarID: 1
AvatarID: 1
AvatarID: 1
AvatarID: 1
AvatarID: 1
AvatarID: 1
AvatarID: 1
AvatarID: 1
AvatarID: 1
AvatarID: 1
Maze is solved!
*******
AvatarID: 0
AvatarID: 0
Current position of Avatar 0: 0, 5

AvatarID: 0
Current position of Avatar 0: 0, 6

AvatarID: 0
Current position of Avatar 0: 0, 6

AvatarID: 0
Current position of Avatar 0: 0, 6

AvatarID: 0
Current position of Avatar 0: 1, 6

AvatarID: 0
Current position of Avatar 0: 1, 6

AvatarID: 0
Current position of Avatar 0: 1, 6

AvatarID: 0
Current position of Avatar 0: 1, 6

AvatarID: 0
Current position of Avatar 0: 1, 5

AvatarID: 0
Current position of Avatar 0: 2, 5

AvatarID: 0
Current position of Avatar 0: 2, 6

AvatarID: 0
Current position of Avatar 0: 2, 7

AvatarID: 0
Current position of Avatar 0: 2, 7

AvatarID: 0
Current position of Avatar 0: 2, 8

AvatarID: 0
Current position of Avatar 0: 1, 8

AvatarID: 0
Current position of Avatar 0: 1, 7

AvatarID: 0
Current position of Avatar 0: 0, 7

AvatarID: 0
Current position of Avatar 0: 0, 8

AvatarID: 0
Current position of Avatar 0: 0, 8

AvatarID: 0
Current position of Avatar 0: 0, 8

AvatarID: 0
Current position of Avatar 0: 0, 7

AvatarID: 0
Current position of Avatar 0: 1, 7

AvatarID: 0
Current position of Avatar 0: 1, 8

AvatarID: 0
Current position of Avatar 0: 2, 8

AvatarID: 0
Current position of Avatar 0: 3, 8

AvatarID: 0
Current position of Avatar 0: 4, 8

AvatarID: 0
Current position of Avatar 0: 5, 8

AvatarID: 0
Current position of Avatar 0: 5, 7

AvatarID: 0
Current position of Avatar 0: 5, 8

AvatarID: 0
Current position of Avatar 0: 4, 8

AvatarID: 0
Current position of Avatar 0: 3, 8

AvatarID: 0
Current position of Avatar 0: 2, 8

AvatarID: 0
Current position of Avatar 0: 2, 7

AvatarID: 0
Current position of Avatar 0: 2, 6

AvatarID: 0
Current position of Avatar 0: 2, 5

AvatarID: 0
Current position of Avatar 0: 1, 5

AvatarID: 0
Current position of Avatar 0: 1, 5

AvatarID: 0
Current position of Avatar 0: 1, 5

AvatarID: 0
Current position of Avatar 0: 1, 5

AvatarID: 0
Current position of Avatar 0: 1, 6

AvatarID: 0
Current position of Avatar 0: 0, 6

AvatarID: 0
Current position of Avatar 0: 0, 5

AvatarID: 0
Current position of Avatar 0: 0, 4

AvatarID: 0
Current position of Avatar 0: 0, 4

AvatarID: 0
Current position of Avatar 0: 0, 3

AvatarID: 0
Current position of Avatar 0: 0, 3

AvatarID: 0
Current position of Avatar 0: 0, 2

AvatarID: 0
Current position of Avatar 0: 1, 2

AvatarID: 0
Current position of Avatar 0: 1, 2

AvatarID: 0
Current position of Avatar 0: 2, 2

AvatarID: 0
Current position of Avatar 0: 2, 3

AvatarID: 0
Current position of Avatar 0: 2, 3

AvatarID: 0
Current position of Avatar 0: 2, 3

AvatarID: 0
Current position of Avatar 0: 2, 3

AvatarID: 0
Current position of Avatar 0: 3, 3

AvatarID: 0
Current position of Avatar 0: 3, 3

AvatarID: 0
Current position of Avatar 0: 4, 3

AvatarID: 0
Current position of Avatar 0: 4, 3

AvatarID: 0
Current position of Avatar 0: 4, 3

AvatarID: 0
Current position of Avatar 0: 4, 3

AvatarID: 0
Current position of Avatar 0: 4, 2

AvatarID: 0
Current position of Avatar 0: 4, 2

AvatarID: 0
Current position of Avatar 0: 4, 2

AvatarID: 0
Current position of Avatar 0: 4, 2

AvatarID: 0
Current position of Avatar 0: 3, 2

AvatarID: 0
Current position of Avatar 0: 4, 2

AvatarID: 0
Current position of Avatar 0: 4, 3

AvatarID: 0
Current position of Avatar 0: 3, 3

AvatarID: 0
Current position of Avatar 0: 2, 3

AvatarID: 0
Current position of Avatar 0: 2, 2

AvatarID: 0
Current position of Avatar 0: 1, 2

AvatarID: 0
Current position of Avatar 0: 1, 1

AvatarID: 0
Current position of Avatar 0: 1, 0

AvatarID: 0
Current position of Avatar 0: 2, 0

AvatarID: 0
Current position of Avatar 0: 2, 1

AvatarID: 0
Current position of Avatar 0: 3, 1

AvatarID: 0
Current position of Avatar 0: 4, 1

AvatarID: 0
Current position of Avatar 0: 4, 0

Maze is solved!
