wyliekasai, 35809, Mon Mar  9 03:08:20 2020
*******
AvatarID: 4
AvatarID: 4
Current position of Avatar 4: 2, 2

AvatarID: 4
Current position of Avatar 4: 1, 2

AvatarID: 4
Current position of Avatar 4: 1, 2

AvatarID: 4
Current position of Avatar 4: 0, 2

AvatarID: 4
Current position of Avatar 4: 0, 1

AvatarID: 4
Current position of Avatar 4: 1, 1

AvatarID: 4
Current position of Avatar 4: 1, 1

AvatarID: 4
Current position of Avatar 4: 1, 1

AvatarID: 4
Current position of Avatar 4: 1, 0

AvatarID: 4
Current position of Avatar 4: 2, 0

AvatarID: 4
Current position of Avatar 4: 2, 0

AvatarID: 4
Current position of Avatar 4: 3, 0

AvatarID: 4
Current position of Avatar 4: 3, 0

AvatarID: 4
Current position of Avatar 4: 4, 0

AvatarID: 4
Current position of Avatar 4: 4, 1

AvatarID: 4
Current position of Avatar 4: 4, 1

AvatarID: 4
Current position of Avatar 4: 4, 1

AvatarID: 4
Current position of Avatar 4: 4, 1

AvatarID: 4
Current position of Avatar 4: 5, 1

AvatarID: 4
Current position of Avatar 4: 5, 1

AvatarID: 4
Current position of Avatar 4: 5, 1

AvatarID: 4
Current position of Avatar 4: 5, 1

AvatarID: 4
Current position of Avatar 4: 5, 0

AvatarID: 4
Current position of Avatar 4: 5, 0

AvatarID: 4
Current position of Avatar 4: 5, 0

AvatarID: 4
Current position of Avatar 4: 5, 0

AvatarID: 4
Current position of Avatar 4: 5, 0

AvatarID: 4
Current position of Avatar 4: 5, 0

AvatarID: 4
Current position of Avatar 4: 5, 1

AvatarID: 4
Current position of Avatar 4: 4, 1

AvatarID: 4
Current position of Avatar 4: 4, 0

AvatarID: 4
Current position of Avatar 4: 3, 0

AvatarID: 4
Current position of Avatar 4: 2, 0

AvatarID: 4
Current position of Avatar 4: 1, 0

AvatarID: 4
Current position of Avatar 4: 0, 0

AvatarID: 4
Current position of Avatar 4: 0, 0

AvatarID: 4
Current position of Avatar 4: 0, 0

AvatarID: 4
Current position of Avatar 4: 1, 0

AvatarID: 4
Current position of Avatar 4: 1, 1

AvatarID: 4
Current position of Avatar 4: 0, 1

AvatarID: 4
Current position of Avatar 4: 0, 2

AvatarID: 4
Current position of Avatar 4: 0, 3

AvatarID: 4
Current position of Avatar 4: 0, 4

AvatarID: 4
Current position of Avatar 4: 0, 4

AvatarID: 4
Current position of Avatar 4: 0, 4

AvatarID: 4
Current position of Avatar 4: 1, 4

AvatarID: 4
Current position of Avatar 4: 1, 4

AvatarID: 4
Current position of Avatar 4: 1, 4

AvatarID: 4
Current position of Avatar 4: 1, 4

AvatarID: 4
Current position of Avatar 4: 1, 3

AvatarID: 4
Current position of Avatar 4: 2, 3

AvatarID: 4
Current position of Avatar 4: 2, 4

AvatarID: 4
Current position of Avatar 4: 2, 4

AvatarID: 4
Current position of Avatar 4: 2, 4

AvatarID: 4
Current position of Avatar 4: 3, 4

AvatarID: 4
Current position of Avatar 4: 3, 4

AvatarID: 4
Current position of Avatar 4: 3, 4

AvatarID: 4
Current position of Avatar 4: 3, 4

AvatarID: 4
Current position of Avatar 4: 3, 3

AvatarID: 4
Current position of Avatar 4: 4, 3

AvatarID: 4
Current position of Avatar 4: 4, 4

AvatarID: 4
Current position of Avatar 4: 4, 4

AvatarID: 4
Current position of Avatar 4: 4, 4

AvatarID: 4
Current position of Avatar 4: 5, 4

AvatarID: 4
Current position of Avatar 4: 5, 4

AvatarID: 4
Current position of Avatar 4: 5, 4

AvatarID: 4
Current position of Avatar 4: 5, 4

AvatarID: 4
Current position of Avatar 4: 5, 3

AvatarID: 4
Current position of Avatar 4: 6, 3

AvatarID: 4
Current position of Avatar 4: 6, 4

AvatarID: 4
Current position of Avatar 4: 6, 5

AvatarID: 4
Current position of Avatar 4: 6, 5

AvatarID: 4
Current position of Avatar 4: 6, 6

AvatarID: 4
Current position of Avatar 4: 5, 6

AvatarID: 4
Current position of Avatar 4: 5, 5

AvatarID: 4
Current position of Avatar 4: 4, 5

AvatarID: 4
Current position of Avatar 4: 3, 5

AvatarID: 4
Current position of Avatar 4: 2, 5

AvatarID: 4
Current position of Avatar 4: 2, 5

AvatarID: 4
Current position of Avatar 4: 2, 5

AvatarID: 4
Current position of Avatar 4: 2, 6

AvatarID: 4
Current position of Avatar 4: 1, 6

AvatarID: 4
Current position of Avatar 4: 1, 6

AvatarID: 4
Current position of Avatar 4: 0, 6

AvatarID: 4
Current position of Avatar 4: 0, 5

AvatarID: 4
Current position of Avatar 4: 1, 5

AvatarID: 4
Current position of Avatar 4: 0, 5

AvatarID: 4
Current position of Avatar 4: 0, 6

AvatarID: 4
Current position of Avatar 4: 0, 7

AvatarID: 4
Current position of Avatar 4: 0, 7

AvatarID: 4
Current position of Avatar 4: 0, 7

AvatarID: 4
Current position of Avatar 4: 1, 7

AvatarID: 4
Current position of Avatar 4: 1, 7

AvatarID: 4
Current position of Avatar 4: 2, 7

AvatarID: 4
Current position of Avatar 4: 2, 8

AvatarID: 4
Current position of Avatar 4: 1, 8

AvatarID: 4
Current position of Avatar 4: 1, 8

AvatarID: 4
Current position of Avatar 4: 1, 8

AvatarID: 4
Current position of Avatar 4: 1, 9

AvatarID: 4
Current position of Avatar 4: 0, 9

AvatarID: 4
Current position of Avatar 4: 0, 8

AvatarID: 4
Current position of Avatar 4: 0, 9

AvatarID: 4
Current position of Avatar 4: 1, 9

AvatarID: 4
Current position of Avatar 4: 2, 9

AvatarID: 4
Current position of Avatar 4: 2, 9

AvatarID: 4
Current position of Avatar 4: 2, 9

AvatarID: 4
Current position of Avatar 4: 1, 9

AvatarID: 4
Current position of Avatar 4: 1, 8

AvatarID: 4
Current position of Avatar 4: 2, 8

AvatarID: 4
Current position of Avatar 4: 2, 7

AvatarID: 4
Current position of Avatar 4: 2, 7

AvatarID: 4
Current position of Avatar 4: 2, 7

AvatarID: 4
Current position of Avatar 4: 1, 7

AvatarID: 4
Current position of Avatar 4: 1, 7

AvatarID: 4
Current position of Avatar 4: 0, 7

AvatarID: 4
Current position of Avatar 4: 0, 6

AvatarID: 4
Current position of Avatar 4: 1, 6

AvatarID: 4
Current position of Avatar 4: 2, 6

AvatarID: 4
Current position of Avatar 4: 2, 5

AvatarID: 4
Current position of Avatar 4: 3, 5

AvatarID: 4
Current position of Avatar 4: 4, 5

AvatarID: 4
Current position of Avatar 4: 5, 5

AvatarID: 4
Current position of Avatar 4: 5, 6

AvatarID: 4
Current position of Avatar 4: 5, 7

AvatarID: 4
Current position of Avatar 4: 5, 6

AvatarID: 4
Current position of Avatar 4: 6, 6

AvatarID: 4
Current position of Avatar 4: 6, 5

AvatarID: 4
Current position of Avatar 4: 6, 4

AvatarID: 4
Current position of Avatar 4: 6, 3

AvatarID: 4
Current position of Avatar 4: 5, 3

AvatarID: 4
Current position of Avatar 4: 5, 3

AvatarID: 4
Current position of Avatar 4: 5, 3

AvatarID: 4
Current position of Avatar 4: 5, 3

AvatarID: 4
Current position of Avatar 4: 5, 4

AvatarID: 4
Current position of Avatar 4: 4, 4

AvatarID: 4
Current position of Avatar 4: 4, 3

AvatarID: 4
Current position of Avatar 4: 4, 3

AvatarID: 4
Current position of Avatar 4: 4, 3

AvatarID: 4
Current position of Avatar 4: 3, 3

AvatarID: 4
Current position of Avatar 4: 3, 3

AvatarID: 4
Current position of Avatar 4: 3, 3

AvatarID: 4
Current position of Avatar 4: 3, 3

AvatarID: 4
Current position of Avatar 4: 3, 4

AvatarID: 4
Current position of Avatar 4: 2, 4

AvatarID: 4
Current position of Avatar 4: 2, 3

AvatarID: 4
Current position of Avatar 4: 2, 3

AvatarID: 4
Current position of Avatar 4: 2, 3

AvatarID: 4
Current position of Avatar 4: 1, 3

AvatarID: 4
Current position of Avatar 4: 1, 3

AvatarID: 4
Current position of Avatar 4: 1, 3

AvatarID: 4
Current position of Avatar 4: 1, 3

AvatarID: 4
Current position of Avatar 4: 1, 4

AvatarID: 4
Current position of Avatar 4: 0, 4

AvatarID: 4
Current position of Avatar 4: 0, 3

AvatarID: 4
Current position of Avatar 4: 0, 2

AvatarID: 4
Current position of Avatar 4: 1, 2

AvatarID: 4
Current position of Avatar 4: 2, 2

AvatarID: 4
Current position of Avatar 4: 2, 2

AvatarID: 4
Current position of Avatar 4: 2, 2

AvatarID: 4
Current position of Avatar 4: 2, 1

AvatarID: 4
Current position of Avatar 4: 3, 1

AvatarID: 4
Current position of Avatar 4: 3, 2

AvatarID: 4
Current position of Avatar 4: 4, 2

AvatarID: 4
Current position of Avatar 4: 5, 2

AvatarID: 4
Current position of Avatar 4: 6, 2

AvatarID: 4
Current position of Avatar 4: 7, 2

AvatarID: 4
Current position of Avatar 4: 7, 1

AvatarID: 4
Current position of Avatar 4: 7, 2

AvatarID: 4
Current position of Avatar 4: 6, 2

AvatarID: 4
Current position of Avatar 4: 6, 1

AvatarID: 4
*******
AvatarID: 1
AvatarID: 1
Current position of Avatar 1: 6, 2

AvatarID: 1
Current position of Avatar 1: 7, 2

AvatarID: 1
Current position of Avatar 1: 7, 2

AvatarID: 1
Current position of Avatar 1: 7, 2

AvatarID: 1
Current position of Avatar 1: 7, 2

AvatarID: 1
Current position of Avatar 1: 7, 1

AvatarID: 1
Current position of Avatar 1: 7, 1

AvatarID: 1
Current position of Avatar 1: 7, 1

AvatarID: 1
Current position of Avatar 1: 7, 1

AvatarID: 1
Current position of Avatar 1: 7, 1

AvatarID: 1
Current position of Avatar 1: 7, 2

AvatarID: 1
Current position of Avatar 1: 6, 2

AvatarID: 1
Current position of Avatar 1: 6, 1

AvatarID: 1
Current position of Avatar 1: 6, 0

AvatarID: 1
Current position of Avatar 1: 7, 0

AvatarID: 1
Current position of Avatar 1: 8, 0

AvatarID: 1
Current position of Avatar 1: 8, 1

AvatarID: 1
Current position of Avatar 1: 8, 2

AvatarID: 1
Current position of Avatar 1: 8, 3

AvatarID: 1
Current position of Avatar 1: 7, 3

AvatarID: 1
Current position of Avatar 1: 7, 4

AvatarID: 1
Current position of Avatar 1: 8, 4

AvatarID: 1
Current position of Avatar 1: 9, 4

AvatarID: 1
Current position of Avatar 1: 10, 4

AvatarID: 1
Current position of Avatar 1: 10, 5

AvatarID: 1
Current position of Avatar 1: 10, 6

AvatarID: 1
Current position of Avatar 1: 10, 7

AvatarID: 1
Current position of Avatar 1: 9, 7

AvatarID: 1
Current position of Avatar 1: 10, 7

AvatarID: 1
Current position of Avatar 1: 10, 8

AvatarID: 1
Current position of Avatar 1: 10, 8

AvatarID: 1
Current position of Avatar 1: 10, 8

AvatarID: 1
Current position of Avatar 1: 10, 8

AvatarID: 1
Current position of Avatar 1: 11, 8

AvatarID: 1
Current position of Avatar 1: 11, 9

AvatarID: 1
Current position of Avatar 1: 10, 9

AvatarID: 1
Current position of Avatar 1: 9, 9

AvatarID: 1
Current position of Avatar 1: 9, 8

AvatarID: 1
Current position of Avatar 1: 8, 8

AvatarID: 1
Current position of Avatar 1: 8, 7

AvatarID: 1
Current position of Avatar 1: 8, 6

AvatarID: 1
Current position of Avatar 1: 9, 6

AvatarID: 1
Current position of Avatar 1: 9, 5

AvatarID: 1
Current position of Avatar 1: 8, 5

AvatarID: 1
Current position of Avatar 1: 7, 5

AvatarID: 1
Current position of Avatar 1: 7, 5

AvatarID: 1
Current position of Avatar 1: 7, 5

AvatarID: 1
Current position of Avatar 1: 7, 6

AvatarID: 1
Current position of Avatar 1: 7, 6

AvatarID: 1
Current position of Avatar 1: 7, 7

AvatarID: 1
Current position of Avatar 1: 6, 7

AvatarID: 1
Current position of Avatar 1: 6, 7

AvatarID: 1
Current position of Avatar 1: 6, 7

AvatarID: 1
Current position of Avatar 1: 6, 7

AvatarID: 1
Current position of Avatar 1: 6, 8

AvatarID: 1
Current position of Avatar 1: 5, 8

AvatarID: 1
Current position of Avatar 1: 5, 8

AvatarID: 1
Current position of Avatar 1: 4, 8

AvatarID: 1
Current position of Avatar 1: 4, 7

AvatarID: 1
Current position of Avatar 1: 4, 7

AvatarID: 1
Current position of Avatar 1: 4, 6

AvatarID: 1
Current position of Avatar 1: 4, 6

AvatarID: 1
Current position of Avatar 1: 4, 6

AvatarID: 1
Current position of Avatar 1: 4, 6

AvatarID: 1
Current position of Avatar 1: 3, 6

AvatarID: 1
Current position of Avatar 1: 3, 6

AvatarID: 1
Current position of Avatar 1: 3, 6

AvatarID: 1
Current position of Avatar 1: 3, 6

AvatarID: 1
Current position of Avatar 1: 3, 7

AvatarID: 1
Current position of Avatar 1: 3, 7

AvatarID: 1
Current position of Avatar 1: 3, 8

AvatarID: 1
Current position of Avatar 1: 3, 8

AvatarID: 1
Current position of Avatar 1: 3, 9

AvatarID: 1
Current position of Avatar 1: 3, 9

AvatarID: 1
Current position of Avatar 1: 3, 9

AvatarID: 1
Current position of Avatar 1: 3, 9

AvatarID: 1
Current position of Avatar 1: 4, 9

AvatarID: 1
Current position of Avatar 1: 5, 9

AvatarID: 1
Current position of Avatar 1: 6, 9

AvatarID: 1
Current position of Avatar 1: 7, 9

AvatarID: 1
Current position of Avatar 1: 7, 8

AvatarID: 1
Current position of Avatar 1: 7, 8

AvatarID: 1
Current position of Avatar 1: 7, 8

AvatarID: 1
Current position of Avatar 1: 7, 8

AvatarID: 1
Current position of Avatar 1: 7, 8

AvatarID: 1
Current position of Avatar 1: 7, 8

AvatarID: 1
Current position of Avatar 1: 7, 9

AvatarID: 1
Current position of Avatar 1: 6, 9

AvatarID: 1
Current position of Avatar 1: 6, 9

AvatarID: 1
Current position of Avatar 1: 5, 9

AvatarID: 1
Current position of Avatar 1: 5, 9

AvatarID: 1
Current position of Avatar 1: 4, 9

AvatarID: 1
Current position of Avatar 1: 4, 9

AvatarID: 1
Current position of Avatar 1: 3, 9

AvatarID: 1
Current position of Avatar 1: 3, 8

AvatarID: 1
Current position of Avatar 1: 3, 8

AvatarID: 1
Current position of Avatar 1: 3, 7

AvatarID: 1
Current position of Avatar 1: 3, 7

AvatarID: 1
Current position of Avatar 1: 3, 6

AvatarID: 1
Current position of Avatar 1: 4, 6

AvatarID: 1
Current position of Avatar 1: 4, 7

AvatarID: 1
Current position of Avatar 1: 4, 8

AvatarID: 1
Current position of Avatar 1: 5, 8

AvatarID: 1
Current position of Avatar 1: 6, 8

AvatarID: 1
Current position of Avatar 1: 6, 7

AvatarID: 1
Current position of Avatar 1: 7, 7

AvatarID: 1
Current position of Avatar 1: 7, 7

AvatarID: 1
Current position of Avatar 1: 7, 7

AvatarID: 1
Current position of Avatar 1: 7, 6

AvatarID: 1
Current position of Avatar 1: 7, 6

AvatarID: 1
Current position of Avatar 1: 7, 5

AvatarID: 1
Current position of Avatar 1: 8, 5

AvatarID: 1
Current position of Avatar 1: 8, 5

AvatarID: 1
Current position of Avatar 1: 9, 5

AvatarID: 1
Current position of Avatar 1: 9, 6

AvatarID: 1
Current position of Avatar 1: 8, 6

AvatarID: 1
Current position of Avatar 1: 8, 7

AvatarID: 1
Current position of Avatar 1: 8, 8

AvatarID: 1
Current position of Avatar 1: 9, 8

AvatarID: 1
Current position of Avatar 1: 9, 9

AvatarID: 1
Current position of Avatar 1: 8, 9

AvatarID: 1
Current position of Avatar 1: 9, 9

AvatarID: 1
Current position of Avatar 1: 10, 9

AvatarID: 1
Current position of Avatar 1: 11, 9

AvatarID: 1
Current position of Avatar 1: 11, 8

AvatarID: 1
Current position of Avatar 1: 10, 8

AvatarID: 1
Current position of Avatar 1: 10, 7

AvatarID: 1
Current position of Avatar 1: 10, 6

AvatarID: 1
Current position of Avatar 1: 10, 5

AvatarID: 1
Current position of Avatar 1: 10, 4

AvatarID: 1
Current position of Avatar 1: 9, 4

AvatarID: 1
Current position of Avatar 1: 8, 4

AvatarID: 1
Current position of Avatar 1: 7, 4

AvatarID: 1
Current position of Avatar 1: 7, 3

AvatarID: 1
Current position of Avatar 1: 8, 3

AvatarID: 1
Current position of Avatar 1: 8, 2

AvatarID: 1
Current position of Avatar 1: 8, 1

AvatarID: 1
Current position of Avatar 1: 8, 0

AvatarID: 1
Current position of Avatar 1: 9, 0

AvatarID: 1
Current position of Avatar 1: 10, 0

AvatarID: 1
Current position of Avatar 1: 10, 1

AvatarID: 1
Current position of Avatar 1: 11, 1

AvatarID: 1
Current position of Avatar 1: 11, 2

AvatarID: 1
Current position of Avatar 1: 11, 3

AvatarID: 1
Current position of Avatar 1: 10, 3

AvatarID: 1
Current position of Avatar 1: 10, 2

AvatarID: 1
Current position of Avatar 1: 9, 2

AvatarID: 1
Current position of Avatar 1: 9, 1

AvatarID: 1
Current position of Avatar 1: 9, 2

AvatarID: 1
Current position of Avatar 1: 9, 3

AvatarID: 1
Current position of Avatar 1: 9, 2

AvatarID: 1
Current position of Avatar 1: 10, 2

AvatarID: 1
Current position of Avatar 1: 10, 3

AvatarID: 1
Current position of Avatar 1: 11, 3

AvatarID: 1
Current position of Avatar 1: 11, 4

AvatarID: 1
Current position of Avatar 1: 11, 5

AvatarID: 1
Current position of Avatar 1: 11, 6

AvatarID: 1
Current position of Avatar 1: 11, 7

AvatarID: 1
Current position of Avatar 1: 11, 6

AvatarID: 1
Current position of Avatar 1: 11, 5

AvatarID: 1
Current position of Avatar 1: 11, 4

AvatarID: 1
Current position of Avatar 1: 11, 3

AvatarID: 1
Current position of Avatar 1: 11, 2

AvatarID: 1
Current position of Avatar 1: 11, 1

AvatarID: 1
AvatarID: 1
AvatarID: 1
AvatarID: 1
AvatarID: 1
AvatarID: 1
AvatarID: 1
AvatarID: 1
AvatarID: 1
AvatarID: 1
AvatarID: 1
AvatarID: 1
AvatarID: 1
AvatarID: 1
AvatarID: 1
AvatarID: 1
AvatarID: 1
AvatarID: 1
AvatarID: 1
AvatarID: 1
AvatarID: 1
AvatarID*******
AvatarID: 2
AvatarID: 2
Current position of Avatar 2: 8, 1

AvatarID: 2
Current position of Avatar 2: 8, 1

AvatarID: 2
Current position of Avatar 2: 8, 2

AvatarID: 2
Current position of Avatar 2: 8, 2

AvatarID: 2
Current position of Avatar 2: 8, 3

AvatarID: 2
Current position of Avatar 2: 7, 3

AvatarID: 2
Current position of Avatar 2: 7, 3

AvatarID: 2
Current position of Avatar 2: 7, 3

AvatarID: 2
Current position of Avatar 2: 7, 4

AvatarID: 2
Current position of Avatar 2: 7, 4

AvatarID: 2
Current position of Avatar 2: 7, 4

AvatarID: 2
Current position of Avatar 2: 7, 4

AvatarID: 2
Current position of Avatar 2: 8, 4

AvatarID: 2
Current position of Avatar 2: 8, 4

AvatarID: 2
Current position of Avatar 2: 9, 4

AvatarID: 2
Current position of Avatar 2: 9, 4

AvatarID: 2
Current position of Avatar 2: 10, 4

AvatarID: 2
Current position of Avatar 2: 10, 5

AvatarID: 2
Current position of Avatar 2: 10, 5

AvatarID: 2
Current position of Avatar 2: 10, 6

AvatarID: 2
Current position of Avatar 2: 10, 6

AvatarID: 2
Current position of Avatar 2: 10, 7

AvatarID: 2
Current position of Avatar 2: 9, 7

AvatarID: 2
Current position of Avatar 2: 9, 7

AvatarID: 2
Current position of Avatar 2: 9, 7

AvatarID: 2
Current position of Avatar 2: 9, 7

AvatarID: 2
Current position of Avatar 2: 9, 7

AvatarID: 2
Current position of Avatar 2: 9, 7

AvatarID: 2
Current position of Avatar 2: 10, 7

AvatarID: 2
Current position of Avatar 2: 10, 8

AvatarID: 2
Current position of Avatar 2: 10, 8

AvatarID: 2
Current position of Avatar 2: 10, 8

AvatarID: 2
Current position of Avatar 2: 10, 8

AvatarID: 2
Current position of Avatar 2: 11, 8

AvatarID: 2
Current position of Avatar 2: 11, 9

AvatarID: 2
Current position of Avatar 2: 10, 9

AvatarID: 2
Current position of Avatar 2: 9, 9

AvatarID: 2
Current position of Avatar 2: 9, 8

AvatarID: 2
Current position of Avatar 2: 8, 8

AvatarID: 2
Current position of Avatar 2: 8, 7

AvatarID: 2
Current position of Avatar 2: 8, 6

AvatarID: 2
Current position of Avatar 2: 9, 6

AvatarID: 2
Current position of Avatar 2: 9, 5

AvatarID: 2
Current position of Avatar 2: 8, 5

AvatarID: 2
Current position of Avatar 2: 7, 5

AvatarID: 2
Current position of Avatar 2: 7, 5

AvatarID: 2
Current position of Avatar 2: 7, 5

AvatarID: 2
Current position of Avatar 2: 7, 6

AvatarID: 2
Current position of Avatar 2: 7, 6

AvatarID: 2
Current position of Avatar 2: 7, 7

AvatarID: 2
Current position of Avatar 2: 6, 7

AvatarID: 2
Current position of Avatar 2: 6, 7

AvatarID: 2
Current position of Avatar 2: 6, 7

AvatarID: 2
Current position of Avatar 2: 6, 7

AvatarID: 2
Current position of Avatar 2: 6, 8

AvatarID: 2
Current position of Avatar 2: 5, 8

AvatarID: 2
Current position of Avatar 2: 5, 8

AvatarID: 2
Current position of Avatar 2: 4, 8

AvatarID: 2
Current position of Avatar 2: 4, 7

AvatarID: 2
Current position of Avatar 2: 4, 7

AvatarID: 2
Current position of Avatar 2: 4, 6

AvatarID: 2
Current position of Avatar 2: 4, 6

AvatarID: 2
Current position of Avatar 2: 4, 6

AvatarID: 2
Current position of Avatar 2: 4, 6

AvatarID: 2
Current position of Avatar 2: 3, 6

AvatarID: 2
Current position of Avatar 2: 3, 6

AvatarID: 2
Current position of Avatar 2: 3, 6

AvatarID: 2
Current position of Avatar 2: 3, 6

AvatarID: 2
Current position of Avatar 2: 3, 7

AvatarID: 2
Current position of Avatar 2: 3, 7

AvatarID: 2
Current position of Avatar 2: 3, 8

AvatarID: 2
Current position of Avatar 2: 3, 8

AvatarID: 2
Current position of Avatar 2: 3, 9

AvatarID: 2
Current position of Avatar 2: 3, 9

AvatarID: 2
Current position of Avatar 2: 3, 9

AvatarID: 2
Current position of Avatar 2: 3, 9

AvatarID: 2
Current position of Avatar 2: 4, 9

AvatarID: 2
Current position of Avatar 2: 5, 9

AvatarID: 2
Current position of Avatar 2: 6, 9

AvatarID: 2
Current position of Avatar 2: 7, 9

AvatarID: 2
Current position of Avatar 2: 7, 8

AvatarID: 2
Current position of Avatar 2: 7, 8

AvatarID: 2
Current position of Avatar 2: 7, 8

AvatarID: 2
Current position of Avatar 2: 7, 8

AvatarID: 2
Current position of Avatar 2: 7, 8

AvatarID: 2
Current position of Avatar 2: 7, 8

AvatarID: 2
Current position of Avatar 2: 7, 9

AvatarID: 2
Current position of Avatar 2: 6, 9

AvatarID: 2
Current position of Avatar 2: 6, 9

AvatarID: 2
Current position of Avatar 2: 5, 9

AvatarID: 2
Current position of Avatar 2: 5, 9

AvatarID: 2
Current position of Avatar 2: 4, 9

AvatarID: 2
Current position of Avatar 2: 4, 9

AvatarID: 2
Current position of Avatar 2: 3, 9

AvatarID: 2
Current position of Avatar 2: 3, 8

AvatarID: 2
Current position of Avatar 2: 3, 8

AvatarID: 2
Current position of Avatar 2: 3, 7

AvatarID: 2
Current position of Avatar 2: 3, 7

AvatarID: 2
Current position of Avatar 2: 3, 6

AvatarID: 2
Current position of Avatar 2: 4, 6

AvatarID: 2
Current position of Avatar 2: 4, 7

AvatarID: 2
Current position of Avatar 2: 4, 8

AvatarID: 2
Current position of Avatar 2: 5, 8

AvatarID: 2
Current position of Avatar 2: 6, 8

AvatarID: 2
Current position of Avatar 2: 6, 7

AvatarID: 2
Current position of Avatar 2: 7, 7

AvatarID: 2
Current position of Avatar 2: 7, 7

AvatarID: 2
Current position of Avatar 2: 7, 7

AvatarID: 2
Current position of Avatar 2: 7, 6

AvatarID: 2
Current position of Avatar 2: 7, 6

AvatarID: 2
Current position of Avatar 2: 7, 5

AvatarID: 2
Current position of Avatar 2: 8, 5

AvatarID: 2
Current position of Avatar 2: 8, 5

AvatarID: 2
Current position of Avatar 2: 9, 5

AvatarID: 2
Current position of Avatar 2: 9, 6

AvatarID: 2
Current position of Avatar 2: 8, 6

AvatarID: 2
Current position of Avatar 2: 8, 7

AvatarID: 2
Current position of Avatar 2: 8, 8

AvatarID: 2
Current position of Avatar 2: 9, 8

AvatarID: 2
Current position of Avatar 2: 9, 9

AvatarID: 2
Current position of Avatar 2: 8, 9

AvatarID: 2
Current position of Avatar 2: 9, 9

AvatarID: 2
Current position of Avatar 2: 10, 9

AvatarID: 2
Current position of Avatar 2: 11, 9

AvatarID: 2
Current position of Avatar 2: 11, 8

AvatarID: 2
Current position of Avatar 2: 10, 8

AvatarID: 2
Current position of Avatar 2: 10, 7

AvatarID: 2
Current position of Avatar 2: 10, 6

AvatarID: 2
Current position of Avatar 2: 10, 5

AvatarID: 2
Current position of Avatar 2: 10, 4

AvatarID: 2
Current position of Avatar 2: 9, 4

AvatarID: 2
Current position of Avatar 2: 8, 4

AvatarID: 2
Current position of Avatar 2: 7, 4

AvatarID: 2
Current position of Avatar 2: 7, 3

AvatarID: 2
Current position of Avatar 2: 8, 3

AvatarID: 2
Current position of Avatar 2: 8, 2

AvatarID: 2
Current position of Avatar 2: 8, 1

AvatarID: 2
Current position of Avatar 2: 8, 0

AvatarID: 2
Current position of Avatar 2: 9, 0

AvatarID: 2
Current position of Avatar 2: 10, 0

AvatarID: 2
Current position of Avatar 2: 10, 1

AvatarID: 2
Current position of Avatar 2: 11, 1

AvatarID: 2
Current position of Avatar 2: 11, 2

AvatarID: 2
Current position of Avatar 2: 11, 3

AvatarID: 2
Current position of Avatar 2: 10, 3

AvatarID: 2
Current position of Avatar 2: 10, 2

AvatarID: 2
Current position of Avatar 2: 9, 2

AvatarID: 2
Current position of Avatar 2: 9, 1

AvatarID: 2
Current position of Avatar 2: 9, 2

AvatarID: 2
Current position of Avatar 2: 9, 3

AvatarID: 2
Current position of Avatar 2: 9, 2

AvatarID: 2
Current position of Avatar 2: 10, 2

AvatarID: 2
Current position of Avatar 2: 10, 3

AvatarID: 2
Current position of Avatar 2: 11, 3

AvatarID: 2
Current position of Avatar 2: 11, 4

AvatarID: 2
Current position of Avatar 2: 11, 5

AvatarID: 2
Current position of Avatar 2: 11, 6

AvatarID: 2
Current position of Avatar 2: 11, 7

AvatarID: 2
Current position of Avatar 2: 11, 6

AvatarID: 2
Current position of Avatar 2: 11, 5

AvatarID: 2
Current position of Avatar 2: 11, 4

AvatarID: 2
Current position of Avatar 2: 11, 3

AvatarID: 2
Current position of Avatar 2: 11, 2

AvatarID: 2
Current position of Avatar 2: 11, 1

AvatarID: 2
AvatarID: 2
AvatarID: 2
AvatarID: 2
AvatarID: 2
AvatarID: 2
AvatarID: 2
AvatarID: 2
AvatarID: 2
AvatarID: 2
AvatarID: 2
AvatarID: 2
AvatarID: 2
AvatarID: 2
AvatarID: 2
AvatarID: 2
AvatarID: 2
AvatarID: 2
AvatarID: 2
AvatarID: 2
AvatarID: 2
Avatar*******
AvatarID: 0
AvatarID: 0
Current position of Avatar 0: 9, 9

AvatarID: 0
Current position of Avatar 0: 8, 9

AvatarID: 0
Current position of Avatar 0: 8, 9

AvatarID: 0
Current position of Avatar 0: 8, 9

AvatarID: 0
Current position of Avatar 0: 8, 9

AvatarID: 0
Current position of Avatar 0: 8, 9

AvatarID: 0
Current position of Avatar 0: 8, 9

AvatarID: 0
Current position of Avatar 0: 9, 9

AvatarID: 0
Current position of Avatar 0: 10, 9

AvatarID: 0
Current position of Avatar 0: 11, 9

AvatarID: 0
Current position of Avatar 0: 11, 8

AvatarID: 0
Current position of Avatar 0: 11, 8

AvatarID: 0
Current position of Avatar 0: 11, 8

AvatarID: 0
Current position of Avatar 0: 10, 8

AvatarID: 0
Current position of Avatar 0: 10, 7

AvatarID: 0
Current position of Avatar 0: 10, 7

AvatarID: 0
Current position of Avatar 0: 10, 6

AvatarID: 0
Current position of Avatar 0: 10, 6

AvatarID: 0
Current position of Avatar 0: 10, 5

AvatarID: 0
Current position of Avatar 0: 10, 5

AvatarID: 0
Current position of Avatar 0: 10, 4

AvatarID: 0
Current position of Avatar 0: 10, 4

AvatarID: 0
Current position of Avatar 0: 10, 4

AvatarID: 0
Current position of Avatar 0: 10, 4

AvatarID: 0
Current position of Avatar 0: 9, 4

AvatarID: 0
Current position of Avatar 0: 8, 4

AvatarID: 0
Current position of Avatar 0: 8, 4

AvatarID: 0
Current position of Avatar 0: 7, 4

AvatarID: 0
Current position of Avatar 0: 7, 3

AvatarID: 0
Current position of Avatar 0: 8, 3

AvatarID: 0
Current position of Avatar 0: 8, 2

AvatarID: 0
Current position of Avatar 0: 8, 1

AvatarID: 0
Current position of Avatar 0: 8, 0

AvatarID: 0
Current position of Avatar 0: 9, 0

AvatarID: 0
Current position of Avatar 0: 10, 0

AvatarID: 0
Current position of Avatar 0: 10, 1

AvatarID: 0
Current position of Avatar 0: 11, 1

AvatarID: 0
Current position of Avatar 0: 11, 2

AvatarID: 0
Current position of Avatar 0: 11, 3

AvatarID: 0
Current position of Avatar 0: 10, 3

AvatarID: 0
Current position of Avatar 0: 10, 2

AvatarID: 0
Current position of Avatar 0: 9, 2

AvatarID: 0
Current position of Avatar 0: 9, 1

AvatarID: 0
Current position of Avatar 0: 9, 2

AvatarID: 0
Current position of Avatar 0: 9, 3

AvatarID: 0
Current position of Avatar 0: 9, 2

AvatarID: 0
Current position of Avatar 0: 10, 2

AvatarID: 0
Current position of Avatar 0: 10, 3

AvatarID: 0
Current position of Avatar 0: 11, 3

AvatarID: 0
Current position of Avatar 0: 11, 4

AvatarID: 0
Current position of Avatar 0: 11, 5

AvatarID: 0
Current position of Avatar 0: 11, 6

AvatarID: 0
Current position of Avatar 0: 11, 7

AvatarID: 0
Current position of Avatar 0: 11, 6

AvatarID: 0
Current position of Avatar 0: 11, 5

AvatarID: 0
Current position of Avatar 0: 11, 4

AvatarID: 0
Current position of Avatar 0: 11, 3

AvatarID: 0
Current position of Avatar 0: 11, 2

AvatarID: 0
Current position of Avatar 0: 11, 1

AvatarID: 0
AvatarID: 0
AvatarID: 0
AvatarID: 0
AvatarID: 0
AvatarID: 0
AvatarID: 0
AvatarID: 0
AvatarID: 0
AvatarID: 0
AvatarID: 0
AvatarID: 0
AvatarID: 0
AvatarID: 0
AvatarID: 0
AvatarID: 0
AvatarID: 0
AvatarID: 0
AvatarID: 0
AvatarID: 0
AvatarID: 0
AvatarID: 0
AvatarID: 0
AvatarID: 0
AvatarID: 0
AvatarID: 0
AvatarID: 0
AvatarID: 0
AvatarID: 0
AvatarID: 0
AvatarID: 0
AvatarID: 0
AvatarID: 0
AvatarID: 0
AvatarID: 0
AvatarID: 0
AvatarID: 0
AvatarID: 0
AvatarID: 0
AvatarID: 0
AvatarID: 0
AvatarID: 0
AvatarID: 0
AvatarID: 0
AvatarID: 0
AvatarID: 0
AvatarID: 0
AvatarID: 0
AvatarID: 0
AvatarID: 0
AvatarID: 0
AvatarID: 0
AvatarID: 0
AvatarID: 0
AvatarID: 0
AvatarID: 0
AvatarID: 0
AvatarID: 0
AvatarID: 0
AvatarID: 0
AvatarID: 0
AvatarID: 0
AvatarID: 0
AvatarID: 0
AvatarID: 0
AvatarID: 0
AvatarID: 0
AvatarID: 0
AvatarID: 0
AvatarID: 0
AvatarID: 0
AvatarID: 0
AvatarID: 0
AvatarID: 0
AvatarID: 0
AvatarID: 0
AvatarID: 0
AvatarID: 0
AvatarID: 0
AvatarID: 0
AvatarID: 0
AvatarID: 0
AvatarID: 0
AvatarID: 0
AvatarID: 0
AvatarID: 0
AvatarID: 0
AvatarID: 0
AvatarID: 0
AvatarID: 0
AvatarID: 0
AvatarID: 0
AvatarID: 0
AvatarID: 0
AvatarID: 0
AvatarID: 0
AvatarID: 0
AvatarID: 0
AvatarID: 0
AvatarID: 0
AvatarID: 0
AvatarID: 0
AvatarID: 0
AvatarID: 0
AvatarID: 0
AvatarID: 0
AvatarID: 0
AvatarID: 0
AvatarID: 0
AvatarID: 0
AvatarID: 0
AvatarID: 0
AvatarID: 0
AvatarID: 0
AvatarID: 0
AvatarID: 0
AvatarID: 0
AvatarID: 0
AvatarID: 0
AvatarID: 0
AvatarID: 0
AvatarID: 0
AvatarID: 0
AvatarID: 0
AvatarID: 0
AvatarID: 0
AvatarID: 0
AvatarID: 0
AvatarID: 0
AvatarID: 0
AvatarID: 0
AvatarID: 0
AvatarID: 0
AvatarID: 0
AvatarID: 0
AvatarID: 0
AvatarID: 0
AvatarID: 0
AvatarID: 0
AvatarID: 0
AvatarID: 0
AvatarID: 0
AvatarID: 0
AvatarID: 0
AvatarID: 0
AvatarID: 0
AvatarID: 0
AvatarID: 0
AvatarID: 0
AvatarID: 0
AvatarID: 0
AvatarID: 0
AvatarID: 0
AvatarID: 0
AvatarID: 0
AvatarID: 0
AvatarID: 0
AvatarID: 0
AvatarID: 0
AvatarID: 0
AvatarID: 0
AvatarID: 0
AvatarID: 0
AvatarID: 0
AvatarID: 0
AvatarID: 0
AvatarID: 0
AvatarID: 0
AvatarID: 0
AvatarID: 0
AvatarID: 0
AvatarID: 0
AvatarID: 0
AvatarID: 0
AvatarID: 0
AvatarID: 0
AvatarID: 0
AvatarID: 0
AvatarID: 0
AvatarID: 0
AvatarID: 0
AvatarID: 0
AvatarID: 0
AvatarID: 0
AvatarID: 0
AvatarID: 0
AvatarID: 0
AvatarID: 0
AvatarID: 0
AvatarID: 0
AvatarID: 0
AvatarID: 0
AvatarID: 0
AvatarID: 0
AvatarID: 0
AvatarID: 0
AvatarID: 0
AvatarID: 0
AvatarID: 0
AvatarID: 0
AvatarID: 0
AvatarID: 0
AvatarID: 0
AvatarID: 0
AvatarID: 0
AvatarID: 0
AvatarID: 0
AvatarID: 0
AvatarID: 0
AvatarID: 0
AvatarID: 0
AvatarID: 0
AvatarID: 0
AvatarID: 0
AvatarID: 0
AvatarID: 0
AvatarID: 0
AvatarID: 0
AvatarID: 0
AvatarID: 0
AvatarID: 0
AvatarID: 0
AvatarID: 0
AvatarID: 0
AvatarID: 0
AvatarID: 0
Maze is solved!
: 1
AvatarID: 1
AvatarID: 1
AvatarID: 1
AvatarID: 1
AvatarID: 1
AvatarID: 1
AvatarID: 1
AvatarID: 1
AvatarID: 1
AvatarID: 1
AvatarID: 1
AvatarID: 1
AvatarID: 1
AvatarID: 1
AvatarID: 1
AvatarID: 1
AvatarID: 1
AvatarID: 1
AvatarID: 1
AvatarID: 1
AvatarID: 1
AvatarID: 1
AvatarID: 1
AvatarID: 1
AvatarID: 1
AvatarID: 1
AvatarID: 1
AvatarID: 1
AvatarID: 1
AvatarID: 1
AvatarID: 1
AvatarID: 1
AvatarID: 1
AvatarID: 1
AvatarID: 1
AvatarID: 1
AvatarID: 1
AvatarID: 1
AvatarID: 1
AvatarID: 1
AvatarID: 1
AvatarID: 1
AvatarID: 1
AvatarID: 1
AvatarID: 1
AvatarID: 1
AvatarID: 1
AvatarID: 1
AvatarID: 1
AvatarID: 1
AvatarID: 1
AvatarID: 1
AvatarID: 1
AvatarID: 1
AvatarID: 1
AvatarID: 1
AvatarID: 1
AvatarID: 1
AvatarID: 1
AvatarID: 1
AvatarID: 1
AvatarID: 1
AvatarID: 1
AvatarID: 1
AvatarID: 1
AvatarID: 1
AvatarID: 1
AvatarID: 1
AvatarID: 1
AvatarID: 1
AvatarID: 1
AvatarID: 1
AvatarID: 1
AvatarID: 1
AvatarID: 1
AvatarID: 1
AvatarID: 1
AvatarID: 1
AvatarID: 1
AvatarID: 1
AvatarID: 1
AvatarID: 1
AvatarID: 1
AvatarID: 1
AvatarID: 1
AvatarID: 1
AvatarID: 1
AvatarID: 1
AvatarID: 1
AvatarID: 1
AvatarID: 1
AvatarID: 1
AvatarID: 1
AvatarID: 1
AvatarID: 1
AvatarID: 1
AvatarID: 1
AvatarID: 1
AvatarID: 1
Maze is solved!
*******
AvatarID: 3
AvatarID: 3
Current position of Avatar 3: 11, 3

AvatarID: 3
Current position of Avatar 3: 10, 3

AvatarID: 3
Current position of Avatar 3: 10, 2

AvatarID: 3
Current position of Avatar 3: 10, 2

AvatarID: 3
Current position of Avatar 3: 10, 2

AvatarID: 3
Current position of Avatar 3: 10, 2

AvatarID: 3
Current position of Avatar 3: 9, 2

AvatarID: 3
Current position of Avatar 3: 9, 1

AvatarID: 3
Current position of Avatar 3: 9, 1

AvatarID: 3
Current position of Avatar 3: 9, 1

AvatarID: 3
Current position of Avatar 3: 9, 1

AvatarID: 3
Current position of Avatar 3: 9, 1

AvatarID: 3
Current position of Avatar 3: 9, 1

AvatarID: 3
Current position of Avatar 3: 9, 2

AvatarID: 3
Current position of Avatar 3: 9, 2

AvatarID: 3
Current position of Avatar 3: 9, 3

AvatarID: 3
Current position of Avatar 3: 9, 3

AvatarID: 3
Current position of Avatar 3: 9, 3

AvatarID: 3
Current position of Avatar 3: 9, 3

AvatarID: 3
Current position of Avatar 3: 9, 3

AvatarID: 3
Current position of Avatar 3: 9, 3

AvatarID: 3
Current position of Avatar 3: 9, 2

AvatarID: 3
Current position of Avatar 3: 10, 2

AvatarID: 3
Current position of Avatar 3: 10, 3

AvatarID: 3
Current position of Avatar 3: 11, 3

AvatarID: 3
Current position of Avatar 3: 11, 4

AvatarID: 3
Current position of Avatar 3: 11, 5

AvatarID: 3
Current position of Avatar 3: 11, 6

AvatarID: 3
Current position of Avatar 3: 11, 7

AvatarID: 3
Current position of Avatar 3: 11, 6

AvatarID: 3
Current position of Avatar 3: 11, 5

AvatarID: 3
Current position of Avatar 3: 11, 4

AvatarID: 3
Current position of Avatar 3: 11, 3

AvatarID: 3
Current position of Avatar 3: 11, 2

AvatarID: 3
Current position of Avatar 3: 11, 1

AvatarID: 3
AvatarID: 3
AvatarID: 3
AvatarID: 3
AvatarID: 3
AvatarID: 3
AvatarID: 3
AvatarID: 3
AvatarID: 3
AvatarID: 3
AvatarID: 3
AvatarID: 3
AvatarID: 3
AvatarID: 3
AvatarID: 3
AvatarID: 3
AvatarID: 3
AvatarID: 3
AvatarID: 3
AvatarID: 3
AvatarID: 3
AvatarID: 3
AvatarID: 3
AvatarID: 3
AvatarID: 3
AvatarID: 3
AvatarID: 3
AvatarID: 3
AvatarID: 3
AvatarID: 3
AvatarID: 3
AvatarID: 3
AvatarID: 3
AvatarID: 3
AvatarID: 3
AvatarID: 3
AvatarID: 3
AvatarID: 3
AvatarID: 3
AvatarID: 3
AvatarID: 3
AvatarID: 3
AvatarID: 3
AvatarID: 3
AvatarID: 3
AvatarID: 3
AvatarID: 3
AvatarID: 3
AvatarID: 3
AvatarID: 3
AvatarID: 3
AvatarID: 3
AvatarID: 3
AvatarID: 3
AvatarID: 3
AvatarID: 3
AvatarID: 3
AvatarID: 3
AvatarID: 3
AvatarID: 3
AvatarID: 3
AvatarID: 3
AvatarID: 3
AvatarID: 3
AvatarID: 3
AvatarID: 3
AvatarID: 3
AvatarID: 3
AvatarID: 3
AvatarID: 3
AvatarID: 3
AvatarID: 3
AvatarID: 3
AvatarID: 3
AvatarID: 3
AvatarID: 3
AvatarID: 3
AvatarID: 3
AvatarID: 3
AvatarID: 3
AvatarID: 3
AvatarID: 3
AvatarID: 3
AvatarID: 3
AvatarID: 3
AvatarID: 3
AvatarID: 3
AvatarID: 3
AvatarID: 3
AvatarID: 3
AvatarID: 3
AvatarID: 3
AvatarID: 3
AvatarID: 3
AvatarID: 3
AvatarID: 3
AvatarID: 3
AvatarID: 3
AvatarID: 3
AvatarID: 3
AvatarID: 3
AvatarID: 3
AvatarID: 3
AvatarID: 3
AvatarID: 3
AvatarID: 3
AvatarID: 3
AvatarID: 3
AvatarID: 3
AvatarID: 3
AvatarID: 3
AvatarID: 3
AvatarID: 3
AvatarID: 3
AvatarID: 3
AvatarID: 3
AvatarID: 3
AvatarID: 3
AvatarID: 3
AvatarID: 3
AvatarID: 3
AvatarID: 3
AvatarID: 3
AvatarID: 3
AvatarID: 3
AvatarID: 3
AvatarID: 3
AvatarID: 3
AvatarID: 3
AvatarID: 3
AvatarID: 3
AvatarID: 3
AvatarID: 3
AvatarID: 3
AvatarID: 3
AvatarID: 3
AvatarID: 3
AvatarID: 3
AvatarID: 3
AvatarID: 3
AvatarID: 3
AvatarID: 3
AvatarID: 3
AvatarID: 3
AvatarID: 3
AvatarID: 3
AvatarID: 3
AvatarID: 3
AvatarID: 3
AvatarID: 3
AvatarID: 3
AvatarID: 3
AvatarID: 3
AvatarID: 3
AvatarID: 3
AvatarID: 3
AvatarID: 3
AvatarID: 3
AvatarID: 3
AvatarID: 3
AvatarID: 3
AvatarID: 3
AvatarID: 3
AvatarID: 3
AvatarID: 3
AvatarID: 3
AvatarID: 3
AvatarID: 3
AvatarID: 3
AvatarID: 3
AvatarID: 3
AvatarID: 3
AvatarID: 3
AvatarID: 3
AvatarID: 3
AvatarID: 3
AvatarID: 3
AvatarID: 3
AvatarID: 3
AvatarID: 3
AvatarID: 3
AvatarID: 3
AvatarID: 3
AvatarID: 3
AvatarID: 3
AvatarID: 3
AvatarID: 3
AvatarID: 3
AvatarID: 3
AvatarID: 3
AvatarID: 3
AvatarID: 3
AvatarID: 3
AvatarID: 3
AvatarID: 3
AvatarID: 3
AvatarID: 3
AvatarID: 3
AvatarID: 3
AvatarID: 3
AvatarID: 3
AvatarID: 3
AvatarID: 3
AvatarID: 3
AvatarID: 3
AvatarID: 3
AvatarID: 3
AvatarID: 3
AvatarID: 3
AvatarID: 3
AvatarID: 3
AvatarID: 3
AvatarID: 3
AvatarID: 3
AvatarID: 3
AvatarID: 3
AvatarID: 3
AvatarID: 3
AvatarID: 3
AvatarID: 3
AvatarID: 3
AvatarID: 3
AvatarID: 3
AvatarID: 3
AvatarID: 3
AvatarID: 3
AvatarID: 3
AvatarID: 3
AvatarID: 3
AvatarID: 3
AvatarID: 3
AvatarID: 3
AvatarID: 3
AvatarID: 3
AvatarID: 3
AvatarID: 3
AvatarID: 3
AvatarID: 3
AvatarID: 3
AvatarID: 3
AvatarID: 3
AvatarID: 3
AvatarID: 3
AvatarID: 3
AvatarID: 3
AvatarID: 3
AvatarID: 3
AvatarID: 3
AvatarID: 3
AvatarID: 3
Maze is solved!
*******
AvatarID: 5
AvatarID: 5
AvatarID: 5
AvatarID: 5
AvatarID: 5
AvatarID: 5
AvatarID: 5
AvatarID: 5
AvatarID: 5
AvatarID: 5
AvatarID: 5
AvatarID: 5
AvatarID: 5
AvatarID: 5
AvatarID: 5
AvatarID: 5
AvatarID: 5
AvatarID: 5
AvatarID: 5
AvatarID: 5
AvatarID: 5
AvatarID: 5
AvatarID: 5
AvatarID: 5
AvatarID: 5
AvatarID: 5
AvatarID: 5
AvatarID: 5
AvatarID: 5
AvatarID: 5
AvatarID: 5
AvatarID: 5
AvatarID: 5
AvatarID: 5
AvatarID: 5
AvatarID: 5
AvatarID: 5
AvatarID: 5
AvatarID: 5
AvatarID: 5
AvatarID: 5
AvatarID: 5
AvatarID: 5
AvatarID: 5
AvatarID: 5
AvatarID: 5
AvatarID: 5
AvatarID: 5
AvatarID: 5
AvatarID: 5
AvatarID: 5
AvatarID: 5
AvatarID: 5
AvatarID: 5
AvatarID: 5
AvatarID: 5
AvatarID: 5
AvatarID: 5
AvatarID: 5
AvatarID: 5
AvatarID: 5
AvatarID: 5
AvatarID: 5
AvatarID: 5
AvatarID: 5
AvatarID: 5
AvatarID: 5
AvatarID: 5
AvatarID: 5
AvatarID: 5
AvatarID: 5
AvatarID: 5
AvatarID: 5
AvatarID: 5
AvatarID: 5
AvatarID: 5
AvatarID: 5
AvatarID: 5
AvatarID: 5
AvatarID: 5
AvatarID: 5
AvatarID: 5
AvatarID: 5
AvatarID: 5
AvatarID: 5
AvatarID: 5
AvatarID: 5
AvatarID: 5
AvatarID: 5
AvatarID: 5
AvatarID: 5
AvatarID: 5
AvatarID: 5
AvatarID: 5
AvatarID: 5
AvatarID: 5
AvatarID: 5
AvatarID: 5
AvatarID: 5
AvatarID: 5
AvatarID: 5
AvatarID: 5
AvatarID: 5
AvatarID: 5
AvatarID: 5
AvatarID: 5
AvatarID: 5
AvatarID: 5
AvatarID: 5
AvatarID: 5
AvatarID: 5
AvatarID: 5
AvatarID: 5
AvatarID: 5
AvatarID: 5
AvatarID: 5
AvatarID: 5
AvatarID: 5
AvatarID: 5
AvatarID: 5
AvatarID: 5
AvatarID: 5
AvatarID: 5
AvatarID: 5
AvatarID: 5
AvatarID: 5
AvatarID: 5
AvatarID: 5
AvatarID: 5
AvatarID: 5
AvatarID: 5
AvatarID: 5
AvatarID: 5
AvatarID: 5
AvatarID: 5
AvatarID: 5
AvatarID: 5
AvatarID: 5
AvatarID: 5
AvatarID: 5
AvatarID: 5
AvatarID: 5
AvatarID: 5
AvatarID: 5
AvatarID: 5
AvatarID: 5
AvatarID: 5
AvatarID: 5
AvatarID: 5
AvatarID: 5
AvatarID: 5
AvatarID: 5
AvatarID: 5
AvatarID: 5
AvatarID: 5
AvatarID: 5
AvatarID: 5
AvatarID: 5
AvatarID: 5
AvatarID: 5
AvatarID: 5
AvatarID: 5
AvatarID: 5
AvatarID: 5
AvatarID: 5
AvatarID: 5
AvatarID: 5
AvatarID: 5
AvatarID: 5
AvatarID: 5
AvatarID: 5
AvatarID: 5
AvatarID: 5
AvatarID: 5
AvatarID: 5
AvatarID: 5
AvatarID: 5
AvatarID: 5
AvatarID: 5
AvatarID: 5
AvatarID: 5
AvatarID: 5
AvatarID: 5
AvatarID: 5
AvatarID: 5
AvatarID: 5
AvatarID: 5
AvatarID: 5
AvatarID: 5
AvatarID: 5
AvatarID: 5
AvatarID: 5
AvatarID: 5
AvatarID: 5
AvatarID: 5
AvatarID: 5
AvatarID: 5
AvatarID: 5
AvatarID: 5
AvatarID: 5
AvatarID: 5
AvatarID: 5
AvatarID: 5
AvatarID: 5
AvatarID: 5
AvatarID: 5
AvatarID: 5
AvatarID: 5
AvatarID: 5
AvatarID: 5
AvatarID: 5
AvatarID: 5
AvatarID: 5
AvatarID: 5
AvatarID: 5
AvatarID: 5
AvatarID: 5
AvatarID: 5
AvatarID: 5
AvatarID: 5
AvatarID: 5
AvatarID: 5
AvatarID: 5
AvatarID: 5
AvatarID: 5
AvatarID: 5
AvatarID: 5
AvatarID: 5
AvatarID: 5
AvatarID: 5
AvatarID: 5
AvatarID: 5
AvatarID: 5
AvatarID: 5
AvatarID: 5
AvatarID: 5
AvatarID: 5
AvatarID: 5
AvatarID: 5
AvatarID: 5
AvatarID: 5
AvatarID: 5
AvatarID: 5
AvatarID: 5
AvatarID: 5
AvatarID: 5
AvatarID: 5
AvatarID: 5
AvatarID: 5
AvatarID: 5
AvatarID: 5
AvatarID: 5
AvatarID: 5
AvatarID: 5
AvatarID: 5
AvatarID: 5
AvatarID: 5
AvatarID: 5
AvatarID: 5
AvatarID: 5
AvatarID: 5
AvatarID: 5
AvatarID: 5
AvatarID: 5
AvatarID: 5
AvatarID: 5
AvatarID: 5
AvatarID: 5
AvatarID: 5
AvatarID: 5
AvatarID: 5
AvatarID: 5
AvatarID: 5
AvatarID: 5
AvatarID: 5
AvatarID: 5
AvatarID: 5
AvatarID: 5
AvatarID: 5
AvatarID: 5
AvatarID: 5
AvatarID: 5
AvatarID: 5
AvatarID: 5
AvatarID: 5
Maze is solved!
ID: 2
AvatarID: 2
AvatarID: 2
AvatarID: 2
AvatarID: 2
AvatarID: 2
AvatarID: 2
AvatarID: 2
AvatarID: 2
AvatarID: 2
AvatarID: 2
AvatarID: 2
AvatarID: 2
AvatarID: 2
AvatarID: 2
AvatarID: 2
AvatarID: 2
AvatarID: 2
AvatarID: 2
AvatarID: 2
AvatarID: 2
AvatarID: 2
AvatarID: 2
AvatarID: 2
AvatarID: 2
AvatarID: 2
AvatarID: 2
AvatarID: 2
AvatarID: 2
AvatarID: 2
AvatarID: 2
AvatarID: 2
AvatarID: 2
AvatarID: 2
AvatarID: 2
AvatarID: 2
AvatarID: 2
AvatarID: 2
AvatarID: 2
AvatarID: 2
AvatarID: 2
AvatarID: 2
AvatarID: 2
AvatarID: 2
AvatarID: 2
AvatarID: 2
AvatarID: 2
AvatarID: 2
AvatarID: 2
AvatarID: 2
AvatarID: 2
AvatarID: 2
AvatarID: 2
AvatarID: 2
AvatarID: 2
AvatarID: 2
AvatarID: 2
AvatarID: 2
AvatarID: 2
AvatarID: 2
AvatarID: 2
AvatarID: 2
AvatarID: 2
AvatarID: 2
AvatarID: 2
AvatarID: 2
AvatarID: 2
AvatarID: 2
AvatarID: 2
AvatarID: 2
AvatarID: 2
AvatarID: 2
AvatarID: 2
AvatarID: 2
AvatarID: 2
AvatarID: 2
AvatarID: 2
AvatarID: 2
AvatarID: 2
AvatarID: 2
AvatarID: 2
AvatarID: 2
AvatarID: 2
AvatarID: 2
AvatarID: 2
AvatarID: 2
AvatarID: 2
AvatarID: 2
AvatarID: 2
AvatarID: 2
AvatarID: 2
AvatarID: 2
AvatarID: 2
AvatarID: 2
AvatarID: 2
AvatarID: 2
AvatarID: 2
AvatarID: 2
AvatarID: 2
AvatarID: 2
Maze is solved!
Current position of Avatar 4: 6, 0

AvatarID: 4
Current position of Avatar 4: 7, 0

AvatarID: 4
Current position of Avatar 4: 8, 0

AvatarID: 4
Current position of Avatar 4: 8, 1

AvatarID: 4
Current position of Avatar 4: 8, 2

AvatarID: 4
Current position of Avatar 4: 8, 3

AvatarID: 4
Current position of Avatar 4: 7, 3

AvatarID: 4
Current position of Avatar 4: 7, 4

AvatarID: 4
Current position of Avatar 4: 8, 4

AvatarID: 4
Current position of Avatar 4: 9, 4

AvatarID: 4
Current position of Avatar 4: 10, 4

AvatarID: 4
Current position of Avatar 4: 10, 5

AvatarID: 4
Current position of Avatar 4: 10, 6

AvatarID: 4
Current position of Avatar 4: 10, 7

AvatarID: 4
Current position of Avatar 4: 9, 7

AvatarID: 4
Current position of Avatar 4: 10, 7

AvatarID: 4
Current position of Avatar 4: 10, 8

AvatarID: 4
Current position of Avatar 4: 11, 8

AvatarID: 4
Current position of Avatar 4: 11, 9

AvatarID: 4
Current position of Avatar 4: 10, 9

AvatarID: 4
Current position of Avatar 4: 9, 9

AvatarID: 4
Current position of Avatar 4: 9, 8

AvatarID: 4
Current position of Avatar 4: 8, 8

AvatarID: 4
Current position of Avatar 4: 8, 7

AvatarID: 4
Current position of Avatar 4: 8, 6

AvatarID: 4
Current position of Avatar 4: 9, 6

AvatarID: 4
Current position of Avatar 4: 9, 5

AvatarID: 4
Current position of Avatar 4: 8, 5

AvatarID: 4
Current position of Avatar 4: 7, 5

AvatarID: 4
Current position of Avatar 4: 7, 6

AvatarID: 4
Current position of Avatar 4: 7, 7

AvatarID: 4
Current position of Avatar 4: 6, 7

AvatarID: 4
Current position of Avatar 4: 6, 8

AvatarID: 4
Current position of Avatar 4: 5, 8

AvatarID: 4
Current position of Avatar 4: 4, 8

AvatarID: 4
Current position of Avatar 4: 4, 7

AvatarID: 4
Current position of Avatar 4: 4, 6

AvatarID: 4
Current position of Avatar 4: 3, 6

AvatarID: 4
Current position of Avatar 4: 3, 7

AvatarID: 4
Current position of Avatar 4: 3, 8

AvatarID: 4
Current position of Avatar 4: 3, 9

AvatarID: 4
Current position of Avatar 4: 4, 9

AvatarID: 4
Current position of Avatar 4: 5, 9

AvatarID: 4
Current position of Avatar 4: 6, 9

AvatarID: 4
Current position of Avatar 4: 7, 9

AvatarID: 4
Current position of Avatar 4: 7, 8

AvatarID: 4
Current position of Avatar 4: 7, 9

AvatarID: 4
Current position of Avatar 4: 6, 9

AvatarID: 4
Current position of Avatar 4: 5, 9

AvatarID: 4
Current position of Avatar 4: 4, 9

AvatarID: 4
Current position of Avatar 4: 3, 9

AvatarID: 4
Current position of Avatar 4: 3, 8

AvatarID: 4
Current position of Avatar 4: 3, 7

AvatarID: 4
Current position of Avatar 4: 3, 6

AvatarID: 4
Current position of Avatar 4: 4, 6

AvatarID: 4
Current position of Avatar 4: 4, 7

AvatarID: 4
Current position of Avatar 4: 4, 8

AvatarID: 4
Current position of Avatar 4: 5, 8

AvatarID: 4
Current position of Avatar 4: 6, 8

AvatarID: 4
Current position of Avatar 4: 6, 7

AvatarID: 4
Current position of Avatar 4: 7, 7

AvatarID: 4
Current position of Avatar 4: 7, 6

AvatarID: 4
Current position of Avatar 4: 7, 5

AvatarID: 4
Current position of Avatar 4: 8, 5

AvatarID: 4
Current position of Avatar 4: 9, 5

AvatarID: 4
Current position of Avatar 4: 9, 6

AvatarID: 4
Current position of Avatar 4: 8, 6

AvatarID: 4
Current position of Avatar 4: 8, 7

AvatarID: 4
Current position of Avatar 4: 8, 8

AvatarID: 4
Current position of Avatar 4: 9, 8

AvatarID: 4
Current position of Avatar 4: 9, 9

AvatarID: 4
Current position of Avatar 4: 8, 9

AvatarID: 4
Current position of Avatar 4: 9, 9

AvatarID: 4
Current position of Avatar 4: 10, 9

AvatarID: 4
Current position of Avatar 4: 11, 9

AvatarID: 4
Current position of Avatar 4: 11, 8

AvatarID: 4
Current position of Avatar 4: 10, 8

AvatarID: 4
Current position of Avatar 4: 10, 7

AvatarID: 4
Current position of Avatar 4: 10, 6

AvatarID: 4
Current position of Avatar 4: 10, 5

AvatarID: 4
Current position of Avatar 4: 10, 4

AvatarID: 4
Current position of Avatar 4: 9, 4

AvatarID: 4
Current position of Avatar 4: 8, 4

AvatarID: 4
Current position of Avatar 4: 7, 4

AvatarID: 4
Current position of Avatar 4: 7, 3

AvatarID: 4
Current position of Avatar 4: 8, 3

AvatarID: 4
Current position of Avatar 4: 8, 2

AvatarID: 4
Current position of Avatar 4: 8, 1

AvatarID: 4
Current position of Avatar 4: 8, 0

AvatarID: 4
Current position of Avatar 4: 9, 0

AvatarID: 4
Current position of Avatar 4: 10, 0

AvatarID: 4
Current position of Avatar 4: 10, 1

AvatarID: 4
Current position of Avatar 4: 11, 1

AvatarID: 4
Current position of Avatar 4: 11, 2

AvatarID: 4
Current position of Avatar 4: 11, 3

AvatarID: 4
Current position of Avatar 4: 10, 3

AvatarID: 4
Current position of Avatar 4: 10, 2

AvatarID: 4
Current position of Avatar 4: 9, 2

AvatarID: 4
Current position of Avatar 4: 9, 1

AvatarID: 4
Current position of Avatar 4: 9, 2

AvatarID: 4
Current position of Avatar 4: 9, 3

AvatarID: 4
Current position of Avatar 4: 9, 2

AvatarID: 4
Current position of Avatar 4: 10, 2

AvatarID: 4
Current position of Avatar 4: 10, 3

AvatarID: 4
Current position of Avatar 4: 11, 3

AvatarID: 4
Current position of Avatar 4: 11, 4

AvatarID: 4
Current position of Avatar 4: 11, 5

AvatarID: 4
Current position of Avatar 4: 11, 6

AvatarID: 4
Current position of Avatar 4: 11, 7

AvatarID: 4
Current position of Avatar 4: 11, 6

AvatarID: 4
Current position of Avatar 4: 11, 5

AvatarID: 4
Current position of Avatar 4: 11, 4

AvatarID: 4
Current position of Avatar 4: 11, 3

AvatarID: 4
Current position of Avatar 4: 11, 2

AvatarID: 4
Current position of Avatar 4: 11, 1

Maze is solved!
