wyliekasai, 41473, Mon Mar  9 03:28:49 2020
*******
AvatarID: 0
AvatarID: 0
Current position of Avatar 0: 23, 10

AvatarID: 0
Current position of Avatar 0: 24, 10

AvatarID: 0
Current position of Avatar 0: 24, 11

AvatarID: 0
Current position of Avatar 0: 23, 11

AvatarID: 0
Current position of Avatar 0: 23, 11

AvatarID: 0
Current position of Avatar 0: 23, 11

AvatarID: 0
Current position of Avatar 0: 23, 12

AvatarID: 0
Current position of Avatar 0: 22, 12

AvatarID: 0
Current position of Avatar 0: 22, 12

AvatarID: 0
Current position of Avatar 0: 21, 12

AvatarID: 0
Current position of Avatar 0: 21, 12

AvatarID: 0
Current position of Avatar 0: 21, 12

AvatarID: 0
Current position of Avatar 0: 21, 12

AvatarID: 0
Current position of Avatar 0: 21, 13

AvatarID: 0
Current position of Avatar 0: 20, 13

AvatarID: 0
Current position of Avatar 0: 20, 13

AvatarID: 0
Current position of Avatar 0: 20, 13

AvatarID: 0
Current position of Avatar 0: 20, 13

AvatarID: 0
Current position of Avatar 0: 20, 14

AvatarID: 0
Current position of Avatar 0: 20, 14

AvatarID: 0
Current position of Avatar 0: 20, 14

AvatarID: 0
Current position of Avatar 0: 20, 14

AvatarID: 0
Current position of Avatar 0: 21, 14

AvatarID: 0
Current position of Avatar 0: 21, 14

AvatarID: 0
Current position of Avatar 0: 22, 14

AvatarID: 0
Current position of Avatar 0: 22, 14

AvatarID: 0
Current position of Avatar 0: 23, 14

AvatarID: 0
Current position of Avatar 0: 23, 14

AvatarID: 0
Current position of Avatar 0: 23, 14

AvatarID: 0
Current position of Avatar 0: 23, 14

AvatarID: 0
Current position of Avatar 0: 23, 13

AvatarID: 0
Current position of Avatar 0: 24, 13

AvatarID: 0
Current position of Avatar 0: 24, 13

AvatarID: 0
Current position of Avatar 0: 25, 13

AvatarID: 0
Current position of Avatar 0: 25, 13

AvatarID: 0
Current position of Avatar 0: 25, 13

AvatarID: 0
Current position of Avatar 0: 25, 13

AvatarID: 0
Current position of Avatar 0: 25, 12

AvatarID: 0
Current position of Avatar 0: 25, 12

AvatarID: 0
Current position of Avatar 0: 25, 11

AvatarID: 0
Current position of Avatar 0: 26, 11

AvatarID: 0
Current position of Avatar 0: 26, 11

AvatarID: 0
Current position of Avatar 0: 27, 11

AvatarID: 0
Current position of Avatar 0: 27, 11

AvatarID: 0
Current position of Avatar 0: 27, 11

AvatarID: 0
Current position of Avatar 0: 27, 11

AvatarID: 0
Current position of Avatar 0: 27, 10

AvatarID: 0
Current position of Avatar 0: 27, 10

AvatarID: 0
Current position of Avatar 0: 27, 9

AvatarID: 0
Current position of Avatar 0: 27, 9

AvatarID: 0
Current position of Avatar 0: 27, 9

AvatarID: 0
Current position of Avatar 0: 27, 9

AvatarID: 0
Current position of Avatar 0: 26, 9

AvatarID: 0
Current position of Avatar 0: 26, 9

AvatarID: 0
Current position of Avatar 0: 25, 9

AvatarID: 0
Current position of Avatar 0: 25, 9

AvatarID: 0
Current position of Avatar 0: 24, 9

AvatarID: 0
Current position of Avatar 0: 24, 8

AvatarID: 0
Current position of Avatar 0: 24, 8

AvatarID: 0
Current position of Avatar 0: 24, 7

AvatarID: 0
Current position of Avatar 0: 25, 7

AvatarID: 0
Current position of Avatar 0: 25, 8

AvatarID: 0
Current position of Avatar 0: 26, 8

AvatarID: 0
Current position of Avatar 0: 26, 8

AvatarID: 0
Current position of Avatar 0: 26, 8

AvatarID: 0
Current position of Avatar 0: 26, 7

AvatarID: 0
Current position of Avatar 0: 27, 7

AvatarID: 0
Current position of Avatar 0: 27, 7

AvatarID: 0
Current position of Avatar 0: 28, 7

AvatarID: 0
Current position of Avatar 0: 28, 7

AvatarID: 0
Current position of Avatar 0: 29, 7

AvatarID: 0
Current position of Avatar 0: 29, 7

AvatarID: 0
Current position of Avatar 0: 29, 7

AvatarID: 0
Current position of Avatar 0: 29, 7

AvatarID: 0
Current position of Avatar 0: 29, 6

AvatarID: 0
Current position of Avatar 0: 29, 6

AvatarID: 0
Current position of Avatar 0: 29, 6

AvatarID: 0
Current position of Avatar 0: 29, 6

AvatarID: 0
Current position of Avatar 0: 28, 6

AvatarID: 0
Current position of Avatar 0: 28, 6

AvatarID: 0
Current position of Avatar 0: 27, 6

AvatarID: 0
Current position of Avatar 0: 27, 5

AvatarID: 0
Current position of Avatar 0: 28, 5

AvatarID: 0
Current position of Avatar 0: 29, 5

AvatarID: 0
Current position of Avatar 0: 30, 5

AvatarID: 0
Current position of Avatar 0: 30, 6

AvatarID: 0
Current position of Avatar 0: 30, 6

AvatarID: 0
Current position of Avatar 0: 30, 6

AvatarID: 0
Current position of Avatar 0: 31, 6

AvatarID: 0
Current position of Avatar 0: 31, 6

AvatarID: 0
Current position of Avatar 0: 31, 6

AvatarID: 0
Current position of Avatar 0: 31, 6

AvatarID: 0
Current position of Avatar 0: 31, 5

AvatarID: 0
Current position of Avatar 0: 32, 5

AvatarID: 0
Current position of Avatar 0: 32, 6

AvatarID: 0
Current position of Avatar 0: 32, 6

AvatarID: 0
Current position of Avatar 0: 32, 6

AvatarID: 0
Current position of Avatar 0: 33, 6

AvatarID: 0
Current position of Avatar 0: 33, 6

AvatarID: 0
Current position of Avatar 0: 33, 6

AvatarID: 0
Current position of Avatar 0: 33, 6

AvatarID: 0
Current position of Avatar 0: 33, 5

AvatarID: 0
Current position of Avatar 0: 33, 5

AvatarID: 0
Current position of Avatar 0: 33, 4

AvatarID: 0
Current position of Avatar 0: 33, 4

AvatarID: 0
Current position of Avatar 0: 33, 3

AvatarID: 0
Current position of Avatar 0: 34, 3

AvatarID: 0
Current position of Avatar 0: 34, 3

AvatarID: 0
Current position of Avatar 0: 34, 3

AvatarID: 0
Current position of Avatar 0: 34, 3

AvatarID: 0
Current position of Avatar 0: 34, 2

AvatarID: 0
Current position of Avatar 0: 34, 2

AvatarID: 0
Current position of Avatar 0: 34, 2

AvatarID: 0
Current position of Avatar 0: 33, 2

AvatarID: 0
Current position of Avatar 0: 33, 2

AvatarID: 0
Current position of Avatar 0: 32, 2

AvatarID: 0
Current position of Avatar 0: 32, 2

AvatarID: 0
Current position of Avatar 0: 31, 2

AvatarID: 0
Current position of Avatar 0: 31, 2

AvatarID: 0
Current position of Avatar 0: 31, 2

AvatarID: 0
Current position of Avatar 0: 31, 2

AvatarID: 0
Current position of Avatar 0: 31, 3

AvatarID: 0
Current position of Avatar 0: 30, 3

AvatarID: 0
Current position of Avatar 0: 30, 3

AvatarID: 0
Current position of Avatar 0: 30, 3

AvatarID: 0
Current position of Avatar 0: 30, 3

AvatarID: 0
Current position of Avatar 0: 30, 4

AvatarID: 0
Current position of Avatar 0: 30, 4

AvatarID: 0
Current position of Avatar 0: 30, 4

AvatarID: 0
Current position of Avatar 0: 30, 4

AvatarID: 0
Current position of Avatar 0: 31, 4

AvatarID: 0
Current position of Avatar 0: 31, 4

AvatarID: 0
Current position of Avatar 0: 32, 4

AvatarID: 0
Current position of Avatar 0: 32, 4

AvatarID: 0
Current position of Avatar 0: 32, 4

AvatarID: 0
Current position of Avatar 0: 32, 4

AvatarID: 0
Current position of Avatar 0: 32, 4

AvatarID: 0
Current position of Avatar 0: 32, 4

AvatarID: 0
Current position of Avatar 0: 31, 4

AvatarID: 0
Current position of Avatar 0: 31, 4

AvatarID: 0
Current position of Avatar 0: 30, 4

AvatarID: 0
Current position of Avatar 0: 30, 3

AvatarID: 0
Current position of Avatar 0: 31, 3

AvatarID: 0
Current position of Avatar 0: 31, 3

AvatarID: 0
Current position of Avatar 0: 31, 3

AvatarID: 0
Current position of Avatar 0: 31, 2

AvatarID: 0
Current position of Avatar 0: 32, 2

AvatarID: 0
Current position of Avatar 0: 32, 2

AvatarID: 0
Current position of Avatar 0: 33, 2

AvatarID: 0
Current position of Avatar 0: 33, 2

AvatarID: 0
Current position of Avatar 0: 34, 2

AvatarID: 0
Current position of Avatar 0: 34, 3

AvatarID: 0
Current position of Avatar 0: 33, 3

AvatarID: 0
Current position of Avatar 0: 32, 3

AvatarID: 0
Current position of Avatar 0: 33, 3

AvatarID: 0
Current position of Avatar 0: 33, 4

AvatarID: 0
Current position of Avatar 0: 33, 5

AvatarID: 0
Current position of Avatar 0: 33, 5

AvatarID: 0
Current position of Avatar 0: 33, 6

AvatarID: 0
Current position of Avatar 0: 32, 6

AvatarID: 0
Current position of Avatar 0: 32, 5

AvatarID: 0
Current position of Avatar 0: 31, 5

AvatarID: 0
Current position of Avatar 0: 31, 5

AvatarID: 0
Current position of Avatar 0: 31, 5

AvatarID: 0
Current position of Avatar 0: 31, 6

AvatarID: 0
Current position of Avatar *******
AvatarID: 1
AvatarID: 1
Current position of Avatar 1: 2, 8

AvatarID: 1
Current position of Avatar 1: 3, 8

AvatarID: 1
Current position of Avatar 1: 3, 9

AvatarID: 1
Current position of Avatar 1: 3, 9

AvatarID: 1
Current position of Avatar 1: 3, 9

AvatarID: 1
Current position of Avatar 1: 3, 9

AvatarID: 1
Current position of Avatar 1: 4, 9

AvatarID: 1
Current position of Avatar 1: 4, 9

AvatarID: 1
Current position of Avatar 1: 4, 9

AvatarID: 1
Current position of Avatar 1: 4, 9

AvatarID: 1
Current position of Avatar 1: 4, 8

AvatarID: 1
Current position of Avatar 1: 5, 8

AvatarID: 1
Current position of Avatar 1: 5, 8

AvatarID: 1
Current position of Avatar 1: 5, 8

AvatarID: 1
Current position of Avatar 1: 5, 8

AvatarID: 1
Current position of Avatar 1: 5, 7

AvatarID: 1
Current position of Avatar 1: 5, 7

AvatarID: 1
Current position of Avatar 1: 5, 7

AvatarID: 1
Current position of Avatar 1: 5, 7

AvatarID: 1
Current position of Avatar 1: 4, 7

AvatarID: 1
Current position of Avatar 1: 4, 7

AvatarID: 1
Current position of Avatar 1: 3, 7

AvatarID: 1
Current position of Avatar 1: 3, 6

AvatarID: 1
Current position of Avatar 1: 4, 6

AvatarID: 1
Current position of Avatar 1: 5, 6

AvatarID: 1
Current position of Avatar 1: 6, 6

AvatarID: 1
Current position of Avatar 1: 6, 7

AvatarID: 1
Current position of Avatar 1: 6, 7

AvatarID: 1
Current position of Avatar 1: 6, 7

AvatarID: 1
Current position of Avatar 1: 7, 7

AvatarID: 1
Current position of Avatar 1: 7, 7

AvatarID: 1
Current position of Avatar 1: 7, 7

AvatarID: 1
Current position of Avatar 1: 7, 7

AvatarID: 1
Current position of Avatar 1: 7, 6

AvatarID: 1
Current position of Avatar 1: 8, 6

AvatarID: 1
Current position of Avatar 1: 8, 6

AvatarID: 1
Current position of Avatar 1: 9, 6

AvatarID: 1
Current position of Avatar 1: 9, 6

AvatarID: 1
Current position of Avatar 1: 10, 6

AvatarID: 1
Current position of Avatar 1: 10, 6

AvatarID: 1
Current position of Avatar 1: 10, 6

AvatarID: 1
Current position of Avatar 1: 10, 6

AvatarID: 1
Current position of Avatar 1: 10, 6

AvatarID: 1
Current position of Avatar 1: 10, 6

AvatarID: 1
Current position of Avatar 1: 9, 6

AvatarID: 1
Current position of Avatar 1: 9, 5

AvatarID: 1
Current position of Avatar 1: 9, 5

AvatarID: 1
Current position of Avatar 1: 9, 5

AvatarID: 1
Current position of Avatar 1: 9, 5

AvatarID: 1
Current position of Avatar 1: 9, 5

AvatarID: 1
Current position of Avatar 1: 9, 5

AvatarID: 1
Current position of Avatar 1: 9, 6

AvatarID: 1
Current position of Avatar 1: 8, 6

AvatarID: 1
Current position of Avatar 1: 8, 5

AvatarID: 1
Current position of Avatar 1: 8, 4

AvatarID: 1
Current position of Avatar 1: 9, 4

AvatarID: 1
Current position of Avatar 1: 9, 4

AvatarID: 1
Current position of Avatar 1: 9, 4

AvatarID: 1
Current position of Avatar 1: 9, 3

AvatarID: 1
Current position of Avatar 1: 9, 3

AvatarID: 1
Current position of Avatar 1: 9, 3

AvatarID: 1
Current position of Avatar 1: 9, 3

AvatarID: 1
Current position of Avatar 1: 8, 3

AvatarID: 1
Current position of Avatar 1: 8, 2

AvatarID: 1
Current position of Avatar 1: 9, 2

AvatarID: 1
Current position of Avatar 1: 9, 2

AvatarID: 1
Current position of Avatar 1: 9, 2

AvatarID: 1
Current position of Avatar 1: 9, 1

AvatarID: 1
Current position of Avatar 1: 9, 1

AvatarID: 1
Current position of Avatar 1: 9, 0

AvatarID: 1
Current position of Avatar 1: 10, 0

AvatarID: 1
Current position of Avatar 1: 10, 0

AvatarID: 1
Current position of Avatar 1: 11, 0

AvatarID: 1
Current position of Avatar 1: 11, 0

AvatarID: 1
Current position of Avatar 1: 12, 0

AvatarID: 1
Current position of Avatar 1: 12, 0

AvatarID: 1
Current position of Avatar 1: 13, 0

AvatarID: 1
Current position of Avatar 1: 13, 1

AvatarID: 1
Current position of Avatar 1: 13, 1

AvatarID: 1
Current position of Avatar 1: 13, 2

AvatarID: 1
Current position of Avatar 1: 13, 2

AvatarID: 1
Current position of Avatar 1: 13, 2

AvatarID: 1
Current position of Avatar 1: 13, 2

AvatarID: 1
Current position of Avatar 1: 14, 2

AvatarID: 1
Current position of Avatar 1: 14, 3

AvatarID: 1
Current position of Avatar 1: 13, 3

AvatarID: 1
Current position of Avatar 1: 13, 3

AvatarID: 1
Current position of Avatar 1: 13, 3

AvatarID: 1
Current position of Avatar 1: 13, 3

AvatarID: 1
Current position of Avatar 1: 13, 3

AvatarID: 1
Current position of Avatar 1: 14, 3

AvatarID: 1
Current position of Avatar 1: 14, 3

AvatarID: 1
Current position of Avatar 1: 15, 3

AvatarID: 1
Current position of Avatar 1: 15, 3

AvatarID: 1
Current position of Avatar 1: 15, 3

AvatarID: 1
Current position of Avatar 1: 15, 3

AvatarID: 1
Current position of Avatar 1: 15, 3

AvatarID: 1
Current position of Avatar 1: 15, 3

AvatarID: 1
Current position of Avatar 1: 14, 3

AvatarID: 1
Current position of Avatar 1: 14, 2

AvatarID: 1
Current position of Avatar 1: 14, 2

AvatarID: 1
Current position of Avatar 1: 14, 2

AvatarID: 1
Current position of Avatar 1: 14, 2

AvatarID: 1
Current position of Avatar 1: 13, 2

AvatarID: 1
Current position of Avatar 1: 13, 1

AvatarID: 1
Current position of Avatar 1: 14, 1

AvatarID: 1
Current position of Avatar 1: 14, 1

AvatarID: 1
Current position of Avatar 1: 14, 1

AvatarID: 1
Current position of Avatar 1: 14, 0

AvatarID: 1
Current position of Avatar 1: 15, 0

AvatarID: 1
Current position of Avatar 1: 15, 0

AvatarID: 1
Current position of Avatar 1: 16, 0

AvatarID: 1
Current position of Avatar 1: 16, 1

AvatarID: 1
Current position of Avatar 1: 15, 1

AvatarID: 1
Current position of Avatar 1: 15, 2

AvatarID: 1
Current position of Avatar 1: 16, 2

AvatarID: 1
Current position of Avatar 1: 16, 3

AvatarID: 1
Current position of Avatar 1: 16, 4

AvatarID: 1
Current position of Avatar 1: 15, 4

AvatarID: 1
Current position of Avatar 1: 14, 4

AvatarID: 1
Current position of Avatar 1: 14, 4

AvatarID: 1
Current position of Avatar 1: 14, 4

AvatarID: 1
Current position of Avatar 1: 14, 5

AvatarID: 1
Current position of Avatar 1: 14, 5

AvatarID: 1
Current position of Avatar 1: 14, 6

AvatarID: 1
Current position of Avatar 1: 13, 6

AvatarID: 1
Current position of Avatar 1: 13, 5

AvatarID: 1
Current position of Avatar 1: 13, 4

AvatarID: 1
Current position of Avatar 1: 12, 4

AvatarID: 1
Current position of Avatar 1: 12, 3

AvatarID: 1
Current position of Avatar 1: 12, 3

AvatarID: 1
Current position of Avatar 1: 12, 3

AvatarID: 1
Current position of Avatar 1: 11, 3

AvatarID: 1
Current position of Avatar 1: 11, 2

AvatarID: 1
Current position of Avatar 1: 12, 2

AvatarID: 1
Current position of Avatar 1: 12, 1

AvatarID: 1
Current position of Avatar 1: 11, 1

AvatarID: 1
Current position of Avatar 1: 10, 1

AvatarID: 1
Current position of Avatar 1: 10, 2

AvatarID: 1
Current position of Avatar 1: 10, 3

AvatarID: 1
Current position of Avatar 1: 10, 4

AvatarID: 1
Current position of Avatar 1: 10, 5

AvatarID: 1
Current position of Avatar 1: 11, 5

AvatarID: 1
Current position of Avatar 1: 11, 6

AvatarID: 1
Current position of Avatar 1: 11, 7

AvatarID: 1
Current position of Avatar 1: 11, 7

AvatarID: 1
Current position of Avatar 1: 11, 8

AvatarID: 1
Current position of Avatar 1: 11, 8

AvatarID: 1
Current position of Avatar 1: 11, 9

AvatarID: 1
Current position of Avatar 1: 10, 9

AvatarID: 1
Current position of Avatar 1: 10, 9

AvatarID: 1
Current position of Avatar 1: 10, 9

AvatarID: 1
Current position of Avatar 1: 10, 9

AvatarID: 1
Current position of Avatar 1: 10, 10

AvatarID: 1
Current position of Avatar 1: 9, 10

AvatarID: 1
Current position of Avatar 1: 9, 9

AvatarID: 1
Current position of Avatar 1: 9, 8

AvatarID: 1
Current position of Avatar 1: 10, 8

AvatarID: 1
Current position of Avatar 1: 10, 7

AvatarID: 1
Current position of Avatar 1: 9, 7

AvatarID: 1
Current position of Avatar 1: 8, 7

AvatarID: 1
Current position of Avatar 1: 8, 8

AvatarID: 1
Current position of Avatar 1: 7, 8

AvatarID: 1
Current position of Avatar 1: 6, 8

AvatarID: 1
Current position of Avatar 1: 6, 9

AvatarID: 1
Current position of Avatar 1: 5, 9

AvatarID: 1
Current position of Avatar 1: 5, 10

AvatarID: 1
Current position of Avatar 1: 5, 10

AvatarID: 1
Current position of Avatar 1: 5, 10

AvatarID: 1
Current position of Avatar 1: 5, 10

AvatarID: 1
Current position of Avatar 1: 6, 10

AvatarID: 1
Current position of Avatar 1: 6, 10

AvatarID: 1
Current position of Avatar 1: 7, 10

AvatarID: 1
Current position of Avatar 1: 7, 10

AvatarID: 1
Current position of Avatar 1: 8, 10

AvatarID: 1
Current position of Avatar 1: 8, 11

AvatarID: 1
Current position of Avatar 1: 8, 11

AvatarID: 1
Current position of Avatar 1: 8, 11

AvatarID: 1
Current position of Avatar 1: 8, 11

AvatarID: 1
Current position of Avatar 1: 9, 11

AvatarID: 1
Current position of Avatar 1: 9, 11

AvatarID: 1
Current position of Avatar 1: 10, 11

AvatarID: 1
Current position of Avatar 1: 10, 11

AvatarID: 1
Current position of Avatar 1: 11, 11

AvatarID: 1
Current position of Avatar 1: 11, 11

AvatarID: 1
Current position of Avatar 1: 11, 11

AvatarID: 1
Current position of Avatar 1: 11, 11

AvatarID: 1
Current position of Avatar 1: 11, 10

AvatarID: 1
Current position of Avatar 1: 12, 10

AvatarID: 1
Current position of Avatar 1: 12, 10

AvatarID: 1
Current position of Avatar 1: 13, 10

AvatarID: 1
Current position of Avatar 1: 13, 11

AvatarID: 1
Current position of Avatar 1: 12, 11

AvatarID: 1
Current position of Avatar 1: 12, 12

AvatarID: 1
Current position of Avatar 1: 11, 12

AvatarID: 1
Current position of Avatar 1: 10, 12

AvatarID: 1
Current position of Avatar 1: 9, 12

AvatarID: 1
Current position of Avatar 1: 8, 12

AvatarID: 1
Current position of Avatar 1: 7, 12

AvatarID: 1
Current position of Avatar 1: 7, 12

AvatarID: 1
Current position of Avatar 1: 7, 12

AvatarID: 1
Current position of Avatar 1: 7, 12

AvatarID: 1
Current position of Avatar 1: 7, 13

AvatarID: 1
Current position of Avatar 1: 7, 13

AvatarID: 1
Current position of Avatar 1: 7, 14

AvatarID: 1
Current position of Avatar 1: 7, 14

AvatarID: 1
Current position of Avatar 1: 7, 15

AvatarID: 1
Current position of Avatar 1: 7, 15

AvatarID: 1
Current position of Avatar 1: 7, 15

AvatarID: 1
Current position of Avatar 1: 7, 15

AvatarID: 1
Current position of Avatar 1: 8, 15

AvatarID: 1
Current position of Avatar 1: 8, 16

AvatarID: 1
Current position of Avatar 1: 8, 16

AvatarID: 1
Current position of Avatar 1: 8, 16

AvatarID: 1
Current position of Avatar 1: 8, 16

AvatarID: 1
Current position of Avatar 1: 9, 16

AvatarID: 1
Current position of Avatar 1: 9, 16

AvatarID: 1
Current position of Avatar 1: 10, 16

AvatarID: 1
Current position of Avatar 1: 10, 16

AvatarID: 1
Current position of Avatar 1: 10, 16

AvatarID: 1
Current position of Avatar 1: 10, 16

AvatarID: 1
Current position of Avatar 1: 10, 15

AvatarID: 1
Current position of Avatar 1: 10, 15

AvatarID: 1
Current position of Avatar 1: 10, 14

AvatarID: 1
Current position of Avatar 1: 10, 14

AvatarID: 1
Current position of Avatar 1: 10, 14

AvatarID: 1
Current position of Avatar 1: 10, 14

AvatarID: 1
Current position of Avatar 1: 9, 14

AvatarID: 1
Current position of Avatar 1: 9, 14

AvatarID: 1
Current position of Avatar 1: 8, 14

AvatarID: 1
Current position of Avatar 1: 8, 13

AvatarID: 1
Current position of Avatar 1: 9, 13

AvatarID: 1
Current position of Avatar 1: 10, 13

AvatarID: 1
Current position of Avatar 1: 11, 13

AvatarID: 1
Current position of Avatar 1: 11, 13

AvatarID: 1
Current position of Avatar 1: 12, 13

AvatarID: 1
Current position of Avatar 1: 12, 14

AvatarID: 1
Current position of Avatar 1: 12, 14

AvatarID: 1
Current position of Avatar 1: 12, 15

AvatarID: 1
Current position of Avatar 1: 12, 15

AvatarID: 1
Current position of Avatar 1: 12, 16

AvatarID: 1
Current position of Avatar 1: 12, 16

AvatarID: 1
Current position of Avatar 1: 12, 17

AvatarID: 1
Current position of Avatar 1: 12, 17

AvatarID: 1
Current position of Avatar 1: 12, 18

AvatarID: 1
Current position of Avatar 1: 12, 18

AvatarID: 1
Current position of Avatar 1: 12, 18

AvatarID: 1
Current position of Avatar 1: 12, 18

AvatarID: 1
Current position of Avatar 1: 13, 18

AvatarID: 1
Current position of Avatar 1: 13, 18

AvatarID: 1
Current position of Avatar 1: 13, 18

AvatarID: 1
Current position of Avatar 1: 13, 18

AvatarID: 1
Current position of Avatar 1: 13, 17

AvatarID: 1
Current position of Avatar 1: 14, 17

AvatarID: 1
Current position of Avatar 1: 14, 17

AvatarID: 1
Current position of Avatar 1: 15, 17

AvatarID: 1
Current position of Avatar 1: 15, 17

AvatarID: 1
Current position of Avatar 1: 15, 17

AvatarID: 1
Current position of Avatar 1: 15, 17

AvatarID: 1
Current position of Avatar 1: 15, 16

AvatarID: 1
Current position of Avatar 1: 15, 16

AvatarID: 1
Current position of Avatar 1: 15, 15

AvatarID: 1
Current position of Avatar 1: 15, 15

AvatarID: 1
Current position of Avatar 1: 15, 14

AvatarID: 1
Current position of Avatar 1: 15, 14

AvatarID: 1
Current position of Avatar 1: 15, 14

AvatarID: 1
Current position of Avatar 1: 15, 14

AvatarID: 1
Current position of Avatar 1: 14, 14

AvatarID: 1
Current position of Avatar 1: 14, 14

AvatarID: 1
Current position of Avatar 1: 13, 14

AvatarID: 1
Current position of Avatar 1: 13, 13

AvatarID: 1
Current position of Avatar 1: 13, 13

AvatarID: 1
Current position of Avatar 1: 13, 12

AvatarID: 1
Current position of Avatar 1: 14, 12

AvatarID: 1
Current position of Avatar 1: 14, 12

AvatarID: 1
Current position of Avatar 1: 14, 12

AvatarID: 1
Current position of Avatar 1: 14, 12

AvatarID: 1
Current position of Avatar 1: 14, 11

AvatarID: 1
Current position of Avatar 1: 15, 11

AvatarID: 1
Current position of Avatar 1: 15, 11

AvatarID: 1
Current position of Avatar 1: 16, 11

AvatarID: 1
Current position of Avatar 1: 16, 11

AvatarID: 1
Current position of Avatar 1: 16, 11

AvatarID: 1
Current position of Avatar 1: 16, 11

AvatarID: 1
Current position of Avatar 1: 16, 10

AvatarID: 1
Current position of Avatar 1: 16, 10

AvatarID: 1
Current position of Avatar 1: 16, 10

AvatarID: 1
Current position of Avatar 1: 16, 10

AvatarID: 1
Current position of Avatar 1: 15, 10

AvatarID: 1
Current position of Avatar 1: 15, 9

AvatarID: 1
Current position of Avatar 1: 15, 9

AvatarID: 1
Current position of Avatar 1: 15, 9

AvatarID: 1
Current position of Avatar 1: 15, 9

AvatarID: 1
Current position of Avatar 1: 14, 9

AvatarID: 1
Current position of Avatar 1: 14, 9

AvatarID: 1
Current position of Avatar 1: 13, 9

AvatarID: 1
Current position of Avatar 1: 13, 9

AvatarID: 1
Current position of Avatar 1: 12, 9

AvatarID: 1
Current position of Avatar 1: 12, 8

AvatarID: 1
Current position of Avatar 1: 13, 8

AvatarID: 1
Current position of Avatar 1: 14, 8

AvatarID: 1
Current position of Avatar 1: 14, 8

AvatarID: 1
Current position of Avatar 1: 14, 8

AvatarID: 1
Current position of Avatar 1: 14, 7

AvatarID: 1
Current position of Avatar 1: 15, 7

AvatarID: 1
Current position of Avatar 1: 15, 7

AvatarID: 1
Current position of Avatar 1: 16, 7

AvatarID: 1
Current position of Avatar 1: 16, 7

AvatarID: 1
Current position of Avatar 1: 17, 7

AvatarID: 1
Current position of Avatar 1: 17, 7

AvatarID: 1
Current position of Avatar 1: 18, 7

AvatarID: 1
Current position of Avatar 1: 18, 8

AvatarID: 1
Current position of Avatar 1: 18, 8

AvatarID: 1
Current position of Avatar 1: 18, 9

AvatarID: 1
Current position of Avatar 1: 18, 9

AvatarID: 1
Current position of Avatar 1: 18, 9

AvatarID: 1
Current position of Avatar 1: 18, 9

AvatarID: 1
Current position of Avatar 1: 19, 9

AvatarID: 1
Current position of Avatar 1: 19, 9

AvatarID: 1
Current position of Avatar 1: 19, 9

AvatarID: 1
Current position of Avatar 1: 19, 9

AvatarID: 1
Current position of Avatar 1: 19, 8

Maze is solved!
0: 30, 6

AvatarID: 0
Current position of Avatar 0: 30, 5

AvatarID: 0
Current position of Avatar 0: 29, 5

AvatarID: 0
Current position of Avatar 0: 29, 5

AvatarID: 0
Current position of Avatar 0: 28, 5

AvatarID: 0
Current position of Avatar 0: 28, 5

AvatarID: 0
Current position of Avatar 0: 27, 5

AvatarID: 0
Current position of Avatar 0: 27, 5

AvatarID: 0
Current position of Avatar 0: 27, 5

AvatarID: 0
Current position of Avatar 0: 27, 5

AvatarID: 0
Current position of Avatar 0: 27, 6

AvatarID: 0
Current position of Avatar 0: 27, 6

AvatarID: 0
Current position of Avatar 0: 27, 6

AvatarID: 0
Current position of Avatar 0: 27, 6

AvatarID: 0
Current position of Avatar 0: 28, 6

AvatarID: 0
Current position of Avatar 0: 28, 6

AvatarID: 0
Current position of Avatar 0: 29, 6

AvatarID: 0
Current position of Avatar 0: 29, 7

AvatarID: 0
Current position of Avatar 0: 28, 7

AvatarID: 0
Current position of Avatar 0: 27, 7

AvatarID: 0
Current position of Avatar 0: 26, 7

AvatarID: 0
Current position of Avatar 0: 26, 7

AvatarID: 0
Current position of Avatar 0: 26, 7

AvatarID: 0
Current position of Avatar 0: 26, 7

AvatarID: 0
Current position of Avatar 0: 26, 8

AvatarID: 0
Current position of Avatar 0: 25, 8

AvatarID: 0
Current position of Avatar 0: 25, 7

AvatarID: 0
Current position of Avatar 0: 25, 7

AvatarID: 0
Current position of Avatar 0: 25, 7

AvatarID: 0
Current position of Avatar 0: 24, 7

AvatarID: 0
Current position of Avatar 0: 24, 7

AvatarID: 0
Current position of Avatar 0: 24, 7

AvatarID: 0
Current position of Avatar 0: 24, 7

AvatarID: 0
Current position of Avatar 0: 24, 8

AvatarID: 0
Current position of Avatar 0: 24, 8

AvatarID: 0
Current position of Avatar 0: 24, 9

AvatarID: 0
Current position of Avatar 0: 24, 9

AvatarID: 0
Current position of Avatar 0: 24, 9

AvatarID: 0
Current position of Avatar 0: 24, 9

AvatarID: 0
Current position of Avatar 0: 25, 9

AvatarID: 0
Current position of Avatar 0: 25, 9

AvatarID: 0
Current position of Avatar 0: 26, 9

AvatarID: 0
Current position of Avatar 0: 26, 9

AvatarID: 0
Current position of Avatar 0: 27, 9

AvatarID: 0
Current position of Avatar 0: 27, 10

AvatarID: 0
Current position of Avatar 0: 27, 10

AvatarID: 0
Current position of Avatar 0: 27, 11

AvatarID: 0
Current position of Avatar 0: 26, 11

AvatarID: 0
Current position of Avatar 0: 26, 11

AvatarID: 0
Current position of Avatar 0: 25, 11

AvatarID: 0
Current position of Avatar 0: 25, 11

AvatarID: 0
Current position of Avatar 0: 25, 11

AvatarID: 0
Current position of Avatar 0: 25, 11

AvatarID: 0
Current position of Avatar 0: 25, 12

AvatarID: 0
Current position of Avatar 0: 25, 12

AvatarID: 0
Current position of Avatar 0: 25, 13

AvatarID: 0
Current position of Avatar 0: 24, 13

AvatarID: 0
Current position of Avatar 0: 24, 13

AvatarID: 0
Current position of Avatar 0: 23, 13

AvatarID: 0
Current position of Avatar 0: 23, 13

AvatarID: 0
Current position of Avatar 0: 23, 13

AvatarID: 0
Current position of Avatar 0: 23, 13

AvatarID: 0
Current position of Avatar 0: 23, 14

AvatarID: 0
Current position of Avatar 0: 22, 14

AvatarID: 0
Current position of Avatar 0: 22, 14

AvatarID: 0
Current position of Avatar 0: 21, 14

AvatarID: 0
Current position of Avatar 0: 21, 14

AvatarID: 0
Current position of Avatar 0: 20, 14

AvatarID: 0
Current position of Avatar 0: 20, 13

AvatarID: 0
Current position of Avatar 0: 21, 13

AvatarID: 0
Current position of Avatar 0: 21, 13

AvatarID: 0
Current position of Avatar 0: 21, 13

AvatarID: 0
Current position of Avatar 0: 21, 12

AvatarID: 0
Current position of Avatar 0: 22, 12

AvatarID: 0
Current position of Avatar 0: 22, 13

AvatarID: 0
Current position of Avatar 0: 22, 12

AvatarID: 0
Current position of Avatar 0: 23, 12

AvatarID: 0
Current position of Avatar 0: 23, 12

AvatarID: 0
Current position of Avatar 0: 23, 12

AvatarID: 0
Current position of Avatar 0: 23, 11

AvatarID: 0
Current position of Avatar 0: 24, 11

AvatarID: 0
Current position of Avatar 0: 24, 12

AvatarID: 0
Current position of Avatar 0: 24, 11

AvatarID: 0
Current position of Avatar 0: 24, 10

AvatarID: 0
Current position of Avatar 0: 25, 10

AvatarID: 0
Current position of Avatar 0: 26, 10

AvatarID: 0
Current position of Avatar 0: 25, 10

AvatarID: 0
Current position of Avatar 0: 24, 10

AvatarID: 0
Current position of Avatar 0: 23, 10

AvatarID: 0
Current position of Avatar 0: 23, 9

AvatarID: 0
Current position of Avatar 0: 23, 8

AvatarID: 0
Current position of Avatar 0: 23, 8

AvatarID: 0
Current position of Avatar 0: 23, 8

AvatarID: 0
Current position of Avatar 0: 22, 8

AvatarID: 0
Current position of Avatar 0: 22, 8

AvatarID: 0
Current position of Avatar 0: 22, 8

AvatarID: 0
Current position of Avatar 0: 22, 8

AvatarID: 0
Current position of Avatar 0: 22, 9

AvatarID: 0
Current position of Avatar 0: 21, 9

AvatarID: 0
Current position of Avatar 0: 21, 9

AvatarID: 0
Current position of Avatar 0: 20, 9

AvatarID: 0
Current position of Avatar 0: 20, 8

AvatarID: 0
Current position of Avatar 0: 21, 8

AvatarID: 0
Current position of Avatar 0: 21, 7

AvatarID: 0
Current position of Avatar 0: 21, 7

AvatarID: 0
Current position of Avatar 0: 21, 6

AvatarID: 0
Current position of Avatar 0: 21, 6

AvatarID: 0
Current position of Avatar 0: 21, 5

AvatarID: 0
Current position of Avatar 0: 22, 5

AvatarID: 0
Current position of Avatar 0: 22, 6

AvatarID: 0
Current position of Avatar 0: 22, 6

AvatarID: 0
Current position of Avatar 0: 22, 6

AvatarID: 0
Current position of Avatar 0: 23, 6

AvatarID: 0
Current position of Avatar 0: 23, 7

AvatarID: 0
Current position of Avatar 0: 22, 7

AvatarID: 0
Current position of Avatar 0: 23, 7

AvatarID: 0
Current position of Avatar 0: 23, 6

AvatarID: 0
Current position of Avatar 0: 23, 6

AvatarID: 0
Current position of Avatar 0: 23, 5

AvatarID: 0
Current position of Avatar 0: 24, 5

AvatarID: 0
Current position of Avatar 0: 24, 6

AvatarID: 0
Current position of Avatar 0: 25, 6

AvatarID: 0
Current position of Avatar 0: 26, 6

AvatarID: 0
Current position of Avatar 0: 26, 5

AvatarID: 0
Current position of Avatar 0: 26, 5

AvatarID: 0
Current position of Avatar 0: 26, 5

AvatarID: 0
Current position of Avatar 0: 25, 5

AvatarID: 0
Current position of Avatar 0: 25, 4

AvatarID: 0
Current position of Avatar 0: 25, 4

AvatarID: 0
Current position of Avatar 0: 25, 4

AvatarID: 0
Current position of Avatar 0: 25, 4

AvatarID: 0
Current position of Avatar 0: 24, 4

AvatarID: 0
Current position of Avatar 0: 24, 4

AvatarID: 0
Current position of Avatar 0: 23, 4

AvatarID: 0
Current position of Avatar 0: 23, 4

AvatarID: 0
Current position of Avatar 0: 22, 4

AvatarID: 0
Current position of Avatar 0: 22, 3

AvatarID: 0
Current position of Avatar 0: 22, 3

AvatarID: 0
Current position of Avatar 0: 22, 3

AvatarID: 0
Current position of Avatar 0: 22, 3

AvatarID: 0
Current position of Avatar 0: 21, 3

AvatarID: 0
Current position of Avatar 0: 21, 3

AvatarID: 0
Current position of Avatar 0: 21, 3

AvatarID: 0
Current position of Avatar 0: 21, 3

AvatarID: 0
Current position of Avatar 0: 21, 4

AvatarID: 0
Current position of Avatar 0: 20, 4

AvatarID: 0
Current position of Avatar 0: 20, 4

AvatarID: 0
Current position of Avatar 0: 20, 4

AvatarID: 0
Current position of Avatar 0: 20, 4

AvatarID: 0
Current position of Avatar 0: 20, 5

AvatarID: 0
Current position of Avatar 0: 20, 5

AvatarID: 0
Current position of Avatar 0: 20, 6

AvatarID: 0
Current position of Avatar 0: 20, 6

AvatarID: 0
Current position of Avatar 0: 20, 7

AvatarID: 0
Current position of Avatar 0: 19, 7

AvatarID: 0
Current position of Avatar 0: 19, 7

AvatarID: 0
Current position of Avatar 0: 19, 7

AvatarID: 0
Current position of Avatar 0: 19, 7

Maze is solved!
