wyliekasai, 40969, Mon Mar  9 01:07:31 2020
*******
AvatarID: 1
AvatarID: 1
Current position of Avatar 1: 4, 10

AvatarID: 1
Current position of Avatar 1: 5, 10

AvatarID: 1
Current position of Avatar 1: 5, 11

AvatarID: 1
Current position of Avatar 1: 5, 11

AvatarID: 1
Current position of Avatar 1: 5, 12

AvatarID: 1
Current position of Avatar 1: 5, 12

AvatarID: 1
Current position of Avatar 1: 5, 13

AvatarID: 1
Current position of Avatar 1: 5, 13

AvatarID: 1
Current position of Avatar 1: 5, 13

AvatarID: 1
Current position of Avatar 1: 5, 13

AvatarID: 1
Current position of Avatar 1: 6, 13

AvatarID: 1
Current position of Avatar 1: 6, 13

AvatarID: 1
Current position of Avatar 1: 6, 13

AvatarID: 1
Current position of Avatar 1: 6, 13

AvatarID: 1
Current position of Avatar 1: 6, 12

AvatarID: 1
Current position of Avatar 1: 7, 12

AvatarID: 1
Current position of Avatar 1: 7, 13

AvatarID: 1
Current position of Avatar 1: 7, 14

AvatarID: 1
Current position of Avatar 1: 6, 14

AvatarID: 1
Current position of Avatar 1: 5, 14

AvatarID: 1
Current position of Avatar 1: 4, 14

AvatarID: 1
Current position of Avatar 1: 4, 14

AvatarID: 1
Current position of Avatar 1: 4, 14

AvatarID: 1
Current position of Avatar 1: 4, 14

AvatarID: 1
Current position of Avatar 1: 4, 15

AvatarID: 1
Current position of Avatar 1: 4, 15

AvatarID: 1
Current position of Avatar 1: 4, 15

AvatarID: 1
Current position of Avatar 1: 4, 15

AvatarID: 1
Current position of Avatar 1: 5, 15

AvatarID: 1
Current position of Avatar 1: 5, 15

AvatarID: 1
Current position of Avatar 1: 6, 15

AvatarID: 1
Current position of Avatar 1: 6, 15

AvatarID: 1
Current position of Avatar 1: 7, 15

AvatarID: 1
Current position of Avatar 1: 7, 15

AvatarID: 1
Current position of Avatar 1: 8, 15

AvatarID: 1
Current position of Avatar 1: 8, 16

AvatarID: 1
Current position of Avatar 1: 7, 16

AvatarID: 1
Current position of Avatar 1: 6, 16

AvatarID: 1
Current position of Avatar 1: 5, 16

AvatarID: 1
Current position of Avatar 1: 5, 16

AvatarID: 1
Current position of Avatar 1: 5, 16

AvatarID: 1
Current position of Avatar 1: 5, 17

AvatarID: 1
Current position of Avatar 1: 4, 17

AvatarID: 1
Current position of Avatar 1: 4, 17

AvatarID: 1
Current position of Avatar 1: 3, 17

AvatarID: 1
Current position of Avatar 1: 3, 17

AvatarID: 1
Current position of Avatar 1: 3, 17

AvatarID: 1
Current position of Avatar 1: 3, 17

AvatarID: 1
Current position of Avatar 1: 3, 18

AvatarID: 1
Current position of Avatar 1: 3, 18

AvatarID: 1
Current position of Avatar 1: 3, 19

AvatarID: 1
Current position of Avatar 1: 2, 19

AvatarID: 1
Current position of Avatar 1: 2, 19

AvatarID: 1
Current position of Avatar 1: 1, 19

AvatarID: 1
Current position of Avatar 1: 1, 18

AvatarID: 1
Current position of Avatar 1: 1, 18

AvatarID: 1
Current position of Avatar 1: 1, 17

AvatarID: 1
Current position of Avatar 1: 1, 17

AvatarID: 1
Current position of Avatar 1: 1, 16

AvatarID: 1
Current position of Avatar 1: 1, 16

AvatarID: 1
Current position of Avatar 1: 1, 16

AvatarID: 1
Current position of Avatar 1: 1, 16

AvatarID: 1
Current position of Avatar 1: 0, 16

AvatarID: 1
Current position of Avatar 1: 0, 15

AvatarID: 1
Current position of Avatar 1: 0, 15

AvatarID: 1
Current position of Avatar 1: 0, 14

AvatarID: 1
Current position of Avatar 1: 1, 14

AvatarID: 1
Current position of Avatar 1: 1, 14

AvatarID: 1
Current position of Avatar 1: 1, 14

AvatarID: 1
Current position of Avatar 1: 1, 14

AvatarID: 1
Current position of Avatar 1: 1, 13

AvatarID: 1
Current position of Avatar 1: 1, 13

AvatarID: 1
Current position of Avatar 1: 1, 12

AvatarID: 1
Current position of Avatar 1: 1, 12

AvatarID: 1
Current position of Avatar 1: 1, 12

AvatarID: 1
Current position of Avatar 1: 1, 12

AvatarID: 1
Current position of Avatar 1: 0, 12

AvatarID: 1
Current position of Avatar 1: 0, 11

AvatarID: 1
Current position of Avatar 1: 1, 11

AvatarID: 1
Current position of Avatar 1: 1, 11

AvatarID: 1
Current position of Avatar 1: 1, 11

AvatarID: 1
Current position of Avatar 1: 1, 10

AvatarID: 1
Current position of Avatar 1: 1, 10

AvatarID: 1
Current position of Avatar 1: 1, 10

AvatarID: 1
Current position of Avatar 1: 1, 10

AvatarID: 1
Current position of Avatar 1: 0, 10

Maze is solved!
*******
AvatarID: 0
AvatarID: 0
Current position of Avatar 0: 12, 0

AvatarID: 0
Current position of Avatar 0: 13, 0

AvatarID: 0
Current position of Avatar 0: 13, 1

AvatarID: 0
Current position of Avatar 0: 12, 1

AvatarID: 0
Current position of Avatar 0: 11, 1

AvatarID: 0
Current position of Avatar 0: 11, 1

AvatarID: 0
Current position of Avatar 0: 10, 1

AvatarID: 0
Current position of Avatar 0: 10, 1

AvatarID: 0
Current position of Avatar 0: 10, 1

AvatarID: 0
Current position of Avatar 0: 10, 1

AvatarID: 0
Current position of Avatar 0: 10, 2

AvatarID: 0
Current position of Avatar 0: 9, 2

AvatarID: 0
Current position of Avatar 0: 9, 2

AvatarID: 0
Current position of Avatar 0: 9, 2

AvatarID: 0
Current position of Avatar 0: 9, 2

AvatarID: 0
Current position of Avatar 0: 9, 3

AvatarID: 0
Current position of Avatar 0: 8, 3

AvatarID: 0
Current position of Avatar 0: 8, 2

AvatarID: 0
Current position of Avatar 0: 8, 1

AvatarID: 0
Current position of Avatar 0: 9, 1

AvatarID: 0
Current position of Avatar 0: 9, 0

AvatarID: 0
Current position of Avatar 0: 9, 0

AvatarID: 0
Current position of Avatar 0: 9, 0

AvatarID: 0
Current position of Avatar 0: 9, 0

AvatarID: 0
Current position of Avatar 0: 8, 0

AvatarID: 0
Current position of Avatar 0: 7, 0

AvatarID: 0
Current position of Avatar 0: 6, 0

AvatarID: 0
Current position of Avatar 0: 6, 0

AvatarID: 0
Current position of Avatar 0: 6, 0

AvatarID: 0
Current position of Avatar 0: 6, 1

AvatarID: 0
Current position of Avatar 0: 5, 1

AvatarID: 0
Current position of Avatar 0: 5, 0

AvatarID: 0
Current position of Avatar 0: 4, 0

AvatarID: 0
Current position of Avatar 0: 3, 0

AvatarID: 0
Current position of Avatar 0: 2, 0

AvatarID: 0
Current position of Avatar 0: 1, 0

AvatarID: 0
Current position of Avatar 0: 0, 0

AvatarID: 0
Current position of Avatar 0: 0, 1

AvatarID: 0
Current position of Avatar 0: 0, 2

AvatarID: 0
Current position of Avatar 0: 0, 2

AvatarID: 0
Current position of Avatar 0: 0, 2

AvatarID: 0
Current position of Avatar 0: 0, 2

AvatarID: 0
Current position of Avatar 0: 0, 2

AvatarID: 0
Current position of Avatar 0: 0, 1

AvatarID: 0
Current position of Avatar 0: 0, 1

AvatarID: 0
Current position of Avatar 0: 0, 0

AvatarID: 0
Current position of Avatar 0: 1, 0

AvatarID: 0
Current position of Avatar 0: 1, 0

AvatarID: 0
Current position of Avatar 0: 2, 0

AvatarID: 0
Current position of Avatar 0: 2, 0

AvatarID: 0
Current position of Avatar 0: 3, 0

AvatarID: 0
Current position of Avatar 0: 3, 1

AvatarID: 0
Current position of Avatar 0: 3, 1

AvatarID: 0
Current position of Avatar 0: 3, 2

AvatarID: 0
Current position of Avatar 0: 2, 2

AvatarID: 0
Current position of Avatar 0: 2, 1

AvatarID: 0
Current position of Avatar 0: 1, 1

AvatarID: 0
Current position of Avatar 0: 1, 2

AvatarID: 0
Current position of Avatar 0: 1, 3

AvatarID: 0
Current position of Avatar 0: 0, 3

AvatarID: 0
Current position of Avatar 0: 0, 4

AvatarID: 0
Current position of Avatar 0: 0, 4

AvatarID: 0
Current position of Avatar 0: 0, 4

AvatarID: 0
Current position of Avatar 0: 1, 4

AvatarID: 0
Current position of Avatar 0: 1, 4

AvatarID: 0
Current position of Avatar 0: 2, 4

AvatarID: 0
Current position of Avatar 0: 2, 5

AvatarID: 0
Current position of Avatar 0: 1, 5

AvatarID: 0
Current position of Avatar 0: 0, 5

AvatarID: 0
Current position of Avatar 0: 0, 6

AvatarID: 0
Current position of Avatar 0: 0, 7

AvatarID: 0
Current position of Avatar 0: 0, 7

AvatarID: 0
Current position of Avatar 0: 0, 7

AvatarID: 0
Current position of Avatar 0: 0, 7

AvatarID: 0
Current position of Avatar 0: 0, 7

AvatarID: 0
Current position of Avatar 0: 0, 6

AvatarID: 0
Current position of Avatar 0: 1, 6

AvatarID: 0
Current position of Avatar 0: 1, 7

AvatarID: 0
Current position of Avatar 0: 1, 7

AvatarID: 0
Current position of Avatar 0: 1, 7

AvatarID: 0
Current position of Avatar 0: 2, 7

AvatarID: 0
Current position of Avatar 0: 2, 7

AvatarID: 0
Current position of Avatar 0: 3, 7

AvatarID: 0
Current position of Avatar 0: 3, 8

AvatarID: 0
Current position of Avatar 0: 2, 8

AvatarID: 0
Current position of Avatar 0: 1, 8

AvatarID: 0
Current position of Avatar 0: 0, 8

Maze is solved!
