wyliekasai, 33113, Mon Mar  9 03:12:09 2020
*******
AvatarID: 0
AvatarID: 0
Current position of Avatar 0: 12, 24

AvatarID: 0
Current position of Avatar 0: 12, 24

AvatarID: 0
Current position of Avatar 0: 12, 24

AvatarID: 0
Current position of Avatar 0: 12, 23

AvatarID: 0
Current position of Avatar 0: 13, 23

AvatarID: 0
Current position of Avatar 0: 13, 24

AvatarID: 0
Current position of Avatar 0: 14, 24

AvatarID: 0
Current position of Avatar 0: 15, 24

AvatarID: 0
Current position of Avatar 0: 15, 24

AvatarID: 0
Current position of Avatar 0: 15, 24

AvatarID: 0
Current position of Avatar 0: 15, 23

AvatarID: 0
Current position of Avatar 0: 16, 23

AvatarID: 0
Current position of Avatar 0: 16, 24

AvatarID: 0
Current position of Avatar 0: 17, 24

AvatarID: 0
Current position of Avatar 0: 18, 24

AvatarID: 0
Current position of Avatar 0: 19, 24

AvatarID: 0
Current position of Avatar 0: 19, 24

AvatarID: 0
Current position of Avatar 0: 19, 24

AvatarID: 0
Current position of Avatar 0: 19, 23

AvatarID: 0
Current position of Avatar 0: 19, 23

AvatarID: 0
Current position of Avatar 0: 19, 23

AvatarID: 0
Current position of Avatar 0: 19, 23

AvatarID: 0
Current position of Avatar 0: 18, 23

AvatarID: 0
Current position of Avatar 0: 18, 23

AvatarID: 0
Current position of Avatar 0: 17, 23

AvatarID: 0
Current position of Avatar 0: 17, 22

AvatarID: 0
Current position of Avatar 0: 17, 22

AvatarID: 0
Current position of Avatar 0: 17, 21

AvatarID: 0
Current position of Avatar 0: 17, 21

AvatarID: 0
Current position of Avatar 0: 17, 20

AvatarID: 0
Current position of Avatar 0: 17, 20

AvatarID: 0
Current position of Avatar 0: 17, 20

AvatarID: 0
Current position of Avatar 0: 17, 20

AvatarID: 0
Current position of Avatar 0: 16, 20

AvatarID: 0
Current position of Avatar 0: 16, 20

AvatarID: 0
Current position of Avatar 0: 16, 20

AvatarID: 0
Current position of Avatar 0: 16, 20

AvatarID: 0
Current position of Avatar 0: 16, 21

AvatarID: 0
Current position of Avatar 0: 15, 21

AvatarID: 0
Current position of Avatar 0: 15, 21

AvatarID: 0
Current position of Avatar 0: 15, 21

AvatarID: 0
Current position of Avatar 0: 15, 21

AvatarID: 0
Current position of Avatar 0: 15, 22

AvatarID: 0
Current position of Avatar 0: 14, 22

AvatarID: 0
Current position of Avatar 0: 14, 22

AvatarID: 0
Current position of Avatar 0: 13, 22

AvatarID: 0
Current position of Avatar 0: 13, 21

AvatarID: 0
Current position of Avatar 0: 14, 21

AvatarID: 0
Current position of Avatar 0: 14, 20

AvatarID: 0
Current position of Avatar 0: 15, 20

AvatarID: 0
Current position of Avatar 0: 15, 19

AvatarID: 0
Current position of Avatar 0: 15, 19

AvatarID: 0
Current position of Avatar 0: 15, 18

AvatarID: 0
Current position of Avatar 0: 15, 18

AvatarID: 0
Current position of Avatar 0: 15, 17

AvatarID: 0
Current position of Avatar 0: 15, 17

AvatarID: 0
Current position of Avatar 0: 15, 16

AvatarID: 0
Current position of Avatar 0: 15, 16

AvatarID: 0
Current position of Avatar 0: 15, 16

AvatarID: 0
Current position of Avatar 0: 15, 16

AvatarID: 0
Current position of Avatar 0: 14, 16

AvatarID: 0
Current position of Avatar 0: 14, 15

AvatarID: 0
Current position of Avatar 0: 14, 15

AvatarID: 0
Current position of Avatar 0: 14, 15

AvatarID: 0
Current position of Avatar 0: 14, 15

AvatarID: 0
Current position of Avatar 0: 13, 15

AvatarID: 0
Current position of Avatar 0: 13, 14

AvatarID: 0
Current position of Avatar 0: 13, 14

AvatarID: 0
Current position of Avatar 0: 13, 13

AvatarID: 0
Current position of Avatar 0: 13, 13

AvatarID: 0
Current position of Avatar 0: 13, 13

AvatarID: 0
Current position of Avatar 0: 13, 13

AvatarID: 0
Current position of Avatar 0: 12, 13

AvatarID: 0
Current position of Avatar 0: 12, 13

AvatarID: 0
Current position of Avatar 0: 11, 13

AvatarID: 0
Current position of Avatar 0: 11, 13

AvatarID: 0
Current position of Avatar 0: 10, 13

AvatarID: 0
Current position of Avatar 0: 10, 13

AvatarID: 0
Current position of Avatar 0: 10, 13

AvatarID: 0
Current position of Avatar 0: 10, 13

AvatarID: 0
Current position of Avatar 0: 10, 14

AvatarID: 0
Current position of Avatar 0: 9, 14

AvatarID: 0
Current position of Avatar 0: 9, 14

AvatarID: 0
Current position of Avatar 0: 9, 14

AvatarID: 0
Current position of Avatar 0: 9, 14

AvatarID: 0
Current position of Avatar 0: 9, 15

AvatarID: 0
Current position of Avatar 0: 9, 15

AvatarID: 0
Current position of Avatar 0: 9, 15

AvatarID: 0
Current position of Avatar 0: 9, 15

AvatarID: 0
Current position of Avatar 0: 10, 15

AvatarID: 0
Current position of Avatar 0: 10, 16

AvatarID: 0
Current position of Avatar 0: 9, 16

AvatarID: 0
Current position of Avatar 0: 9, 16

AvatarID: 0
Current position of Avatar 0: 9, 16

AvatarID: 0
Current position of Avatar 0: 9, 17

AvatarID: 0
Current position of Avatar 0: 9, 17

AvatarID: 0
Current position of Avatar 0: 9, 18

AvatarID: 0
Current position of Avatar 0: 9, 18

AvatarID: 0
Current position of Avatar 0: 9, 18

AvatarID: 0
Current position of Avatar 0: 9, 18

AvatarID: 0
Current position of Avatar 0: 10, 18

AvatarID: 0
Current position of Avatar 0: 10, 19

AvatarID: 0
Current position of Avatar 0: 10, 19

AvatarID: 0
Current position of Avatar 0: 10, 19

AvatarID: 0
Current position of Avatar 0: 10, 19

AvatarID: 0
Current position of Avatar 0: 11, 19

AvatarID: 0
Current position of Avatar 0: 11, 20

AvatarID: 0
Current position of Avatar 0: 11, 20

AvatarID: 0
Current position of Avatar 0: 11, 21

AvatarID: 0
Current position of Avatar 0: 11, 21

AvatarID: 0
Current position of Avatar 0: 11, 21

AvatarID: 0
Current position of Avatar 0: 11, 21

AvatarID: 0
Current position of Avatar 0: 12, 21

AvatarID: 0
Current position of Avatar 0: 12, 22

AvatarID: 0
Current position of Avatar 0: 11, 22

AvatarID: 0
Current position of Avatar 0: 10, 22

AvatarID: 0
Current position of Avatar 0: 10, 22

AvatarID: 0
Current position of Avatar 0: 9, 22

AvatarID: 0
Current position of Avatar 0: 9, 21

AvatarID: 0
Current position of Avatar 0: 9, 21

AvatarID: 0
Current position of Avatar 0: 9, 20

AvatarID: 0
Current position of Avatar 0: 10, 20

AvatarID: 0
Current position of Avatar 0: 10, 21

AvatarID: 0
Current position of Avatar 0: 10, 20

AvatarID: 0
Current position of Avatar 0: 9, 20

AvatarID: 0
Current position of Avatar 0: 9, 20

AvatarID: 0
Current position of Avatar 0: 8, 20

AvatarID: 0
Current position of Avatar 0: 8, 19

AvatarID: 0
Current position of Avatar 0: 9, 19

AvatarID: 0
Current position of Avatar 0: 8, 19

AvatarID: 0
Current position of Avatar 0: 8, 19

AvatarID: 0
Current position of Avatar 0: 7, 19

AvatarID: 0
Current position of Avatar 0: 7, 18

AvatarID: 0
Current position of Avatar 0: 8, 18

AvatarID: 0
Current position of Avatar 0: 8, 17

AvatarID: 0
Current position of Avatar 0: 8, 16

AvatarID: 0
Current position of Avatar 0: 8, 16

AvatarID: 0
Current position of Avatar 0: 8, 16

AvatarID: 0
Current position of Avatar 0: 7, 16

AvatarID: 0
Current position of Avatar 0: 7, 16

AvatarID: 0
Current position of Avatar 0: 7, 16

AvatarID: 0
Current position of Avatar 0: 7, 16

AvatarID: 0
Current position of Avatar 0: 7, 17

AvatarID: 0
Current position of Avatar 0: 6, 17

AvatarID: 0
Current position of Avatar 0: 6, 16

AvatarID: 0
Current position of Avatar 0: 6, 15

AvatarID: 0
Current position of Avatar 0: 6, 15

AvatarID: 0
Current position of Avatar 0: 6, 15

AvatarID: 0
Current position of Avatar 0: 6, 15

AvatarID: 0
Current position of Avatar 0: 5, 15

AvatarID: 0
Current position of Avatar 0: 5, 14

AvatarID: 0
Current position of Avatar 0: 5, 14

AvatarID: 0
Current position of Avatar 0: 5, 14

AvatarID: 0
Current position of Avatar 0: 5, 14

AvatarID: 0
Current position of Avatar 0: 4, 14

AvatarID: 0
Current position of Avatar 0: 4, 14

AvatarID: 0
Current position of Avatar 0: 4, 14

AvatarID: 0
Current position of Avatar 0: 4, 14

AvatarID: 0
Current position of Avatar 0: 4, 15

AvatarID: 0
Current position of Avatar 0: 4, 15

AvatarID: 0
Current position of Avatar 0: 4, 16

AvatarID: 0
Current position of Avatar 0: 4, 16

AvatarID: 0
Current position of Avatar 0: 4, 16

AvatarID: 0
Current position of Avatar 0: 4, 16

AvatarID: 0
Current position of Avatar 0: 5, 16

AvatarID: 0
Current position of Avatar 0: 5, 17

AvatarID: 0
Current position of Avatar 0: 5, 17

AvatarID: 0
Current position of Avatar 0: 5, 18

AvatarID: 0
Current position of Avatar 0: 5, 18

AvatarID: 0
Current position of Avatar 0: 5, 19

AvatarID: 0
Current position of Avatar 0: 4, 19

AvatarID: 0
Current position of Avatar 0: 4, 18

AvatarID: 0
Current position of Avatar 0: 4, 17

AvatarID: 0
Current position of Avatar 0: 3, 17

AvatarID: 0
Current position of Avatar 0: 3, 16

AvatarID: 0
Current position of Avatar 0: 3, 15

AvatarID: 0
Current position of Avatar 0: 3, 14

AvatarID: 0
Current position of Avatar 0: 3, 13

AvatarID: 0
Current position of Avatar 0: 4, 13

AvatarID: 0
Current position of Avatar 0: 4, 13

AvatarID: 0
Current position of Avatar 0: 4, 13

AvatarID: 0
Current position of Avatar 0: 4, 12

AvatarID: 0
Current position of Avatar 0: 4, 12

AvatarID: 0
Current position of Avatar 0: 4, 12

AvatarID: 0
Current position of Avatar 0: 4, 12

AvatarID: 0
Current position of Avatar 0: 3, 12

AvatarID: 0
Current position of Avatar 0: 3, 12

AvatarID: 0
Current position of Avatar 0: 2, 12

AvatarID: 0
Current position of Avatar 0: 2, 11

AvatarID: 0
Current position of Avatar 0: 3, 11

AvatarID: 0
Current position of Avatar 0: 4, 11

AvatarID: 0
Current position of Avatar 0: 4, 11

AvatarID: 0
Current position of Avatar 0: 4, 11

AvatarID: 0
Current position of Avatar 0: 4, 10

AvatarID: 0
Current position of Avatar 0: 5, 10

AvatarID: 0
Current position of Avatar 0: 5, 10

AvatarID: 0
Current position of Avatar 0: 5, 10

AvatarID: 0
Current position of Avatar 0: 5, 10

AvatarID: 0
Current position of Avatar 0: 5, 9

AvatarID: 0
Current position of Avatar 0: 6, 9

AvatarID: 0
Current position of Avatar 0: 6, 10

AvatarID: 0
Current position of Avatar 0: 6, 11

AvatarID: 0
Current position of Avatar 0: 6, 11

AvatarID: 0
Current position of Avatar 0: 6, 12

AvatarID: 0
Current position of Avatar 0: 6, 12

AvatarID: 0
Current position of Avatar 0: 6, 12

AvatarID: 0
Current position of Avatar 0: 6, 12

AvatarID: 0
Current position of Avatar 0: 7, 12

AvatarID: 0
Current position of Avatar 0: 7, 13

AvatarID: 0
Current position of Avatar 0: 7, 13

AvatarID: 0
Current position of Avatar 0: 7, 14

AvatarID: 0
Current position of Avatar 0: 6, 14

AvatarID: 0
Current position of Avatar 0: 6, 13

AvatarID: 0
Current position of Avatar 0: 5, 13

AvatarID: 0
Current position of Avatar 0: 5, 12

AvatarID: 0
Current position of Avatar 0: 5, 11

AvatarID: 0
Current position of Avatar 0: 5, 12

AvatarID: 0
Current position of Avatar 0: 5, 13

AvatarID: 0
Current position of Avatar 0: 6, 13

AvatarID: 0
Current position of Avatar 0: 6, 14

AvatarID: 0
Current position of Avatar 0: 7, 14

AvatarID: 0
Current position of Avatar 0: 7, 14

AvatarID: 0
Current position of Avatar 0: 8, 14

AvatarID: 0
Current position of Avatar 0: 8, 15

AvatarID: 0
Current position of Avatar 0: 7, 15

AvatarID: 0
Current position of Avatar 0: 8, 15

AvatarID: 0
Current position of Avatar 0: 8, 14

AvatarID: 0
Current position of Avatar 0: 8, 13

AvatarID: 0
Current position of Avatar 0: 9, 13

AvatarID: 0
Current position of Avatar 0: 9, 12

AvatarID: 0
Current position of Avatar 0: 9, 12

AvatarID: 0
Current position of Avatar 0: 9, 11

AvatarID: 0
Current position of Avatar 0: 9, 11

AvatarID: 0
Current position of Avatar 0: 9, 10

AvatarID: 0
Current position of Avatar 0: 9, 10

AvatarID: 0
Current position of Avatar 0: 9, 9

AvatarID: 0
Current position of Avatar 0: 10, 9

AvatarID: 0
Current position of Avatar 0: 10, 9

AvatarID: 0
Current position of Avatar 0: 11, 9

AvatarID: 0
Current position of Avatar 0: 11, 9

AvatarID: 0
Current position of Avatar 0: 11, 9

AvatarID: 0
Current position of Avatar 0: 11, 9

AvatarID: 0
Current position of Avatar 0: 11, 8

AvatarID: 0
Current position of Avatar 0: 12, 8

AvatarID: 0
Current position of Avatar 0: 12, 9

AvatarID: 0
Current position of Avatar 0: 12, 10

AvatarID: 0
Current position of Avatar 0: 12, 10

AvatarID: 0
Current position of Avatar 0: 12, 10

AvatarID: 0
Current position of Avatar 0: 12, 10

AvatarID: 0
Current position of Avatar 0: 13, 10

AvatarID: 0
Current position of Avatar 0: 13, 10

AvatarID: 0
Current position of Avatar 0: 14, 10

AvatarID: 0
Current position of Avatar 0: 14, 10

AvatarID: 0
Current position of Avatar 0: 14, 10

AvatarID: 0
Current position of Avatar 0: 14, 10

AvatarID: 0
Current position of Avatar 0: 14, 9

AvatarID: 0
Current position of Avatar 0: 14, 9

AvatarID: 0
Current position of Avatar 0: 14, 9

AvatarID: 0
Current position of Avatar 0: 14, 9

AvatarID: 0
Current position of Avatar 0: 13, 9

AvatarID: 0
Current position of Avatar 0: 13, 8

AvatarID: 0
Current position of Avatar 0: 14, 8

AvatarID: 0
Current position of Avatar 0: 14, 8

AvatarID: 0
Current position of Avatar 0: 14, 8

AvatarID: 0
Current position of Avatar 0: 14, 7

AvatarID: 0
Current position of Avatar 0: 15, 7

AvatarID: 0
Current position of Avatar 0: 15, 7

AvatarID: 0
Current position of Avatar 0: 15, 7

AvatarID: 0
Current position of Avatar 0: 15, 7

AvatarID: 0
Current position of Avatar 0: 15, 6

AvatarID: 0
Current position of Avatar 0: 15, 6

AvatarID: 0
Current position of Avatar 0: 15, 6

AvatarID: 0
Current position of Avatar 0: 15, 6

AvatarID: 0
Current position of Avatar 0: 14, 6

AvatarID: 0
Current position of Avatar 0: 14, 5

AvatarID: 0
Current position of Avatar 0: 14, 5

AvatarID: 0
Current position of Avatar 0: 14, 4

AvatarID: 0
Current position of Avatar 0: 14, 4

AvatarID: 0
Current position of Avatar 0: 14, 4

AvatarID: 0
Current position of Avatar 0: 14, 4

AvatarID: 0
Current position of Avatar 0: 13, 4

AvatarID: 0
Current position of Avatar 0: 13, 3

AvatarID: 0
Current position of Avatar 0: 14, 3

AvatarID: 0
Current position of Avatar 0: 15, 3

AvatarID: 0
Current position of Avatar 0: 15, 3

AvatarID: 0
Current position of Avatar 0: 15, 3

AvatarID: 0
Current position of Avatar 0: 15, 3

AvatarID: 0
Current position of Avatar 0: 15, 2

AvatarID: 0
Current position of Avatar 0: 16, 2

AvatarID: 0
Current position of Avatar 0: 16, 2

AvatarID: 0
Current position of Avatar 0: 17, 2

AvatarID: 0
Current position of Avatar 0: 17, 3

AvatarID: 0
Current position of Avatar 0: 17, 3

AvatarID: 0
Current position of Avatar 0: 17, 4

AvatarID: 0
Current position of Avatar 0: 17, 4

AvatarID: 0
Current position of Avatar 0: 17, 4

AvatarID: 0
Current position of Avatar 0: 17, 4

AvatarID: 0
Current position of Avatar 0: 18, 4

AvatarID: 0
Current position of Avatar 0: 18, 5

AvatarID: 0
Current position of Avatar 0: 18, 5

AvatarID: 0
Current position of Avatar 0: 18, 6

AvatarID: 0
Current position of Avatar 0: 18, 6

AvatarID: 0
Current position of Avatar 0: 18, 7

AvatarID: 0
Current position of Avatar 0: 17, 7

AvatarID: 0
Current position of Avatar 0: 17, 7

AvatarID: 0
Current position of Avatar 0: 16, 7

AvatarID: 0
Current position of Avatar 0: 16, 6

AvatarID: 0
Current position of Avatar 0: 17, 6

AvatarID: 0
Current position of Avatar 0: 17, 5

AvatarID: 0
Current position of Avatar 0: 16, 5

AvatarID: 0
Current position of Avatar 0: 16, 5

AvatarID: 0
Current position of Avatar 0: 15, 5

AvatarID: 0
Current position of Avatar 0: 15, 4

AvatarID: 0
Current position of Avatar 0: 16, 4

AvatarID: 0
Current position of Avatar 0: 16, 3

AvatarID: 0
Current position of Avatar 0: 16, 4

AvatarID: 0
Current position of Avatar 0: 15, 4

AvatarID: 0
Current position of Avatar 0: 15, 5

AvatarID: 0
Current position of Avatar 0: 16, 5

AvatarID: 0
Current position of Avatar 0: 16, 5

AvatarID: 0
Current position of Avatar 0: 17, 5

AvatarID: 0
Current position of Avatar 0: 17, 6

AvatarID: 0
Current position of Avatar 0: 16, 6

AvatarID: 0
Current position of Avatar 0: 16, 7

AvatarID: 0
Current position of Avatar 0: 16, 8

AvatarID: 0
Current position of Avatar 0: 16, 8

AvatarID: 0
Current position of Avatar 0: 16, 8

AvatarID: 0
Current position of Avatar 0: 16, 8

AvatarID: 0
Current position of Avatar 0: 17, 8

AvatarID: 0
Current position of Avatar 0: 17, 9

AvatarID: 0
Current position of Avatar 0: 16, 9

AvatarID: 0
Current position of Ava*******
AvatarID: 1
AvatarID: 1
Current position of Avatar 1: 23, 13

AvatarID: 1
Current position of Avatar 1: 24, 13

AvatarID: 1
Current position of Avatar 1: 24, 13

AvatarID: 1
Current position of Avatar 1: 24, 13

AvatarID: 1
Current position of Avatar 1: 24, 13

AvatarID: 1
Current position of Avatar 1: 24, 12

AvatarID: 1
Current position of Avatar 1: 24, 11

AvatarID: 1
Current position of Avatar 1: 24, 10

AvatarID: 1
Current position of Avatar 1: 24, 10

AvatarID: 1
Current position of Avatar 1: 24, 10

AvatarID: 1
Current position of Avatar 1: 23, 10

AvatarID: 1
Current position of Avatar 1: 23, 10

AvatarID: 1
Current position of Avatar 1: 23, 10

AvatarID: 1
Current position of Avatar 1: 23, 10

AvatarID: 1
Current position of Avatar 1: 23, 11

AvatarID: 1
Current position of Avatar 1: 22, 11

AvatarID: 1
Current position of Avatar 1: 22, 11

AvatarID: 1
Current position of Avatar 1: 21, 11

AvatarID: 1
Current position of Avatar 1: 21, 10

AvatarID: 1
Current position of Avatar 1: 22, 10

AvatarID: 1
Current position of Avatar 1: 22, 9

AvatarID: 1
Current position of Avatar 1: 22, 9

AvatarID: 1
Current position of Avatar 1: 22, 8

AvatarID: 1
Current position of Avatar 1: 22, 8

AvatarID: 1
Current position of Avatar 1: 22, 8

AvatarID: 1
Current position of Avatar 1: 22, 8

AvatarID: 1
Current position of Avatar 1: 22, 8

AvatarID: 1
Current position of Avatar 1: 22, 8

AvatarID: 1
Current position of Avatar 1: 22, 9

AvatarID: 1
Current position of Avatar 1: 21, 9

AvatarID: 1
Current position of Avatar 1: 21, 8

AvatarID: 1
Current position of Avatar 1: 21, 7

AvatarID: 1
Current position of Avatar 1: 22, 7

AvatarID: 1
Current position of Avatar 1: 23, 7

AvatarID: 1
Current position of Avatar 1: 23, 8

AvatarID: 1
Current position of Avatar 1: 23, 9

AvatarID: 1
Current position of Avatar 1: 24, 9

AvatarID: 1
Current position of Avatar 1: 24, 8

AvatarID: 1
Current position of Avatar 1: 24, 7

AvatarID: 1
Current position of Avatar 1: 24, 6

AvatarID: 1
Current position of Avatar 1: 24, 5

AvatarID: 1
Current position of Avatar 1: 24, 4

AvatarID: 1
Current position of Avatar 1: 24, 3

AvatarID: 1
Current position of Avatar 1: 24, 3

AvatarID: 1
Current position of Avatar 1: 24, 3

AvatarID: 1
Current position of Avatar 1: 24, 3

AvatarID: 1
Current position of Avatar 1: 24, 3

AvatarID: 1
Current position of Avatar 1: 24, 4

AvatarID: 1
Current position of Avatar 1: 24, 4

AvatarID: 1
Current position of Avatar 1: 24, 5

AvatarID: 1
Current position of Avatar 1: 24, 5

AvatarID: 1
Current position of Avatar 1: 24, 6

AvatarID: 1
Current position of Avatar 1: 23, 6

AvatarID: 1
Current position of Avatar 1: 23, 6

AvatarID: 1
Current position of Avatar 1: 22, 6

AvatarID: 1
Current position of Avatar 1: 22, 5

AvatarID: 1
Current position of Avatar 1: 23, 5

AvatarID: 1
Current position of Avatar 1: 23, 4

AvatarID: 1
Current position of Avatar 1: 23, 4

AvatarID: 1
Current position of Avatar 1: 23, 4

AvatarID: 1
Current position of Avatar 1: 22, 4

AvatarID: 1
Current position of Avatar 1: 22, 3

AvatarID: 1
Current position of Avatar 1: 23, 3

AvatarID: 1
Current position of Avatar 1: 23, 2

AvatarID: 1
Current position of Avatar 1: 24, 2

AvatarID: 1
Current position of Avatar 1: 24, 1

AvatarID: 1
AvatarID: 1
AvatarID: 1
AvatarID: 1
AvatarID: 1
AvatarID: 1
AvatarID: 1
AvatarID: 1
AvatarID: 1
AvatarID: 1
AvatarID: 1
AvatarID: 1
AvatarID: 1
AvatarID: 1
AvatarID: 1
AvatarID: 1
AvatarID: 1
AvatarID: 1
AvatarID: 1
AvatarID: 1
AvatarID: 1
AvatarID: 1
AvatarID: 1
AvatarID: 1
AvatarID: 1
AvatarID: 1
AvatarID: 1
AvatarID: 1
AvatarID: 1
AvatarID: 1
AvatarID: 1
AvatarID: 1
AvatarID: 1
AvatarID: 1
AvatarID: 1
AvatarID: 1
AvatarID: 1
AvatarID: 1
AvatarID: 1
AvatarID: 1
AvatarID: 1
AvatarID: 1
AvatarID: 1
AvatarID: 1
AvatarID: 1
AvatarID: 1
AvatarID: 1
AvatarID: 1
AvatarID: 1
AvatarID: 1
AvatarID: 1
AvatarID: 1
AvatarID: 1
AvatarID: 1
AvatarID: 1
AvatarID: 1
AvatarID: 1
AvatarID: 1
AvatarID: 1
AvatarID: 1
AvatarID: 1
AvatarID: 1
AvatarID: 1
AvatarID: 1
AvatarID: 1
AvatarID: 1
AvatarID: 1
AvatarID: 1
AvatarID: 1
AvatarID: 1
AvatarID: 1
AvatarID: 1
AvatarID: 1
AvatarID: 1
AvatarID: 1
AvatarID: 1
AvatarID: 1
AvatarID: 1
AvatarID: 1
AvatarID: 1
AvatarID: 1
AvatarID: 1
AvatarID: 1
AvatarID: 1
AvatarID: 1
AvatarID: 1
AvatarID: 1
AvatarID: 1
AvatarID: 1
AvatarID: 1
AvatarID: 1
AvatarID: 1
AvatarID: 1
AvatarID: 1
AvatarID: 1
AvatarID: 1
AvatarID: 1
AvatarID: 1
AvatarID: 1
AvatarID: 1
AvatarID: 1
AvatarID: 1
AvatarID: 1
AvatarID: 1
AvatarID: 1
AvatarID: 1
AvatarID: 1
AvatarID: 1
AvatarID: 1
AvatarID: 1
AvatarID: 1
AvatarID: 1
AvatarID: 1
AvatarID: 1
AvatarID: 1
AvatarID: 1
AvatarID: 1
AvatarID: 1
AvatarID: 1
AvatarID: 1
AvatarID: 1
AvatarID: 1
AvatarID: 1
AvatarID: 1
AvatarID: 1
AvatarID: 1
AvatarID: 1
AvatarID: 1
AvatarID: 1
AvatarID: 1
AvatarID: 1
AvatarID: 1
AvatarID: 1
AvatarID: 1
AvatarID: 1
AvatarID: 1
AvatarID: 1
AvatarID: 1
AvatarID: 1
AvatarID: 1
AvatarID: 1
AvatarID: 1
AvatarID: 1
AvatarID: 1
AvatarID: 1
AvatarID: 1
AvatarID: 1
AvatarID: 1
AvatarID: 1
AvatarID: 1
AvatarID: 1
AvatarID: 1
AvatarID: 1
AvatarID: 1
AvatarID: 1
AvatarID: 1
AvatarID: 1
AvatarID: 1
AvatarID: 1
AvatarID: 1
AvatarID: 1
AvatarID: 1
AvatarID: 1
AvatarID: 1
AvatarID: 1
AvatarID: 1
AvatarID: 1
AvatarID: 1
AvatarID: 1
AvatarID: 1
AvatarID: 1
AvatarID: 1
AvatarID: 1
AvatarID: 1
AvatarID: 1
AvatarID: 1
AvatarID: 1
AvatarID: 1
AvatarID: 1
AvatarID: 1
AvatarID: 1
AvatarID: 1
AvatarID: 1
AvatarID: 1
AvatarID: 1
AvatarID: 1
AvatarID: 1
AvatarID: 1
AvatarID: 1
AvatarID: 1
AvatarID: 1
AvatarID: 1
AvatarID: 1
AvatarID: 1
AvatarID: 1
AvatarID: 1
AvatarID: 1
AvatarID: 1
AvatarID: 1
AvatarID: 1
AvatarID: 1
AvatarID: 1
AvatarID: 1
AvatarID: 1
AvatarID: 1
AvatarID: 1
AvatarID: 1
AvatarID: 1
AvatarID: 1
AvatarID: 1
AvatarID: 1
AvatarID: 1
AvatarID: 1
AvatarID: 1
AvatarID: 1
AvatarID: 1
AvatarID: 1
AvatarID: 1
AvatarID: 1
AvatarID: 1
AvatarID: 1
AvatarID: 1
AvatarID: 1
AvatarID: 1
AvatarID: 1
AvatarID: 1
AvatarID: 1
AvatarID: 1
AvatarID: 1
AvatarID: 1
AvatarID: 1
AvatarID: 1
AvatarID: 1
AvatarID: 1
AvatarID: 1
AvatarID: 1
AvatarID: 1
AvatarID: 1
AvatarID: 1
AvatarID: 1
AvatarID: 1
AvatarID: 1
AvatarID: 1
AvatarID: 1
AvatarID: 1
AvatarID: 1
AvatarID: 1
AvatarID: 1
AvatarID: 1
AvatarID: 1
AvatarID: 1
AvatarID: 1
AvatarID: 1
AvatarID: 1
AvatarID: 1
AvatarID: 1
AvatarID: 1
AvatarID: 1
AvatarID: 1
AvatarID: 1
AvatarID: 1
AvatarID: 1
AvatarID: 1
AvatarID: 1
AvatarID: 1
AvatarID: 1
AvatarID: 1
AvatarID: 1
AvatarID: 1
AvatarID: 1
AvatarID: 1
AvatarID: 1
AvatarID: 1
AvatarID: 1
AvatarID: 1
AvatarID: 1
AvatarID: 1
AvatarID: 1
AvatarID: 1
AvatarID: 1
AvatarID: 1
AvatarID: 1
AvatarID: 1
AvatarID: 1
AvatarID: 1
AvatarID: 1
AvatarID: 1
AvatarID: 1
AvatarID: 1
AvatarID: 1
AvatarID: 1
AvatarID: 1
AvatarID: 1
AvatarID: 1
AvatarID: 1
AvatarID: 1
AvatarID: 1
AvatarID: 1
AvatarID: 1
AvatarID: 1
AvatarID: 1
AvatarID: 1
AvatarID: 1
AvatarID: 1
AvatarID: 1
AvatarID: 1
AvatarID: 1
AvatarID: 1
AvatarID: 1
AvatarID: 1
AvatarID: 1
AvatarID: 1
AvatarID: 1
AvatarID: 1
AvatarID: 1
AvatarID: 1
AvatarID: 1
AvatarID: 1
AvatarID: 1
AvatarID: 1
AvatarID: 1
AvatarID: 1
AvatarID: 1
AvatarID: 1
AvatarID: 1
AvatarID: 1
AvatarID: 1
AvatarID: 1
AvatarID: 1
AvatarID: 1
AvatarID: 1
AvatarID: 1
AvatarID: 1
AvatarID: 1
AvatarID: 1
AvatarID: 1
AvatarID: 1
AvatarID: 1
AvatarID: 1
AvatarID: 1
AvatarID: 1
AvatarID: 1
AvatarID: 1
AvatarID: 1
AvatarID: 1
AvatarID: 1
AvatarID: 1
AvatarID: 1
AvatarID: 1
AvatarID: 1
AvatarID: 1
AvatarID: 1
AvatarID: 1
AvatarID: 1
AvatarID: 1
AvatarID: 1
AvatarID: 1
AvatarID: 1
AvatarID: 1
AvatarID: 1
AvatarID: 1
AvatarID: 1
AvatarID: 1
AvatarID: 1
AvatarID: 1
AvatarID: 1
AvatarID: 1
AvatarID: 1
AvatarID: 1
AvatarID: 1
AvatarID: 1
AvatarID: 1
AvatarID: 1
AvatarID: 1
AvatarID: 1
AvatarID: 1
AvatarID: 1
AvatarID: 1
AvatarID: 1
AvatarID: 1
AvatarID: 1
AvatarID: 1
AvatarID: 1
AvatarID: 1
AvatarID: 1
AvatarID: 1
AvatarID: 1
AvatarID: 1
AvatarID: 1
AvatarID: 1
AvatarID: 1
AvatarID: 1
AvatarID: 1
AvatarID: 1
AvatarID: 1
AvatarID: 1
AvatarID: 1
AvatarID: 1
AvatarID: 1
AvatarID: 1
AvatarID: 1
AvatarID: 1
AvatarID: 1
AvatarID: 1
AvatarID: 1
AvatarID: 1
AvatarID: 1
AvatarID: 1
AvatarID: 1
AvatarID: tar 0: 16, 9

AvatarID: 0
Current position of Avatar 0: 16, 9

AvatarID: 0
Current position of Avatar 0: 16, 10

AvatarID: 0
Current position of Avatar 0: 16, 10

AvatarID: 0
Current position of Avatar 0: 16, 11

AvatarID: 0
Current position of Avatar 0: 16, 11

AvatarID: 0
Current position of Avatar 0: 16, 11

AvatarID: 0
Current position of Avatar 0: 16, 11

AvatarID: 0
Current position of Avatar 0: 17, 11

AvatarID: 0
Current position of Avatar 0: 17, 11

AvatarID: 0
Current position of Avatar 0: 18, 11

AvatarID: 0
Current position of Avatar 0: 18, 11

AvatarID: 0
Current position of Avatar 0: 19, 11

AvatarID: 0
Current position of Avatar 0: 19, 12

AvatarID: 0
Current position of Avatar 0: 18, 12

AvatarID: 0
Current position of Avatar 0: 17, 12

AvatarID: 0
Current position of Avatar 0: 17, 12

AvatarID: 0
Current position of Avatar 0: 17, 12

AvatarID: 0
Current position of Avatar 0: 17, 13

AvatarID: 0
Current position of Avatar 0: 16, 13

AvatarID: 0
Current position of Avatar 0: 16, 13

AvatarID: 0
Current position of Avatar 0: 16, 13

AvatarID: 0
Current position of Avatar 0: 16, 13

AvatarID: 0
Current position of Avatar 0: 16, 14

AvatarID: 0
Current position of Avatar 0: 16, 14

AvatarID: 0
Current position of Avatar 0: 16, 14

AvatarID: 0
Current position of Avatar 0: 16, 14

AvatarID: 0
Current position of Avatar 0: 17, 14

AvatarID: 0
Current position of Avatar 0: 17, 14

AvatarID: 0
Current position of Avatar 0: 18, 14

AvatarID: 0
Current position of Avatar 0: 18, 15

AvatarID: 0
Current position of Avatar 0: 18, 15

AvatarID: 0
Current position of Avatar 0: 18, 16

AvatarID: 0
Current position of Avatar 0: 18, 16

AvatarID: 0
Current position of Avatar 0: 18, 16

AvatarID: 0
Current position of Avatar 0: 18, 16

AvatarID: 0
Current position of Avatar 0: 19, 16

AvatarID: 0
Current position of Avatar 0: 19, 17

AvatarID: 0
Current position of Avatar 0: 19, 17

AvatarID: 0
Current position of Avatar 0: 19, 18

AvatarID: 0
Current position of Avatar 0: 19, 18

AvatarID: 0
Current position of Avatar 0: 19, 19

AvatarID: 0
Current position of Avatar 0: 18, 19

AvatarID: 0
Current position of Avatar 0: 18, 19

AvatarID: 0
Current position of Avatar 0: 17, 19

AvatarID: 0
Current position of Avatar 0: 17, 19

AvatarID: 0
Current position of Avatar 0: 16, 19

AvatarID: 0
Current position of Avatar 0: 16, 18

AvatarID: 0
Current position of Avatar 0: 16, 18

AvatarID: 0
Current position of Avatar 0: 16, 17

AvatarID: 0
Current position of Avatar 0: 16, 17

AvatarID: 0
Current position of Avatar 0: 16, 16

AvatarID: 0
Current position of Avatar 0: 16, 16

AvatarID: 0
Current position of Avatar 0: 16, 15

AvatarID: 0
Current position of Avatar 0: 17, 15

AvatarID: 0
Current position of Avatar 0: 17, 16

AvatarID: 0
Current position of Avatar 0: 17, 17

AvatarID: 0
Current position of Avatar 0: 17, 17

AvatarID: 0
Current position of Avatar 0: 17, 17

AvatarID: 0
Current position of Avatar 0: 18, 17

AvatarID: 0
Current position of Avatar 0: 18, 18

AvatarID: 0
Current position of Avatar 0: 17, 18

AvatarID: 0
Current position of Avatar 0: 18, 18

AvatarID: 0
Current position of Avatar 0: 18, 17

AvatarID: 0
Current position of Avatar 0: 17, 17

AvatarID: 0
Current position of Avatar 0: 17, 16

AvatarID: 0
Current position of Avatar 0: 17, 15

AvatarID: 0
Current position of Avatar 0: 16, 15

AvatarID: 0
Current position of Avatar 0: 15, 15

AvatarID: 0
Current position of Avatar 0: 15, 14

AvatarID: 0
Current position of Avatar 0: 15, 14

AvatarID: 0
Current position of Avatar 0: 15, 14

AvatarID: 0
Current position of Avatar 0: 14, 14

AvatarID: 0
Current position of Avatar 0: 14, 13

AvatarID: 0
Current position of Avatar 0: 14, 13

AvatarID: 0
Current position of Avatar 0: 14, 12

AvatarID: 0
Current position of Avatar 0: 15, 12

AvatarID: 0
Current position of Avatar 0: 15, 13

AvatarID: 0
Current position of Avatar 0: 15, 12

AvatarID: 0
Current position of Avatar 0: 16, 12

AvatarID: 0
Current position of Avatar 0: 15, 12

AvatarID: 0
Current position of Avatar 0: 15, 11

AvatarID: 0
Current position of Avatar 0: 15, 10

AvatarID: 0
Current position of Avatar 0: 15, 9

AvatarID: 0
Current position of Avatar 0: 15, 8

AvatarID: 0
Current position of Avatar 0: 15, 9

AvatarID: 0
Current position of Avatar 0: 15, 10

AvatarID: 0
Current position of Avatar 0: 15, 11

AvatarID: 0
Current position of Avatar 0: 14, 11

AvatarID: 0
Current position of Avatar 0: 13, 11

AvatarID: 0
Current position of Avatar 0: 12, 11

AvatarID: 0
Current position of Avatar 0: 12, 11

AvatarID: 0
Current position of Avatar 0: 12, 11

AvatarID: 0
Current position of Avatar 0: 12, 12

AvatarID: 0
Current position of Avatar 0: 11, 12

AvatarID: 0
Current position of Avatar 0: 11, 11

AvatarID: 0
Current position of Avatar 0: 11, 10

AvatarID: 0
Current position of Avatar 0: 10, 10

AvatarID: 0
Current position of Avatar 0: 10, 11

AvatarID: 0
Current position of Avatar 0: 10, 12

AvatarID: 0
Current position of Avatar 0: 10, 12

AvatarID: 0
Current position of Avatar 0: 10, 12

AvatarID: 0
Current position of Avatar 0: 10, 11

AvatarID: 0
Current position of Avatar 0: 10, 11

AvatarID: 0
Current position of Avatar 0: 10, 10

AvatarID: 0
Current position of Avatar 0: 11, 10

AvatarID: 0
Current position of Avatar 0: 11, 11

AvatarID: 0
Current position of Avatar 0: 11, 12

AvatarID: 0
Current position of Avatar 0: 12, 12

AvatarID: 0
Current position of Avatar 0: 13, 12

AvatarID: 0
Current position of Avatar 0: 13, 12

AvatarID: 0
Current position of Avatar 0: 13, 12

AvatarID: 0
Current position of Avatar 0: 13, 12

AvatarID: 0
Current position of Avatar 0: 13, 12

AvatarID: 0
Current position of Avatar 0: 12, 12

AvatarID: 0
Current position of Avatar 0: 12, 11

AvatarID: 0
Current position of Avatar 0: 13, 11

AvatarID: 0
Current position of Avatar 0: 14, 11

AvatarID: 0
Current position of Avatar 0: 14, 11

AvatarID: 0
Current position of Avatar 0: 15, 11

AvatarID: 0
Current position of Avatar 0: 15, 12

AvatarID: 0
Current position of Avatar 0: 14, 12

AvatarID: 0
Current position of Avatar 0: 14, 13

AvatarID: 0
Current position of Avatar 0: 14, 14

AvatarID: 0
Current position of Avatar 0: 15, 14

AvatarID: 0
Current position of Avatar 0: 15, 15

AvatarID: 0
Current position of Avatar 0: 16, 15

AvatarID: 0
Current position of Avatar 0: 16, 16

AvatarID: 0
Current position of Avatar 0: 16, 17

AvatarID: 0
Current position of Avatar 0: 16, 18

AvatarID: 0
Current position of Avatar 0: 16, 19

AvatarID: 0
Current position of Avatar 0: 17, 19

AvatarID: 0
Current position of Avatar 0: 18, 19

AvatarID: 0
Current position of Avatar 0: 18, 20

AvatarID: 0
Current position of Avatar 0: 18, 20

AvatarID: 0
Current position of Avatar 0: 18, 20

AvatarID: 0
Current position of Avatar 0: 19, 20

AvatarID: 0
Current position of Avatar 0: 19, 20

AvatarID: 0
Current position of Avatar 0: 20, 20

AvatarID: 0
Current position of Avatar 0: 20, 21

AvatarID: 0
Current position of Avatar 0: 20, 21

AvatarID: 0
Current position of Avatar 0: 20, 22

AvatarID: 0
Current position of Avatar 0: 19, 22

AvatarID: 0
Current position of Avatar 0: 19, 21

AvatarID: 0
Current position of Avatar 0: 18, 21

AvatarID: 0
Current position of Avatar 0: 18, 22

AvatarID: 0
Current position of Avatar 0: 18, 22

AvatarID: 0
Current position of Avatar 0: 18, 22

AvatarID: 0
Current position of Avatar 0: 18, 21

AvatarID: 0
Current position of Avatar 0: 19, 21

AvatarID: 0
Current position of Avatar 0: 19, 22

AvatarID: 0
Current position of Avatar 0: 20, 22

AvatarID: 0
Current position of Avatar 0: 20, 22

AvatarID: 0
Current position of Avatar 0: 21, 22

AvatarID: 0
Current position of Avatar 0: 21, 22

AvatarID: 0
Current position of Avatar 0: 21, 22

AvatarID: 0
Current position of Avatar 0: 21, 22

AvatarID: 0
Current position of Avatar 0: 21, 21

AvatarID: 0
Current position of Avatar 0: 21, 21

AvatarID: 0
Current position of Avatar 0: 21, 20

AvatarID: 0
Current position of Avatar 0: 22, 20

AvatarID: 0
Current position of Avatar 0: 22, 20

AvatarID: 0
Current position of Avatar 0: 23, 20

AvatarID: 0
Current position of Avatar 0: 23, 20

AvatarID: 0
Current position of Avatar 0: 23, 20

AvatarID: 0
Current position of Avatar 0: 23, 20

AvatarID: 0
Current position of Avatar 0: 23, 19

AvatarID: 0
Current position of Avatar 0: 23, 19

AvatarID: 0
Current position of Avatar 0: 23, 18

AvatarID: 0
Current position of Avatar 0: 23, 18

AvatarID: 0
Current position of Avatar 0: 23, 17

AvatarID: 0
Current position of Avatar 0: 23, 17

AvatarID: 0
Current position of Avatar 0: 23, 16

AvatarID: 0
Current position of Avatar 0: 23, 16

AvatarID: 0
Current position of Avatar 0: 23, 15

AvatarID: 0
Current position of Avatar 0: 24, 15

AvatarID: 0
Current position of Avatar 0: 24, 16

AvatarID: 0
Current position of Avatar 0: 24, 17

AvatarID: 0
Current position of Avatar 0: 24, 18

AvatarID: 0
Current position of Avatar 0: 24, 19

AvatarID: 0
Current position of Avatar 0: 24, 20

AvatarID: 0
Current position of Avatar 0: 24, 21

AvatarID: 0
Current position of Avatar 0: 24, 21

AvatarID: 0
Current position of Avatar 0: 24, 22

AvatarID: 0
Current position of Avatar 0: 23, 22

AvatarID: 0
Current position of Avatar 0: 23, 22

AvatarID: 0
Current position of Avatar 0: 22, 22

AvatarID: 0
Current position of Avatar 0: 22, 21

AvatarID: 0
Current position of Avatar 0: 23, 21

AvatarID: 0
Current position of Avatar 0: 22, 21

AvatarID: 0
Current position of Avatar 0: 22, 22

AvatarID: 0
Current position of Avatar 0: 22, 23

AvatarID: 0
Current position of Avatar 0: 22, 23

AvatarID: 0
Current position of Avatar 0: 22, 23

AvatarID: 0
Current position of Avatar 0: 22, 23

AvatarID: 0
Current position of Avatar 0: 23, 23

AvatarID: 0
Current position of Avatar 0: 23, 23

AvatarID: 0
Current position of Avatar 0: 24, 23

AvatarID: 0
Current position of Avatar 0: 24, 24

AvatarID: 0
Current position of Avatar 0: 23, 24

AvatarID: 0
Current position of Avatar 0: 22, 24

AvatarID: 0
Current position of Avatar 0: 21, 24

AvatarID: 0
Current position of Avatar 0: 21, 24

AvatarID: 0
Current position of Avatar 0: 20, 24

AvatarID: 0
Current position of Avatar 0: 20, 23

AvatarID: 0
Current position of Avatar 0: 21, 23

AvatarID: 0
Current position of Avatar 0: 20, 23

AvatarID: 0
Current position of Avatar 0: 20, 24

AvatarID: 0
Current position of Avatar 0: 21, 24

AvatarID: 0
Current position of Avatar 0: 22, 24

AvatarID: 0
Current position of Avatar 0: 23, 24

AvatarID: 0
Current position of Avatar 0: 24, 24

AvatarID: 0
Current position of Avatar 0: 24, 23

AvatarID: 0
Current position of Avatar 0: 24, 23

AvatarID: 0
Current position of Avatar 0: 24, 23

AvatarID: 0
Current position of Avatar 0: 23, 23

AvatarID: 0
Current position of Avatar 0: 23, 23

AvatarID: 0
Current position of Avatar 0: 22, 23

AvatarID: 0
Current position of Avatar 0: 22, 22

AvatarID: 0
Current position of Avatar 0: 23, 22

AvatarID: 0
Current position of Avatar 0: 24, 22

AvatarID: 0
Current position of Avatar 0: 24, 21

AvatarID: 0
Current position of Avatar 0: 24, 20

AvatarID: 0
Current position of Avatar 0: 24, 19

AvatarID: 0
Current position of Avatar 0: 24, 18

AvatarID: 0
Current position of Avatar 0: 24, 17

AvatarID: 0
Current position of Avatar 0: 24, 16

AvatarID: 0
Current position of Avatar 0: 24, 15

AvatarID: 0
Current position of Avatar 0: 24, 14

AvatarID: 0
Current position of Avatar 0: 23, 14

AvatarID: 0
Current position of Avatar 0: 22, 14

AvatarID: 0
Current position of Avatar 0: 22, 14

AvatarID: 0
Current position of Avatar 0: 22, 14

AvatarID: 0
Current position of Avatar 0: 22, 14

AvatarID: 0
Current position of Avatar 0: 22, 15

AvatarID: 0
Current position of Avatar 0: 22, 15

AvatarID: 0
Current position of Avatar 0: 22, 16

AvatarID: 0
Current position of Avatar 0: 22, 16

AvatarID: 0
Current position of Avatar 0: 22, 17

AvatarID: 0
Current position of Avatar 0: 22, 17

AvatarID: 0
Current position of Avatar 0: 22, 18

AvatarID: 0
Current position of Avatar 0: 21, 18

AvatarID: 0
Current position of Avatar 0: 21, 17

AvatarID: 0
Current position of Avatar 0: 21, 16

AvatarID: 0
Current position of Avatar 0: 21, 16

AvatarID: 0
Current position of Avatar 0: 21, 16

AvatarID: 0
Current position of Avatar 0: 20, 16

AvatarID: 0
Current position of Avatar 0: 20, 15

AvatarID: 0
Current position of Avatar 0: 20, 15

AvatarID: 0
Current position of Avatar 0: 20, 14

AvatarID: 0
Current position of Avatar 0: 20, 14

AvatarID: 0
Current position of Avatar 0: 20, 13

AvatarID: 0
Current position of Avatar 0: 21, 13

AvatarID: 0
Current position of Avatar 0: 21, 14

AvatarID: 0
Current position of Avatar 0: 21, 15

AvatarID: 0
Current position of Avatar 0: 21, 14

AvatarID: 0
Current position of Avatar 0: 21, 13

AvatarID: 0
Current position of Avatar 0: 21, 13

AvatarID: 0
Current position of Avatar 0: 21, 12

AvatarID: 0
Current position of Avatar 0: 21, 12

AvatarID: 0
Current position of Avatar 0: 21, 12

AvatarID: 0
Current position of Avatar 0: 21, 12

AvatarID: 0
Current position of Avatar 0: 20, 12

AvatarID: 0
Current position of Avatar 0: 20, 11

AvatarID: 0
Current position of Avatar 0: 20, 11

AvatarID: 0
Current position of Avatar 0: 20, 10

AvatarID: 0
Current position of Avatar 0: 20, 10

AvatarID: 0
Current position of Avatar 0: 20, 9

AvatarID: 0
Current position of Avatar 0: 20, 9

AvatarID: 0
Current position of Avatar 0: 20, 8

AvatarID: 0
Current position of Avatar 0: 20, 8

AvatarID: 0
Current position of Avatar 0: 20, 8

AvatarID: 0
Current position of Avatar 0: 20, 8

AvatarID: 0
Current position of Avatar 0: 19, 8

AvatarID: 0
Current position of Avatar 0: 19, 7

AvatarID: 0
Current position of Avatar 0: 19, 7

AvatarID: 0
Current position of Avatar 0: 19, 6

AvatarID: 0
Current position of Avatar 0: 20, 6

AvatarID: 0
Current position of Avatar 0: 20, 6

AvatarID: 0
Current position of Avatar 0: 20, 6

AvatarID: 0
Current position of Avatar 0: 20, 6

AvatarID: 0
Current position of Avatar 0: 20, 5

AvatarID: 0
Current position of Avatar 0: 20, 5

AvatarID: 0
Current position of Avatar 0: 20, 5

AvatarID: 0
Current position of Avatar 0: 20, 5

AvatarID: 0
Current position of Avatar 0: 19, 5

AvatarID: 0
Current position of Avatar 0: 19, 4

AvatarID: 0
Current position of Avatar 0: 20, 4

AvatarID: 0
Current position of Avatar 0: 20, 4

AvatarID: 0
Current position of Avatar 0: 20, 4

AvatarID: 0
Current position of Avatar 0: 20, 3

AvatarID: 0
Current position of Avatar 0: 20, 3

AvatarID: 0
Current position of Avatar 0: 20, 3

AvatarID: 0
Current position of Avatar 0: 20, 3

AvatarID: 0
Current position of Avatar 0: 19, 3

AvatarID: 0
Current position of Avatar 0: 19, 2

AvatarID: 0
Current position of Avatar 0: 19, 2

AvatarID: 0
Current position of Avatar 0: 19, 2

AvatarID: 0
Current position of Avatar 0: 19, 2

AvatarID: 0
Current position of Avatar 0: 18, 2

AvatarID: 0
Current position of Avatar 0: 18, 1

AvatarID: 0
Current position of Avatar 0: 18, 1

AvatarID: 0
Current position of Avatar 0: 18, 0

AvatarID: 0
Current position of Avatar 0: 19, 0

AvatarID: 0
Current position of Avatar 0: 19, 0

AvatarID: 0
Current position of Avatar 0: 20, 0

AvatarID: 0
Current position of Avatar 0: 20, 1

AvatarID: 0
Current position of Avatar 0: 19, 1

AvatarID: 0
Current position of Avatar 0: 20, 1

AvatarID: 0
Current position of Avatar 0: 20, 2

AvatarID: 0
Current position of Avatar 0: 21, 2

AvatarID: 0
Current position of Avatar 0: 21, 2

AvatarID: 0
Current position of Avatar 0: 22, 2

AvatarID: 0
Current position of Avatar 0: 22, 2

AvatarID: 0
Current position of Avatar 0: 22, 2

AvatarID: 0
Current position of Avatar 0: 22, 2

AvatarID: 0
Current position of Avatar 0: 22, 1

AvatarID: 0
Current position of Avatar 0: 23, 1

AvatarID: 0
Current position of Avatar 0: 23, 1

AvatarID: 0
Current position of Avatar 0: 24, 1

AvatarID: 0
Current position of Avatar 0: 24, 2

AvatarID: 0
Current position of Avatar 0: 23, 2

AvatarID: 0
Current position of Avatar 0: 23, 3

AvatarID: 0
Current position of Avatar 0: 22, 3

AvatarID: 0
Current position of Avatar 0: 22, 3

AvatarID: 0
Current position of Avatar 0: 22, 3

AvatarID: 0
Current position of Avatar 0: 22, 4

AvatarID: 0
Current position of Avatar 0: 22, 4

AvatarID: 0
Current position of Avatar 0: 22, 4

AvatarID: 0
Current position of Avat1
AvatarID: 1
AvatarID: 1
AvatarID: 1
AvatarID: 1
AvatarID: 1
AvatarID: 1
AvatarID: 1
AvatarID: 1
AvatarID: 1
AvatarID: 1
AvatarID: 1
AvatarID: 1
AvatarID: 1
AvatarID: 1
AvatarID: 1
AvatarID: 1
AvatarID: 1
AvatarID: 1
AvatarID: 1
AvatarID: 1
AvatarID: 1
AvatarID: 1
AvatarID: 1
AvatarID: 1
AvatarID: 1
AvatarID: 1
AvatarID: 1
AvatarID: 1
AvatarID: 1
AvatarID: 1
AvatarID: 1
AvatarID: 1
AvatarID: 1
AvatarID: 1
AvatarID: 1
AvatarID: 1
AvatarID: 1
AvatarID: 1
AvatarID: 1
AvatarID: 1
AvatarID: 1
AvatarID: 1
AvatarID: 1
AvatarID: 1
AvatarID: 1
AvatarID: 1
AvatarID: 1
AvatarID: 1
AvatarID: 1
AvatarID: 1
AvatarID: 1
AvatarID: 1
AvatarID: 1
AvatarID: 1
AvatarID: 1
AvatarID: 1
AvatarID: 1
AvatarID: 1
AvatarID: 1
AvatarID: 1
AvatarID: 1
AvatarID: 1
AvatarID: 1
AvatarID: 1
AvatarID: 1
AvatarID: 1
AvatarID: 1
AvatarID: 1
AvatarID: 1
AvatarID: 1
AvatarID: 1
AvatarID: 1
AvatarID: 1
AvatarID: 1
AvatarID: 1
AvatarID: 1
AvatarID: 1
AvatarID: 1
AvatarID: 1
AvatarID: 1
AvatarID: 1
AvatarID: 1
AvatarID: 1
AvatarID: 1
AvatarID: 1
AvatarID: 1
AvatarID: 1
AvatarID: 1
AvatarID: 1
AvatarID: 1
AvatarID: 1
AvatarID: 1
AvatarID: 1
AvatarID: 1
AvatarID: 1
AvatarID: 1
AvatarID: 1
AvatarID: 1
AvatarID: 1
AvatarID: 1
AvatarID: 1
AvatarID: 1
AvatarID: 1
AvatarID: 1
AvatarID: 1
AvatarID: 1
AvatarID: 1
AvatarID: 1
AvatarID: 1
AvatarID: 1
AvatarID: 1
AvatarID: 1
AvatarID: 1
AvatarID: 1
AvatarID: 1
AvatarID: 1
AvatarID: 1
AvatarID: 1
AvatarID: 1
AvatarID: 1
AvatarID: 1
AvatarID: 1
AvatarID: 1
AvatarID: 1
AvatarID: 1
AvatarID: 1
AvatarID: 1
AvatarID: 1
AvatarID: 1
AvatarID: 1
AvatarID: 1
AvatarID: 1
AvatarID: 1
AvatarID: 1
AvatarID: 1
AvatarID: 1
AvatarID: 1
AvatarID: 1
AvatarID: 1
AvatarID: 1
AvatarID: 1
AvatarID: 1
AvatarID: 1
AvatarID: 1
AvatarID: 1
AvatarID: 1
AvatarID: 1
AvatarID: 1
AvatarID: 1
AvatarID: 1
AvatarID: 1
AvatarID: 1
AvatarID: 1
AvatarID: 1
AvatarID: 1
AvatarID: 1
AvatarID: 1
AvatarID: 1
AvatarID: 1
AvatarID: 1
AvatarID: 1
AvatarID: 1
AvatarID: 1
AvatarID: 1
AvatarID: 1
AvatarID: 1
AvatarID: 1
AvatarID: 1
AvatarID: 1
AvatarID: 1
AvatarID: 1
AvatarID: 1
AvatarID: 1
AvatarID: 1
AvatarID: 1
AvatarID: 1
AvatarID: 1
AvatarID: 1
AvatarID: 1
AvatarID: 1
AvatarID: 1
AvatarID: 1
AvatarID: 1
AvatarID: 1
AvatarID: 1
AvatarID: 1
AvatarID: 1
AvatarID: 1
AvatarID: 1
AvatarID: 1
AvatarID: 1
AvatarID: 1
AvatarID: 1
AvatarID: 1
AvatarID: 1
AvatarID: 1
AvatarID: 1
AvatarID: 1
AvatarID: 1
AvatarID: 1
AvatarID: 1
AvatarID: 1
AvatarID: 1
AvatarID: 1
AvatarID: 1
AvatarID: 1
AvatarID: 1
AvatarID: 1
AvatarID: 1
AvatarID: 1
AvatarID: 1
AvatarID: 1
AvatarID: 1
AvatarID: 1
AvatarID: 1
AvatarID: 1
AvatarID: 1
AvatarID: 1
AvatarID: 1
AvatarID: 1
AvatarID: 1
AvatarID: 1
AvatarID: 1
AvatarID: 1
AvatarID: 1
AvatarID: 1
AvatarID: 1
AvatarID: 1
AvatarID: 1
AvatarID: 1
AvatarID: 1
AvatarID: 1
AvatarID: 1
AvatarID: 1
AvatarID: 1
AvatarID: 1
AvatarID: 1
AvatarID: 1
AvatarID: 1
AvatarID: 1
AvatarID: 1
AvatarID: 1
AvatarID: 1
AvatarID: 1
AvatarID: 1
AvatarID: 1
AvatarID: 1
AvatarID: 1
AvatarID: 1
AvatarID: 1
AvatarID: 1
AvatarID: 1
AvatarID: 1
AvatarID: 1
AvatarID: 1
AvatarID: 1
AvatarID: 1
AvatarID: 1
AvatarID: 1
AvatarID: 1
AvatarID: 1
AvatarID: 1
AvatarID: 1
AvatarID: 1
AvatarID: 1
AvatarID: 1
AvatarID: 1
AvatarID: 1
AvatarID: 1
AvatarID: 1
AvatarID: 1
AvatarID: 1
AvatarID: 1
AvatarID: 1
AvatarID: 1
AvatarID: 1
AvatarID: 1
AvatarID: 1
AvatarID: 1
AvatarID: 1
AvatarID: 1
AvatarID: 1
AvatarID: 1
AvatarID: 1
AvatarID: 1
Maze is solved!
ar 0: 22, 4

AvatarID: 0
Current position of Avatar 0: 23, 4

AvatarID: 0
Current position of Avatar 0: 23, 5

AvatarID: 0
Current position of Avatar 0: 22, 5

AvatarID: 0
Current position of Avatar 0: 22, 5

AvatarID: 0
Current position of Avatar 0: 22, 5

AvatarID: 0
Current position of Avatar 0: 22, 6

AvatarID: 0
Current position of Avatar 0: 22, 6

AvatarID: 0
Current position of Avatar 0: 22, 6

AvatarID: 0
Current position of Avatar 0: 22, 6

AvatarID: 0
Current position of Avatar 0: 23, 6

AvatarID: 0
Current position of Avatar 0: 23, 6

AvatarID: 0
Current position of Avatar 0: 24, 6

AvatarID: 0
Current position of Avatar 0: 24, 7

AvatarID: 0
Current position of Avatar 0: 24, 7

AvatarID: 0
Current position of Avatar 0: 24, 8

AvatarID: 0
Current position of Avatar 0: 24, 8

AvatarID: 0
Current position of Avatar 0: 24, 9

AvatarID: 0
Current position of Avatar 0: 23, 9

AvatarID: 0
Current position of Avatar 0: 23, 8

AvatarID: 0
Current position of Avatar 0: 23, 7

AvatarID: 0
Current position of Avatar 0: 22, 7

AvatarID: 0
Current position of Avatar 0: 21, 7

AvatarID: 0
Current position of Avatar 0: 21, 6

AvatarID: 0
Current position of Avatar 0: 21, 5

AvatarID: 0
Current position of Avatar 0: 21, 4

AvatarID: 0
Current position of Avatar 0: 21, 3

AvatarID: 0
Current position of Avatar 0: 21, 4

AvatarID: 0
Current position of Avatar 0: 21, 5

AvatarID: 0
Current position of Avatar 0: 21, 6

AvatarID: 0
Current position of Avatar 0: 21, 7

AvatarID: 0
Current position of Avatar 0: 20, 7

AvatarID: 0
Current position of Avatar 0: 21, 7

AvatarID: 0
Current position of Avatar 0: 21, 8

AvatarID: 0
Current position of Avatar 0: 21, 9

AvatarID: 0
Current position of Avatar 0: 21, 9

AvatarID: 0
Current position of Avatar 0: 21, 9

AvatarID: 0
Current position of Avatar 0: 22, 9

AvatarID: 0
Current position of Avatar 0: 22, 10

AvatarID: 0
Current position of Avatar 0: 21, 10

AvatarID: 0
Current position of Avatar 0: 21, 11

AvatarID: 0
Current position of Avatar 0: 22, 11

AvatarID: 0
Current position of Avatar 0: 22, 11

AvatarID: 0
Current position of Avatar 0: 23, 11

AvatarID: 0
Current position of Avatar 0: 23, 11

AvatarID: 0
Current position of Avatar 0: 23, 11

AvatarID: 0
Current position of Avatar 0: 23, 11

AvatarID: 0
Current position of Avatar 0: 23, 10

AvatarID: 0
Current position of Avatar 0: 24, 10

AvatarID: 0
Current position of Avatar 0: 24, 11

AvatarID: 0
Current position of Avatar 0: 24, 12

AvatarID: 0
Current position of Avatar 0: 24, 12

AvatarID: 0
Current position of Avatar 0: 24, 13

AvatarID: 0
Current position of Avatar 0: 23, 13

AvatarID: 0
Current position of Avatar 0: 23, 13

AvatarID: 0
Current position of Avatar 0: 22, 13

AvatarID: 0
Current position of Avatar 0: 22, 12

AvatarID: 0
Current position of Avatar 0: 23, 12

AvatarID: 0
Current position of Avatar 0: 22, 12

AvatarID: 0
Current position of Avatar 0: 22, 13

AvatarID: 0
Current position of Avatar 0: 23, 13

AvatarID: 0
Current position of Avatar 0: 24, 13

AvatarID: 0
Current position of Avatar 0: 24, 12

AvatarID: 0
Current position of Avatar 0: 24, 11

AvatarID: 0
Current position of Avatar 0: 24, 10

AvatarID: 0
Current position of Avatar 0: 23, 10

AvatarID: 0
Current position of Avatar 0: 23, 11

AvatarID: 0
Current position of Avatar 0: 22, 11

AvatarID: 0
Current position of Avatar 0: 21, 11

AvatarID: 0
Current position of Avatar 0: 21, 10

AvatarID: 0
Current position of Avatar 0: 22, 10

AvatarID: 0
Current position of Avatar 0: 22, 9

AvatarID: 0
Current position of Avatar 0: 22, 8

AvatarID: 0
Current position of Avatar 0: 22, 9

AvatarID: 0
Current position of Avatar 0: 21, 9

AvatarID: 0
Current position of Avatar 0: 21, 8

AvatarID: 0
Current position of Avatar 0: 21, 7

AvatarID: 0
Current position of Avatar 0: 22, 7

AvatarID: 0
Current position of Avatar 0: 23, 7

AvatarID: 0
Current position of Avatar 0: 23, 8

AvatarID: 0
Current position of Avatar 0: 23, 9

AvatarID: 0
Current position of Avatar 0: 24, 9

AvatarID: 0
Current position of Avatar 0: 24, 8

AvatarID: 0
Current position of Avatar 0: 24, 7

AvatarID: 0
Current position of Avatar 0: 24, 6

AvatarID: 0
Current position of Avatar 0: 24, 5

AvatarID: 0
Current position of Avatar 0: 24, 4

AvatarID: 0
Current position of Avatar 0: 24, 3

AvatarID: 0
Current position of Avatar 0: 24, 4

AvatarID: 0
Current position of Avatar 0: 24, 5

AvatarID: 0
Current position of Avatar 0: 24, 6

AvatarID: 0
Current position of Avatar 0: 23, 6

AvatarID: 0
Current position of Avatar 0: 22, 6

AvatarID: 0
Current position of Avatar 0: 22, 5

AvatarID: 0
Current position of Avatar 0: 23, 5

AvatarID: 0
Current position of Avatar 0: 23, 4

AvatarID: 0
Current position of Avatar 0: 22, 4

AvatarID: 0
Current position of Avatar 0: 22, 3

AvatarID: 0
Current position of Avatar 0: 23, 3

AvatarID: 0
Current position of Avatar 0: 23, 2

AvatarID: 0
Current position of Avatar 0: 24, 2

AvatarID: 0
Current position of Avatar 0: 24, 1

Maze is solved!
