wyliekasai, 44925, Mon Mar  9 03:07:46 2020
*******
AvatarID: 1
AvatarID: 1
Current position of Avatar 1: 0, 4

AvatarID: 1
Current position of Avatar 1: 0, 4

AvatarID: 1
Current position of Avatar 1: 0, 4

AvatarID: 1
Current position of Avatar 1: 0, 3

AvatarID: 1
Current position of Avatar 1: 1, 3

AvatarID: 1
Current position of Avatar 1: 1, 4

AvatarID: 1
Current position of Avatar 1: 2, 4

AvatarID: 1
Current position of Avatar 1: 3, 4

AvatarID: 1
Current position of Avatar 1: 4, 4

AvatarID: 1
Current position of Avatar 1: 3, 4

AvatarID: 1
Current position of Avatar 1: 2, 4

AvatarID: 1
Current position of Avatar 1: 2, 3

AvatarID: 1
Current position of Avatar 1: 3, 3

AvatarID: 1
Current position of Avatar 1: 4, 3

AvatarID: 1
Current position of Avatar 1: 4, 2

AvatarID: 1
Current position of Avatar 1: 3, 2

AvatarID: 1
Current position of Avatar 1: 3, 1

AvatarID: 1
Current position of Avatar 1: 3, 2

AvatarID: 1
Current position of Avatar 1: 4, 2

AvatarID: 1
Current position of Avatar 1: 4, 3

AvatarID: 1
Current position of Avatar 1: 3, 3

AvatarID: 1
Current position of Avatar 1: 2, 3

AvatarID: 1
Current position of Avatar 1: 2, 4

AvatarID: 1
Current position of Avatar 1: 1, 4

AvatarID: 1
Current position of Avatar 1: 1, 3

AvatarID: 1
Current position of Avatar 1: 0, 3

AvatarID: 1
Current position of Avatar 1: 0, 2

AvatarID: 1
Current position of Avatar 1: 1, 2

AvatarID: 1
Current position of Avatar 1: 2, 2

AvatarID: 1
Current position of Avatar 1: 2, 1

AvatarID: 1
Current position of Avatar 1: 2, 0

AvatarID: 1
Current position of Avatar 1: 3, 0

AvatarID: 1
AvatarID: 1
AvatarID: 1
AvatarID: 1
AvatarID: 1
AvatarID: 1
AvatarID: 1
AvatarID: 1
AvatarID: 1
AvatarID: 1
AvatarID: 1
AvatarID: 1
AvatarID: 1
AvatarID: 1
Maze is solved!
*******
AvatarID: 2
AvatarID: 2
Current position of Avatar 2: 3, 3

AvatarID: 2
Current position of Avatar 2: 4, 3

AvatarID: 2
Current position of Avatar 2: 4, 3

AvatarID: 2
Current position of Avatar 2: 4, 3

AvatarID: 2
Current position of Avatar 2: 4, 3

AvatarID: 2
Current position of Avatar 2: 4, 2

AvatarID: 2
Current position of Avatar 2: 4, 2

AvatarID: 2
Current position of Avatar 2: 4, 2

AvatarID: 2
Current position of Avatar 2: 3, 2

AvatarID: 2
Current position of Avatar 2: 3, 1

AvatarID: 2
Current position of Avatar 2: 3, 1

AvatarID: 2
Current position of Avatar 2: 3, 1

AvatarID: 2
Current position of Avatar 2: 3, 1

AvatarID: 2
Current position of Avatar 2: 3, 1

AvatarID: 2
Current position of Avatar 2: 3, 1

AvatarID: 2
Current position of Avatar 2: 3, 2

AvatarID: 2
Current position of Avatar 2: 3, 2

AvatarID: 2
Current position of Avatar 2: 3, 2

AvatarID: 2
Current position of Avatar 2: 4, 2

AvatarID: 2
Current position of Avatar 2: 4, 3

AvatarID: 2
Current position of Avatar 2: 3, 3

AvatarID: 2
Current position of Avatar 2: 2, 3

AvatarID: 2
Current position of Avatar 2: 2, 4

AvatarID: 2
Current position of Avatar 2: 1, 4

AvatarID: 2
Current position of Avatar 2: 1, 3

AvatarID: 2
Current position of Avatar 2: 0, 3

AvatarID: 2
Current position of Avatar 2: 0, 2

AvatarID: 2
Current position of Avatar 2: 1, 2

AvatarID: 2
Current position of Avatar 2: 2, 2

AvatarID: 2
Current position of Avatar 2: 2, 1

AvatarID: 2
Current position of Avatar 2: 2, 0

AvatarID: 2
Current position of Avatar 2: 3, 0

AvatarID: 2
AvatarID: 2
AvatarID: 2
AvatarID: 2
AvatarID: 2
AvatarID: 2
AvatarID: 2
AvatarID: 2
AvatarID: 2
AvatarID: 2
AvatarID: 2
AvatarID: 2
AvatarID: 2
AvatarID: 2
Maze is solved!
*******
AvatarID: 3
AvatarID: 3
Current position of Avatar 3: 2, 2

AvatarID: 3
Current position of Avatar 3: 1, 2

AvatarID: 3
Current position of Avatar 3: 0, 2

AvatarID: 3
Current position of Avatar 3: 0, 3

AvatarID: 3
Current position of Avatar 3: 0, 4

AvatarID: 3
Current position of Avatar 3: 0, 3

AvatarID: 3
Current position of Avatar 3: 1, 3

AvatarID: 3
Current position of Avatar 3: 1, 4

AvatarID: 3
Current position of Avatar 3: 2, 4

AvatarID: 3
Current position of Avatar 3: 3, 4

AvatarID: 3
Current position of Avatar 3: 4, 4

AvatarID: 3
Current position of Avatar 3: 3, 4

AvatarID: 3
Current position of Avatar 3: 2, 4

AvatarID: 3
Current position of Avatar 3: 2, 3

AvatarID: 3
Current position of Avatar 3: 3, 3

AvatarID: 3
Current position of Avatar 3: 4, 3

AvatarID: 3
Current position of Avatar 3: 4, 2

AvatarID: 3
Current position of Avatar 3: 3, 2

AvatarID: 3
Current position of Avatar 3: 3, 1

AvatarID: 3
Current position of Avatar 3: 3, 2

AvatarID: 3
Current position of Avatar 3: 4, 2

AvatarID: 3
Current position of Avatar 3: 4, 3

AvatarID: 3
Current position of Avatar 3: 3, 3

AvatarID: 3
Current position of Avatar 3: 2, 3

AvatarID: 3
Current position of Avatar 3: 2, 4

AvatarID: 3
Current position of Avatar 3: 1, 4

AvatarID: 3
Current position of Avatar 3: 1, 3

AvatarID: 3
Current position of Avatar 3: 0, 3

AvatarID: 3
Current position of Avatar 3: 0, 2

AvatarID: 3
Current position of Avatar 3: 1, 2

AvatarID: 3
Current position of Avatar 3: 2, 2

AvatarID: 3
Current position of Avatar 3: 2, 1

AvatarID: 3
Current position of Avatar 3: 2, 0

AvatarID: 3
Current position of Avatar 3: 3, 0

AvatarID: 3
AvatarID: 3
AvatarID: 3
AvatarID: 3
AvatarID: 3
AvatarID: 3
AvatarID: 3
AvatarID: 3
AvatarID: 3
AvatarID: 3
AvatarID: 3
AvatarID: 3
Maze is solved!
*******
AvatarID: 6
AvatarID: 6
Current position of Avatar 6: 0, 1

AvatarID: 6
Current position of Avatar 6: 0, 1

AvatarID: 6
Current position of Avatar 6: 0, 1

AvatarID: 6
Current position of Avatar 6: 1, 1

AvatarID: 6
Current position of Avatar 6: 1, 0

AvatarID: 6
Current position of Avatar 6: 2, 0

AvatarID: 6
Current position of Avatar 6: 2, 1

AvatarID: 6
Current position of Avatar 6: 2, 2

AvatarID: 6
Current position of Avatar 6: 1, 2

AvatarID: 6
Current position of Avatar 6: 0, 2

AvatarID: 6
Current position of Avatar 6: 0, 3

AvatarID: 6
Current position of Avatar 6: 0, 4

AvatarID: 6
Current position of Avatar 6: 0, 3

AvatarID: 6
Current position of Avatar 6: 1, 3

AvatarID: 6
Current position of Avatar 6: 1, 4

AvatarID: 6
Current position of Avatar 6: 2, 4

AvatarID: 6
Current position of Avatar 6: 3, 4

AvatarID: 6
Current position of Avatar 6: 4, 4

AvatarID: 6
Current position of Avatar 6: 3, 4

AvatarID: 6
Current position of Avatar 6: 2, 4

AvatarID: 6
Current position of Avatar 6: 2, 3

AvatarID: 6
Current position of Avatar 6: 3, 3

AvatarID: 6
Current position of Avatar 6: 4, 3

AvatarID: 6
Current position of Avatar 6: 4, 2

AvatarID: 6
Current position of Avatar 6: 3, 2

AvatarID: 6
Current position of Avatar 6: 3, 1

AvatarID: 6
Current position of Avatar 6: 3, 2

AvatarID: 6
Current position of Avatar 6: 4, 2

AvatarID: 6
Current position of Avatar 6: 4, 3

AvatarID: 6
Current position of Avatar 6: 3, 3

AvatarID: 6
Current position of Avatar 6: 2, 3

AvatarID: 6
Current position of Avatar 6: 2, 4

AvatarID: 6
Current position of Avatar 6: 1, 4

AvatarID: 6
Current position of Avatar 6: 1, 3

AvatarID: 6
Current position of Avatar 6: 0, 3

AvatarID: 6
Current position of Avatar 6: 0, 2

AvatarID: 6
Current position of Avatar 6: 1, 2

AvatarID: 6
Current position of Avatar 6: 2, 2

AvatarID: 6
Current position of Avatar 6: 2, 1

AvatarID: 6
Current position of Avatar 6: 2, 0

AvatarID: 6
Current position of Avatar 6: 3, 0

AvatarID: 6
AvatarID: 6
AvatarID: 6
AvatarID: 6
AvatarID: 6
Maze is solved!
*******
AvatarID: 8
AvatarID: 8
Current position of Avatar 8: 2, 4

AvatarID: 8
Current position of Avatar 8: 3, 4

AvatarID: 8
Current position of Avatar 8: 4, 4

AvatarID: 8
Current position of Avatar 8: 3, 4

AvatarID: 8
Current position of Avatar 8: 2, 4

AvatarID: 8
Current position of Avatar 8: 2, 3

AvatarID: 8
Current position of Avatar 8: 3, 3

AvatarID: 8
Current position of Avatar 8: 4, 3

AvatarID: 8
Current position of Avatar 8: 4, 2

AvatarID: 8
Current position of Avatar 8: 3, 2

AvatarID: 8
Current position of Avatar 8: 3, 1

AvatarID: 8
Current position of Avatar 8: 3, 1

AvatarID: 8
Current position of Avatar 8: 3, 1

AvatarID: 8
Current position of Avatar 8: 3, 1

AvatarID: 8
Current position of Avatar 8: 3, 1

AvatarID: 8
Current position of Avatar 8: 3, 2

AvatarID: 8
Current position of Avatar 8: 3, 2

AvatarID: 8
Current position of Avatar 8: 3, 2

AvatarID: 8
Current position of Avatar 8: 4, 2

AvatarID: 8
Current position of Avatar 8: 4, 3

AvatarID: 8
Current position of Avatar 8: 3, 3

AvatarID: 8
Current position of Avatar 8: 2, 3

AvatarID: 8
Current position of Avatar 8: 2, 4

AvatarID: 8
Current position of Avatar 8: 1, 4

AvatarID: 8
Current position of Avatar 8: 1, 3

AvatarID: 8
Current position of Avatar 8: 0, 3

AvatarID: 8
Current position of Avatar 8: 0, 2

AvatarID: 8
Current position of Avatar 8: 1, 2

AvatarID: 8
Current position of Avatar 8: 2, 2

AvatarID: 8
Current position of Avatar 8: 2, 1

AvatarID: 8
Current position of Avatar 8: 2, 0

AvatarID: 8
Current position of Avatar 8: 3, 0

AvatarID: 8
AvatarID: 8
AvatarID: 8
AvatarID: 8
AvatarID: 8
AvatarID: 8
AvatarID: 8
AvatarID: 8
AvatarID: 8
AvatarID: 8
AvatarID: 8
AvatarID: 8
AvatarID: 8
AvatarID: 8
Maze is solved!
*******
AvatarID: 4
AvatarID: 4
Current position of Avatar 4: 1, 1

AvatarID: 4
Current position of Avatar 4: 1, 1

AvatarID: 4
Current position of Avatar 4: 1, 1

AvatarID: 4
Current position of Avatar 4: 1, 0

AvatarID: 4
Current position of Avatar 4: 2, 0

AvatarID: 4
Current position of Avatar 4: 2, 1

AvatarID: 4
Current position of Avatar 4: 2, 2

AvatarID: 4
Current position of Avatar 4: 1, 2

AvatarID: 4
Current position of Avatar 4: 0, 2

AvatarID: 4
Current position of Avatar 4: 0, 3

AvatarID: 4
Current position of Avatar 4: 0, 4

AvatarID: 4
Current position of Avatar 4: 0, 3

AvatarID: 4
Current position of Avatar 4: 1, 3

AvatarID: 4
Current position of Avatar 4: 1, 4

AvatarID: 4
Current position of Avatar 4: 2, 4

AvatarID: 4
Current position of Avatar 4: 3, 4

AvatarID: 4
Current position of Avatar 4: 4, 4

AvatarID: 4
Current position of Avatar 4: 3, 4

AvatarID: 4
Current position of Avatar 4: 2, 4

AvatarID: 4
Current position of Avatar 4: 2, 3

AvatarID: 4
Current position of Avatar 4: 3, 3

AvatarID: 4
Current position of Avatar 4: 4, 3

AvatarID: 4
Current position of Avatar 4: 4, 2

AvatarID: 4
Current position of Avatar 4: 3, 2

AvatarID: 4
Current position of Avatar 4: 3, 1

AvatarID: 4
Current position of Avatar 4: 3, 2

AvatarID: 4
Current position of Avatar 4: 4, 2

AvatarID: 4
Current position of Avatar 4: 4, 3

AvatarID: 4
Current position of Avatar 4: 3, 3

AvatarID: 4
Current position of Avatar 4: 2, 3

AvatarID: 4
Current position of Avatar 4: 2, 4

AvatarID: 4
Current position of Avatar 4: 1, 4

AvatarID: 4
Current position of Avatar 4: 1, 3

AvatarID: 4
Current position of Avatar 4: 0, 3

AvatarID: 4
Current position of Avatar 4: 0, 2

AvatarID: 4
Current position of Avatar 4: 1, 2

AvatarID: 4
Current position of Avatar 4: 2, 2

AvatarID: 4
Current position of Avatar 4: 2, 1

AvatarID: 4
Current position of Avatar 4: 2, 0

AvatarID: 4
Current position of Avatar 4: 3, 0

AvatarID: 4
AvatarID: 4
AvatarID: 4
AvatarID: 4
AvatarID: 4
AvatarID: 4
Maze is solved!
*******
AvatarID: 7
AvatarID: 7
Current position of Avatar 7: 0, 4

AvatarID: 7
Current position of Avatar 7: 0, 4

AvatarID: 7
Current position of Avatar 7: 0, 4

AvatarID: 7
Current position of Avatar 7: 0, 3

AvatarID: 7
Current position of Avatar 7: 1, 3

AvatarID: 7
Current position of Avatar 7: 1, 4

AvatarID: 7
Current position of Avatar 7: 2, 4

AvatarID: 7
Current position of Avatar 7: 3, 4

AvatarID: 7
Current position of Avatar 7: 4, 4

AvatarID: 7
Current position of Avatar 7: 3, 4

AvatarID: 7
Current position of Avatar 7: 2, 4

AvatarID: 7
Current position of Avatar 7: 2, 3

AvatarID: 7
Current position of Avatar 7: 3, 3

AvatarID: 7
Current position of Avatar 7: 4, 3

AvatarID: 7
Current position of Avatar 7: 4, 2

AvatarID: 7
Current position of Avatar 7: 3, 2

AvatarID: 7
Current position of Avatar 7: 3, 1

AvatarID: 7
Current position of Avatar 7: 3, 2

AvatarID: 7
Current position of Avatar 7: 4, 2

AvatarID: 7
Current position of Avatar 7: 4, 3

AvatarID: 7
Current position of Avatar 7: 3, 3

AvatarID: 7
Current position of Avatar 7: 2, 3

AvatarID: 7
Current position of Avatar 7: 2, 4

AvatarID: 7
Current position of Avatar 7: 1, 4

AvatarID: 7
Current position of Avatar 7: 1, 3

AvatarID: 7
Current position of Avatar 7: 0, 3

AvatarID: 7
Current position of Avatar 7: 0, 2

AvatarID: 7
Current position of Avatar 7: 1, 2

AvatarID: 7
Current position of Avatar 7: 2, 2

AvatarID: 7
Current position of Avatar 7: 2, 1

AvatarID: 7
Current position of Avatar 7: 2, 0

AvatarID: 7
Current position of Avatar 7: 3, 0

AvatarID: 7
AvatarID: 7
AvatarID: 7
AvatarID: 7
AvatarID: 7
AvatarID: 7
AvatarID: 7
AvatarID: 7
AvatarID: 7
AvatarID: 7
AvatarID: 7
AvatarID: 7
AvatarID: 7
AvatarID: 7
Maze is solved!
*******
AvatarID: 5
AvatarID: 5
Current position of Avatar 5: 2, 4

AvatarID: 5
Current position of Avatar 5: 1, 4

AvatarID: 5
Current position of Avatar 5: 1, 3

AvatarID: 5
Current position of Avatar 5: 1, 3

AvatarID: 5
Current position of Avatar 5: 1, 3

AvatarID: 5
Current position of Avatar 5: 1, 3

AvatarID: 5
Current position of Avatar 5: 0, 3

AvatarID: 5
Current position of Avatar 5: 0, 2

AvatarID: 5
Current position of Avatar 5: 1, 2

AvatarID: 5
Current position of Avatar 5: 2, 2

AvatarID: 5
Current position of Avatar 5: 2, 2

AvatarID: 5
Current position of Avatar 5: 2, 2

AvatarID: 5
Current position of Avatar 5: 2, 2

AvatarID: 5
Current position of Avatar 5: 2, 1

AvatarID: 5
Current position of Avatar 5: 2, 0

AvatarID: 5
Current position of Avatar 5: 3, 0

AvatarID: 5
AvatarID: 5
AvatarID: 5
AvatarID: 5
AvatarID: 5
AvatarID: 5
AvatarID: 5
AvatarID: 5
AvatarID: 5
AvatarID: 5
AvatarID: 5
AvatarID: 5
AvatarID: 5
AvatarID: 5
AvatarID: 5
AvatarID: 5
AvatarID: 5
AvatarID: 5
AvatarID: 5
AvatarID: 5
AvatarID: 5
AvatarID: 5
AvatarID: 5
AvatarID: 5
AvatarID: 5
AvatarID: 5
AvatarID: 5
AvatarID: 5
AvatarID: 5
AvatarID: 5
Maze is solved!
*******
AvatarID: 0
AvatarID: 0
Current position of Avatar 0: 1, 1

AvatarID: 0
Current position of Avatar 0: 0, 1

AvatarID: 0
Current position of Avatar 0: 0, 0

AvatarID: 0
Current position of Avatar 0: 0, 0

AvatarID: 0
Current position of Avatar 0: 0, 0

AvatarID: 0
Current position of Avatar 0: 0, 0

AvatarID: 0
Current position of Avatar 0: 0, 0

AvatarID: 0
Current position of Avatar 0: 0, 0

AvatarID: 0
Current position of Avatar 0: 0, 1

AvatarID: 0
Current position of Avatar 0: 1, 1

AvatarID: 0
Current position of Avatar 0: 1, 0

AvatarID: 0
Current position of Avatar 0: 2, 0

AvatarID: 0
Current position of Avatar 0: 2, 1

AvatarID: 0
Current position of Avatar 0: 2, 2

AvatarID: 0
Current position of Avatar 0: 1, 2

AvatarID: 0
Current position of Avatar 0: 0, 2

AvatarID: 0
Current position of Avatar 0: 0, 3

AvatarID: 0
Current position of Avatar 0: 0, 4

AvatarID: 0
Current position of Avatar 0: 0, 3

AvatarID: 0
Current position of Avatar 0: 1, 3

AvatarID: 0
Current position of Avatar 0: 1, 4

AvatarID: 0
Current position of Avatar 0: 2, 4

AvatarID: 0
Current position of Avatar 0: 3, 4

AvatarID: 0
Current position of Avatar 0: 4, 4

AvatarID: 0
Current position of Avatar 0: 3, 4

AvatarID: 0
Current position of Avatar 0: 2, 4

AvatarID: 0
Current position of Avatar 0: 2, 3

AvatarID: 0
Current position of Avatar 0: 3, 3

AvatarID: 0
Current position of Avatar 0: 4, 3

AvatarID: 0
Current position of Avatar 0: 4, 2

AvatarID: 0
Current position of Avatar 0: 3, 2

AvatarID: 0
Current position of Avatar 0: 3, 1

AvatarID: 0
Current position of Avatar 0: 3, 2

AvatarID: 0
Current position of Avatar 0: 4, 2

AvatarID: 0
Current position of Avatar 0: 4, 3

AvatarID: 0
Current position of Avatar 0: 3, 3

AvatarID: 0
Current position of Avatar 0: 2, 3

AvatarID: 0
Current position of Avatar 0: 2, 4

AvatarID: 0
Current position of Avatar 0: 1, 4

AvatarID: 0
Current position of Avatar 0: 1, 3

AvatarID: 0
Current position of Avatar 0: 0, 3

AvatarID: 0
Current position of Avatar 0: 0, 2

AvatarID: 0
Current position of Avatar 0: 1, 2

AvatarID: 0
Current position of Avatar 0: 2, 2

AvatarID: 0
Current position of Avatar 0: 2, 1

AvatarID: 0
Current position of Avatar 0: 2, 0

AvatarID: 0
Current position of Avatar 0: 3, 0

Maze is solved!
