wyliekasai, 46587, Mon Mar  9 03:07:39 2020
*******
AvatarID: 1
AvatarID: 1
Current position of Avatar 1: 0, 3

AvatarID: 1
Current position of Avatar 1: 0, 4

AvatarID: 1
Current position of Avatar 1: 0, 4

AvatarID: 1
Current position of Avatar 1: 0, 4

AvatarID: 1
Current position of Avatar 1: 0, 3

AvatarID: 1
Current position of Avatar 1: 1, 3

AvatarID: 1
Current position of Avatar 1: 1, 4

AvatarID: 1
Current position of Avatar 1: 2, 4

AvatarID: 1
Current position of Avatar 1: 3, 4

AvatarID: 1
Current position of Avatar 1: 4, 4

AvatarID: 1
Current position of Avatar 1: 4, 4

AvatarID: 1
Current position of Avatar 1: 4, 4

AvatarID: 1
Current position of Avatar 1: 3, 4

AvatarID: 1
Current position of Avatar 1: 3, 4

AvatarID: 1
Current position of Avatar 1: 2, 4

AvatarID: 1
Current position of Avatar 1: 2, 3

AvatarID: 1
Current position of Avatar 1: 3, 3

AvatarID: 1
Current position of Avatar 1: 4, 3

AvatarID: 1
Current position of Avatar 1: 4, 2

AvatarID: 1
Current position of Avatar 1: 4, 2

AvatarID: 1
Current position of Avatar 1: 4, 2

AvatarID: 1
Current position of Avatar 1: 3, 2

AvatarID: 1
Current position of Avatar 1: 3, 1

AvatarID: 1
Current position of Avatar 1: 3, 1

AvatarID: 1
Current position of Avatar 1: 3, 1

AvatarID: 1
Current position of Avatar 1: 3, 1

AvatarID: 1
Current position of Avatar 1: 3, 1

Maze is solved!
*******
AvatarID: 0
AvatarID: 0
Current position of Avatar 0: 0, 1

AvatarID: 0
Current position of Avatar 0: 0, 1

AvatarID: 0
Current position of Avatar 0: 0, 1

AvatarID: 0
Current position of Avatar 0: 1, 1

AvatarID: 0
Current position of Avatar 0: 1, 1

AvatarID: 0
Current position of Avatar 0: 1, 1

AvatarID: 0
Current position of Avatar 0: 1, 1

AvatarID: 0
Current position of Avatar 0: 1, 0

AvatarID: 0
Current position of Avatar 0: 2, 0

AvatarID: 0
Current position of Avatar 0: 2, 1

AvatarID: 0
Current position of Avatar 0: 2, 2

AvatarID: 0
Current position of Avatar 0: 1, 2

AvatarID: 0
Current position of Avatar 0: 0, 2

AvatarID: 0
Current position of Avatar 0: 0, 3

AvatarID: 0
Current position of Avatar 0: 0, 4

AvatarID: 0
Current position of Avatar 0: 0, 3

AvatarID: 0
Current position of Avatar 0: 1, 3

AvatarID: 0
Current position of Avatar 0: 1, 4

AvatarID: 0
Current position of Avatar 0: 2, 4

AvatarID: 0
Current position of Avatar 0: 3, 4

AvatarID: 0
Current position of Avatar 0: 4, 4

AvatarID: 0
Current position of Avatar 0: 3, 4

AvatarID: 0
Current position of Avatar 0: 2, 4

AvatarID: 0
Current position of Avatar 0: 2, 3

AvatarID: 0
Current position of Avatar 0: 3, 3

AvatarID: 0
Current position of Avatar 0: 4, 3

AvatarID: 0
Current position of Avatar 0: 4, 2

AvatarID: 0
Current position of Avatar 0: 3, 2

Maze is solved!
